<?xml version="1.0" encoding="UTF-8"?>
<testsuite name="org.jfree.data.xy.junit.DataXYPackageTests" time="0.083" tests="190" errors="0" skipped="0" failures="0">
  <properties>
    <property name="java.runtime.name" value="Java(TM) SE Runtime Environment"/>
    <property name="sun.boot.library.path" value="/Library/Java/JavaVirtualMachines/jdk1.7.0_80.jdk/Contents/Home/jre/lib"/>
    <property name="java.vm.version" value="24.80-b11"/>
    <property name="gopherProxySet" value="false"/>
    <property name="java.vm.vendor" value="Oracle Corporation"/>
    <property name="maven.multiModuleProjectDirectory" value="/Users/yangchijiang/WorkSpace/msproject/proFL/examples/Chart-20"/>
    <property name="java.vendor.url" value="http://java.oracle.com/"/>
    <property name="path.separator" value=":"/>
    <property name="guice.disable.misplaced.annotation.check" value="true"/>
    <property name="java.vm.name" value="Java HotSpot(TM) 64-Bit Server VM"/>
    <property name="file.encoding.pkg" value="sun.io"/>
    <property name="user.country" value="AU"/>
    <property name="sun.java.launcher" value="SUN_STANDARD"/>
    <property name="sun.os.patch.level" value="unknown"/>
    <property name="java.vm.specification.name" value="Java Virtual Machine Specification"/>
    <property name="user.dir" value="/Users/yangchijiang/WorkSpace/msproject/proFL/examples/Chart-20"/>
    <property name="java.runtime.version" value="1.7.0_80-b15"/>
    <property name="java.awt.graphicsenv" value="sun.awt.CGraphicsEnvironment"/>
    <property name="java.endorsed.dirs" value="/Library/Java/JavaVirtualMachines/jdk1.7.0_80.jdk/Contents/Home/jre/lib/endorsed"/>
    <property name="os.arch" value="x86_64"/>
    <property name="java.io.tmpdir" value="/var/folders/lb/kp5bclbn66sd2h4jv2zqzj9r0000gn/T/"/>
    <property name="line.separator" value="&#10;"/>
    <property name="java.vm.specification.vendor" value="Oracle Corporation"/>
    <property name="os.name" value="Mac OS X"/>
    <property name="https.protocols" value="TLSv1.2"/>
    <property name="classworlds.conf" value="/usr/local/maven/apache-maven-3.6.3/bin/m2.conf"/>
    <property name="sun.jnu.encoding" value="UTF-8"/>
    <property name="java.library.path" value="/Users/yangchijiang/Library/Java/Extensions:/Library/Java/Extensions:/Network/Library/Java/Extensions:/System/Library/Java/Extensions:/usr/lib/java:."/>
    <property name="maven.conf" value="/usr/local/maven/apache-maven-3.6.3/conf"/>
    <property name="java.specification.name" value="Java Platform API Specification"/>
    <property name="java.class.version" value="51.0"/>
    <property name="sun.management.compiler" value="HotSpot 64-Bit Tiered Compilers"/>
    <property name="os.version" value="10.15.6"/>
    <property name="library.jansi.path" value="/usr/local/maven/apache-maven-3.6.3/lib/jansi-native"/>
    <property name="user.home" value="/Users/yangchijiang"/>
    <property name="user.timezone" value="Australia/Melbourne"/>
    <property name="java.awt.printerjob" value="sun.lwawt.macosx.CPrinterJob"/>
    <property name="java.specification.version" value="1.7"/>
    <property name="file.encoding" value="UTF-8"/>
    <property name="user.name" value="yangchijiang"/>
    <property name="java.class.path" value="/usr/local/maven/apache-maven-3.6.3/boot/plexus-classworlds-2.6.0.jar"/>
    <property name="java.vm.specification.version" value="1.7"/>
    <property name="sun.arch.data.model" value="64"/>
    <property name="java.home" value="/Library/Java/JavaVirtualMachines/jdk1.7.0_80.jdk/Contents/Home/jre"/>
    <property name="sun.java.command" value="org.codehaus.plexus.classworlds.launcher.Launcher clean test -Dhttps.protocols=TLSv1.2"/>
    <property name="java.specification.vendor" value="Oracle Corporation"/>
    <property name="user.language" value="en"/>
    <property name="awt.toolkit" value="sun.lwawt.macosx.LWCToolkit"/>
    <property name="java.vm.info" value="mixed mode"/>
    <property name="java.version" value="1.7.0_80"/>
    <property name="java.ext.dirs" value="/Users/yangchijiang/Library/Java/Extensions:/Library/Java/JavaVirtualMachines/jdk1.7.0_80.jdk/Contents/Home/jre/lib/ext:/Library/Java/Extensions:/Network/Library/Java/Extensions:/System/Library/Java/Extensions:/usr/lib/java"/>
    <property name="sun.boot.class.path" value="/Library/Java/JavaVirtualMachines/jdk1.7.0_80.jdk/Contents/Home/jre/lib/resources.jar:/Library/Java/JavaVirtualMachines/jdk1.7.0_80.jdk/Contents/Home/jre/lib/rt.jar:/Library/Java/JavaVirtualMachines/jdk1.7.0_80.jdk/Contents/Home/jre/lib/sunrsasign.jar:/Library/Java/JavaVirtualMachines/jdk1.7.0_80.jdk/Contents/Home/jre/lib/jsse.jar:/Library/Java/JavaVirtualMachines/jdk1.7.0_80.jdk/Contents/Home/jre/lib/jce.jar:/Library/Java/JavaVirtualMachines/jdk1.7.0_80.jdk/Contents/Home/jre/lib/charsets.jar:/Library/Java/JavaVirtualMachines/jdk1.7.0_80.jdk/Contents/Home/jre/lib/jfr.jar:/Library/Java/JavaVirtualMachines/jdk1.7.0_80.jdk/Contents/Home/jre/classes"/>
    <property name="java.vendor" value="Oracle Corporation"/>
    <property name="maven.home" value="/usr/local/maven/apache-maven-3.6.3"/>
    <property name="file.separator" value="/"/>
    <property name="java.vendor.url.bug" value="http://bugreport.sun.com/bugreport/"/>
    <property name="sun.cpu.endian" value="little"/>
    <property name="sun.io.unicode.encoding" value="UnicodeBig"/>
    <property name="sun.cpu.isalist" value=""/>
  </properties>
  <testcase name="testSerialization" classname="org.jfree.data.xy.junit.CategoryTableXYDatasetTests" time="0.004"/>
  <testcase name="testCloning" classname="org.jfree.data.xy.junit.CategoryTableXYDatasetTests" time="0"/>
  <testcase name="testAddSeries" classname="org.jfree.data.xy.junit.CategoryTableXYDatasetTests" time="0"/>
  <testcase name="testEquals" classname="org.jfree.data.xy.junit.CategoryTableXYDatasetTests" time="0"/>
  <testcase name="testSerialization" classname="org.jfree.data.xy.junit.DefaultHighLowDatasetTests" time="0.004"/>
  <testcase name="testCloning" classname="org.jfree.data.xy.junit.DefaultHighLowDatasetTests" time="0.001"/>
  <testcase name="testEquals" classname="org.jfree.data.xy.junit.DefaultHighLowDatasetTests" time="0"/>
  <testcase name="testGetEndXValue" classname="org.jfree.data.xy.junit.DefaultIntervalXYDatasetTests" time="0"/>
  <testcase name="testGetEndYValue" classname="org.jfree.data.xy.junit.DefaultIntervalXYDatasetTests" time="0"/>
  <testcase name="testSerialization" classname="org.jfree.data.xy.junit.DefaultIntervalXYDatasetTests" time="0.001"/>
  <testcase name="testGetItemCount" classname="org.jfree.data.xy.junit.DefaultIntervalXYDatasetTests" time="0.001"/>
  <testcase name="testGetSeriesKey" classname="org.jfree.data.xy.junit.DefaultIntervalXYDatasetTests" time="0"/>
  <testcase name="testGetSeriesCount" classname="org.jfree.data.xy.junit.DefaultIntervalXYDatasetTests" time="0"/>
  <testcase name="testCloning" classname="org.jfree.data.xy.junit.DefaultIntervalXYDatasetTests" time="0"/>
  <testcase name="testGetStartXValue" classname="org.jfree.data.xy.junit.DefaultIntervalXYDatasetTests" time="0.001"/>
  <testcase name="testAddSeries" classname="org.jfree.data.xy.junit.DefaultIntervalXYDatasetTests" time="0"/>
  <testcase name="testGetStartYValue" classname="org.jfree.data.xy.junit.DefaultIntervalXYDatasetTests" time="0"/>
  <testcase name="testEquals" classname="org.jfree.data.xy.junit.DefaultIntervalXYDatasetTests" time="0"/>
  <testcase name="testIndexOf" classname="org.jfree.data.xy.junit.DefaultIntervalXYDatasetTests" time="0.001"/>
  <testcase name="testGetXValue" classname="org.jfree.data.xy.junit.DefaultIntervalXYDatasetTests" time="0"/>
  <testcase name="testGetYValue" classname="org.jfree.data.xy.junit.DefaultIntervalXYDatasetTests" time="0"/>
  <testcase name="testCloning2" classname="org.jfree.data.xy.junit.DefaultIntervalXYDatasetTests" time="0"/>
  <testcase name="testSerialization" classname="org.jfree.data.xy.junit.DefaultOHLCDatasetTests" time="0.001"/>
  <testcase name="testDataRange" classname="org.jfree.data.xy.junit.DefaultOHLCDatasetTests" time="0"/>
  <testcase name="testCloning" classname="org.jfree.data.xy.junit.DefaultOHLCDatasetTests" time="0"/>
  <testcase name="testEquals" classname="org.jfree.data.xy.junit.DefaultOHLCDatasetTests" time="0"/>
  <testcase name="testSerialization" classname="org.jfree.data.xy.junit.DefaultTableXYDatasetTests" time="0.002"/>
  <testcase name="testCloning" classname="org.jfree.data.xy.junit.DefaultTableXYDatasetTests" time="0"/>
  <testcase name="testAddSeries" classname="org.jfree.data.xy.junit.DefaultTableXYDatasetTests" time="0"/>
  <testcase name="testEquals" classname="org.jfree.data.xy.junit.DefaultTableXYDatasetTests" time="0.001"/>
  <testcase name="testGetSeries" classname="org.jfree.data.xy.junit.DefaultTableXYDatasetTests" time="0"/>
  <testcase name="testSerialization" classname="org.jfree.data.xy.junit.DefaultWindDatasetTests" time="0.004"/>
  <testcase name="testGetSeriesKey" classname="org.jfree.data.xy.junit.DefaultWindDatasetTests" time="0"/>
  <testcase name="testCloning" classname="org.jfree.data.xy.junit.DefaultWindDatasetTests" time="0"/>
  <testcase name="testEquals" classname="org.jfree.data.xy.junit.DefaultWindDatasetTests" time="0.001"/>
  <testcase name="testIndexOf" classname="org.jfree.data.xy.junit.DefaultWindDatasetTests" time="0"/>
  <testcase name="testSerialization" classname="org.jfree.data.xy.junit.DefaultXYDatasetTests" time="0.007"/>
  <testcase name="testGetSeriesKey" classname="org.jfree.data.xy.junit.DefaultXYDatasetTests" time="0"/>
  <testcase name="testCloning" classname="org.jfree.data.xy.junit.DefaultXYDatasetTests" time="0"/>
  <testcase name="testAddSeries" classname="org.jfree.data.xy.junit.DefaultXYDatasetTests" time="0"/>
  <testcase name="testEquals" classname="org.jfree.data.xy.junit.DefaultXYDatasetTests" time="0"/>
  <testcase name="testIndexOf" classname="org.jfree.data.xy.junit.DefaultXYDatasetTests" time="0"/>
  <testcase name="testSerialization" classname="org.jfree.data.xy.junit.DefaultXYZDatasetTests" time="0.002"/>
  <testcase name="testGetSeriesKey" classname="org.jfree.data.xy.junit.DefaultXYZDatasetTests" time="0"/>
  <testcase name="testCloning" classname="org.jfree.data.xy.junit.DefaultXYZDatasetTests" time="0"/>
  <testcase name="testAddSeries" classname="org.jfree.data.xy.junit.DefaultXYZDatasetTests" time="0"/>
  <testcase name="testEquals" classname="org.jfree.data.xy.junit.DefaultXYZDatasetTests" time="0"/>
  <testcase name="testIndexOf" classname="org.jfree.data.xy.junit.DefaultXYZDatasetTests" time="0"/>
  <testcase name="testSerialization" classname="org.jfree.data.xy.junit.IntervalXYDelegateTests" time="0"/>
  <testcase name="testCloning" classname="org.jfree.data.xy.junit.IntervalXYDelegateTests" time="0.001"/>
  <testcase name="testEquals" classname="org.jfree.data.xy.junit.IntervalXYDelegateTests" time="0"/>
  <testcase name="testSerialization" classname="org.jfree.data.xy.junit.MatrixSeriesCollectionTests" time="0.004"/>
  <testcase name="testCloning" classname="org.jfree.data.xy.junit.MatrixSeriesCollectionTests" time="0"/>
  <testcase name="testEquals" classname="org.jfree.data.xy.junit.MatrixSeriesCollectionTests" time="0"/>
  <testcase name="testGetItemRow" classname="org.jfree.data.xy.junit.MatrixSeriesTests" time="0"/>
  <testcase name="testSerialization" classname="org.jfree.data.xy.junit.MatrixSeriesTests" time="0.001"/>
  <testcase name="testGetItemColumn" classname="org.jfree.data.xy.junit.MatrixSeriesTests" time="0"/>
  <testcase name="testGetItem" classname="org.jfree.data.xy.junit.MatrixSeriesTests" time="0"/>
  <testcase name="testCloning" classname="org.jfree.data.xy.junit.MatrixSeriesTests" time="0"/>
  <testcase name="testEquals" classname="org.jfree.data.xy.junit.MatrixSeriesTests" time="0"/>
  <testcase name="testSerialization" classname="org.jfree.data.xy.junit.OHLCDataItemTests" time="0.001"/>
  <testcase name="testCloning" classname="org.jfree.data.xy.junit.OHLCDataItemTests" time="0"/>
  <testcase name="testEquals" classname="org.jfree.data.xy.junit.OHLCDataItemTests" time="0"/>
  <testcase name="testAutoPrune" classname="org.jfree.data.xy.junit.TableXYDatasetTests" time="0"/>
  <testcase name="testSerialization" classname="org.jfree.data.xy.junit.TableXYDatasetTests" time="0"/>
  <testcase name="testPrune" classname="org.jfree.data.xy.junit.TableXYDatasetTests" time="0"/>
  <testcase name="testRemoveAllValuesForX" classname="org.jfree.data.xy.junit.TableXYDatasetTests" time="0"/>
  <testcase name="testCloning" classname="org.jfree.data.xy.junit.TableXYDatasetTests" time="0"/>
  <testcase name="test788597" classname="org.jfree.data.xy.junit.TableXYDatasetTests" time="0"/>
  <testcase name="testEquals" classname="org.jfree.data.xy.junit.TableXYDatasetTests" time="0"/>
  <testcase name="testTableXYDataset" classname="org.jfree.data.xy.junit.TableXYDatasetTests" time="0"/>
  <testcase name="testSerialization" classname="org.jfree.data.xy.junit.VectorDataItemTests" time="0.004"/>
  <testcase name="testCloning" classname="org.jfree.data.xy.junit.VectorDataItemTests" time="0"/>
  <testcase name="testHashcode" classname="org.jfree.data.xy.junit.VectorDataItemTests" time="0.001"/>
  <testcase name="testEquals" classname="org.jfree.data.xy.junit.VectorDataItemTests" time="0"/>
  <testcase name="testSerialization" classname="org.jfree.data.xy.junit.VectorSeriesCollectionTests" time="0.005"/>
  <testcase name="testRemoveSeries" classname="org.jfree.data.xy.junit.VectorSeriesCollectionTests" time="0"/>
  <testcase name="testCloning" classname="org.jfree.data.xy.junit.VectorSeriesCollectionTests" time="0"/>
  <testcase name="testEquals" classname="org.jfree.data.xy.junit.VectorSeriesCollectionTests" time="0.001"/>
  <testcase name="testSerialization" classname="org.jfree.data.xy.junit.VectorSeriesTests" time="0"/>
  <testcase name="testAdd" classname="org.jfree.data.xy.junit.VectorSeriesTests" time="0.001"/>
  <testcase name="testSetMaximumItemCount2" classname="org.jfree.data.xy.junit.VectorSeriesTests" time="0"/>
  <testcase name="testSetMaximumItemCount" classname="org.jfree.data.xy.junit.VectorSeriesTests" time="0"/>
  <testcase name="testCloning" classname="org.jfree.data.xy.junit.VectorSeriesTests" time="0"/>
  <testcase name="testAdditionOfDuplicateXValues" classname="org.jfree.data.xy.junit.VectorSeriesTests" time="0"/>
  <testcase name="testIndexOf2" classname="org.jfree.data.xy.junit.VectorSeriesTests" time="0"/>
  <testcase name="testEquals" classname="org.jfree.data.xy.junit.VectorSeriesTests" time="0"/>
  <testcase name="testIndexOf" classname="org.jfree.data.xy.junit.VectorSeriesTests" time="0"/>
  <testcase name="testRemove" classname="org.jfree.data.xy.junit.VectorSeriesTests" time="0"/>
  <testcase name="testSerialization" classname="org.jfree.data.xy.junit.VectorTests" time="0"/>
  <testcase name="testCloning" classname="org.jfree.data.xy.junit.VectorTests" time="0"/>
  <testcase name="testHashcode" classname="org.jfree.data.xy.junit.VectorTests" time="0.001"/>
  <testcase name="testEquals" classname="org.jfree.data.xy.junit.VectorTests" time="0"/>
  <testcase name="testSerialization" classname="org.jfree.data.xy.junit.XIntervalDataItemTests" time="0.003"/>
  <testcase name="testConstructor1" classname="org.jfree.data.xy.junit.XIntervalDataItemTests" time="0"/>
  <testcase name="testCloning" classname="org.jfree.data.xy.junit.XIntervalDataItemTests" time="0"/>
  <testcase name="testEquals" classname="org.jfree.data.xy.junit.XIntervalDataItemTests" time="0"/>
  <testcase name="testSerialization" classname="org.jfree.data.xy.junit.XIntervalSeriesCollectionTests" time="0.003"/>
  <testcase name="test1170825" classname="org.jfree.data.xy.junit.XIntervalSeriesCollectionTests" time="0"/>
  <testcase name="testCloning" classname="org.jfree.data.xy.junit.XIntervalSeriesCollectionTests" time="0"/>
  <testcase name="testEquals" classname="org.jfree.data.xy.junit.XIntervalSeriesCollectionTests" time="0"/>
  <testcase name="testSerialization" classname="org.jfree.data.xy.junit.XIntervalSeriesTests" time="0.002"/>
  <testcase name="testAdd" classname="org.jfree.data.xy.junit.XIntervalSeriesTests" time="0"/>
  <testcase name="testSetMaximumItemCount2" classname="org.jfree.data.xy.junit.XIntervalSeriesTests" time="0"/>
  <testcase name="testSetMaximumItemCount" classname="org.jfree.data.xy.junit.XIntervalSeriesTests" time="0"/>
  <testcase name="testCloning" classname="org.jfree.data.xy.junit.XIntervalSeriesTests" time="0"/>
  <testcase name="testAdditionOfDuplicateXValues" classname="org.jfree.data.xy.junit.XIntervalSeriesTests" time="0.001"/>
  <testcase name="testIndexOf2" classname="org.jfree.data.xy.junit.XIntervalSeriesTests" time="0"/>
  <testcase name="testEquals" classname="org.jfree.data.xy.junit.XIntervalSeriesTests" time="0"/>
  <testcase name="testIndexOf" classname="org.jfree.data.xy.junit.XIntervalSeriesTests" time="0"/>
  <testcase name="testRemove" classname="org.jfree.data.xy.junit.XIntervalSeriesTests" time="0"/>
  <testcase name="testSerialization" classname="org.jfree.data.xy.junit.XYBarDatasetTests" time="0.001"/>
  <testcase name="testCloning" classname="org.jfree.data.xy.junit.XYBarDatasetTests" time="0"/>
  <testcase name="testEquals" classname="org.jfree.data.xy.junit.XYBarDatasetTests" time="0"/>
  <testcase name="testSerialization" classname="org.jfree.data.xy.junit.XYCoordinateTests" time="0.001"/>
  <testcase name="testCloning" classname="org.jfree.data.xy.junit.XYCoordinateTests" time="0"/>
  <testcase name="testHashcode" classname="org.jfree.data.xy.junit.XYCoordinateTests" time="0"/>
  <testcase name="testEquals" classname="org.jfree.data.xy.junit.XYCoordinateTests" time="0"/>
  <testcase name="testSerialization" classname="org.jfree.data.xy.junit.XYDataItemTests" time="0"/>
  <testcase name="testCloning" classname="org.jfree.data.xy.junit.XYDataItemTests" time="0.001"/>
  <testcase name="testEquals" classname="org.jfree.data.xy.junit.XYDataItemTests" time="0"/>
  <testcase name="testSerialization" classname="org.jfree.data.xy.junit.XYIntervalDataItemTests" time="0.003"/>
  <testcase name="testConstructor1" classname="org.jfree.data.xy.junit.XYIntervalDataItemTests" time="0"/>
  <testcase name="testCloning" classname="org.jfree.data.xy.junit.XYIntervalDataItemTests" time="0"/>
  <testcase name="testEquals" classname="org.jfree.data.xy.junit.XYIntervalDataItemTests" time="0"/>
  <testcase name="testSerialization" classname="org.jfree.data.xy.junit.XYIntervalSeriesCollectionTests" time="0.003"/>
  <testcase name="test1170825" classname="org.jfree.data.xy.junit.XYIntervalSeriesCollectionTests" time="0"/>
  <testcase name="testCloning" classname="org.jfree.data.xy.junit.XYIntervalSeriesCollectionTests" time="0"/>
  <testcase name="testEquals" classname="org.jfree.data.xy.junit.XYIntervalSeriesCollectionTests" time="0"/>
  <testcase name="testSerialization" classname="org.jfree.data.xy.junit.XYIntervalSeriesTests" time="0.001"/>
  <testcase name="testAdd" classname="org.jfree.data.xy.junit.XYIntervalSeriesTests" time="0"/>
  <testcase name="testSetMaximumItemCount2" classname="org.jfree.data.xy.junit.XYIntervalSeriesTests" time="0"/>
  <testcase name="testSetMaximumItemCount" classname="org.jfree.data.xy.junit.XYIntervalSeriesTests" time="0"/>
  <testcase name="testCloning" classname="org.jfree.data.xy.junit.XYIntervalSeriesTests" time="0"/>
  <testcase name="testAdditionOfDuplicateXValues" classname="org.jfree.data.xy.junit.XYIntervalSeriesTests" time="0"/>
  <testcase name="testIndexOf2" classname="org.jfree.data.xy.junit.XYIntervalSeriesTests" time="0"/>
  <testcase name="testEquals" classname="org.jfree.data.xy.junit.XYIntervalSeriesTests" time="0"/>
  <testcase name="testIndexOf" classname="org.jfree.data.xy.junit.XYIntervalSeriesTests" time="0.001"/>
  <testcase name="testRemove" classname="org.jfree.data.xy.junit.XYIntervalSeriesTests" time="0"/>
  <testcase name="testValues" classname="org.jfree.data.xy.junit.XYIntervalSeriesTests" time="0"/>
  <testcase name="testSerialization" classname="org.jfree.data.xy.junit.XYIntervalTests" time="0"/>
  <testcase name="testCloning" classname="org.jfree.data.xy.junit.XYIntervalTests" time="0"/>
  <testcase name="testEquals" classname="org.jfree.data.xy.junit.XYIntervalTests" time="0"/>
  <testcase name="testSerialization" classname="org.jfree.data.xy.junit.XYSeriesCollectionTests" time="0.001"/>
  <testcase name="test1170825" classname="org.jfree.data.xy.junit.XYSeriesCollectionTests" time="0"/>
  <testcase name="testRemoveSeries" classname="org.jfree.data.xy.junit.XYSeriesCollectionTests" time="0"/>
  <testcase name="testCloning" classname="org.jfree.data.xy.junit.XYSeriesCollectionTests" time="0.002"/>
  <testcase name="testEquals" classname="org.jfree.data.xy.junit.XYSeriesCollectionTests" time="0"/>
  <testcase name="testGetSeries" classname="org.jfree.data.xy.junit.XYSeriesCollectionTests" time="0"/>
  <testcase name="testIndexOf" classname="org.jfree.data.xy.junit.XYSeriesCollectionTests" time="0"/>
  <testcase name="testToArray" classname="org.jfree.data.xy.junit.XYSeriesTests" time="0"/>
  <testcase name="testSerialization" classname="org.jfree.data.xy.junit.XYSeriesTests" time="0"/>
  <testcase name="testAdd" classname="org.jfree.data.xy.junit.XYSeriesTests" time="0"/>
  <testcase name="testSetMaximumItemCount2" classname="org.jfree.data.xy.junit.XYSeriesTests" time="0"/>
  <testcase name="testAddOrUpdate" classname="org.jfree.data.xy.junit.XYSeriesTests" time="0"/>
  <testcase name="testUpdate2" classname="org.jfree.data.xy.junit.XYSeriesTests" time="0"/>
  <testcase name="testToArrayExample" classname="org.jfree.data.xy.junit.XYSeriesTests" time="0"/>
  <testcase name="testSetMaximumItemCount" classname="org.jfree.data.xy.junit.XYSeriesTests" time="0"/>
  <testcase name="testAddOrUpdate2" classname="org.jfree.data.xy.junit.XYSeriesTests" time="0"/>
  <testcase name="testCloning" classname="org.jfree.data.xy.junit.XYSeriesTests" time="0"/>
  <testcase name="testAdditionOfDuplicateXValues" classname="org.jfree.data.xy.junit.XYSeriesTests" time="0"/>
  <testcase name="testIndexOf2" classname="org.jfree.data.xy.junit.XYSeriesTests" time="0"/>
  <testcase name="testEquals" classname="org.jfree.data.xy.junit.XYSeriesTests" time="0"/>
  <testcase name="testIndexOf" classname="org.jfree.data.xy.junit.XYSeriesTests" time="0"/>
  <testcase name="testRemove" classname="org.jfree.data.xy.junit.XYSeriesTests" time="0.001"/>
  <testcase name="testUpdate" classname="org.jfree.data.xy.junit.XYSeriesTests" time="0"/>
  <testcase name="testSerialization" classname="org.jfree.data.xy.junit.YIntervalDataItemTests" time="0.001"/>
  <testcase name="testConstructor1" classname="org.jfree.data.xy.junit.YIntervalDataItemTests" time="0"/>
  <testcase name="testCloning" classname="org.jfree.data.xy.junit.YIntervalDataItemTests" time="0"/>
  <testcase name="testEquals" classname="org.jfree.data.xy.junit.YIntervalDataItemTests" time="0"/>
  <testcase name="testSerialization" classname="org.jfree.data.xy.junit.YIntervalSeriesCollectionTests" time="0.002"/>
  <testcase name="test1170825" classname="org.jfree.data.xy.junit.YIntervalSeriesCollectionTests" time="0"/>
  <testcase name="testCloning" classname="org.jfree.data.xy.junit.YIntervalSeriesCollectionTests" time="0"/>
  <testcase name="testEquals" classname="org.jfree.data.xy.junit.YIntervalSeriesCollectionTests" time="0"/>
  <testcase name="testSerialization" classname="org.jfree.data.xy.junit.YIntervalSeriesTests" time="0.002"/>
  <testcase name="testAdd" classname="org.jfree.data.xy.junit.YIntervalSeriesTests" time="0"/>
  <testcase name="testSetMaximumItemCount2" classname="org.jfree.data.xy.junit.YIntervalSeriesTests" time="0"/>
  <testcase name="testSetMaximumItemCount" classname="org.jfree.data.xy.junit.YIntervalSeriesTests" time="0.002"/>
  <testcase name="testCloning" classname="org.jfree.data.xy.junit.YIntervalSeriesTests" time="0"/>
  <testcase name="testAdditionOfDuplicateXValues" classname="org.jfree.data.xy.junit.YIntervalSeriesTests" time="0"/>
  <testcase name="testIndexOf2" classname="org.jfree.data.xy.junit.YIntervalSeriesTests" time="0"/>
  <testcase name="testEquals" classname="org.jfree.data.xy.junit.YIntervalSeriesTests" time="0"/>
  <testcase name="testIndexOf" classname="org.jfree.data.xy.junit.YIntervalSeriesTests" time="0"/>
  <testcase name="testRemove" classname="org.jfree.data.xy.junit.YIntervalSeriesTests" time="0"/>
  <testcase name="testSerialization" classname="org.jfree.data.xy.junit.YIntervalTests" time="0"/>
  <testcase name="testCloning" classname="org.jfree.data.xy.junit.YIntervalTests" time="0"/>
  <testcase name="testEquals" classname="org.jfree.data.xy.junit.YIntervalTests" time="0"/>
  <testcase name="testSerialization" classname="org.jfree.data.xy.junit.YWithXIntervalTests" time="0.001"/>
  <testcase name="testCloning" classname="org.jfree.data.xy.junit.YWithXIntervalTests" time="0"/>
  <testcase name="testEquals" classname="org.jfree.data.xy.junit.YWithXIntervalTests" time="0"/>
</testsuite>