<?xml version="1.0" encoding="UTF-8"?>
<testsuite name="org.jfree.data.junit.DataPackageTests" time="0.022" tests="90" errors="0" skipped="0" failures="0">
  <properties>
    <property name="java.runtime.name" value="Java(TM) SE Runtime Environment"/>
    <property name="sun.boot.library.path" value="/Library/Java/JavaVirtualMachines/jdk1.7.0_80.jdk/Contents/Home/jre/lib"/>
    <property name="java.vm.version" value="24.80-b11"/>
    <property name="gopherProxySet" value="false"/>
    <property name="java.vm.vendor" value="Oracle Corporation"/>
    <property name="maven.multiModuleProjectDirectory" value="/Users/yangchijiang/WorkSpace/msproject/proFL/examples/Chart-20"/>
    <property name="java.vendor.url" value="http://java.oracle.com/"/>
    <property name="path.separator" value=":"/>
    <property name="guice.disable.misplaced.annotation.check" value="true"/>
    <property name="java.vm.name" value="Java HotSpot(TM) 64-Bit Server VM"/>
    <property name="file.encoding.pkg" value="sun.io"/>
    <property name="user.country" value="AU"/>
    <property name="sun.java.launcher" value="SUN_STANDARD"/>
    <property name="sun.os.patch.level" value="unknown"/>
    <property name="java.vm.specification.name" value="Java Virtual Machine Specification"/>
    <property name="user.dir" value="/Users/yangchijiang/WorkSpace/msproject/proFL/examples/Chart-20"/>
    <property name="java.runtime.version" value="1.7.0_80-b15"/>
    <property name="java.awt.graphicsenv" value="sun.awt.CGraphicsEnvironment"/>
    <property name="java.endorsed.dirs" value="/Library/Java/JavaVirtualMachines/jdk1.7.0_80.jdk/Contents/Home/jre/lib/endorsed"/>
    <property name="os.arch" value="x86_64"/>
    <property name="java.io.tmpdir" value="/var/folders/lb/kp5bclbn66sd2h4jv2zqzj9r0000gn/T/"/>
    <property name="line.separator" value="&#10;"/>
    <property name="java.vm.specification.vendor" value="Oracle Corporation"/>
    <property name="os.name" value="Mac OS X"/>
    <property name="https.protocols" value="TLSv1.2"/>
    <property name="classworlds.conf" value="/usr/local/maven/apache-maven-3.6.3/bin/m2.conf"/>
    <property name="sun.jnu.encoding" value="UTF-8"/>
    <property name="java.library.path" value="/Users/yangchijiang/Library/Java/Extensions:/Library/Java/Extensions:/Network/Library/Java/Extensions:/System/Library/Java/Extensions:/usr/lib/java:."/>
    <property name="maven.conf" value="/usr/local/maven/apache-maven-3.6.3/conf"/>
    <property name="java.specification.name" value="Java Platform API Specification"/>
    <property name="java.class.version" value="51.0"/>
    <property name="sun.management.compiler" value="HotSpot 64-Bit Tiered Compilers"/>
    <property name="os.version" value="10.15.6"/>
    <property name="library.jansi.path" value="/usr/local/maven/apache-maven-3.6.3/lib/jansi-native"/>
    <property name="user.home" value="/Users/yangchijiang"/>
    <property name="user.timezone" value="Australia/Melbourne"/>
    <property name="java.awt.printerjob" value="sun.lwawt.macosx.CPrinterJob"/>
    <property name="java.specification.version" value="1.7"/>
    <property name="file.encoding" value="UTF-8"/>
    <property name="user.name" value="yangchijiang"/>
    <property name="java.class.path" value="/usr/local/maven/apache-maven-3.6.3/boot/plexus-classworlds-2.6.0.jar"/>
    <property name="java.vm.specification.version" value="1.7"/>
    <property name="sun.arch.data.model" value="64"/>
    <property name="java.home" value="/Library/Java/JavaVirtualMachines/jdk1.7.0_80.jdk/Contents/Home/jre"/>
    <property name="sun.java.command" value="org.codehaus.plexus.classworlds.launcher.Launcher clean test -Dhttps.protocols=TLSv1.2"/>
    <property name="java.specification.vendor" value="Oracle Corporation"/>
    <property name="user.language" value="en"/>
    <property name="awt.toolkit" value="sun.lwawt.macosx.LWCToolkit"/>
    <property name="java.vm.info" value="mixed mode"/>
    <property name="java.version" value="1.7.0_80"/>
    <property name="java.ext.dirs" value="/Users/yangchijiang/Library/Java/Extensions:/Library/Java/JavaVirtualMachines/jdk1.7.0_80.jdk/Contents/Home/jre/lib/ext:/Library/Java/Extensions:/Network/Library/Java/Extensions:/System/Library/Java/Extensions:/usr/lib/java"/>
    <property name="sun.boot.class.path" value="/Library/Java/JavaVirtualMachines/jdk1.7.0_80.jdk/Contents/Home/jre/lib/resources.jar:/Library/Java/JavaVirtualMachines/jdk1.7.0_80.jdk/Contents/Home/jre/lib/rt.jar:/Library/Java/JavaVirtualMachines/jdk1.7.0_80.jdk/Contents/Home/jre/lib/sunrsasign.jar:/Library/Java/JavaVirtualMachines/jdk1.7.0_80.jdk/Contents/Home/jre/lib/jsse.jar:/Library/Java/JavaVirtualMachines/jdk1.7.0_80.jdk/Contents/Home/jre/lib/jce.jar:/Library/Java/JavaVirtualMachines/jdk1.7.0_80.jdk/Contents/Home/jre/lib/charsets.jar:/Library/Java/JavaVirtualMachines/jdk1.7.0_80.jdk/Contents/Home/jre/lib/jfr.jar:/Library/Java/JavaVirtualMachines/jdk1.7.0_80.jdk/Contents/Home/jre/classes"/>
    <property name="java.vendor" value="Oracle Corporation"/>
    <property name="maven.home" value="/usr/local/maven/apache-maven-3.6.3"/>
    <property name="file.separator" value="/"/>
    <property name="java.vendor.url.bug" value="http://bugreport.sun.com/bugreport/"/>
    <property name="sun.cpu.endian" value="little"/>
    <property name="sun.io.unicode.encoding" value="UnicodeBig"/>
    <property name="sun.cpu.isalist" value=""/>
  </properties>
  <testcase name="testSerialization" classname="org.jfree.data.junit.ComparableObjectItemTests" time="0"/>
  <testcase name="testCompareTo" classname="org.jfree.data.junit.ComparableObjectItemTests" time="0"/>
  <testcase name="testCloning" classname="org.jfree.data.junit.ComparableObjectItemTests" time="0"/>
  <testcase name="testEquals" classname="org.jfree.data.junit.ComparableObjectItemTests" time="0"/>
  <testcase name="testConstructor" classname="org.jfree.data.junit.ComparableObjectItemTests" time="0"/>
  <testcase name="testSerialization" classname="org.jfree.data.junit.ComparableObjectSeriesTests" time="0.004"/>
  <testcase name="testConstructor1" classname="org.jfree.data.junit.ComparableObjectSeriesTests" time="0"/>
  <testcase name="testCloning" classname="org.jfree.data.junit.ComparableObjectSeriesTests" time="0"/>
  <testcase name="testEquals" classname="org.jfree.data.junit.ComparableObjectSeriesTests" time="0"/>
  <testcase name="testCreateNumberArray2D" classname="org.jfree.data.junit.DataUtilitiesTests" time="0"/>
  <testcase name="testCalculateColumnTotal" classname="org.jfree.data.junit.DataUtilitiesTests" time="0"/>
  <testcase name="testCalculateRowTotal" classname="org.jfree.data.junit.DataUtilitiesTests" time="0"/>
  <testcase name="testSerialization" classname="org.jfree.data.junit.DefaultKeyedValueTests" time="0"/>
  <testcase name="testCloning" classname="org.jfree.data.junit.DefaultKeyedValueTests" time="0"/>
  <testcase name="testEquals" classname="org.jfree.data.junit.DefaultKeyedValueTests" time="0"/>
  <testcase name="testGetIndex" classname="org.jfree.data.junit.DefaultKeyedValuesTests" time="0.002"/>
  <testcase name="testGetValue" classname="org.jfree.data.junit.DefaultKeyedValuesTests" time="0"/>
  <testcase name="testSerialization" classname="org.jfree.data.junit.DefaultKeyedValuesTests" time="0"/>
  <testcase name="testClear" classname="org.jfree.data.junit.DefaultKeyedValuesTests" time="0"/>
  <testcase name="testGetItemCount" classname="org.jfree.data.junit.DefaultKeyedValuesTests" time="0"/>
  <testcase name="testSortByKeyDescending" classname="org.jfree.data.junit.DefaultKeyedValuesTests" time="0.003"/>
  <testcase name="testRemoveValue" classname="org.jfree.data.junit.DefaultKeyedValuesTests" time="0"/>
  <testcase name="testInsertValue" classname="org.jfree.data.junit.DefaultKeyedValuesTests" time="0"/>
  <testcase name="testAddValue" classname="org.jfree.data.junit.DefaultKeyedValuesTests" time="0"/>
  <testcase name="testGetKeys" classname="org.jfree.data.junit.DefaultKeyedValuesTests" time="0"/>
  <testcase name="testSortByKeyAscending" classname="org.jfree.data.junit.DefaultKeyedValuesTests" time="0"/>
  <testcase name="testSortByValueAscending" classname="org.jfree.data.junit.DefaultKeyedValuesTests" time="0.001"/>
  <testcase name="testSortByValueDescending" classname="org.jfree.data.junit.DefaultKeyedValuesTests" time="0"/>
  <testcase name="testCloning" classname="org.jfree.data.junit.DefaultKeyedValuesTests" time="0"/>
  <testcase name="testInsertAndRetrieve" classname="org.jfree.data.junit.DefaultKeyedValuesTests" time="0"/>
  <testcase name="testGetKey" classname="org.jfree.data.junit.DefaultKeyedValuesTests" time="0"/>
  <testcase name="testConstructor" classname="org.jfree.data.junit.DefaultKeyedValuesTests" time="0"/>
  <testcase name="testGetValue" classname="org.jfree.data.junit.DefaultKeyedValues2DTests" time="0"/>
  <testcase name="testColumnCount" classname="org.jfree.data.junit.DefaultKeyedValues2DTests" time="0"/>
  <testcase name="testSerialization" classname="org.jfree.data.junit.DefaultKeyedValues2DTests" time="0.001"/>
  <testcase name="testRemoveValueBug1690654" classname="org.jfree.data.junit.DefaultKeyedValues2DTests" time="0"/>
  <testcase name="testGetColumnKey" classname="org.jfree.data.junit.DefaultKeyedValues2DTests" time="0"/>
  <testcase name="testRemoveValue" classname="org.jfree.data.junit.DefaultKeyedValues2DTests" time="0"/>
  <testcase name="testCloning" classname="org.jfree.data.junit.DefaultKeyedValues2DTests" time="0"/>
  <testcase name="testRowCount" classname="org.jfree.data.junit.DefaultKeyedValues2DTests" time="0"/>
  <testcase name="testEquals" classname="org.jfree.data.junit.DefaultKeyedValues2DTests" time="0"/>
  <testcase name="testGetRowKey" classname="org.jfree.data.junit.DefaultKeyedValues2DTests" time="0"/>
  <testcase name="testGetValue2" classname="org.jfree.data.junit.DefaultKeyedValues2DTests" time="0"/>
  <testcase name="testSparsePopulation" classname="org.jfree.data.junit.DefaultKeyedValues2DTests" time="0"/>
  <testcase name="testRemoveRow" classname="org.jfree.data.junit.DefaultKeyedValues2DTests" time="0"/>
  <testcase name="testSerialization" classname="org.jfree.data.junit.DomainOrderTests" time="0.001"/>
  <testcase name="testHashCode" classname="org.jfree.data.junit.DomainOrderTests" time="0"/>
  <testcase name="testEquals" classname="org.jfree.data.junit.DomainOrderTests" time="0"/>
  <testcase name="testSerialization" classname="org.jfree.data.junit.KeyedObjectTests" time="0"/>
  <testcase name="testCloning" classname="org.jfree.data.junit.KeyedObjectTests" time="0"/>
  <testcase name="testEquals" classname="org.jfree.data.junit.KeyedObjectTests" time="0"/>
  <testcase name="testCloning2" classname="org.jfree.data.junit.KeyedObjectTests" time="0"/>
  <testcase name="testGetIndex" classname="org.jfree.data.junit.KeyedObjectsTests" time="0.001"/>
  <testcase name="testSerialization" classname="org.jfree.data.junit.KeyedObjectsTests" time="0"/>
  <testcase name="testRemoveValue" classname="org.jfree.data.junit.KeyedObjectsTests" time="0"/>
  <testcase name="testRemoveValueInt" classname="org.jfree.data.junit.KeyedObjectsTests" time="0"/>
  <testcase name="testCloning" classname="org.jfree.data.junit.KeyedObjectsTests" time="0.001"/>
  <testcase name="testSetObject" classname="org.jfree.data.junit.KeyedObjectsTests" time="0"/>
  <testcase name="testInsertAndRetrieve" classname="org.jfree.data.junit.KeyedObjectsTests" time="0"/>
  <testcase name="testGetObject" classname="org.jfree.data.junit.KeyedObjectsTests" time="0"/>
  <testcase name="testGetKey" classname="org.jfree.data.junit.KeyedObjectsTests" time="0"/>
  <testcase name="testCloning2" classname="org.jfree.data.junit.KeyedObjectsTests" time="0"/>
  <testcase name="testGetValueByIndex" classname="org.jfree.data.junit.KeyedObjects2DTests" time="0.001"/>
  <testcase name="testSerialization" classname="org.jfree.data.junit.KeyedObjects2DTests" time="0"/>
  <testcase name="testRemoveColumnByKey" classname="org.jfree.data.junit.KeyedObjects2DTests" time="0"/>
  <testcase name="testRemoveValue" classname="org.jfree.data.junit.KeyedObjects2DTests" time="0"/>
  <testcase name="testRemoveRowByIndex" classname="org.jfree.data.junit.KeyedObjects2DTests" time="0"/>
  <testcase name="testGetValueByKey" classname="org.jfree.data.junit.KeyedObjects2DTests" time="0"/>
  <testcase name="testRemoveColumnByIndex" classname="org.jfree.data.junit.KeyedObjects2DTests" time="0.001"/>
  <testcase name="testCloning" classname="org.jfree.data.junit.KeyedObjects2DTests" time="0"/>
  <testcase name="testSetObject" classname="org.jfree.data.junit.KeyedObjects2DTests" time="0"/>
  <testcase name="testEquals" classname="org.jfree.data.junit.KeyedObjects2DTests" time="0"/>
  <testcase name="testRemoveRowByKey" classname="org.jfree.data.junit.KeyedObjects2DTests" time="0"/>
  <testcase name="testGetGroup" classname="org.jfree.data.junit.KeyToGroupMapTests" time="0"/>
  <testcase name="testSerialization" classname="org.jfree.data.junit.KeyToGroupMapTests" time="0.001"/>
  <testcase name="testGetGroupIndex" classname="org.jfree.data.junit.KeyToGroupMapTests" time="0"/>
  <testcase name="testCloning" classname="org.jfree.data.junit.KeyToGroupMapTests" time="0.001"/>
  <testcase name="testGroupCount" classname="org.jfree.data.junit.KeyToGroupMapTests" time="0.001"/>
  <testcase name="testKeyCount" classname="org.jfree.data.junit.KeyToGroupMapTests" time="0"/>
  <testcase name="testEquals" classname="org.jfree.data.junit.KeyToGroupMapTests" time="0.001"/>
  <testcase name="testMapKeyToGroup" classname="org.jfree.data.junit.KeyToGroupMapTests" time="0"/>
  <testcase name="testSerialization" classname="org.jfree.data.junit.RangeTests" time="0.001"/>
  <testcase name="testContains" classname="org.jfree.data.junit.RangeTests" time="0"/>
  <testcase name="testConstrain" classname="org.jfree.data.junit.RangeTests" time="0"/>
  <testcase name="testEquals" classname="org.jfree.data.junit.RangeTests" time="0"/>
  <testcase name="testExpand" classname="org.jfree.data.junit.RangeTests" time="0"/>
  <testcase name="testIntersects" classname="org.jfree.data.junit.RangeTests" time="0.001"/>
  <testcase name="testSerialization" classname="org.jfree.data.junit.RangeTypeTests" time="0"/>
  <testcase name="testHashCode" classname="org.jfree.data.junit.RangeTypeTests" time="0"/>
  <testcase name="testEquals" classname="org.jfree.data.junit.RangeTypeTests" time="0"/>
</testsuite>