<?xml version="1.0" encoding="UTF-8"?>
<testsuite name="org.jfree.data.time.junit.DataTimePackageTests" time="0.162" tests="250" errors="0" skipped="0" failures="0">
  <properties>
    <property name="java.runtime.name" value="Java(TM) SE Runtime Environment"/>
    <property name="sun.boot.library.path" value="/Library/Java/JavaVirtualMachines/jdk1.7.0_80.jdk/Contents/Home/jre/lib"/>
    <property name="java.vm.version" value="24.80-b11"/>
    <property name="gopherProxySet" value="false"/>
    <property name="java.vm.vendor" value="Oracle Corporation"/>
    <property name="maven.multiModuleProjectDirectory" value="/Users/yangchijiang/WorkSpace/msproject/proFL/examples/Chart-20"/>
    <property name="java.vendor.url" value="http://java.oracle.com/"/>
    <property name="path.separator" value=":"/>
    <property name="guice.disable.misplaced.annotation.check" value="true"/>
    <property name="java.vm.name" value="Java HotSpot(TM) 64-Bit Server VM"/>
    <property name="file.encoding.pkg" value="sun.io"/>
    <property name="user.country" value="AU"/>
    <property name="sun.java.launcher" value="SUN_STANDARD"/>
    <property name="sun.os.patch.level" value="unknown"/>
    <property name="java.vm.specification.name" value="Java Virtual Machine Specification"/>
    <property name="user.dir" value="/Users/yangchijiang/WorkSpace/msproject/proFL/examples/Chart-20"/>
    <property name="java.runtime.version" value="1.7.0_80-b15"/>
    <property name="java.awt.graphicsenv" value="sun.awt.CGraphicsEnvironment"/>
    <property name="java.endorsed.dirs" value="/Library/Java/JavaVirtualMachines/jdk1.7.0_80.jdk/Contents/Home/jre/lib/endorsed"/>
    <property name="os.arch" value="x86_64"/>
    <property name="java.io.tmpdir" value="/var/folders/lb/kp5bclbn66sd2h4jv2zqzj9r0000gn/T/"/>
    <property name="line.separator" value="&#10;"/>
    <property name="java.vm.specification.vendor" value="Oracle Corporation"/>
    <property name="os.name" value="Mac OS X"/>
    <property name="https.protocols" value="TLSv1.2"/>
    <property name="classworlds.conf" value="/usr/local/maven/apache-maven-3.6.3/bin/m2.conf"/>
    <property name="sun.jnu.encoding" value="UTF-8"/>
    <property name="java.library.path" value="/Users/yangchijiang/Library/Java/Extensions:/Library/Java/Extensions:/Network/Library/Java/Extensions:/System/Library/Java/Extensions:/usr/lib/java:."/>
    <property name="maven.conf" value="/usr/local/maven/apache-maven-3.6.3/conf"/>
    <property name="java.specification.name" value="Java Platform API Specification"/>
    <property name="java.class.version" value="51.0"/>
    <property name="sun.management.compiler" value="HotSpot 64-Bit Tiered Compilers"/>
    <property name="os.version" value="10.15.6"/>
    <property name="library.jansi.path" value="/usr/local/maven/apache-maven-3.6.3/lib/jansi-native"/>
    <property name="user.home" value="/Users/yangchijiang"/>
    <property name="user.timezone" value="Australia/Melbourne"/>
    <property name="java.awt.printerjob" value="sun.lwawt.macosx.CPrinterJob"/>
    <property name="java.specification.version" value="1.7"/>
    <property name="file.encoding" value="UTF-8"/>
    <property name="user.name" value="yangchijiang"/>
    <property name="java.class.path" value="/usr/local/maven/apache-maven-3.6.3/boot/plexus-classworlds-2.6.0.jar"/>
    <property name="java.vm.specification.version" value="1.7"/>
    <property name="sun.arch.data.model" value="64"/>
    <property name="java.home" value="/Library/Java/JavaVirtualMachines/jdk1.7.0_80.jdk/Contents/Home/jre"/>
    <property name="sun.java.command" value="org.codehaus.plexus.classworlds.launcher.Launcher clean test -Dhttps.protocols=TLSv1.2"/>
    <property name="java.specification.vendor" value="Oracle Corporation"/>
    <property name="user.language" value="en"/>
    <property name="awt.toolkit" value="sun.lwawt.macosx.LWCToolkit"/>
    <property name="java.vm.info" value="mixed mode"/>
    <property name="java.version" value="1.7.0_80"/>
    <property name="java.ext.dirs" value="/Users/yangchijiang/Library/Java/Extensions:/Library/Java/JavaVirtualMachines/jdk1.7.0_80.jdk/Contents/Home/jre/lib/ext:/Library/Java/Extensions:/Network/Library/Java/Extensions:/System/Library/Java/Extensions:/usr/lib/java"/>
    <property name="sun.boot.class.path" value="/Library/Java/JavaVirtualMachines/jdk1.7.0_80.jdk/Contents/Home/jre/lib/resources.jar:/Library/Java/JavaVirtualMachines/jdk1.7.0_80.jdk/Contents/Home/jre/lib/rt.jar:/Library/Java/JavaVirtualMachines/jdk1.7.0_80.jdk/Contents/Home/jre/lib/sunrsasign.jar:/Library/Java/JavaVirtualMachines/jdk1.7.0_80.jdk/Contents/Home/jre/lib/jsse.jar:/Library/Java/JavaVirtualMachines/jdk1.7.0_80.jdk/Contents/Home/jre/lib/jce.jar:/Library/Java/JavaVirtualMachines/jdk1.7.0_80.jdk/Contents/Home/jre/lib/charsets.jar:/Library/Java/JavaVirtualMachines/jdk1.7.0_80.jdk/Contents/Home/jre/lib/jfr.jar:/Library/Java/JavaVirtualMachines/jdk1.7.0_80.jdk/Contents/Home/jre/classes"/>
    <property name="java.vendor" value="Oracle Corporation"/>
    <property name="maven.home" value="/usr/local/maven/apache-maven-3.6.3"/>
    <property name="file.separator" value="/"/>
    <property name="java.vendor.url.bug" value="http://bugreport.sun.com/bugreport/"/>
    <property name="sun.cpu.endian" value="little"/>
    <property name="sun.io.unicode.encoding" value="UnicodeBig"/>
    <property name="sun.cpu.isalist" value=""/>
  </properties>
  <testcase name="testSerialization" classname="org.jfree.data.time.junit.DateRangeTests" time="0.001"/>
  <testcase name="testClone" classname="org.jfree.data.time.junit.DateRangeTests" time="0"/>
  <testcase name="testEquals" classname="org.jfree.data.time.junit.DateRangeTests" time="0"/>
  <testcase name="testGetFirstMillisecondWithCalendar" classname="org.jfree.data.time.junit.DayTests" time="0.001"/>
  <testcase name="testGetStart" classname="org.jfree.data.time.junit.DayTests" time="0.001"/>
  <testcase name="testSerialization" classname="org.jfree.data.time.junit.DayTests" time="0"/>
  <testcase name="testNext" classname="org.jfree.data.time.junit.DayTests" time="0"/>
  <testcase name="test31Dec9999Next" classname="org.jfree.data.time.junit.DayTests" time="0.001"/>
  <testcase name="testGetLastMillisecondWithCalendar" classname="org.jfree.data.time.junit.DayTests" time="0"/>
  <testcase name="testEqualsSelf" classname="org.jfree.data.time.junit.DayTests" time="0"/>
  <testcase name="testDateConstructor1" classname="org.jfree.data.time.junit.DayTests" time="0.001"/>
  <testcase name="testDateConstructor2" classname="org.jfree.data.time.junit.DayTests" time="0.001"/>
  <testcase name="test1Jan1900Next" classname="org.jfree.data.time.junit.DayTests" time="0"/>
  <testcase name="test31Dec9999Previous" classname="org.jfree.data.time.junit.DayTests" time="0"/>
  <testcase name="testGetFirstMillisecond" classname="org.jfree.data.time.junit.DayTests" time="0.001"/>
  <testcase name="testGetFirstMillisecondWithTimeZone" classname="org.jfree.data.time.junit.DayTests" time="0"/>
  <testcase name="test1Jan1900Previous" classname="org.jfree.data.time.junit.DayTests" time="0"/>
  <testcase name="testNotCloneable" classname="org.jfree.data.time.junit.DayTests" time="0"/>
  <testcase name="testHashcode" classname="org.jfree.data.time.junit.DayTests" time="0.001"/>
  <testcase name="testGetSerialIndex" classname="org.jfree.data.time.junit.DayTests" time="0"/>
  <testcase name="testEquals" classname="org.jfree.data.time.junit.DayTests" time="0.001"/>
  <testcase name="testGetEnd" classname="org.jfree.data.time.junit.DayTests" time="0"/>
  <testcase name="testParseDay" classname="org.jfree.data.time.junit.DayTests" time="0.002"/>
  <testcase name="testGetLastMillisecond" classname="org.jfree.data.time.junit.DayTests" time="0.001"/>
  <testcase name="testGetLastMillisecondWithTimeZone" classname="org.jfree.data.time.junit.DayTests" time="0"/>
  <testcase name="testSerialization" classname="org.jfree.data.time.junit.FixedMillisecondTests" time="0.001"/>
  <testcase name="testNotCloneable" classname="org.jfree.data.time.junit.FixedMillisecondTests" time="0"/>
  <testcase name="testHashcode" classname="org.jfree.data.time.junit.FixedMillisecondTests" time="0"/>
  <testcase name="testGetFirstMillisecondWithCalendar" classname="org.jfree.data.time.junit.HourTests" time="0"/>
  <testcase name="testLastHourPrevious" classname="org.jfree.data.time.junit.HourTests" time="0.001"/>
  <testcase name="testGetStart" classname="org.jfree.data.time.junit.HourTests" time="0"/>
  <testcase name="testSerialization" classname="org.jfree.data.time.junit.HourTests" time="0.001"/>
  <testcase name="testParseHour" classname="org.jfree.data.time.junit.HourTests" time="0.001"/>
  <testcase name="testNext" classname="org.jfree.data.time.junit.HourTests" time="0"/>
  <testcase name="testLastHourNext" classname="org.jfree.data.time.junit.HourTests" time="0.001"/>
  <testcase name="testFirstHourPrevious" classname="org.jfree.data.time.junit.HourTests" time="0"/>
  <testcase name="testFirstHourNext" classname="org.jfree.data.time.junit.HourTests" time="0"/>
  <testcase name="testGetLastMillisecondWithCalendar" classname="org.jfree.data.time.junit.HourTests" time="0.001"/>
  <testcase name="testEqualsSelf" classname="org.jfree.data.time.junit.HourTests" time="0"/>
  <testcase name="testDateConstructor1" classname="org.jfree.data.time.junit.HourTests" time="0"/>
  <testcase name="testDateConstructor2" classname="org.jfree.data.time.junit.HourTests" time="0.001"/>
  <testcase name="testGetFirstMillisecond" classname="org.jfree.data.time.junit.HourTests" time="0.001"/>
  <testcase name="testGetFirstMillisecondWithTimeZone" classname="org.jfree.data.time.junit.HourTests" time="0"/>
  <testcase name="testNotCloneable" classname="org.jfree.data.time.junit.HourTests" time="0"/>
  <testcase name="testHashcode" classname="org.jfree.data.time.junit.HourTests" time="0"/>
  <testcase name="testGetSerialIndex" classname="org.jfree.data.time.junit.HourTests" time="0.001"/>
  <testcase name="testEquals" classname="org.jfree.data.time.junit.HourTests" time="0"/>
  <testcase name="testGetEnd" classname="org.jfree.data.time.junit.HourTests" time="0"/>
  <testcase name="testGetLastMillisecond" classname="org.jfree.data.time.junit.HourTests" time="0.001"/>
  <testcase name="testGetLastMillisecondWithTimeZone" classname="org.jfree.data.time.junit.HourTests" time="0"/>
  <testcase name="testGetFirstMillisecondWithCalendar" classname="org.jfree.data.time.junit.MinuteTests" time="0.001"/>
  <testcase name="testGetStart" classname="org.jfree.data.time.junit.MinuteTests" time="0.001"/>
  <testcase name="testSerialization" classname="org.jfree.data.time.junit.MinuteTests" time="0.001"/>
  <testcase name="testNext" classname="org.jfree.data.time.junit.MinuteTests" time="0"/>
  <testcase name="testGetLastMillisecondWithCalendar" classname="org.jfree.data.time.junit.MinuteTests" time="0.001"/>
  <testcase name="testEqualsSelf" classname="org.jfree.data.time.junit.MinuteTests" time="0"/>
  <testcase name="testDateConstructor1" classname="org.jfree.data.time.junit.MinuteTests" time="0"/>
  <testcase name="testDateConstructor2" classname="org.jfree.data.time.junit.MinuteTests" time="0.001"/>
  <testcase name="test1611872" classname="org.jfree.data.time.junit.MinuteTests" time="0"/>
  <testcase name="testGetFirstMillisecond" classname="org.jfree.data.time.junit.MinuteTests" time="0.001"/>
  <testcase name="testGetFirstMillisecondWithTimeZone" classname="org.jfree.data.time.junit.MinuteTests" time="0"/>
  <testcase name="testNotCloneable" classname="org.jfree.data.time.junit.MinuteTests" time="0"/>
  <testcase name="testHashcode" classname="org.jfree.data.time.junit.MinuteTests" time="0.001"/>
  <testcase name="testGetSerialIndex" classname="org.jfree.data.time.junit.MinuteTests" time="0.005"/>
  <testcase name="testEquals" classname="org.jfree.data.time.junit.MinuteTests" time="0.002"/>
  <testcase name="testGetEnd" classname="org.jfree.data.time.junit.MinuteTests" time="0"/>
  <testcase name="testGetLastMillisecond" classname="org.jfree.data.time.junit.MinuteTests" time="0"/>
  <testcase name="testGetLastMillisecondWithTimeZone" classname="org.jfree.data.time.junit.MinuteTests" time="0"/>
  <testcase name="testGetFirstMillisecondWithCalendar" classname="org.jfree.data.time.junit.MillisecondTests" time="0.001"/>
  <testcase name="testGetStart" classname="org.jfree.data.time.junit.MillisecondTests" time="0.001"/>
  <testcase name="testSerialization" classname="org.jfree.data.time.junit.MillisecondTests" time="0.001"/>
  <testcase name="testNext" classname="org.jfree.data.time.junit.MillisecondTests" time="0.005"/>
  <testcase name="testGetLastMillisecondWithCalendar" classname="org.jfree.data.time.junit.MillisecondTests" time="0.001"/>
  <testcase name="testEqualsSelf" classname="org.jfree.data.time.junit.MillisecondTests" time="0"/>
  <testcase name="testDateConstructor1" classname="org.jfree.data.time.junit.MillisecondTests" time="0"/>
  <testcase name="testDateConstructor2" classname="org.jfree.data.time.junit.MillisecondTests" time="0.001"/>
  <testcase name="testGetFirstMillisecond" classname="org.jfree.data.time.junit.MillisecondTests" time="0.001"/>
  <testcase name="testGetFirstMillisecondWithTimeZone" classname="org.jfree.data.time.junit.MillisecondTests" time="0.001"/>
  <testcase name="testNotCloneable" classname="org.jfree.data.time.junit.MillisecondTests" time="0"/>
  <testcase name="testHashcode" classname="org.jfree.data.time.junit.MillisecondTests" time="0.001"/>
  <testcase name="test943985" classname="org.jfree.data.time.junit.MillisecondTests" time="0"/>
  <testcase name="testGetSerialIndex" classname="org.jfree.data.time.junit.MillisecondTests" time="0.001"/>
  <testcase name="testEquals" classname="org.jfree.data.time.junit.MillisecondTests" time="0.001"/>
  <testcase name="testGetEnd" classname="org.jfree.data.time.junit.MillisecondTests" time="0.002"/>
  <testcase name="testGetLastMillisecond" classname="org.jfree.data.time.junit.MillisecondTests" time="0"/>
  <testcase name="testGetLastMillisecondWithTimeZone" classname="org.jfree.data.time.junit.MillisecondTests" time="0"/>
  <testcase name="testGetFirstMillisecondWithCalendar" classname="org.jfree.data.time.junit.MonthTests" time="0.001"/>
  <testcase name="testParseMonth" classname="org.jfree.data.time.junit.MonthTests" time="0.001"/>
  <testcase name="testGetStart" classname="org.jfree.data.time.junit.MonthTests" time="0.002"/>
  <testcase name="testSerialization" classname="org.jfree.data.time.junit.MonthTests" time="0.002"/>
  <testcase name="testNext" classname="org.jfree.data.time.junit.MonthTests" time="0.001"/>
  <testcase name="testJan1900Next" classname="org.jfree.data.time.junit.MonthTests" time="0"/>
  <testcase name="testGetLastMillisecondWithCalendar" classname="org.jfree.data.time.junit.MonthTests" time="0"/>
  <testcase name="testEqualsSelf" classname="org.jfree.data.time.junit.MonthTests" time="0.001"/>
  <testcase name="testDateConstructor1" classname="org.jfree.data.time.junit.MonthTests" time="0"/>
  <testcase name="testDateConstructor2" classname="org.jfree.data.time.junit.MonthTests" time="0.001"/>
  <testcase name="testDec9999Next" classname="org.jfree.data.time.junit.MonthTests" time="0"/>
  <testcase name="testGetFirstMillisecond" classname="org.jfree.data.time.junit.MonthTests" time="0"/>
  <testcase name="testGetFirstMillisecondWithTimeZone" classname="org.jfree.data.time.junit.MonthTests" time="0"/>
  <testcase name="testNotCloneable" classname="org.jfree.data.time.junit.MonthTests" time="0"/>
  <testcase name="testJan1900Previous" classname="org.jfree.data.time.junit.MonthTests" time="0.001"/>
  <testcase name="testHashcode" classname="org.jfree.data.time.junit.MonthTests" time="0"/>
  <testcase name="testGetSerialIndex" classname="org.jfree.data.time.junit.MonthTests" time="0"/>
  <testcase name="testEquals" classname="org.jfree.data.time.junit.MonthTests" time="0.001"/>
  <testcase name="testGetEnd" classname="org.jfree.data.time.junit.MonthTests" time="0"/>
  <testcase name="testDec9999Previous" classname="org.jfree.data.time.junit.MonthTests" time="0.001"/>
  <testcase name="testGetLastMillisecond" classname="org.jfree.data.time.junit.MonthTests" time="0"/>
  <testcase name="testGetLastMillisecondWithTimeZone" classname="org.jfree.data.time.junit.MonthTests" time="0.001"/>
  <testcase name="test1" classname="org.jfree.data.time.junit.MovingAverageTests" time="0.002"/>
  <testcase name="testGetFirstMillisecondWithCalendar" classname="org.jfree.data.time.junit.QuarterTests" time="0.001"/>
  <testcase name="testGetStart" classname="org.jfree.data.time.junit.QuarterTests" time="0.001"/>
  <testcase name="testSerialization" classname="org.jfree.data.time.junit.QuarterTests" time="0.001"/>
  <testcase name="testQ1Y1900Previous" classname="org.jfree.data.time.junit.QuarterTests" time="0.001"/>
  <testcase name="testNext" classname="org.jfree.data.time.junit.QuarterTests" time="0.001"/>
  <testcase name="testQ1Y1900Next" classname="org.jfree.data.time.junit.QuarterTests" time="0"/>
  <testcase name="testGetLastMillisecondWithCalendar" classname="org.jfree.data.time.junit.QuarterTests" time="0"/>
  <testcase name="testEqualsSelf" classname="org.jfree.data.time.junit.QuarterTests" time="0.001"/>
  <testcase name="testParseQuarter" classname="org.jfree.data.time.junit.QuarterTests" time="0.001"/>
  <testcase name="testDateConstructor1" classname="org.jfree.data.time.junit.QuarterTests" time="0.001"/>
  <testcase name="testDateConstructor2" classname="org.jfree.data.time.junit.QuarterTests" time="0.001"/>
  <testcase name="testQ4Y9999Next" classname="org.jfree.data.time.junit.QuarterTests" time="0.001"/>
  <testcase name="testGetFirstMillisecond" classname="org.jfree.data.time.junit.QuarterTests" time="0"/>
  <testcase name="testGetFirstMillisecondWithTimeZone" classname="org.jfree.data.time.junit.QuarterTests" time="0.003"/>
  <testcase name="testNotCloneable" classname="org.jfree.data.time.junit.QuarterTests" time="0.001"/>
  <testcase name="testHashcode" classname="org.jfree.data.time.junit.QuarterTests" time="0.001"/>
  <testcase name="testGetSerialIndex" classname="org.jfree.data.time.junit.QuarterTests" time="0.001"/>
  <testcase name="testEquals" classname="org.jfree.data.time.junit.QuarterTests" time="0"/>
  <testcase name="testGetEnd" classname="org.jfree.data.time.junit.QuarterTests" time="0.002"/>
  <testcase name="testQ4Y9999Previous" classname="org.jfree.data.time.junit.QuarterTests" time="0"/>
  <testcase name="testGetLastMillisecond" classname="org.jfree.data.time.junit.QuarterTests" time="0"/>
  <testcase name="testGetLastMillisecondWithTimeZone" classname="org.jfree.data.time.junit.QuarterTests" time="0.001"/>
  <testcase name="testConstructor" classname="org.jfree.data.time.junit.QuarterTests" time="0.001"/>
  <testcase name="testGetFirstMillisecondWithCalendar" classname="org.jfree.data.time.junit.SecondTests" time="0"/>
  <testcase name="testGetStart" classname="org.jfree.data.time.junit.SecondTests" time="0"/>
  <testcase name="testSerialization" classname="org.jfree.data.time.junit.SecondTests" time="0.001"/>
  <testcase name="testNext" classname="org.jfree.data.time.junit.SecondTests" time="0.001"/>
  <testcase name="testGetLastMillisecondWithCalendar" classname="org.jfree.data.time.junit.SecondTests" time="0.001"/>
  <testcase name="testEqualsSelf" classname="org.jfree.data.time.junit.SecondTests" time="0"/>
  <testcase name="testDateConstructor1" classname="org.jfree.data.time.junit.SecondTests" time="0"/>
  <testcase name="testDateConstructor2" classname="org.jfree.data.time.junit.SecondTests" time="0.002"/>
  <testcase name="testGetFirstMillisecond" classname="org.jfree.data.time.junit.SecondTests" time="0"/>
  <testcase name="testGetFirstMillisecondWithTimeZone" classname="org.jfree.data.time.junit.SecondTests" time="0"/>
  <testcase name="testNotCloneable" classname="org.jfree.data.time.junit.SecondTests" time="0"/>
  <testcase name="testHashcode" classname="org.jfree.data.time.junit.SecondTests" time="0"/>
  <testcase name="testGetSerialIndex" classname="org.jfree.data.time.junit.SecondTests" time="0"/>
  <testcase name="testEquals" classname="org.jfree.data.time.junit.SecondTests" time="0"/>
  <testcase name="testGetEnd" classname="org.jfree.data.time.junit.SecondTests" time="0"/>
  <testcase name="testGetLastMillisecond" classname="org.jfree.data.time.junit.SecondTests" time="0"/>
  <testcase name="testGetLastMillisecondWithTimeZone" classname="org.jfree.data.time.junit.SecondTests" time="0"/>
  <testcase name="testSerialization" classname="org.jfree.data.time.junit.SimpleTimePeriodTests" time="0.002"/>
  <testcase name="testClone" classname="org.jfree.data.time.junit.SimpleTimePeriodTests" time="0"/>
  <testcase name="testCompareTo" classname="org.jfree.data.time.junit.SimpleTimePeriodTests" time="0"/>
  <testcase name="testEqualsSelf" classname="org.jfree.data.time.junit.SimpleTimePeriodTests" time="0"/>
  <testcase name="testHashcode" classname="org.jfree.data.time.junit.SimpleTimePeriodTests" time="0"/>
  <testcase name="testEquals" classname="org.jfree.data.time.junit.SimpleTimePeriodTests" time="0"/>
  <testcase name="testSerialization" classname="org.jfree.data.time.junit.TimePeriodAnchorTests" time="0"/>
  <testcase name="testEquals" classname="org.jfree.data.time.junit.TimePeriodAnchorTests" time="0"/>
  <testcase name="testSerialization" classname="org.jfree.data.time.junit.TimePeriodValueTests" time="0.002"/>
  <testcase name="testEqualsSelf" classname="org.jfree.data.time.junit.TimePeriodValueTests" time="0"/>
  <testcase name="testEquals" classname="org.jfree.data.time.junit.TimePeriodValueTests" time="0"/>
  <testcase name="testSerialization" classname="org.jfree.data.time.junit.TimePeriodValuesTests" time="0.004"/>
  <testcase name="testAdd" classname="org.jfree.data.time.junit.TimePeriodValuesTests" time="0.001"/>
  <testcase name="testClone" classname="org.jfree.data.time.junit.TimePeriodValuesTests" time="0.001"/>
  <testcase name="testAddValue" classname="org.jfree.data.time.junit.TimePeriodValuesTests" time="0.001"/>
  <testcase name="test1161329" classname="org.jfree.data.time.junit.TimePeriodValuesTests" time="0.001"/>
  <testcase name="testEquals" classname="org.jfree.data.time.junit.TimePeriodValuesTests" time="0.001"/>
  <testcase name="testGetDomainBoundsWithoutInterval" classname="org.jfree.data.time.junit.TimePeriodValuesCollectionTests" time="0.001"/>
  <testcase name="testSerialization" classname="org.jfree.data.time.junit.TimePeriodValuesCollectionTests" time="0.001"/>
  <testcase name="testGetDomainBoundsWithInterval" classname="org.jfree.data.time.junit.TimePeriodValuesCollectionTests" time="0"/>
  <testcase name="test1161340" classname="org.jfree.data.time.junit.TimePeriodValuesCollectionTests" time="0.001"/>
  <testcase name="testEquals" classname="org.jfree.data.time.junit.TimePeriodValuesCollectionTests" time="0"/>
  <testcase name="testGetSeries" classname="org.jfree.data.time.junit.TimePeriodValuesCollectionTests" time="0"/>
  <testcase name="testSerialization" classname="org.jfree.data.time.junit.TimeSeriesCollectionTests" time="0.001"/>
  <testcase name="testGetSurroundingItems" classname="org.jfree.data.time.junit.TimeSeriesCollectionTests" time="0"/>
  <testcase name="test1170825" classname="org.jfree.data.time.junit.TimeSeriesCollectionTests" time="0.001"/>
  <testcase name="testRemoveSeries" classname="org.jfree.data.time.junit.TimeSeriesCollectionTests" time="0"/>
  <testcase name="testEquals" classname="org.jfree.data.time.junit.TimeSeriesCollectionTests" time="0"/>
  <testcase name="testIndexOf" classname="org.jfree.data.time.junit.TimeSeriesCollectionTests" time="0"/>
  <testcase name="testEquals2" classname="org.jfree.data.time.junit.TimeSeriesTests" time="0.001"/>
  <testcase name="testGetIndex" classname="org.jfree.data.time.junit.TimeSeriesTests" time="0.002"/>
  <testcase name="testGetValue" classname="org.jfree.data.time.junit.TimeSeriesTests" time="0.001"/>
  <testcase name="testSerialization" classname="org.jfree.data.time.junit.TimeSeriesTests" time="0.001"/>
  <testcase name="testClone" classname="org.jfree.data.time.junit.TimeSeriesTests" time="0.001"/>
  <testcase name="testCreateCopy1" classname="org.jfree.data.time.junit.TimeSeriesTests" time="0.002"/>
  <testcase name="testCreateCopy2" classname="org.jfree.data.time.junit.TimeSeriesTests" time="0.001"/>
  <testcase name="testAddOrUpdate" classname="org.jfree.data.time.junit.TimeSeriesTests" time="0.001"/>
  <testcase name="testAddValue" classname="org.jfree.data.time.junit.TimeSeriesTests" time="0.001"/>
  <testcase name="testRemoveAgedItems" classname="org.jfree.data.time.junit.TimeSeriesTests" time="0"/>
  <testcase name="testSetMaximumItemCount" classname="org.jfree.data.time.junit.TimeSeriesTests" time="0.001"/>
  <testcase name="testGetDataItem1" classname="org.jfree.data.time.junit.TimeSeriesTests" time="0.001"/>
  <testcase name="testGetDataItem2" classname="org.jfree.data.time.junit.TimeSeriesTests" time="0.001"/>
  <testcase name="testDelete2" classname="org.jfree.data.time.junit.TimeSeriesTests" time="0.001"/>
  <testcase name="testDelete" classname="org.jfree.data.time.junit.TimeSeriesTests" time="0.001"/>
  <testcase name="testEquals" classname="org.jfree.data.time.junit.TimeSeriesTests" time="0.001"/>
  <testcase name="testBug1075255" classname="org.jfree.data.time.junit.TimeSeriesTests" time="0.001"/>
  <testcase name="testRemoveAgedItems2" classname="org.jfree.data.time.junit.TimeSeriesTests" time="0.001"/>
  <testcase name="testSerialization" classname="org.jfree.data.time.junit.TimeSeriesDataItemTests" time="0.001"/>
  <testcase name="testEqualsSelf" classname="org.jfree.data.time.junit.TimeSeriesDataItemTests" time="0"/>
  <testcase name="testEquals" classname="org.jfree.data.time.junit.TimeSeriesDataItemTests" time="0"/>
  <testcase name="testGetTimePeriod" classname="org.jfree.data.time.junit.TimeTableXYDatasetTests" time="0.003"/>
  <testcase name="testSerialization" classname="org.jfree.data.time.junit.TimeTableXYDatasetTests" time="0.002"/>
  <testcase name="testClear" classname="org.jfree.data.time.junit.TimeTableXYDatasetTests" time="0.002"/>
  <testcase name="testClone" classname="org.jfree.data.time.junit.TimeTableXYDatasetTests" time="0"/>
  <testcase name="testEquals" classname="org.jfree.data.time.junit.TimeTableXYDatasetTests" time="0"/>
  <testcase name="testStandard" classname="org.jfree.data.time.junit.TimeTableXYDatasetTests" time="0"/>
  <testcase name="testGetFirstMillisecondWithCalendar" classname="org.jfree.data.time.junit.WeekTests" time="0.003"/>
  <testcase name="testGetStart" classname="org.jfree.data.time.junit.WeekTests" time="0"/>
  <testcase name="testWeek12005" classname="org.jfree.data.time.junit.WeekTests" time="0.003"/>
  <testcase name="testSerialization" classname="org.jfree.data.time.junit.WeekTests" time="0.001"/>
  <testcase name="testNext" classname="org.jfree.data.time.junit.WeekTests" time="0.001"/>
  <testcase name="testW1Y1900Previous" classname="org.jfree.data.time.junit.WeekTests" time="0.001"/>
  <testcase name="testGetLastMillisecondWithCalendar" classname="org.jfree.data.time.junit.WeekTests" time="0.001"/>
  <testcase name="testGetFirstMillisecond" classname="org.jfree.data.time.junit.WeekTests" time="0.001"/>
  <testcase name="testGetFirstMillisecondWithTimeZone" classname="org.jfree.data.time.junit.WeekTests" time="0.002"/>
  <testcase name="testNotCloneable" classname="org.jfree.data.time.junit.WeekTests" time="0"/>
  <testcase name="testHashcode" classname="org.jfree.data.time.junit.WeekTests" time="0.001"/>
  <testcase name="testW52Y9999Next" classname="org.jfree.data.time.junit.WeekTests" time="0.001"/>
  <testcase name="testGetSerialIndex" classname="org.jfree.data.time.junit.WeekTests" time="0.001"/>
  <testcase name="testW52Y9999Previous" classname="org.jfree.data.time.junit.WeekTests" time="0"/>
  <testcase name="testEquals" classname="org.jfree.data.time.junit.WeekTests" time="0.001"/>
  <testcase name="testGetEnd" classname="org.jfree.data.time.junit.WeekTests" time="0"/>
  <testcase name="testWeek532005" classname="org.jfree.data.time.junit.WeekTests" time="0"/>
  <testcase name="testW1Y1900Next" classname="org.jfree.data.time.junit.WeekTests" time="0.001"/>
  <testcase name="testBug1448828" classname="org.jfree.data.time.junit.WeekTests" time="0"/>
  <testcase name="testBug1498805" classname="org.jfree.data.time.junit.WeekTests" time="0.001"/>
  <testcase name="testGetLastMillisecond" classname="org.jfree.data.time.junit.WeekTests" time="0"/>
  <testcase name="testGetLastMillisecondWithTimeZone" classname="org.jfree.data.time.junit.WeekTests" time="0.001"/>
  <testcase name="testConstructor" classname="org.jfree.data.time.junit.WeekTests" time="0"/>
  <testcase name="testGetFirstMillisecondWithCalendar" classname="org.jfree.data.time.junit.YearTests" time="0"/>
  <testcase name="testGetStart" classname="org.jfree.data.time.junit.YearTests" time="0"/>
  <testcase name="testSerialization" classname="org.jfree.data.time.junit.YearTests" time="0"/>
  <testcase name="testParseYear" classname="org.jfree.data.time.junit.YearTests" time="0.001"/>
  <testcase name="testNext" classname="org.jfree.data.time.junit.YearTests" time="0"/>
  <testcase name="testGetLastMillisecondWithCalendar" classname="org.jfree.data.time.junit.YearTests" time="0"/>
  <testcase name="testEqualsSelf" classname="org.jfree.data.time.junit.YearTests" time="0"/>
  <testcase name="testDateConstructor1" classname="org.jfree.data.time.junit.YearTests" time="0"/>
  <testcase name="testDateConstructor2" classname="org.jfree.data.time.junit.YearTests" time="0"/>
  <testcase name="testGetFirstMillisecond" classname="org.jfree.data.time.junit.YearTests" time="0"/>
  <testcase name="testGetFirstMillisecondWithTimeZone" classname="org.jfree.data.time.junit.YearTests" time="0.001"/>
  <testcase name="testNotCloneable" classname="org.jfree.data.time.junit.YearTests" time="0"/>
  <testcase name="test1900Next" classname="org.jfree.data.time.junit.YearTests" time="0"/>
  <testcase name="test1900Previous" classname="org.jfree.data.time.junit.YearTests" time="0"/>
  <testcase name="test9999Previous" classname="org.jfree.data.time.junit.YearTests" time="0.001"/>
  <testcase name="testHashcode" classname="org.jfree.data.time.junit.YearTests" time="0"/>
  <testcase name="testGetSerialIndex" classname="org.jfree.data.time.junit.YearTests" time="0.001"/>
  <testcase name="testEquals" classname="org.jfree.data.time.junit.YearTests" time="0"/>
  <testcase name="testGetEnd" classname="org.jfree.data.time.junit.YearTests" time="0"/>
  <testcase name="test9999Next" classname="org.jfree.data.time.junit.YearTests" time="0"/>
  <testcase name="testGetLastMillisecond" classname="org.jfree.data.time.junit.YearTests" time="0"/>
  <testcase name="testGetLastMillisecondWithTimeZone" classname="org.jfree.data.time.junit.YearTests" time="0"/>
</testsuite>