<?xml version="1.0" encoding="UTF-8" ?>
<testsuite failures="0" time="0.109" errors="0" skipped="0" tests="77" name="org.apache.commons.lang3.StringUtilsTest">
  <properties>
    <property name="java.runtime.name" value="Java(TM) SE Runtime Environment"/>
    <property name="sun.boot.library.path" value="/Library/Java/JavaVirtualMachines/jdk1.7.0_80.jdk/Contents/Home/jre/lib"/>
    <property name="java.vm.version" value="24.80-b11"/>
    <property name="gopherProxySet" value="false"/>
    <property name="java.vm.vendor" value="Oracle Corporation"/>
    <property name="maven.multiModuleProjectDirectory" value="/Users/yangchijiang/WorkSpace/msproject/proFL/examples/Lang-26"/>
    <property name="java.vendor.url" value="http://java.oracle.com/"/>
    <property name="path.separator" value=":"/>
    <property name="guice.disable.misplaced.annotation.check" value="true"/>
    <property name="java.vm.name" value="Java HotSpot(TM) 64-Bit Server VM"/>
    <property name="file.encoding.pkg" value="sun.io"/>
    <property name="user.country" value="AU"/>
    <property name="sun.java.launcher" value="SUN_STANDARD"/>
    <property name="sun.os.patch.level" value="unknown"/>
    <property name="java.vm.specification.name" value="Java Virtual Machine Specification"/>
    <property name="user.dir" value="/Users/yangchijiang/WorkSpace/msproject/proFL/examples/Lang-26"/>
    <property name="java.runtime.version" value="1.7.0_80-b15"/>
    <property name="java.awt.graphicsenv" value="sun.awt.CGraphicsEnvironment"/>
    <property name="java.endorsed.dirs" value="/Library/Java/JavaVirtualMachines/jdk1.7.0_80.jdk/Contents/Home/jre/lib/endorsed"/>
    <property name="os.arch" value="x86_64"/>
    <property name="java.io.tmpdir" value="/var/folders/lb/kp5bclbn66sd2h4jv2zqzj9r0000gn/T/"/>
    <property name="line.separator" value="
"/>
    <property name="java.vm.specification.vendor" value="Oracle Corporation"/>
    <property name="os.name" value="Mac OS X"/>
    <property name="https.protocols" value="TLSv1.2"/>
    <property name="classworlds.conf" value="/usr/local/maven/apache-maven-3.6.3/bin/m2.conf"/>
    <property name="sun.jnu.encoding" value="UTF-8"/>
    <property name="java.library.path" value="/Users/yangchijiang/Library/Java/Extensions:/Library/Java/Extensions:/Network/Library/Java/Extensions:/System/Library/Java/Extensions:/usr/lib/java:."/>
    <property name="maven.conf" value="/usr/local/maven/apache-maven-3.6.3/conf"/>
    <property name="java.specification.name" value="Java Platform API Specification"/>
    <property name="java.class.version" value="51.0"/>
    <property name="sun.management.compiler" value="HotSpot 64-Bit Tiered Compilers"/>
    <property name="os.version" value="10.15.6"/>
    <property name="library.jansi.path" value="/usr/local/maven/apache-maven-3.6.3/lib/jansi-native"/>
    <property name="user.home" value="/Users/yangchijiang"/>
    <property name="user.timezone" value="Australia/Melbourne"/>
    <property name="java.awt.printerjob" value="sun.lwawt.macosx.CPrinterJob"/>
    <property name="java.specification.version" value="1.7"/>
    <property name="file.encoding" value="UTF-8"/>
    <property name="user.name" value="yangchijiang"/>
    <property name="java.class.path" value="/usr/local/maven/apache-maven-3.6.3/boot/plexus-classworlds-2.6.0.jar"/>
    <property name="java.vm.specification.version" value="1.7"/>
    <property name="sun.arch.data.model" value="64"/>
    <property name="java.home" value="/Library/Java/JavaVirtualMachines/jdk1.7.0_80.jdk/Contents/Home/jre"/>
    <property name="sun.java.command" value="org.codehaus.plexus.classworlds.launcher.Launcher clean test -Dhttps.protocols=TLSv1.2"/>
    <property name="java.specification.vendor" value="Oracle Corporation"/>
    <property name="user.language" value="en"/>
    <property name="awt.toolkit" value="sun.lwawt.macosx.LWCToolkit"/>
    <property name="java.vm.info" value="mixed mode"/>
    <property name="java.version" value="1.7.0_80"/>
    <property name="java.ext.dirs" value="/Users/yangchijiang/Library/Java/Extensions:/Library/Java/JavaVirtualMachines/jdk1.7.0_80.jdk/Contents/Home/jre/lib/ext:/Library/Java/Extensions:/Network/Library/Java/Extensions:/System/Library/Java/Extensions:/usr/lib/java"/>
    <property name="sun.boot.class.path" value="/Library/Java/JavaVirtualMachines/jdk1.7.0_80.jdk/Contents/Home/jre/lib/resources.jar:/Library/Java/JavaVirtualMachines/jdk1.7.0_80.jdk/Contents/Home/jre/lib/rt.jar:/Library/Java/JavaVirtualMachines/jdk1.7.0_80.jdk/Contents/Home/jre/lib/sunrsasign.jar:/Library/Java/JavaVirtualMachines/jdk1.7.0_80.jdk/Contents/Home/jre/lib/jsse.jar:/Library/Java/JavaVirtualMachines/jdk1.7.0_80.jdk/Contents/Home/jre/lib/jce.jar:/Library/Java/JavaVirtualMachines/jdk1.7.0_80.jdk/Contents/Home/jre/lib/charsets.jar:/Library/Java/JavaVirtualMachines/jdk1.7.0_80.jdk/Contents/Home/jre/lib/jfr.jar:/Library/Java/JavaVirtualMachines/jdk1.7.0_80.jdk/Contents/Home/jre/classes"/>
    <property name="java.vendor" value="Oracle Corporation"/>
    <property name="maven.home" value="/usr/local/maven/apache-maven-3.6.3"/>
    <property name="file.separator" value="/"/>
    <property name="java.vendor.url.bug" value="http://bugreport.sun.com/bugreport/"/>
    <property name="sun.cpu.endian" value="little"/>
    <property name="sun.io.unicode.encoding" value="UnicodeBig"/>
    <property name="sun.cpu.isalist" value=""/>
  </properties>
  <testcase time="0" classname="org.apache.commons.lang3.StringUtilsTest" name="testJoin_IterableChar"/>
  <testcase time="0.001" classname="org.apache.commons.lang3.StringUtilsTest" name="testRightPad_StringInt"/>
  <testcase time="0" classname="org.apache.commons.lang3.StringUtilsTest" name="testDeleteWhitespace_String"/>
  <testcase time="0" classname="org.apache.commons.lang3.StringUtilsTest" name="testRemove_String"/>
  <testcase time="0" classname="org.apache.commons.lang3.StringUtilsTest" name="testJoin_ArrayChar"/>
  <testcase time="0.001" classname="org.apache.commons.lang3.StringUtilsTest" name="testDifferenceAt_StringString"/>
  <testcase time="0.001" classname="org.apache.commons.lang3.StringUtilsTest" name="testSplitByCharacterType"/>
  <testcase time="0" classname="org.apache.commons.lang3.StringUtilsTest" name="testLengthStringBuffer"/>
  <testcase time="0" classname="org.apache.commons.lang3.StringUtilsTest" name="testNormalizeSpace"/>
  <testcase time="0" classname="org.apache.commons.lang3.StringUtilsTest" name="testDifferenceAt_StringArray"/>
  <testcase time="0.001" classname="org.apache.commons.lang3.StringUtilsTest" name="testRepeat_StringStringInt"/>
  <testcase time="0" classname="org.apache.commons.lang3.StringUtilsTest" name="testOverlay_StringStringIntInt"/>
  <testcase time="0" classname="org.apache.commons.lang3.StringUtilsTest" name="testConcat_Objects"/>
  <testcase time="0.001" classname="org.apache.commons.lang3.StringUtilsTest" name="testJoin_ArrayString"/>
  <testcase time="0" classname="org.apache.commons.lang3.StringUtilsTest" name="testIsAllLowerCase"/>
  <testcase time="0" classname="org.apache.commons.lang3.StringUtilsTest" name="testReverseDelimited_StringChar"/>
  <testcase time="0.001" classname="org.apache.commons.lang3.StringUtilsTest" name="testChomp"/>
  <testcase time="0" classname="org.apache.commons.lang3.StringUtilsTest" name="testEMPTY"/>
  <testcase time="0" classname="org.apache.commons.lang3.StringUtilsTest" name="testChop"/>
  <testcase time="0.001" classname="org.apache.commons.lang3.StringUtilsTest" name="testJoin_IterableString"/>
  <testcase time="0.001" classname="org.apache.commons.lang3.StringUtilsTest" name="testDefaultIfEmpty_CharBuffers"/>
  <testcase time="0.045" classname="org.apache.commons.lang3.StringUtilsTest" name="testSplitPreserveAllTokens_StringString_StringStringInt"/>
  <testcase time="0" classname="org.apache.commons.lang3.StringUtilsTest" name="testRemoveStart"/>
  <testcase time="0" classname="org.apache.commons.lang3.StringUtilsTest" name="testRemove_char"/>
  <testcase time="0" classname="org.apache.commons.lang3.StringUtilsTest" name="testReplaceChars_StringCharChar"/>
  <testcase time="0" classname="org.apache.commons.lang3.StringUtilsTest" name="testAbbreviateMiddle"/>
  <testcase time="0" classname="org.apache.commons.lang3.StringUtilsTest" name="testStartsWithAny"/>
  <testcase time="0" classname="org.apache.commons.lang3.StringUtilsTest" name="testIsAllUpperCase"/>
  <testcase time="0" classname="org.apache.commons.lang3.StringUtilsTest" name="testRemoveEndIgnoreCase"/>
  <testcase time="0" classname="org.apache.commons.lang3.StringUtilsTest" name="testCenter_StringIntChar"/>
  <testcase time="0" classname="org.apache.commons.lang3.StringUtilsTest" name="testDefaultIfEmpty_StringBuffers"/>
  <testcase time="0.001" classname="org.apache.commons.lang3.StringUtilsTest" name="testReplaceChars_StringStringString"/>
  <testcase time="0" classname="org.apache.commons.lang3.StringUtilsTest" name="testLeftPad_StringIntString"/>
  <testcase time="0" classname="org.apache.commons.lang3.StringUtilsTest" name="testLang623"/>
  <testcase time="0" classname="org.apache.commons.lang3.StringUtilsTest" name="testSplitPreserveAllTokens_StringChar"/>
  <testcase time="0" classname="org.apache.commons.lang3.StringUtilsTest" name="testDefaultIfEmpty_StringString"/>
  <testcase time="0" classname="org.apache.commons.lang3.StringUtilsTest" name="testCenter_StringInt"/>
  <testcase time="0" classname="org.apache.commons.lang3.StringUtilsTest" name="testLength_CharBuffer"/>
  <testcase time="0.001" classname="org.apache.commons.lang3.StringUtilsTest" name="testGetCommonPrefix_StringArray"/>
  <testcase time="0" classname="org.apache.commons.lang3.StringUtilsTest" name="testSplit_String"/>
  <testcase time="0" classname="org.apache.commons.lang3.StringUtilsTest" name="testLengthString"/>
  <testcase time="0" classname="org.apache.commons.lang3.StringUtilsTest" name="testDefault_String"/>
  <testcase time="0" classname="org.apache.commons.lang3.StringUtilsTest" name="testLeftPad_StringIntChar"/>
  <testcase time="0.001" classname="org.apache.commons.lang3.StringUtilsTest" name="testRepeat_StringInt"/>
  <testcase time="0" classname="org.apache.commons.lang3.StringUtilsTest" name="testAbbreviate_StringInt"/>
  <testcase time="0" classname="org.apache.commons.lang3.StringUtilsTest" name="testDefault_StringString"/>
  <testcase time="0" classname="org.apache.commons.lang3.StringUtilsTest" name="testLengthStringBuilder"/>
  <testcase time="0" classname="org.apache.commons.lang3.StringUtilsTest" name="testJoin_IteratorString"/>
  <testcase time="0.002" classname="org.apache.commons.lang3.StringUtilsTest" name="testRightPad_StringIntChar"/>
  <testcase time="0" classname="org.apache.commons.lang3.StringUtilsTest" name="testGetLevenshteinDistance_StringString"/>
  <testcase time="0" classname="org.apache.commons.lang3.StringUtilsTest" name="testJoin_Objectarray"/>
  <testcase time="0.001" classname="org.apache.commons.lang3.StringUtilsTest" name="testAbbreviate_StringIntInt"/>
  <testcase time="0" classname="org.apache.commons.lang3.StringUtilsTest" name="testReplace_StringStringArrayStringArray"/>
  <testcase time="0" classname="org.apache.commons.lang3.StringUtilsTest" name="testSplitPreserveAllTokens_String"/>
  <testcase time="0" classname="org.apache.commons.lang3.StringUtilsTest" name="testReplaceOnce_StringStringString"/>
  <testcase time="0" classname="org.apache.commons.lang3.StringUtilsTest" name="testJoin_IteratorChar"/>
  <testcase time="0" classname="org.apache.commons.lang3.StringUtilsTest" name="testReverse_String"/>
  <testcase time="0.001" classname="org.apache.commons.lang3.StringUtilsTest" name="testReplace_StringStringString"/>
  <testcase time="0" classname="org.apache.commons.lang3.StringUtilsTest" name="testSplitByWholeSeparatorPreserveAllTokens_StringStringInt"/>
  <testcase time="0.001" classname="org.apache.commons.lang3.StringUtilsTest" name="testCaseFunctions"/>
  <testcase time="0" classname="org.apache.commons.lang3.StringUtilsTest" name="testSplitByWholeString_StringStringBooleanInt"/>
  <testcase time="0" classname="org.apache.commons.lang3.StringUtilsTest" name="testSplitByWholeString_StringStringBoolean"/>
  <testcase time="0" classname="org.apache.commons.lang3.StringUtilsTest" name="testDefaultIfEmpty_StringBuilders"/>
  <testcase time="0" classname="org.apache.commons.lang3.StringUtilsTest" name="testDifference_StringString"/>
  <testcase time="0" classname="org.apache.commons.lang3.StringUtilsTest" name="testLeftPad_StringInt"/>
  <testcase time="0.001" classname="org.apache.commons.lang3.StringUtilsTest" name="testReplace_StringStringArrayStringArrayBoolean"/>
  <testcase time="0" classname="org.apache.commons.lang3.StringUtilsTest" name="testSplit_StringChar"/>
  <testcase time="0" classname="org.apache.commons.lang3.StringUtilsTest" name="testRightPad_StringIntString"/>
  <testcase time="0.001" classname="org.apache.commons.lang3.StringUtilsTest" name="testSwapCase_String"/>
  <testcase time="0.001" classname="org.apache.commons.lang3.StringUtilsTest" name="testRemoveStartIgnoreCase"/>
  <testcase time="0.043" classname="org.apache.commons.lang3.StringUtilsTest" name="testSplit_StringString_StringStringInt"/>
  <testcase time="0.001" classname="org.apache.commons.lang3.StringUtilsTest" name="testRemoveEnd"/>
  <testcase time="0" classname="org.apache.commons.lang3.StringUtilsTest" name="testConcatWith_StringObjects"/>
  <testcase time="0" classname="org.apache.commons.lang3.StringUtilsTest" name="testCenter_StringIntString"/>
  <testcase time="0.001" classname="org.apache.commons.lang3.StringUtilsTest" name="testConstructor"/>
  <testcase time="0" classname="org.apache.commons.lang3.StringUtilsTest" name="testSplitByCharacterTypeCamelCase"/>
  <testcase time="0" classname="org.apache.commons.lang3.StringUtilsTest" name="testReplace_StringStringStringInt"/>
</testsuite>