<?xml version="1.0" encoding="UTF-8" ?>
<testsuite failures="0" time="0.014" errors="0" skipped="0" tests="45" name="org.apache.commons.lang3.text.StrBuilderAppendInsertTest">
  <properties>
    <property name="java.runtime.name" value="Java(TM) SE Runtime Environment"/>
    <property name="sun.boot.library.path" value="/Library/Java/JavaVirtualMachines/jdk1.7.0_80.jdk/Contents/Home/jre/lib"/>
    <property name="java.vm.version" value="24.80-b11"/>
    <property name="gopherProxySet" value="false"/>
    <property name="java.vm.vendor" value="Oracle Corporation"/>
    <property name="maven.multiModuleProjectDirectory" value="/Users/yangchijiang/WorkSpace/msproject/proFL/examples/Lang-26"/>
    <property name="java.vendor.url" value="http://java.oracle.com/"/>
    <property name="path.separator" value=":"/>
    <property name="guice.disable.misplaced.annotation.check" value="true"/>
    <property name="java.vm.name" value="Java HotSpot(TM) 64-Bit Server VM"/>
    <property name="file.encoding.pkg" value="sun.io"/>
    <property name="user.country" value="AU"/>
    <property name="sun.java.launcher" value="SUN_STANDARD"/>
    <property name="sun.os.patch.level" value="unknown"/>
    <property name="java.vm.specification.name" value="Java Virtual Machine Specification"/>
    <property name="user.dir" value="/Users/yangchijiang/WorkSpace/msproject/proFL/examples/Lang-26"/>
    <property name="java.runtime.version" value="1.7.0_80-b15"/>
    <property name="java.awt.graphicsenv" value="sun.awt.CGraphicsEnvironment"/>
    <property name="java.endorsed.dirs" value="/Library/Java/JavaVirtualMachines/jdk1.7.0_80.jdk/Contents/Home/jre/lib/endorsed"/>
    <property name="os.arch" value="x86_64"/>
    <property name="java.io.tmpdir" value="/var/folders/lb/kp5bclbn66sd2h4jv2zqzj9r0000gn/T/"/>
    <property name="line.separator" value="
"/>
    <property name="java.vm.specification.vendor" value="Oracle Corporation"/>
    <property name="os.name" value="Mac OS X"/>
    <property name="https.protocols" value="TLSv1.2"/>
    <property name="classworlds.conf" value="/usr/local/maven/apache-maven-3.6.3/bin/m2.conf"/>
    <property name="sun.jnu.encoding" value="UTF-8"/>
    <property name="java.library.path" value="/Users/yangchijiang/Library/Java/Extensions:/Library/Java/Extensions:/Network/Library/Java/Extensions:/System/Library/Java/Extensions:/usr/lib/java:."/>
    <property name="maven.conf" value="/usr/local/maven/apache-maven-3.6.3/conf"/>
    <property name="java.specification.name" value="Java Platform API Specification"/>
    <property name="java.class.version" value="51.0"/>
    <property name="sun.management.compiler" value="HotSpot 64-Bit Tiered Compilers"/>
    <property name="os.version" value="10.15.6"/>
    <property name="library.jansi.path" value="/usr/local/maven/apache-maven-3.6.3/lib/jansi-native"/>
    <property name="user.home" value="/Users/yangchijiang"/>
    <property name="user.timezone" value="Australia/Melbourne"/>
    <property name="java.awt.printerjob" value="sun.lwawt.macosx.CPrinterJob"/>
    <property name="java.specification.version" value="1.7"/>
    <property name="file.encoding" value="UTF-8"/>
    <property name="user.name" value="yangchijiang"/>
    <property name="java.class.path" value="/usr/local/maven/apache-maven-3.6.3/boot/plexus-classworlds-2.6.0.jar"/>
    <property name="java.vm.specification.version" value="1.7"/>
    <property name="sun.arch.data.model" value="64"/>
    <property name="java.home" value="/Library/Java/JavaVirtualMachines/jdk1.7.0_80.jdk/Contents/Home/jre"/>
    <property name="sun.java.command" value="org.codehaus.plexus.classworlds.launcher.Launcher clean test -Dhttps.protocols=TLSv1.2"/>
    <property name="java.specification.vendor" value="Oracle Corporation"/>
    <property name="user.language" value="en"/>
    <property name="awt.toolkit" value="sun.lwawt.macosx.LWCToolkit"/>
    <property name="java.vm.info" value="mixed mode"/>
    <property name="java.version" value="1.7.0_80"/>
    <property name="java.ext.dirs" value="/Users/yangchijiang/Library/Java/Extensions:/Library/Java/JavaVirtualMachines/jdk1.7.0_80.jdk/Contents/Home/jre/lib/ext:/Library/Java/Extensions:/Network/Library/Java/Extensions:/System/Library/Java/Extensions:/usr/lib/java"/>
    <property name="sun.boot.class.path" value="/Library/Java/JavaVirtualMachines/jdk1.7.0_80.jdk/Contents/Home/jre/lib/resources.jar:/Library/Java/JavaVirtualMachines/jdk1.7.0_80.jdk/Contents/Home/jre/lib/rt.jar:/Library/Java/JavaVirtualMachines/jdk1.7.0_80.jdk/Contents/Home/jre/lib/sunrsasign.jar:/Library/Java/JavaVirtualMachines/jdk1.7.0_80.jdk/Contents/Home/jre/lib/jsse.jar:/Library/Java/JavaVirtualMachines/jdk1.7.0_80.jdk/Contents/Home/jre/lib/jce.jar:/Library/Java/JavaVirtualMachines/jdk1.7.0_80.jdk/Contents/Home/jre/lib/charsets.jar:/Library/Java/JavaVirtualMachines/jdk1.7.0_80.jdk/Contents/Home/jre/lib/jfr.jar:/Library/Java/JavaVirtualMachines/jdk1.7.0_80.jdk/Contents/Home/jre/classes"/>
    <property name="java.vendor" value="Oracle Corporation"/>
    <property name="maven.home" value="/usr/local/maven/apache-maven-3.6.3"/>
    <property name="file.separator" value="/"/>
    <property name="java.vendor.url.bug" value="http://bugreport.sun.com/bugreport/"/>
    <property name="sun.cpu.endian" value="little"/>
    <property name="sun.io.unicode.encoding" value="UnicodeBig"/>
    <property name="sun.cpu.isalist" value=""/>
  </properties>
  <testcase time="0" classname="org.apache.commons.lang3.text.StrBuilderAppendInsertTest" name="testAppendWithSeparators_Collection"/>
  <testcase time="0" classname="org.apache.commons.lang3.text.StrBuilderAppendInsertTest" name="testInsertWithNullText"/>
  <testcase time="0" classname="org.apache.commons.lang3.text.StrBuilderAppendInsertTest" name="testAppendFixedWidthPadRight_int"/>
  <testcase time="0" classname="org.apache.commons.lang3.text.StrBuilderAppendInsertTest" name="testAppendln_PrimitiveNumber"/>
  <testcase time="0" classname="org.apache.commons.lang3.text.StrBuilderAppendInsertTest" name="testAppend_Boolean"/>
  <testcase time="0" classname="org.apache.commons.lang3.text.StrBuilderAppendInsertTest" name="testAppendln_Boolean"/>
  <testcase time="0.001" classname="org.apache.commons.lang3.text.StrBuilderAppendInsertTest" name="testAppend_StrBuilder_int_int"/>
  <testcase time="0" classname="org.apache.commons.lang3.text.StrBuilderAppendInsertTest" name="testAppendln_CharArray_int_int"/>
  <testcase time="0" classname="org.apache.commons.lang3.text.StrBuilderAppendInsertTest" name="testAppendFixedWidthPadLeft"/>
  <testcase time="0" classname="org.apache.commons.lang3.text.StrBuilderAppendInsertTest" name="testAppendln_String_int_int"/>
  <testcase time="0.001" classname="org.apache.commons.lang3.text.StrBuilderAppendInsertTest" name="testAppendFixedWidthPadLeft_int"/>
  <testcase time="0" classname="org.apache.commons.lang3.text.StrBuilderAppendInsertTest" name="testAppendAll_Collection"/>
  <testcase time="0" classname="org.apache.commons.lang3.text.StrBuilderAppendInsertTest" name="testAppendNewLine"/>
  <testcase time="0.001" classname="org.apache.commons.lang3.text.StrBuilderAppendInsertTest" name="testAppend_CharArray_int_int"/>
  <testcase time="0" classname="org.apache.commons.lang3.text.StrBuilderAppendInsertTest" name="testAppendln_StringBuffer"/>
  <testcase time="0" classname="org.apache.commons.lang3.text.StrBuilderAppendInsertTest" name="testAppendAll_Iterator"/>
  <testcase time="0" classname="org.apache.commons.lang3.text.StrBuilderAppendInsertTest" name="testAppendSeparator_char_char"/>
  <testcase time="0" classname="org.apache.commons.lang3.text.StrBuilderAppendInsertTest" name="testLang299"/>
  <testcase time="0.001" classname="org.apache.commons.lang3.text.StrBuilderAppendInsertTest" name="testAppendWithSeparators_Iterator"/>
  <testcase time="0.001" classname="org.apache.commons.lang3.text.StrBuilderAppendInsertTest" name="testAppendWithNullText"/>
  <testcase time="0.001" classname="org.apache.commons.lang3.text.StrBuilderAppendInsertTest" name="testAppendln_StrBuilder"/>
  <testcase time="0" classname="org.apache.commons.lang3.text.StrBuilderAppendInsertTest" name="testAppendln_Object"/>
  <testcase time="0.001" classname="org.apache.commons.lang3.text.StrBuilderAppendInsertTest" name="testAppend_StrBuilder"/>
  <testcase time="0.001" classname="org.apache.commons.lang3.text.StrBuilderAppendInsertTest" name="testAppendSeparator_String"/>
  <testcase time="0" classname="org.apache.commons.lang3.text.StrBuilderAppendInsertTest" name="testAppendln_String"/>
  <testcase time="0" classname="org.apache.commons.lang3.text.StrBuilderAppendInsertTest" name="testAppendSeparator_char_int"/>
  <testcase time="0" classname="org.apache.commons.lang3.text.StrBuilderAppendInsertTest" name="testAppendSeparator_String_String"/>
  <testcase time="0" classname="org.apache.commons.lang3.text.StrBuilderAppendInsertTest" name="testAppendAll_Array"/>
  <testcase time="0.001" classname="org.apache.commons.lang3.text.StrBuilderAppendInsertTest" name="testAppendSeparator_char"/>
  <testcase time="0" classname="org.apache.commons.lang3.text.StrBuilderAppendInsertTest" name="testAppend_StringBuffer"/>
  <testcase time="0" classname="org.apache.commons.lang3.text.StrBuilderAppendInsertTest" name="testAppendWithSeparatorsWithNullText"/>
  <testcase time="0" classname="org.apache.commons.lang3.text.StrBuilderAppendInsertTest" name="testAppendSeparator_String_int"/>
  <testcase time="0" classname="org.apache.commons.lang3.text.StrBuilderAppendInsertTest" name="testAppendln_StringBuffer_int_int"/>
  <testcase time="0.001" classname="org.apache.commons.lang3.text.StrBuilderAppendInsertTest" name="testAppend_Object"/>
  <testcase time="0" classname="org.apache.commons.lang3.text.StrBuilderAppendInsertTest" name="testAppend_StringBuffer_int_int"/>
  <testcase time="0.001" classname="org.apache.commons.lang3.text.StrBuilderAppendInsertTest" name="testAppendPadding"/>
  <testcase time="0" classname="org.apache.commons.lang3.text.StrBuilderAppendInsertTest" name="testAppend_String"/>
  <testcase time="0" classname="org.apache.commons.lang3.text.StrBuilderAppendInsertTest" name="testAppend_String_int_int"/>
  <testcase time="0.001" classname="org.apache.commons.lang3.text.StrBuilderAppendInsertTest" name="testAppend_PrimitiveNumber"/>
  <testcase time="0" classname="org.apache.commons.lang3.text.StrBuilderAppendInsertTest" name="testInsert"/>
  <testcase time="0" classname="org.apache.commons.lang3.text.StrBuilderAppendInsertTest" name="testAppendFixedWidthPadRight"/>
  <testcase time="0" classname="org.apache.commons.lang3.text.StrBuilderAppendInsertTest" name="testAppendln_StrBuilder_int_int"/>
  <testcase time="0.001" classname="org.apache.commons.lang3.text.StrBuilderAppendInsertTest" name="testAppend_CharArray"/>
  <testcase time="0" classname="org.apache.commons.lang3.text.StrBuilderAppendInsertTest" name="testAppendln_CharArray"/>
  <testcase time="0.001" classname="org.apache.commons.lang3.text.StrBuilderAppendInsertTest" name="testAppendWithSeparators_Array"/>
</testsuite>