<?xml version="1.0" encoding="UTF-8" ?>
<testsuite failures="0" time="0.021" errors="0" skipped="0" tests="77" name="org.apache.commons.lang3.text.StrBuilderTest">
  <properties>
    <property name="java.runtime.name" value="Java(TM) SE Runtime Environment"/>
    <property name="sun.boot.library.path" value="/Library/Java/JavaVirtualMachines/jdk1.7.0_80.jdk/Contents/Home/jre/lib"/>
    <property name="java.vm.version" value="24.80-b11"/>
    <property name="gopherProxySet" value="false"/>
    <property name="java.vm.vendor" value="Oracle Corporation"/>
    <property name="maven.multiModuleProjectDirectory" value="/Users/yangchijiang/WorkSpace/msproject/proFL/examples/Lang-26"/>
    <property name="java.vendor.url" value="http://java.oracle.com/"/>
    <property name="path.separator" value=":"/>
    <property name="guice.disable.misplaced.annotation.check" value="true"/>
    <property name="java.vm.name" value="Java HotSpot(TM) 64-Bit Server VM"/>
    <property name="file.encoding.pkg" value="sun.io"/>
    <property name="user.country" value="AU"/>
    <property name="sun.java.launcher" value="SUN_STANDARD"/>
    <property name="sun.os.patch.level" value="unknown"/>
    <property name="java.vm.specification.name" value="Java Virtual Machine Specification"/>
    <property name="user.dir" value="/Users/yangchijiang/WorkSpace/msproject/proFL/examples/Lang-26"/>
    <property name="java.runtime.version" value="1.7.0_80-b15"/>
    <property name="java.awt.graphicsenv" value="sun.awt.CGraphicsEnvironment"/>
    <property name="java.endorsed.dirs" value="/Library/Java/JavaVirtualMachines/jdk1.7.0_80.jdk/Contents/Home/jre/lib/endorsed"/>
    <property name="os.arch" value="x86_64"/>
    <property name="java.io.tmpdir" value="/var/folders/lb/kp5bclbn66sd2h4jv2zqzj9r0000gn/T/"/>
    <property name="line.separator" value="
"/>
    <property name="java.vm.specification.vendor" value="Oracle Corporation"/>
    <property name="os.name" value="Mac OS X"/>
    <property name="https.protocols" value="TLSv1.2"/>
    <property name="classworlds.conf" value="/usr/local/maven/apache-maven-3.6.3/bin/m2.conf"/>
    <property name="sun.jnu.encoding" value="UTF-8"/>
    <property name="java.library.path" value="/Users/yangchijiang/Library/Java/Extensions:/Library/Java/Extensions:/Network/Library/Java/Extensions:/System/Library/Java/Extensions:/usr/lib/java:."/>
    <property name="maven.conf" value="/usr/local/maven/apache-maven-3.6.3/conf"/>
    <property name="java.specification.name" value="Java Platform API Specification"/>
    <property name="java.class.version" value="51.0"/>
    <property name="sun.management.compiler" value="HotSpot 64-Bit Tiered Compilers"/>
    <property name="os.version" value="10.15.6"/>
    <property name="library.jansi.path" value="/usr/local/maven/apache-maven-3.6.3/lib/jansi-native"/>
    <property name="user.home" value="/Users/yangchijiang"/>
    <property name="user.timezone" value="Australia/Melbourne"/>
    <property name="java.awt.printerjob" value="sun.lwawt.macosx.CPrinterJob"/>
    <property name="java.specification.version" value="1.7"/>
    <property name="file.encoding" value="UTF-8"/>
    <property name="user.name" value="yangchijiang"/>
    <property name="java.class.path" value="/usr/local/maven/apache-maven-3.6.3/boot/plexus-classworlds-2.6.0.jar"/>
    <property name="java.vm.specification.version" value="1.7"/>
    <property name="sun.arch.data.model" value="64"/>
    <property name="java.home" value="/Library/Java/JavaVirtualMachines/jdk1.7.0_80.jdk/Contents/Home/jre"/>
    <property name="sun.java.command" value="org.codehaus.plexus.classworlds.launcher.Launcher clean test -Dhttps.protocols=TLSv1.2"/>
    <property name="java.specification.vendor" value="Oracle Corporation"/>
    <property name="user.language" value="en"/>
    <property name="awt.toolkit" value="sun.lwawt.macosx.LWCToolkit"/>
    <property name="java.vm.info" value="mixed mode"/>
    <property name="java.version" value="1.7.0_80"/>
    <property name="java.ext.dirs" value="/Users/yangchijiang/Library/Java/Extensions:/Library/Java/JavaVirtualMachines/jdk1.7.0_80.jdk/Contents/Home/jre/lib/ext:/Library/Java/Extensions:/Network/Library/Java/Extensions:/System/Library/Java/Extensions:/usr/lib/java"/>
    <property name="sun.boot.class.path" value="/Library/Java/JavaVirtualMachines/jdk1.7.0_80.jdk/Contents/Home/jre/lib/resources.jar:/Library/Java/JavaVirtualMachines/jdk1.7.0_80.jdk/Contents/Home/jre/lib/rt.jar:/Library/Java/JavaVirtualMachines/jdk1.7.0_80.jdk/Contents/Home/jre/lib/sunrsasign.jar:/Library/Java/JavaVirtualMachines/jdk1.7.0_80.jdk/Contents/Home/jre/lib/jsse.jar:/Library/Java/JavaVirtualMachines/jdk1.7.0_80.jdk/Contents/Home/jre/lib/jce.jar:/Library/Java/JavaVirtualMachines/jdk1.7.0_80.jdk/Contents/Home/jre/lib/charsets.jar:/Library/Java/JavaVirtualMachines/jdk1.7.0_80.jdk/Contents/Home/jre/lib/jfr.jar:/Library/Java/JavaVirtualMachines/jdk1.7.0_80.jdk/Contents/Home/jre/classes"/>
    <property name="java.vendor" value="Oracle Corporation"/>
    <property name="maven.home" value="/usr/local/maven/apache-maven-3.6.3"/>
    <property name="file.separator" value="/"/>
    <property name="java.vendor.url.bug" value="http://bugreport.sun.com/bugreport/"/>
    <property name="sun.cpu.endian" value="little"/>
    <property name="sun.io.unicode.encoding" value="UnicodeBig"/>
    <property name="sun.cpu.isalist" value=""/>
  </properties>
  <testcase time="0.005" classname="org.apache.commons.lang3.text.StrBuilderTest" name="testAsTokenizer"/>
  <testcase time="0.001" classname="org.apache.commons.lang3.text.StrBuilderTest" name="testDeleteFirst_StrMatcher"/>
  <testcase time="0" classname="org.apache.commons.lang3.text.StrBuilderTest" name="testReplaceFirst_StrMatcher_String"/>
  <testcase time="0" classname="org.apache.commons.lang3.text.StrBuilderTest" name="testDeleteAll_String"/>
  <testcase time="0" classname="org.apache.commons.lang3.text.StrBuilderTest" name="testEndsWith"/>
  <testcase time="0" classname="org.apache.commons.lang3.text.StrBuilderTest" name="testGetSetNullText"/>
  <testcase time="0" classname="org.apache.commons.lang3.text.StrBuilderTest" name="testIndexOfLang294"/>
  <testcase time="0.001" classname="org.apache.commons.lang3.text.StrBuilderTest" name="testSubSequenceIntInt"/>
  <testcase time="0" classname="org.apache.commons.lang3.text.StrBuilderTest" name="testGetChars"/>
  <testcase time="0" classname="org.apache.commons.lang3.text.StrBuilderTest" name="testLastIndexOf_String"/>
  <testcase time="0.001" classname="org.apache.commons.lang3.text.StrBuilderTest" name="testDeleteAll_char"/>
  <testcase time="0" classname="org.apache.commons.lang3.text.StrBuilderTest" name="testReplace_StrMatcher_String_int_int_int_VaryEndIndex"/>
  <testcase time="0" classname="org.apache.commons.lang3.text.StrBuilderTest" name="testLastIndexOf_char_int"/>
  <testcase time="0" classname="org.apache.commons.lang3.text.StrBuilderTest" name="testClear"/>
  <testcase time="0" classname="org.apache.commons.lang3.text.StrBuilderTest" name="testSize"/>
  <testcase time="0.001" classname="org.apache.commons.lang3.text.StrBuilderTest" name="testTrim"/>
  <testcase time="0" classname="org.apache.commons.lang3.text.StrBuilderTest" name="testRightString"/>
  <testcase time="0" classname="org.apache.commons.lang3.text.StrBuilderTest" name="testToString"/>
  <testcase time="0" classname="org.apache.commons.lang3.text.StrBuilderTest" name="testConstructors"/>
  <testcase time="0.001" classname="org.apache.commons.lang3.text.StrBuilderTest" name="testMinimizeCapacity"/>
  <testcase time="0" classname="org.apache.commons.lang3.text.StrBuilderTest" name="testSubstringIntInt"/>
  <testcase time="0" classname="org.apache.commons.lang3.text.StrBuilderTest" name="testLang412Left"/>
  <testcase time="0.001" classname="org.apache.commons.lang3.text.StrBuilderTest" name="testContains_String"/>
  <testcase time="0" classname="org.apache.commons.lang3.text.StrBuilderTest" name="testEqualsIgnoreCase"/>
  <testcase time="0" classname="org.apache.commons.lang3.text.StrBuilderTest" name="testCapacityAndLength"/>
  <testcase time="0.001" classname="org.apache.commons.lang3.text.StrBuilderTest" name="testAsReader"/>
  <testcase time="0" classname="org.apache.commons.lang3.text.StrBuilderTest" name="testReplaceAll_String_String"/>
  <testcase time="0" classname="org.apache.commons.lang3.text.StrBuilderTest" name="testAsWriter"/>
  <testcase time="0" classname="org.apache.commons.lang3.text.StrBuilderTest" name="testLang294"/>
  <testcase time="0" classname="org.apache.commons.lang3.text.StrBuilderTest" name="testLang295"/>
  <testcase time="0" classname="org.apache.commons.lang3.text.StrBuilderTest" name="testReplaceAll_char_char"/>
  <testcase time="0" classname="org.apache.commons.lang3.text.StrBuilderTest" name="testLastIndexOf_String_int"/>
  <testcase time="0.001" classname="org.apache.commons.lang3.text.StrBuilderTest" name="testDeleteCharAt"/>
  <testcase time="0" classname="org.apache.commons.lang3.text.StrBuilderTest" name="testReplaceFirst_String_String"/>
  <testcase time="0" classname="org.apache.commons.lang3.text.StrBuilderTest" name="testContains_char"/>
  <testcase time="0" classname="org.apache.commons.lang3.text.StrBuilderTest" name="testDeleteIntInt"/>
  <testcase time="0.001" classname="org.apache.commons.lang3.text.StrBuilderTest" name="testReplace_StrMatcher_String_int_int_int_VaryCount"/>
  <testcase time="0" classname="org.apache.commons.lang3.text.StrBuilderTest" name="testReplaceFirst_char_char"/>
  <testcase time="0" classname="org.apache.commons.lang3.text.StrBuilderTest" name="testIndexOf_char"/>
  <testcase time="0" classname="org.apache.commons.lang3.text.StrBuilderTest" name="testReplace_int_int_String"/>
  <testcase time="0" classname="org.apache.commons.lang3.text.StrBuilderTest" name="testToCharArray"/>
  <testcase time="0" classname="org.apache.commons.lang3.text.StrBuilderTest" name="testLastIndexOf_StrMatcher"/>
  <testcase time="0.003" classname="org.apache.commons.lang3.text.StrBuilderTest" name="testIndexOf_StrMatcher_int"/>
  <testcase time="0" classname="org.apache.commons.lang3.text.StrBuilderTest" name="testEnsureCapacity"/>
  <testcase time="0" classname="org.apache.commons.lang3.text.StrBuilderTest" name="testLang412Right"/>
  <testcase time="0" classname="org.apache.commons.lang3.text.StrBuilderTest" name="testDeleteFirst_String"/>
  <testcase time="0" classname="org.apache.commons.lang3.text.StrBuilderTest" name="testMidString"/>
  <testcase time="0" classname="org.apache.commons.lang3.text.StrBuilderTest" name="testReplaceAll_StrMatcher_String"/>
  <testcase time="0" classname="org.apache.commons.lang3.text.StrBuilderTest" name="testCapacity"/>
  <testcase time="0" classname="org.apache.commons.lang3.text.StrBuilderTest" name="testReverse"/>
  <testcase time="0" classname="org.apache.commons.lang3.text.StrBuilderTest" name="testSetCharAt"/>
  <testcase time="0" classname="org.apache.commons.lang3.text.StrBuilderTest" name="testReplace_StrMatcher_String_int_int_int_VaryStartIndex"/>
  <testcase time="0" classname="org.apache.commons.lang3.text.StrBuilderTest" name="testHashCode"/>
  <testcase time="0" classname="org.apache.commons.lang3.text.StrBuilderTest" name="testSubstringInt"/>
  <testcase time="0.001" classname="org.apache.commons.lang3.text.StrBuilderTest" name="testSetLength"/>
  <testcase time="0" classname="org.apache.commons.lang3.text.StrBuilderTest" name="testCharAt"/>
  <testcase time="0" classname="org.apache.commons.lang3.text.StrBuilderTest" name="testReplace_StrMatcher_String_int_int_int_VaryMatcher"/>
  <testcase time="0" classname="org.apache.commons.lang3.text.StrBuilderTest" name="testEquals"/>
  <testcase time="0" classname="org.apache.commons.lang3.text.StrBuilderTest" name="testLastIndexOf_char"/>
  <testcase time="0" classname="org.apache.commons.lang3.text.StrBuilderTest" name="testLeftString"/>
  <testcase time="0" classname="org.apache.commons.lang3.text.StrBuilderTest" name="testIndexOf_String_int"/>
  <testcase time="0" classname="org.apache.commons.lang3.text.StrBuilderTest" name="testContains_StrMatcher"/>
  <testcase time="0" classname="org.apache.commons.lang3.text.StrBuilderTest" name="testLength"/>
  <testcase time="0" classname="org.apache.commons.lang3.text.StrBuilderTest" name="testReplace_StrMatcher_String_int_int_int_VaryReplace"/>
  <testcase time="0.001" classname="org.apache.commons.lang3.text.StrBuilderTest" name="testDeleteFirst_char"/>
  <testcase time="0" classname="org.apache.commons.lang3.text.StrBuilderTest" name="testDeleteAll_StrMatcher"/>
  <testcase time="0" classname="org.apache.commons.lang3.text.StrBuilderTest" name="testIsEmpty"/>
  <testcase time="0" classname="org.apache.commons.lang3.text.StrBuilderTest" name="testToCharArrayIntInt"/>
  <testcase time="0" classname="org.apache.commons.lang3.text.StrBuilderTest" name="testGetSetNewLineText"/>
  <testcase time="0" classname="org.apache.commons.lang3.text.StrBuilderTest" name="testToStringBuffer"/>
  <testcase time="0" classname="org.apache.commons.lang3.text.StrBuilderTest" name="testIndexOf_String"/>
  <testcase time="0.001" classname="org.apache.commons.lang3.text.StrBuilderTest" name="testIndexOf_char_int"/>
  <testcase time="0" classname="org.apache.commons.lang3.text.StrBuilderTest" name="testGetCharsIntIntCharArrayInt"/>
  <testcase time="0" classname="org.apache.commons.lang3.text.StrBuilderTest" name="testStartsWith"/>
  <testcase time="0" classname="org.apache.commons.lang3.text.StrBuilderTest" name="testIndexOf_StrMatcher"/>
  <testcase time="0.001" classname="org.apache.commons.lang3.text.StrBuilderTest" name="testLastIndexOf_StrMatcher_int"/>
  <testcase time="0" classname="org.apache.commons.lang3.text.StrBuilderTest" name="testChaining"/>
</testsuite>