<?xml version="1.0" encoding="UTF-8" ?>
<testsuite failures="1" time="4.305" errors="0" skipped="0" tests="3873" name="org.joda.time.TestAllPackages">
  <properties>
    <property name="java.runtime.name" value="Java(TM) SE Runtime Environment"/>
    <property name="sun.boot.library.path" value="/Library/Java/JavaVirtualMachines/jdk1.7.0_80.jdk/Contents/Home/jre/lib"/>
    <property name="java.vm.version" value="24.80-b11"/>
    <property name="gopherProxySet" value="false"/>
    <property name="java.vm.vendor" value="Oracle Corporation"/>
    <property name="java.vendor.url" value="http://java.oracle.com/"/>
    <property name="path.separator" value=":"/>
    <property name="java.vm.name" value="Java HotSpot(TM) 64-Bit Server VM"/>
    <property name="file.encoding.pkg" value="sun.io"/>
    <property name="user.country" value="AU"/>
    <property name="sun.java.launcher" value="SUN_STANDARD"/>
    <property name="sun.os.patch.level" value="unknown"/>
    <property name="java.vm.specification.name" value="Java Virtual Machine Specification"/>
    <property name="user.dir" value="/Users/yangchijiang/WorkSpace/msproject/proFL/examples/Time-19"/>
    <property name="java.runtime.version" value="1.7.0_80-b15"/>
    <property name="java.awt.graphicsenv" value="sun.awt.CGraphicsEnvironment"/>
    <property name="basedir" value="/Users/yangchijiang/WorkSpace/msproject/proFL/examples/Time-19"/>
    <property name="java.endorsed.dirs" value="/Library/Java/JavaVirtualMachines/jdk1.7.0_80.jdk/Contents/Home/jre/lib/endorsed"/>
    <property name="os.arch" value="x86_64"/>
    <property name="surefire.real.class.path" value="/var/folders/lb/kp5bclbn66sd2h4jv2zqzj9r0000gn/T/surefirebooter8424553420886767179.jar"/>
    <property name="java.io.tmpdir" value="/var/folders/lb/kp5bclbn66sd2h4jv2zqzj9r0000gn/T/"/>
    <property name="line.separator" value="
"/>
    <property name="java.vm.specification.vendor" value="Oracle Corporation"/>
    <property name="os.name" value="Mac OS X"/>
    <property name="sun.jnu.encoding" value="UTF-8"/>
    <property name="java.library.path" value="/Users/yangchijiang/Library/Java/Extensions:/Library/Java/Extensions:/Network/Library/Java/Extensions:/System/Library/Java/Extensions:/usr/lib/java:."/>
    <property name="surefire.test.class.path" value="/Users/yangchijiang/WorkSpace/msproject/proFL/examples/Time-19/target/test-classes:/Users/yangchijiang/WorkSpace/msproject/proFL/examples/Time-19/target/classes:/Users/yangchijiang/.m2/repository/org/joda/joda-convert/1.1/joda-convert-1.1.jar:/Users/yangchijiang/.m2/repository/junit/junit/4.12/junit-4.12.jar:/Users/yangchijiang/.m2/repository/org/hamcrest/hamcrest-core/1.3/hamcrest-core-1.3.jar:"/>
    <property name="java.specification.name" value="Java Platform API Specification"/>
    <property name="java.class.version" value="51.0"/>
    <property name="sun.management.compiler" value="HotSpot 64-Bit Tiered Compilers"/>
    <property name="os.version" value="10.15.6"/>
    <property name="user.home" value="/Users/yangchijiang"/>
    <property name="user.timezone" value="Australia/Melbourne"/>
    <property name="java.awt.printerjob" value="sun.lwawt.macosx.CPrinterJob"/>
    <property name="java.specification.version" value="1.7"/>
    <property name="file.encoding" value="UTF-8"/>
    <property name="user.name" value="yangchijiang"/>
    <property name="java.class.path" value="/Users/yangchijiang/WorkSpace/msproject/proFL/examples/Time-19/target/test-classes:/Users/yangchijiang/WorkSpace/msproject/proFL/examples/Time-19/target/classes:/Users/yangchijiang/.m2/repository/org/joda/joda-convert/1.1/joda-convert-1.1.jar:/Users/yangchijiang/.m2/repository/junit/junit/4.12/junit-4.12.jar:/Users/yangchijiang/.m2/repository/org/hamcrest/hamcrest-core/1.3/hamcrest-core-1.3.jar:"/>
    <property name="java.vm.specification.version" value="1.7"/>
    <property name="sun.arch.data.model" value="64"/>
    <property name="java.home" value="/Library/Java/JavaVirtualMachines/jdk1.7.0_80.jdk/Contents/Home/jre"/>
    <property name="sun.java.command" value="/var/folders/lb/kp5bclbn66sd2h4jv2zqzj9r0000gn/T/surefirebooter8424553420886767179.jar /var/folders/lb/kp5bclbn66sd2h4jv2zqzj9r0000gn/T/surefire6524942664840281659tmp /var/folders/lb/kp5bclbn66sd2h4jv2zqzj9r0000gn/T/surefire7562406457491690546tmp"/>
    <property name="java.specification.vendor" value="Oracle Corporation"/>
    <property name="user.language" value="en"/>
    <property name="awt.toolkit" value="sun.lwawt.macosx.LWCToolkit"/>
    <property name="java.vm.info" value="mixed mode"/>
    <property name="java.version" value="1.7.0_80"/>
    <property name="java.ext.dirs" value="/Users/yangchijiang/Library/Java/Extensions:/Library/Java/JavaVirtualMachines/jdk1.7.0_80.jdk/Contents/Home/jre/lib/ext:/Library/Java/Extensions:/Network/Library/Java/Extensions:/System/Library/Java/Extensions:/usr/lib/java"/>
    <property name="sun.boot.class.path" value="/Library/Java/JavaVirtualMachines/jdk1.7.0_80.jdk/Contents/Home/jre/lib/resources.jar:/Library/Java/JavaVirtualMachines/jdk1.7.0_80.jdk/Contents/Home/jre/lib/rt.jar:/Library/Java/JavaVirtualMachines/jdk1.7.0_80.jdk/Contents/Home/jre/lib/sunrsasign.jar:/Library/Java/JavaVirtualMachines/jdk1.7.0_80.jdk/Contents/Home/jre/lib/jsse.jar:/Library/Java/JavaVirtualMachines/jdk1.7.0_80.jdk/Contents/Home/jre/lib/jce.jar:/Library/Java/JavaVirtualMachines/jdk1.7.0_80.jdk/Contents/Home/jre/lib/charsets.jar:/Library/Java/JavaVirtualMachines/jdk1.7.0_80.jdk/Contents/Home/jre/lib/jfr.jar:/Library/Java/JavaVirtualMachines/jdk1.7.0_80.jdk/Contents/Home/jre/classes"/>
    <property name="java.vendor" value="Oracle Corporation"/>
    <property name="localRepository" value="/Users/yangchijiang/.m2/repository"/>
    <property name="file.separator" value="/"/>
    <property name="java.vendor.url.bug" value="http://bugreport.sun.com/bugreport/"/>
    <property name="sun.cpu.endian" value="little"/>
    <property name="sun.io.unicode.encoding" value="UnicodeBig"/>
    <property name="sun.cpu.isalist" value=""/>
  </properties>
  <testcase time="0.003" classname="org.joda.time.TestChronology" name="testEqualsHashCode_ISO"/>
  <testcase time="0.004" classname="org.joda.time.TestChronology" name="testTest"/>
  <testcase time="0.002" classname="org.joda.time.TestChronology" name="testToString"/>
  <testcase time="0" classname="org.joda.time.TestChronology" name="testEqualsHashCode_Lenient"/>
  <testcase time="0" classname="org.joda.time.TestChronology" name="testEqualsHashCode_Limit"/>
  <testcase time="0.001" classname="org.joda.time.TestChronology" name="testEqualsHashCode_Zoned"/>
  <testcase time="0.001" classname="org.joda.time.TestChronology" name="testEqualsHashCode_Strict"/>
  <testcase time="0.005" classname="org.joda.time.TestDateTimeFieldType" name="test_millisOfDay"/>
  <testcase time="0" classname="org.joda.time.TestDateTimeFieldType" name="test_hourOfHalfday"/>
  <testcase time="0.001" classname="org.joda.time.TestDateTimeFieldType" name="test_weekyear"/>
  <testcase time="0" classname="org.joda.time.TestDateTimeFieldType" name="test_year"/>
  <testcase time="0.001" classname="org.joda.time.TestDateTimeFieldType" name="test_era"/>
  <testcase time="0" classname="org.joda.time.TestDateTimeFieldType" name="test_clockhourOfDay"/>
  <testcase time="0.001" classname="org.joda.time.TestDateTimeFieldType" name="test_dayOfWeek"/>
  <testcase time="0" classname="org.joda.time.TestDateTimeFieldType" name="test_dayOfYear"/>
  <testcase time="0.001" classname="org.joda.time.TestDateTimeFieldType" name="test_halfdayOfDay"/>
  <testcase time="0" classname="org.joda.time.TestDateTimeFieldType" name="test_yearOfEra"/>
  <testcase time="0.001" classname="org.joda.time.TestDateTimeFieldType" name="test_millisOfSecond"/>
  <testcase time="0" classname="org.joda.time.TestDateTimeFieldType" name="test_secondOfDay"/>
  <testcase time="0" classname="org.joda.time.TestDateTimeFieldType" name="test_weekyearOfCentury"/>
  <testcase time="0" classname="org.joda.time.TestDateTimeFieldType" name="test_secondOfMinute"/>
  <testcase time="0" classname="org.joda.time.TestDateTimeFieldType" name="test_monthOfYear"/>
  <testcase time="0.001" classname="org.joda.time.TestDateTimeFieldType" name="test_weekOfWeekyear"/>
  <testcase time="0" classname="org.joda.time.TestDateTimeFieldType" name="test_hourOfDay"/>
  <testcase time="0" classname="org.joda.time.TestDateTimeFieldType" name="test_minuteOfHour"/>
  <testcase time="0" classname="org.joda.time.TestDateTimeFieldType" name="test_clockhourOfHalfday"/>
  <testcase time="0" classname="org.joda.time.TestDateTimeFieldType" name="test_yearOfCentury"/>
  <testcase time="0.001" classname="org.joda.time.TestDateTimeFieldType" name="test_dayOfMonth"/>
  <testcase time="0" classname="org.joda.time.TestDateTimeFieldType" name="test_other"/>
  <testcase time="0.001" classname="org.joda.time.TestDateTimeFieldType" name="test_centuryOfEra"/>
  <testcase time="0" classname="org.joda.time.TestDateTimeFieldType" name="test_minuteOfDay"/>
  <testcase time="0.001" classname="org.joda.time.TestDurationFieldType" name="test_weekyears"/>
  <testcase time="0" classname="org.joda.time.TestDurationFieldType" name="test_halfdays"/>
  <testcase time="0.001" classname="org.joda.time.TestDurationFieldType" name="test_days"/>
  <testcase time="0" classname="org.joda.time.TestDurationFieldType" name="test_eras"/>
  <testcase time="0" classname="org.joda.time.TestDurationFieldType" name="test_centuries"/>
  <testcase time="0" classname="org.joda.time.TestDurationFieldType" name="test_millis"/>
  <testcase time="0" classname="org.joda.time.TestDurationFieldType" name="test_months"/>
  <testcase time="0.001" classname="org.joda.time.TestDurationFieldType" name="test_minutes"/>
  <testcase time="0" classname="org.joda.time.TestDurationFieldType" name="test_seconds"/>
  <testcase time="0" classname="org.joda.time.TestDurationFieldType" name="test_hours"/>
  <testcase time="0.001" classname="org.joda.time.TestDurationFieldType" name="test_other"/>
  <testcase time="0" classname="org.joda.time.TestDurationFieldType" name="test_weeks"/>
  <testcase time="0.001" classname="org.joda.time.TestDurationFieldType" name="test_years"/>
  <testcase time="0" classname="org.joda.time.TestInstant_Constructors" name="test_now"/>
  <testcase time="0.006" classname="org.joda.time.TestInstant_Constructors" name="testConstructor_Object"/>
  <testcase time="0" classname="org.joda.time.TestInstant_Constructors" name="testConstructor_long1"/>
  <testcase time="0.001" classname="org.joda.time.TestInstant_Constructors" name="testConstructor_long2"/>
  <testcase time="0" classname="org.joda.time.TestInstant_Constructors" name="testConstructor_nullObject"/>
  <testcase time="0" classname="org.joda.time.TestInstant_Constructors" name="testConstructor_badconverterObject"/>
  <testcase time="0" classname="org.joda.time.TestInstant_Constructors" name="testConstructor_invalidObject"/>
  <testcase time="0.002" classname="org.joda.time.TestInstant_Constructors" name="testParse_formatter"/>
  <testcase time="0.001" classname="org.joda.time.TestInstant_Constructors" name="testParse_noFormatter"/>
  <testcase time="0" classname="org.joda.time.TestInstant_Constructors" name="testConstructor"/>
  <testcase time="0.002" classname="org.joda.time.TestInstant_Basics" name="testToMutableDateTimeISO"/>
  <testcase time="0.001" classname="org.joda.time.TestInstant_Basics" name="testWithDurationAdded_RD_int"/>
  <testcase time="0" classname="org.joda.time.TestInstant_Basics" name="testImmutable"/>
  <testcase time="0" classname="org.joda.time.TestInstant_Basics" name="testSerialization"/>
  <testcase time="0.001" classname="org.joda.time.TestInstant_Basics" name="testIsBeforeNow"/>
  <testcase time="0" classname="org.joda.time.TestInstant_Basics" name="testIsBefore_RI"/>
  <testcase time="0" classname="org.joda.time.TestInstant_Basics" name="testTest"/>
  <testcase time="0" classname="org.joda.time.TestInstant_Basics" name="testEqualsHashCode"/>
  <testcase time="0.001" classname="org.joda.time.TestInstant_Basics" name="testToString"/>
  <testcase time="0" classname="org.joda.time.TestInstant_Basics" name="testIsEqualNow"/>
  <testcase time="0" classname="org.joda.time.TestInstant_Basics" name="testIsEqual_RI"/>
  <testcase time="0" classname="org.joda.time.TestInstant_Basics" name="testPlus_RD"/>
  <testcase time="0" classname="org.joda.time.TestInstant_Basics" name="testPlus_long"/>
  <testcase time="0.001" classname="org.joda.time.TestInstant_Basics" name="testCompareTo"/>
  <testcase time="0" classname="org.joda.time.TestInstant_Basics" name="testIsEqual_long"/>
  <testcase time="0" classname="org.joda.time.TestInstant_Basics" name="testToDateTime_DateTimeZone"/>
  <testcase time="0" classname="org.joda.time.TestInstant_Basics" name="testMinus_RD"/>
  <testcase time="0" classname="org.joda.time.TestInstant_Basics" name="testIsBefore_long"/>
  <testcase time="0" classname="org.joda.time.TestInstant_Basics" name="testIsAfterNow"/>
  <testcase time="0.001" classname="org.joda.time.TestInstant_Basics" name="testIsAfter_RI"/>
  <testcase time="0" classname="org.joda.time.TestInstant_Basics" name="testToDateTime_Chronology"/>
  <testcase time="0" classname="org.joda.time.TestInstant_Basics" name="testGet_DateTimeField"/>
  <testcase time="0.001" classname="org.joda.time.TestInstant_Basics" name="testToMutableDateTime"/>
  <testcase time="0" classname="org.joda.time.TestInstant_Basics" name="testToMutableDateTime_Chronology"/>
  <testcase time="0" classname="org.joda.time.TestInstant_Basics" name="testIsAfter_long"/>
  <testcase time="0.001" classname="org.joda.time.TestInstant_Basics" name="testToDateTimeISO"/>
  <testcase time="0" classname="org.joda.time.TestInstant_Basics" name="testToInstant"/>
  <testcase time="0" classname="org.joda.time.TestInstant_Basics" name="testToDateTime"/>
  <testcase time="0" classname="org.joda.time.TestInstant_Basics" name="testMinus_long"/>
  <testcase time="0" classname="org.joda.time.TestInstant_Basics" name="testGetMethods"/>
  <testcase time="0" classname="org.joda.time.TestInstant_Basics" name="testWithDurationAdded_long_int"/>
  <testcase time="0" classname="org.joda.time.TestInstant_Basics" name="testGet_DateTimeFieldType"/>
  <testcase time="0" classname="org.joda.time.TestInstant_Basics" name="testToDate"/>
  <testcase time="0" classname="org.joda.time.TestInstant_Basics" name="testWithMillis_long"/>
  <testcase time="0" classname="org.joda.time.TestInstant_Basics" name="testToMutableDateTime_DateTimeZone"/>
  <testcase time="0.001" classname="org.joda.time.TestDateTime_Constructors" name="test_now_nullChronology"/>
  <testcase time="0" classname="org.joda.time.TestDateTime_Constructors" name="testConstructor_Object_Chronology"/>
  <testcase time="0" classname="org.joda.time.TestDateTime_Constructors" name="testConstructor_badconverterObject_DateTimeZone"/>
  <testcase time="0" classname="org.joda.time.TestDateTime_Constructors" name="testConstructor_long2_DateTimeZone"/>
  <testcase time="0" classname="org.joda.time.TestDateTime_Constructors" name="testConstructor_nullObject_Chronology"/>
  <testcase time="0" classname="org.joda.time.TestDateTime_Constructors" name="testConstructor_nullObject_nullDateTimeZone"/>
  <testcase time="0" classname="org.joda.time.TestDateTime_Constructors" name="testConstructor_int_int_int_int_int_int_int_nullDateTimeZone"/>
  <testcase time="0.001" classname="org.joda.time.TestDateTime_Constructors" name="testConstructor_int_int_int_int_int_int"/>
  <testcase time="0" classname="org.joda.time.TestDateTime_Constructors" name="testConstructor_int_int_int_int_int_int_nullDateTimeZone"/>
  <testcase time="0" classname="org.joda.time.TestDateTime_Constructors" name="testConstructor_long1_DateTimeZone"/>
  <testcase time="0.001" classname="org.joda.time.TestDateTime_Constructors" name="testConstructor_int_int_int_int_int_int_int_DateTimeZone"/>
  <testcase time="0" classname="org.joda.time.TestDateTime_Constructors" name="testConstructor_Object_DateTimeZone"/>
  <testcase time="0" classname="org.joda.time.TestDateTime_Constructors" name="testTest"/>
  <testcase time="0.001" classname="org.joda.time.TestDateTime_Constructors" name="test_now"/>
  <testcase time="0" classname="org.joda.time.TestDateTime_Constructors" name="testConstructor_Chronology"/>
  <testcase time="0" classname="org.joda.time.TestDateTime_Constructors" name="testConstructor_int_int_int_int_int_nullDateTimeZone"/>
  <testcase time="0" classname="org.joda.time.TestDateTime_Constructors" name="testConstructor_nullObject_nullChronology"/>
  <testcase time="0" classname="org.joda.time.TestDateTime_Constructors" name="testConstructor_ObjectStringEx1"/>
  <testcase time="0" classname="org.joda.time.TestDateTime_Constructors" name="testConstructor_ObjectStringEx2"/>
  <testcase time="0" classname="org.joda.time.TestDateTime_Constructors" name="testConstructor_long_nullChronology"/>
  <testcase time="0" classname="org.joda.time.TestDateTime_Constructors" name="testConstructor_badconverterObject_Chronology"/>
  <testcase time="0" classname="org.joda.time.TestDateTime_Constructors" name="testConstructor_nullObject_DateTimeZone"/>
  <testcase time="0" classname="org.joda.time.TestDateTime_Constructors" name="testConstructor_int_int_int_int_int_int_DateTimeZone"/>
  <testcase time="0" classname="org.joda.time.TestDateTime_Constructors" name="testConstructor_invalidObject_Chronology"/>
  <testcase time="0" classname="org.joda.time.TestDateTime_Constructors" name="testConstructor_int_int_int_int_int_int_Chronology"/>
  <testcase time="0" classname="org.joda.time.TestDateTime_Constructors" name="testConstructor_int_int_int_int_int_Chronology"/>
  <testcase time="0.001" classname="org.joda.time.TestDateTime_Constructors" name="testConstructor_Object"/>
  <testcase time="0" classname="org.joda.time.TestDateTime_Constructors" name="test_now_Chronology"/>
  <testcase time="0.001" classname="org.joda.time.TestDateTime_Constructors" name="testConstructor_int_int_int_int_int_int_int_Chronology"/>
  <testcase time="0" classname="org.joda.time.TestDateTime_Constructors" name="testConstructor_int_int_int_int_int"/>
  <testcase time="0" classname="org.joda.time.TestDateTime_Constructors" name="testConstructor_long1"/>
  <testcase time="0" classname="org.joda.time.TestDateTime_Constructors" name="testConstructor_long2"/>
  <testcase time="0" classname="org.joda.time.TestDateTime_Constructors" name="test_now_DateTimeZone"/>
  <testcase time="0" classname="org.joda.time.TestDateTime_Constructors" name="testConstructor_DateTimeZone"/>
  <testcase time="0" classname="org.joda.time.TestDateTime_Constructors" name="testConstructor_nullObject"/>
  <testcase time="0" classname="org.joda.time.TestDateTime_Constructors" name="testConstructor_invalidObject_DateTimeZone"/>
  <testcase time="0" classname="org.joda.time.TestDateTime_Constructors" name="testConstructor_int_int_int_int_int_DateTimeZone"/>
  <testcase time="0.001" classname="org.joda.time.TestDateTime_Constructors" name="testConstructor_int_int_int_int_int_int_int_nullChronology"/>
  <testcase time="0" classname="org.joda.time.TestDateTime_Constructors" name="testConstructor_long_nullDateTimeZone"/>
  <testcase time="0" classname="org.joda.time.TestDateTime_Constructors" name="testConstructor_int_int_int_int_int_nullChronology"/>
  <testcase time="0.001" classname="org.joda.time.TestDateTime_Constructors" name="testConstructor_Object_nullChronology"/>
  <testcase time="0" classname="org.joda.time.TestDateTime_Constructors" name="testConstructor_int_int_int_int_int_int_int"/>
  <testcase time="0" classname="org.joda.time.TestDateTime_Constructors" name="testConstructor_long1_Chronology"/>
  <testcase time="0.001" classname="org.joda.time.TestDateTime_Constructors" name="testConstructor_Object_nullDateTimeZone"/>
  <testcase time="0" classname="org.joda.time.TestDateTime_Constructors" name="testConstructor_badconverterObject"/>
  <testcase time="0" classname="org.joda.time.TestDateTime_Constructors" name="testConstructor_nullChronology"/>
  <testcase time="0.001" classname="org.joda.time.TestDateTime_Constructors" name="testConstructor_int_int_int_int_int_int_nullChronology"/>
  <testcase time="0" classname="org.joda.time.TestDateTime_Constructors" name="testConstructor_long2_Chronology"/>
  <testcase time="0" classname="org.joda.time.TestDateTime_Constructors" name="testConstructor_invalidObject"/>
  <testcase time="0.001" classname="org.joda.time.TestDateTime_Constructors" name="testConstructor_nullDateTimeZone"/>
  <testcase time="0" classname="org.joda.time.TestDateTime_Constructors" name="testParse_formatter"/>
  <testcase time="0" classname="org.joda.time.TestDateTime_Constructors" name="test_now_nullDateTimeZone"/>
  <testcase time="0.001" classname="org.joda.time.TestDateTime_Constructors" name="testParse_noFormatter"/>
  <testcase time="0" classname="org.joda.time.TestDateTime_Constructors" name="testConstructor"/>
  <testcase time="0.001" classname="org.joda.time.TestDateTime_Constructors" name="testConstructor_ObjectString1"/>
  <testcase time="0" classname="org.joda.time.TestDateTime_Constructors" name="testConstructor_ObjectString2"/>
  <testcase time="0" classname="org.joda.time.TestDateTime_Constructors" name="testConstructor_ObjectString3"/>
  <testcase time="0" classname="org.joda.time.TestDateTime_Constructors" name="testConstructor_ObjectString4"/>
  <testcase time="0" classname="org.joda.time.TestDateTime_Constructors" name="testConstructor_ObjectString5"/>
  <testcase time="0.001" classname="org.joda.time.TestDateTime_Constructors" name="testConstructor_ObjectString6"/>
  <testcase time="0" classname="org.joda.time.TestDateTime_Constructors" name="testConstructor_ObjectString7"/>
  <testcase time="0" classname="org.joda.time.TestDateTime_Basics" name="testMinusHours_int"/>
  <testcase time="0" classname="org.joda.time.TestDateTime_Basics" name="testToMutableDateTimeISO"/>
  <testcase time="0" classname="org.joda.time.TestDateTime_Basics" name="testWithZone_DateTimeZone"/>
  <testcase time="0" classname="org.joda.time.TestDateTime_Basics" name="testWithDurationAdded_RD_int"/>
  <testcase time="0" classname="org.joda.time.TestDateTime_Basics" name="testWithDurationAdded_RP_int"/>
  <testcase time="0" classname="org.joda.time.TestDateTime_Basics" name="testPlusHours_int"/>
  <testcase time="0.004" classname="org.joda.time.TestDateTime_Basics" name="testToCalendar_Locale"/>
  <testcase time="0" classname="org.joda.time.TestDateTime_Basics" name="testMinusSeconds_int"/>
  <testcase time="0" classname="org.joda.time.TestDateTime_Basics" name="testPlusMonths_int"/>
  <testcase time="0" classname="org.joda.time.TestDateTime_Basics" name="testToString_String"/>
  <testcase time="0.005" classname="org.joda.time.TestDateTime_Basics" name="testSerialization"/>
  <testcase time="0" classname="org.joda.time.TestDateTime_Basics" name="testPlusMillis_int"/>
  <testcase time="0" classname="org.joda.time.TestDateTime_Basics" name="testIsBeforeNow"/>
  <testcase time="0" classname="org.joda.time.TestDateTime_Basics" name="testIsBefore_RI"/>
  <testcase time="0.001" classname="org.joda.time.TestDateTime_Basics" name="testToTimeOfDay"/>
  <testcase time="0.001" classname="org.joda.time.TestDateTime_Basics" name="testTest"/>
  <testcase time="0" classname="org.joda.time.TestDateTime_Basics" name="testWithTime_int_int_int"/>
  <testcase time="0" classname="org.joda.time.TestDateTime_Basics" name="testEqualsHashCode"/>
  <testcase time="0" classname="org.joda.time.TestDateTime_Basics" name="testToString"/>
  <testcase time="0" classname="org.joda.time.TestDateTime_Basics" name="testToDateMidnight"/>
  <testcase time="0" classname="org.joda.time.TestDateTime_Basics" name="testMinusWeeks_int"/>
  <testcase time="0" classname="org.joda.time.TestDateTime_Basics" name="testIsEqualNow"/>
  <testcase time="0" classname="org.joda.time.TestDateTime_Basics" name="testIsEqual_RI"/>
  <testcase time="0.001" classname="org.joda.time.TestDateTime_Basics" name="testPlus_RD"/>
  <testcase time="0" classname="org.joda.time.TestDateTime_Basics" name="testPlus_RP"/>
  <testcase time="0" classname="org.joda.time.TestDateTime_Basics" name="testPlusWeeks_int"/>
  <testcase time="0" classname="org.joda.time.TestDateTime_Basics" name="testPlus_long"/>
  <testcase time="0" classname="org.joda.time.TestDateTime_Basics" name="testCompareTo"/>
  <testcase time="0" classname="org.joda.time.TestDateTime_Basics" name="testIsEqual_long"/>
  <testcase time="0" classname="org.joda.time.TestDateTime_Basics" name="testToString_DTFormatter"/>
  <testcase time="0.001" classname="org.joda.time.TestDateTime_Basics" name="testMinusMonths_int"/>
  <testcase time="0" classname="org.joda.time.TestDateTime_Basics" name="testMinusDays_int"/>
  <testcase time="0" classname="org.joda.time.TestDateTime_Basics" name="testToDateTime_DateTimeZone"/>
  <testcase time="0.001" classname="org.joda.time.TestDateTime_Basics" name="testMinus_RD"/>
  <testcase time="0" classname="org.joda.time.TestDateTime_Basics" name="testMinus_RP"/>
  <testcase time="0" classname="org.joda.time.TestDateTime_Basics" name="testPlusMinutes_int"/>
  <testcase time="0.001" classname="org.joda.time.TestDateTime_Basics" name="testIsBefore_long"/>
  <testcase time="0.001" classname="org.joda.time.TestDateTime_Basics" name="testToLocalDateTime"/>
  <testcase time="0" classname="org.joda.time.TestDateTime_Basics" name="testIsAfterNow"/>
  <testcase time="0.001" classname="org.joda.time.TestDateTime_Basics" name="testIsAfter_RI"/>
  <testcase time="0" classname="org.joda.time.TestDateTime_Basics" name="testGetters"/>
  <testcase time="0" classname="org.joda.time.TestDateTime_Basics" name="testMinusMillis_int"/>
  <testcase time="0" classname="org.joda.time.TestDateTime_Basics" name="testWithFieldAdded1"/>
  <testcase time="0.001" classname="org.joda.time.TestDateTime_Basics" name="testWithFieldAdded2"/>
  <testcase time="0" classname="org.joda.time.TestDateTime_Basics" name="testWithFieldAdded3"/>
  <testcase time="0" classname="org.joda.time.TestDateTime_Basics" name="testWithFieldAdded4"/>
  <testcase time="0.001" classname="org.joda.time.TestDateTime_Basics" name="testToDateTime_Chronology"/>
  <testcase time="0.001" classname="org.joda.time.TestDateTime_Basics" name="testProperty"/>
  <testcase time="0.001" classname="org.joda.time.TestDateTime_Basics" name="testWithFields_RPartial"/>
  <testcase time="0" classname="org.joda.time.TestDateTime_Basics" name="testWithDate_int_int_int"/>
  <testcase time="0.001" classname="org.joda.time.TestDateTime_Basics" name="testMinusMinutes_int"/>
  <testcase time="0" classname="org.joda.time.TestDateTime_Basics" name="testGet_DateTimeField"/>
  <testcase time="0" classname="org.joda.time.TestDateTime_Basics" name="testIsSupported_DateTimeFieldType"/>
  <testcase time="0" classname="org.joda.time.TestDateTime_Basics" name="testToMutableDateTime"/>
  <testcase time="0" classname="org.joda.time.TestDateTime_Basics" name="testToMutableDateTime_Chronology"/>
  <testcase time="0" classname="org.joda.time.TestDateTime_Basics" name="testIsAfter_long"/>
  <testcase time="0.001" classname="org.joda.time.TestDateTime_Basics" name="testPlusDays_int"/>
  <testcase time="0" classname="org.joda.time.TestDateTime_Basics" name="testMinusYears_int"/>
  <testcase time="0.001" classname="org.joda.time.TestDateTime_Basics" name="testPlusYears_int"/>
  <testcase time="0.004" classname="org.joda.time.TestDateTime_Basics" name="testToString_String_Locale"/>
  <testcase time="0" classname="org.joda.time.TestDateTime_Basics" name="testToDateTimeISO"/>
  <testcase time="0.001" classname="org.joda.time.TestDateTime_Basics" name="testWithers"/>
  <testcase time="0" classname="org.joda.time.TestDateTime_Basics" name="testToInstant"/>
  <testcase time="0" classname="org.joda.time.TestDateTime_Basics" name="testToDateTime"/>
  <testcase time="0.001" classname="org.joda.time.TestDateTime_Basics" name="testWithField1"/>
  <testcase time="0" classname="org.joda.time.TestDateTime_Basics" name="testWithField2"/>
  <testcase time="0" classname="org.joda.time.TestDateTime_Basics" name="testMinus_long"/>
  <testcase time="0" classname="org.joda.time.TestDateTime_Basics" name="testWithDurationAdded_long_int"/>
  <testcase time="0" classname="org.joda.time.TestDateTime_Basics" name="testGet_DateTimeFieldType"/>
  <testcase time="0" classname="org.joda.time.TestDateTime_Basics" name="testToGregorianCalendar"/>
  <testcase time="0" classname="org.joda.time.TestDateTime_Basics" name="testWithChronology_Chronology"/>
  <testcase time="0.001" classname="org.joda.time.TestDateTime_Basics" name="testToDate"/>
  <testcase time="0" classname="org.joda.time.TestDateTime_Basics" name="testWithMillis_long"/>
  <testcase time="0" classname="org.joda.time.TestDateTime_Basics" name="testToYearMonthDay"/>
  <testcase time="0.001" classname="org.joda.time.TestDateTime_Basics" name="testToLocalDate"/>
  <testcase time="0.001" classname="org.joda.time.TestDateTime_Basics" name="testToLocalTime"/>
  <testcase time="0" classname="org.joda.time.TestDateTime_Basics" name="testToMutableDateTime_DateTimeZone"/>
  <testcase time="0" classname="org.joda.time.TestDateTime_Basics" name="testPlusSeconds_int"/>
  <testcase time="0" classname="org.joda.time.TestDateTime_Basics" name="testWithZoneRetainFields_DateTimeZone"/>
  <testcase time="0.001" classname="org.joda.time.TestDateTime_Properties" name="testPropertyGetMillisOfSecond"/>
  <testcase time="0" classname="org.joda.time.TestDateTime_Properties" name="testPropertyAddWrapFieldDayOfWeek"/>
  <testcase time="0.001" classname="org.joda.time.TestDateTime_Properties" name="testPropertyAddWrapFieldDayOfYear"/>
  <testcase time="0" classname="org.joda.time.TestDateTime_Properties" name="testPropertyAddDayOfMonth"/>
  <testcase time="0.001" classname="org.joda.time.TestDateTime_Properties" name="testPropertyCompareToYear"/>
  <testcase time="0.001" classname="org.joda.time.TestDateTime_Properties" name="testPropertyToIntervalMinuteOfHour"/>
  <testcase time="0" classname="org.joda.time.TestDateTime_Properties" name="testPropertyGetDifferenceHourOfDay"/>
  <testcase time="0" classname="org.joda.time.TestDateTime_Properties" name="testPropertyAddYear"/>
  <testcase time="0.001" classname="org.joda.time.TestDateTime_Properties" name="testPropertyAddLongDayOfWeek"/>
  <testcase time="0" classname="org.joda.time.TestDateTime_Properties" name="testPropertyGetSecondOfMinute"/>
  <testcase time="0.001" classname="org.joda.time.TestDateTime_Properties" name="testPropertyEqualsHashCodeLenient"/>
  <testcase time="0" classname="org.joda.time.TestDateTime_Properties" name="testPropertyGetWeekOfWeekyear"/>
  <testcase time="0" classname="org.joda.time.TestDateTime_Properties" name="testPropertyRoundHalfCeilingHourOfDay"/>
  <testcase time="0.001" classname="org.joda.time.TestDateTime_Properties" name="testPropertySetDayOfMonth"/>
  <testcase time="0" classname="org.joda.time.TestDateTime_Properties" name="testPropertyCompareToYear2"/>
  <testcase time="0" classname="org.joda.time.TestDateTime_Properties" name="testPropertyWithMaximumValueDayOfMonth"/>
  <testcase time="0" classname="org.joda.time.TestDateTime_Properties" name="testPropertyCompareToWeekOfWeekyear"/>
  <testcase time="0" classname="org.joda.time.TestDateTime_Properties" name="testPropertyAddWrapFieldMonthOfYear"/>
  <testcase time="0" classname="org.joda.time.TestDateTime_Properties" name="testPropertyGetSecondOfDay"/>
  <testcase time="0" classname="org.joda.time.TestDateTime_Properties" name="testPropertyGetMaxMinValuesDayOfYear"/>
  <testcase time="0" classname="org.joda.time.TestDateTime_Properties" name="testPropertyGetMinuteOfHour"/>
  <testcase time="0" classname="org.joda.time.TestDateTime_Properties" name="testTest"/>
  <testcase time="0" classname="org.joda.time.TestDateTime_Properties" name="testPropertySetTextWeekOfWeekyear"/>
  <testcase time="0" classname="org.joda.time.TestDateTime_Properties" name="testPropertyToIntervalDayOfMonth"/>
  <testcase time="0.001" classname="org.joda.time.TestDateTime_Properties" name="testPropertyGetMonthOfYear"/>
  <testcase time="0" classname="org.joda.time.TestDateTime_Properties" name="testPropertyRoundHalfFloorHourOfDay"/>
  <testcase time="0" classname="org.joda.time.TestDateTime_Properties" name="testPropertyGetYear"/>
  <testcase time="0.001" classname="org.joda.time.TestDateTime_Properties" name="testPropertyRoundHalfEvenHourOfDay"/>
  <testcase time="0" classname="org.joda.time.TestDateTime_Properties" name="testPropertyRoundFloorHourOfDay"/>
  <testcase time="0" classname="org.joda.time.TestDateTime_Properties" name="testPropertyGetCenturyOfEra"/>
  <testcase time="0" classname="org.joda.time.TestDateTime_Properties" name="testPropertySetTextMonthOfYear"/>
  <testcase time="0" classname="org.joda.time.TestDateTime_Properties" name="testPropertyToIntervalMillisOfSecond"/>
  <testcase time="0" classname="org.joda.time.TestDateTime_Properties" name="testPropertyEqualsHashCodeStrict"/>
  <testcase time="0" classname="org.joda.time.TestDateTime_Properties" name="testPropertyRemainderHourOfDay"/>
  <testcase time="0" classname="org.joda.time.TestDateTime_Properties" name="testPropertyAddDayOfWeek"/>
  <testcase time="0.001" classname="org.joda.time.TestDateTime_Properties" name="testPropertyAddDayOfYear"/>
  <testcase time="0" classname="org.joda.time.TestDateTime_Properties" name="testPropertyWithMinimumValueDayOfMonth"/>
  <testcase time="0" classname="org.joda.time.TestDateTime_Properties" name="testPropertyGetDayOfWeek"/>
  <testcase time="0" classname="org.joda.time.TestDateTime_Properties" name="testPropertyGetDayOfYear"/>
  <testcase time="0" classname="org.joda.time.TestDateTime_Properties" name="testPropertyLeapMonthOfYear"/>
  <testcase time="0.001" classname="org.joda.time.TestDateTime_Properties" name="testPropertyToIntervalSecondOfMinute"/>
  <testcase time="0" classname="org.joda.time.TestDateTime_Properties" name="testPropertyAddWrapFieldWeekOfWeekyear"/>
  <testcase time="0" classname="org.joda.time.TestDateTime_Properties" name="testPropertyAddMonthOfYear"/>
  <testcase time="0" classname="org.joda.time.TestDateTime_Properties" name="testPropertyGetMinuteOfDay"/>
  <testcase time="0" classname="org.joda.time.TestDateTime_Properties" name="testPropertyGetMillisOfDay"/>
  <testcase time="0.001" classname="org.joda.time.TestDateTime_Properties" name="testPropertyAddWrapFieldDayOfMonth"/>
  <testcase time="0" classname="org.joda.time.TestDateTime_Properties" name="testPropertyGetYearOfEra"/>
  <testcase time="0" classname="org.joda.time.TestDateTime_Properties" name="testPropertyToIntervalYearOfCentury"/>
  <testcase time="0" classname="org.joda.time.TestDateTime_Properties" name="testPropertySetTextYear"/>
  <testcase time="0" classname="org.joda.time.TestDateTime_Properties" name="testPropertyRoundCeilingHourOfDay"/>
  <testcase time="0" classname="org.joda.time.TestDateTime_Properties" name="testPropertyToIntervalYearOfEra"/>
  <testcase time="0" classname="org.joda.time.TestDateTime_Properties" name="testPropertyCompareToDayOfMonth"/>
  <testcase time="0" classname="org.joda.time.TestDateTime_Properties" name="testPropertyGetEra"/>
  <testcase time="0" classname="org.joda.time.TestDateTime_Properties" name="testPropertyLeapYear"/>
  <testcase time="0" classname="org.joda.time.TestDateTime_Properties" name="testPropertyToIntervalYear"/>
  <testcase time="0" classname="org.joda.time.TestDateTime_Properties" name="testPropertyAddWeekOfWeekyear"/>
  <testcase time="0.001" classname="org.joda.time.TestDateTime_Properties" name="testPropertyGetWeekyear"/>
  <testcase time="0" classname="org.joda.time.TestDateTime_Properties" name="testPropertyCompareToMonthOfYear"/>
  <testcase time="0.001" classname="org.joda.time.TestDateTime_Properties" name="testPropertySetTextDayOfWeek"/>
  <testcase time="0" classname="org.joda.time.TestDateTime_Properties" name="testPropertySetTextDayOfYear"/>
  <testcase time="0" classname="org.joda.time.TestDateTime_Properties" name="testPropertyGetMaxMinValuesDayOfMonth"/>
  <testcase time="0" classname="org.joda.time.TestDateTime_Properties" name="testPropertyGetMaxMinValuesWeekOfWeekyear"/>
  <testcase time="0" classname="org.joda.time.TestDateTime_Properties" name="testPropertySetYear"/>
  <testcase time="0.001" classname="org.joda.time.TestDateTime_Properties" name="testPropertyEqualsHashCodeYear"/>
  <testcase time="0" classname="org.joda.time.TestDateTime_Properties" name="testPropertyToIntervalMonthOfYear"/>
  <testcase time="0.001" classname="org.joda.time.TestDateTime_Properties" name="testPropertySetMonthOfYear"/>
  <testcase time="0" classname="org.joda.time.TestDateTime_Properties" name="testPropertyAddWrapFieldYear"/>
  <testcase time="0" classname="org.joda.time.TestDateTime_Properties" name="testPropertySetDayOfWeek"/>
  <testcase time="0" classname="org.joda.time.TestDateTime_Properties" name="testPropertySetDayOfYear"/>
  <testcase time="0.001" classname="org.joda.time.TestDateTime_Properties" name="testPropertySetWeekOfWeekyear"/>
  <testcase time="0" classname="org.joda.time.TestDateTime_Properties" name="testPropertySetTextDayOfMonth"/>
  <testcase time="0" classname="org.joda.time.TestDateTime_Properties" name="testPropertyGetHourOfDay"/>
  <testcase time="0.001" classname="org.joda.time.TestDateTime_Properties" name="testPropertyGetDayOfMonth"/>
  <testcase time="0" classname="org.joda.time.TestDateTime_Properties" name="testPropertyCompareToDayOfWeek"/>
  <testcase time="0" classname="org.joda.time.TestDateTime_Properties" name="testPropertyCompareToDayOfYear"/>
  <testcase time="0" classname="org.joda.time.TestDateTime_Properties" name="testPropertyGetYearOfCentury"/>
  <testcase time="0.001" classname="org.joda.time.TestDateTime_Properties" name="testPropertyToIntervalHourOfDay"/>
  <testcase time="0" classname="org.joda.time.TestMutableDateTime_Constructors" name="test_now_nullChronology"/>
  <testcase time="0" classname="org.joda.time.TestMutableDateTime_Constructors" name="testConstructor_Object_Chronology"/>
  <testcase time="0" classname="org.joda.time.TestMutableDateTime_Constructors" name="testConstructor_badconverterObject_DateTimeZone"/>
  <testcase time="0" classname="org.joda.time.TestMutableDateTime_Constructors" name="testConstructor_long2_DateTimeZone"/>
  <testcase time="0" classname="org.joda.time.TestMutableDateTime_Constructors" name="testConstructor_nullObject_Chronology"/>
  <testcase time="0" classname="org.joda.time.TestMutableDateTime_Constructors" name="testConstructor_nullObject_nullDateTimeZone"/>
  <testcase time="0" classname="org.joda.time.TestMutableDateTime_Constructors" name="testConstructor_int_int_int_int_int_int_int_nullDateTimeZone"/>
  <testcase time="0" classname="org.joda.time.TestMutableDateTime_Constructors" name="testConstructor_long1_DateTimeZone"/>
  <testcase time="0.001" classname="org.joda.time.TestMutableDateTime_Constructors" name="testConstructor_int_int_int_int_int_int_int_DateTimeZone"/>
  <testcase time="0" classname="org.joda.time.TestMutableDateTime_Constructors" name="testConstructor_Object_DateTimeZone"/>
  <testcase time="0" classname="org.joda.time.TestMutableDateTime_Constructors" name="testTest"/>
  <testcase time="0" classname="org.joda.time.TestMutableDateTime_Constructors" name="test_now"/>
  <testcase time="0" classname="org.joda.time.TestMutableDateTime_Constructors" name="testConstructor_Chronology"/>
  <testcase time="0" classname="org.joda.time.TestMutableDateTime_Constructors" name="testConstructor_nullObject_nullChronology"/>
  <testcase time="0" classname="org.joda.time.TestMutableDateTime_Constructors" name="testConstructor_long_nullChronology"/>
  <testcase time="0" classname="org.joda.time.TestMutableDateTime_Constructors" name="testConstructor_badconverterObject_Chronology"/>
  <testcase time="0.001" classname="org.joda.time.TestMutableDateTime_Constructors" name="testConstructor_nullObject_DateTimeZone"/>
  <testcase time="0" classname="org.joda.time.TestMutableDateTime_Constructors" name="testConstructor_invalidObject_Chronology"/>
  <testcase time="0" classname="org.joda.time.TestMutableDateTime_Constructors" name="testConstructor_Object"/>
  <testcase time="0" classname="org.joda.time.TestMutableDateTime_Constructors" name="test_now_Chronology"/>
  <testcase time="0.001" classname="org.joda.time.TestMutableDateTime_Constructors" name="testConstructor_int_int_int_int_int_int_int_Chronology"/>
  <testcase time="0" classname="org.joda.time.TestMutableDateTime_Constructors" name="testConstructor_long1"/>
  <testcase time="0" classname="org.joda.time.TestMutableDateTime_Constructors" name="testConstructor_long2"/>
  <testcase time="0" classname="org.joda.time.TestMutableDateTime_Constructors" name="test_now_DateTimeZone"/>
  <testcase time="0" classname="org.joda.time.TestMutableDateTime_Constructors" name="testConstructor_DateTimeZone"/>
  <testcase time="0" classname="org.joda.time.TestMutableDateTime_Constructors" name="testConstructor_nullObject"/>
  <testcase time="0" classname="org.joda.time.TestMutableDateTime_Constructors" name="testConstructor_invalidObject_DateTimeZone"/>
  <testcase time="0" classname="org.joda.time.TestMutableDateTime_Constructors" name="testConstructor_int_int_int_int_int_int_int_nullChronology"/>
  <testcase time="0" classname="org.joda.time.TestMutableDateTime_Constructors" name="testConstructor_long_nullDateTimeZone"/>
  <testcase time="0" classname="org.joda.time.TestMutableDateTime_Constructors" name="testConstructor_Object_nullChronology"/>
  <testcase time="0" classname="org.joda.time.TestMutableDateTime_Constructors" name="testConstructor_int_int_int_int_int_int_int"/>
  <testcase time="0" classname="org.joda.time.TestMutableDateTime_Constructors" name="testConstructor_long1_Chronology"/>
  <testcase time="0" classname="org.joda.time.TestMutableDateTime_Constructors" name="testConstructor_Object_nullDateTimeZone"/>
  <testcase time="0" classname="org.joda.time.TestMutableDateTime_Constructors" name="testConstructor_badconverterObject"/>
  <testcase time="0" classname="org.joda.time.TestMutableDateTime_Constructors" name="testConstructor_nullChronology"/>
  <testcase time="0" classname="org.joda.time.TestMutableDateTime_Constructors" name="testConstructor_long2_Chronology"/>
  <testcase time="0" classname="org.joda.time.TestMutableDateTime_Constructors" name="testConstructor_invalidObject"/>
  <testcase time="0" classname="org.joda.time.TestMutableDateTime_Constructors" name="testConstructor_nullDateTimeZone"/>
  <testcase time="0" classname="org.joda.time.TestMutableDateTime_Constructors" name="testParse_formatter"/>
  <testcase time="0.001" classname="org.joda.time.TestMutableDateTime_Constructors" name="test_now_nullDateTimeZone"/>
  <testcase time="0" classname="org.joda.time.TestMutableDateTime_Constructors" name="testParse_noFormatter"/>
  <testcase time="0" classname="org.joda.time.TestMutableDateTime_Constructors" name="testConstructor"/>
  <testcase time="0" classname="org.joda.time.TestMutableDateTime_Basics" name="testToMutableDateTimeISO"/>
  <testcase time="0" classname="org.joda.time.TestMutableDateTime_Basics" name="testToCalendar_Locale"/>
  <testcase time="0" classname="org.joda.time.TestMutableDateTime_Basics" name="testToString_String"/>
  <testcase time="0.001" classname="org.joda.time.TestMutableDateTime_Basics" name="testSerialization"/>
  <testcase time="0" classname="org.joda.time.TestMutableDateTime_Basics" name="testClone"/>
  <testcase time="0" classname="org.joda.time.TestMutableDateTime_Basics" name="testCopy"/>
  <testcase time="0" classname="org.joda.time.TestMutableDateTime_Basics" name="testTest"/>
  <testcase time="0.001" classname="org.joda.time.TestMutableDateTime_Basics" name="testEqualsHashCode"/>
  <testcase time="0" classname="org.joda.time.TestMutableDateTime_Basics" name="testToString"/>
  <testcase time="0" classname="org.joda.time.TestMutableDateTime_Basics" name="testCompareTo"/>
  <testcase time="0" classname="org.joda.time.TestMutableDateTime_Basics" name="testToString_DTFormatter"/>
  <testcase time="0" classname="org.joda.time.TestMutableDateTime_Basics" name="testToDateTime_DateTimeZone"/>
  <testcase time="0" classname="org.joda.time.TestMutableDateTime_Basics" name="testToDateTime_Chronology"/>
  <testcase time="0.001" classname="org.joda.time.TestMutableDateTime_Basics" name="testProperty"/>
  <testcase time="0" classname="org.joda.time.TestMutableDateTime_Basics" name="testIsBefore"/>
  <testcase time="0" classname="org.joda.time.TestMutableDateTime_Basics" name="testGet_DateTimeField"/>
  <testcase time="0" classname="org.joda.time.TestMutableDateTime_Basics" name="testToMutableDateTime"/>
  <testcase time="0.001" classname="org.joda.time.TestMutableDateTime_Basics" name="testToMutableDateTime_Chronology"/>
  <testcase time="0" classname="org.joda.time.TestMutableDateTime_Basics" name="testRounding1"/>
  <testcase time="0" classname="org.joda.time.TestMutableDateTime_Basics" name="testRounding2"/>
  <testcase time="0" classname="org.joda.time.TestMutableDateTime_Basics" name="testRounding3"/>
  <testcase time="0" classname="org.joda.time.TestMutableDateTime_Basics" name="testRounding4"/>
  <testcase time="0" classname="org.joda.time.TestMutableDateTime_Basics" name="testRounding5"/>
  <testcase time="0" classname="org.joda.time.TestMutableDateTime_Basics" name="testRounding6"/>
  <testcase time="0" classname="org.joda.time.TestMutableDateTime_Basics" name="testRounding7"/>
  <testcase time="0" classname="org.joda.time.TestMutableDateTime_Basics" name="testRounding8"/>
  <testcase time="0" classname="org.joda.time.TestMutableDateTime_Basics" name="testToDateTimeISO"/>
  <testcase time="0.001" classname="org.joda.time.TestMutableDateTime_Basics" name="testToInstant"/>
  <testcase time="0" classname="org.joda.time.TestMutableDateTime_Basics" name="testToDateTime"/>
  <testcase time="0" classname="org.joda.time.TestMutableDateTime_Basics" name="testToString_String_String"/>
  <testcase time="0" classname="org.joda.time.TestMutableDateTime_Basics" name="testGetMethods"/>
  <testcase time="0" classname="org.joda.time.TestMutableDateTime_Basics" name="testGet_DateTimeFieldType"/>
  <testcase time="0" classname="org.joda.time.TestMutableDateTime_Basics" name="testToGregorianCalendar"/>
  <testcase time="0" classname="org.joda.time.TestMutableDateTime_Basics" name="testIsAfter"/>
  <testcase time="0.001" classname="org.joda.time.TestMutableDateTime_Basics" name="testIsEqual"/>
  <testcase time="0" classname="org.joda.time.TestMutableDateTime_Basics" name="testToDate"/>
  <testcase time="0" classname="org.joda.time.TestMutableDateTime_Basics" name="testToMutableDateTime_DateTimeZone"/>
  <testcase time="0" classname="org.joda.time.TestMutableDateTime_Sets" name="testSetMillis_long1"/>
  <testcase time="0" classname="org.joda.time.TestMutableDateTime_Sets" name="testSetTime_int_int_int_int1"/>
  <testcase time="0" classname="org.joda.time.TestMutableDateTime_Sets" name="testSetDateTime_int_int_int_int_int_int_int1"/>
  <testcase time="0" classname="org.joda.time.TestMutableDateTime_Sets" name="testSetDateTime_int_int_int_int_int_int_int2"/>
  <testcase time="0" classname="org.joda.time.TestMutableDateTime_Sets" name="testSetMinuteOfHour_int1"/>
  <testcase time="0" classname="org.joda.time.TestMutableDateTime_Sets" name="testSetMinuteOfHour_int2"/>
  <testcase time="0" classname="org.joda.time.TestMutableDateTime_Sets" name="testSetChronology_Chronology1"/>
  <testcase time="0.001" classname="org.joda.time.TestMutableDateTime_Sets" name="testSetChronology_Chronology2"/>
  <testcase time="0" classname="org.joda.time.TestMutableDateTime_Sets" name="testSetDayOfWeek_int1"/>
  <testcase time="0" classname="org.joda.time.TestMutableDateTime_Sets" name="testSetDayOfWeek_int2"/>
  <testcase time="0" classname="org.joda.time.TestMutableDateTime_Sets" name="testSetZoneRetainFields_DateTimeZone1"/>
  <testcase time="0" classname="org.joda.time.TestMutableDateTime_Sets" name="testSetZoneRetainFields_DateTimeZone2"/>
  <testcase time="0" classname="org.joda.time.TestMutableDateTime_Sets" name="testSetZoneRetainFields_DateTimeZone3"/>
  <testcase time="0" classname="org.joda.time.TestMutableDateTime_Sets" name="testSetZoneRetainFields_DateTimeZone4"/>
  <testcase time="0" classname="org.joda.time.TestMutableDateTime_Sets" name="testSetWeekyear_int1"/>
  <testcase time="0" classname="org.joda.time.TestMutableDateTime_Sets" name="testSetDate_RI1"/>
  <testcase time="0" classname="org.joda.time.TestMutableDateTime_Sets" name="testSetDate_RI2"/>
  <testcase time="0" classname="org.joda.time.TestMutableDateTime_Sets" name="testTest"/>
  <testcase time="0.001" classname="org.joda.time.TestMutableDateTime_Sets" name="testSetDate_long1"/>
  <testcase time="0" classname="org.joda.time.TestMutableDateTime_Sets" name="testSetTime_int_int_int2"/>
  <testcase time="0" classname="org.joda.time.TestMutableDateTime_Sets" name="testSetMonthOfYear_int1"/>
  <testcase time="0" classname="org.joda.time.TestMutableDateTime_Sets" name="testSetMonthOfYear_int2"/>
  <testcase time="0.001" classname="org.joda.time.TestMutableDateTime_Sets" name="testSetTime_long1"/>
  <testcase time="0" classname="org.joda.time.TestMutableDateTime_Sets" name="testSetTime_RI1"/>
  <testcase time="0" classname="org.joda.time.TestMutableDateTime_Sets" name="testSetTime_RI2"/>
  <testcase time="0" classname="org.joda.time.TestMutableDateTime_Sets" name="testSetSecondOfDay_int1"/>
  <testcase time="0" classname="org.joda.time.TestMutableDateTime_Sets" name="testSetSecondOfDay_int2"/>
  <testcase time="0" classname="org.joda.time.TestMutableDateTime_Sets" name="testSetDayOfMonth_int1"/>
  <testcase time="0" classname="org.joda.time.TestMutableDateTime_Sets" name="testSetDayOfMonth_int2"/>
  <testcase time="0.001" classname="org.joda.time.TestMutableDateTime_Sets" name="testSetSecondOfMinute_int1"/>
  <testcase time="0" classname="org.joda.time.TestMutableDateTime_Sets" name="testSetSecondOfMinute_int2"/>
  <testcase time="0" classname="org.joda.time.TestMutableDateTime_Sets" name="testSetMinuteOfDay_int1"/>
  <testcase time="0" classname="org.joda.time.TestMutableDateTime_Sets" name="testSetMinuteOfDay_int2"/>
  <testcase time="0" classname="org.joda.time.TestMutableDateTime_Sets" name="testSetDayOfYear_int1"/>
  <testcase time="0" classname="org.joda.time.TestMutableDateTime_Sets" name="testSetDayOfYear_int2"/>
  <testcase time="0" classname="org.joda.time.TestMutableDateTime_Sets" name="testSetHourOfDay_int1"/>
  <testcase time="0" classname="org.joda.time.TestMutableDateTime_Sets" name="testSetHourOfDay_int2"/>
  <testcase time="0" classname="org.joda.time.TestMutableDateTime_Sets" name="testSetDate_int_int_int1"/>
  <testcase time="0" classname="org.joda.time.TestMutableDateTime_Sets" name="testSetDate_int_int_int2"/>
  <testcase time="0" classname="org.joda.time.TestMutableDateTime_Sets" name="testSetZone_DateTimeZone1"/>
  <testcase time="0" classname="org.joda.time.TestMutableDateTime_Sets" name="testSetZone_DateTimeZone2"/>
  <testcase time="0" classname="org.joda.time.TestMutableDateTime_Sets" name="testSetTime_Object3"/>
  <testcase time="0" classname="org.joda.time.TestMutableDateTime_Sets" name="testSetMillis_RI1"/>
  <testcase time="0" classname="org.joda.time.TestMutableDateTime_Sets" name="testSetMillis_RI2"/>
  <testcase time="0.001" classname="org.joda.time.TestMutableDateTime_Sets" name="testSetMilliOfSecond_int1"/>
  <testcase time="0" classname="org.joda.time.TestMutableDateTime_Sets" name="testSetMilliOfSecond_int2"/>
  <testcase time="0" classname="org.joda.time.TestMutableDateTime_Sets" name="testSet_DateTimeFieldType_int1"/>
  <testcase time="0" classname="org.joda.time.TestMutableDateTime_Sets" name="testSet_DateTimeFieldType_int2"/>
  <testcase time="0" classname="org.joda.time.TestMutableDateTime_Sets" name="testSet_DateTimeFieldType_int3"/>
  <testcase time="0" classname="org.joda.time.TestMutableDateTime_Sets" name="testSetWeekOfWeekyear_int1"/>
  <testcase time="0" classname="org.joda.time.TestMutableDateTime_Sets" name="testSetWeekOfWeekyear_int2"/>
  <testcase time="0" classname="org.joda.time.TestMutableDateTime_Sets" name="testSetMilliOfDay_int1"/>
  <testcase time="0" classname="org.joda.time.TestMutableDateTime_Sets" name="testSetMilliOfDay_int2"/>
  <testcase time="0" classname="org.joda.time.TestMutableDateTime_Sets" name="testSetYear_int1"/>
  <testcase time="0" classname="org.joda.time.TestMutableDateTime_Adds" name="testAdd_RD_int1"/>
  <testcase time="0" classname="org.joda.time.TestMutableDateTime_Adds" name="testAdd_RD_int2"/>
  <testcase time="0" classname="org.joda.time.TestMutableDateTime_Adds" name="testAdd_RD1"/>
  <testcase time="0" classname="org.joda.time.TestMutableDateTime_Adds" name="testAdd_RD2"/>
  <testcase time="0" classname="org.joda.time.TestMutableDateTime_Adds" name="testAdd_RP1"/>
  <testcase time="0" classname="org.joda.time.TestMutableDateTime_Adds" name="testAdd_RP2"/>
  <testcase time="0" classname="org.joda.time.TestMutableDateTime_Adds" name="testAdd_RP_int1"/>
  <testcase time="0" classname="org.joda.time.TestMutableDateTime_Adds" name="testAdd_RP_int2"/>
  <testcase time="0" classname="org.joda.time.TestMutableDateTime_Adds" name="testTest"/>
  <testcase time="0.001" classname="org.joda.time.TestMutableDateTime_Adds" name="testAddHours_int1"/>
  <testcase time="0" classname="org.joda.time.TestMutableDateTime_Adds" name="testAddWeekyears_int1"/>
  <testcase time="0" classname="org.joda.time.TestMutableDateTime_Adds" name="testAddYears_int1"/>
  <testcase time="0" classname="org.joda.time.TestMutableDateTime_Adds" name="testAddMonths_int1"/>
  <testcase time="0" classname="org.joda.time.TestMutableDateTime_Adds" name="testAdd_long1"/>
  <testcase time="0" classname="org.joda.time.TestMutableDateTime_Adds" name="testAddMinutes_int1"/>
  <testcase time="0" classname="org.joda.time.TestMutableDateTime_Adds" name="testAddDays_int1"/>
  <testcase time="0" classname="org.joda.time.TestMutableDateTime_Adds" name="testAddMillis_int1"/>
  <testcase time="0" classname="org.joda.time.TestMutableDateTime_Adds" name="testAddWeeks_int1"/>
  <testcase time="0" classname="org.joda.time.TestMutableDateTime_Adds" name="testAdd_DurationFieldType_int1"/>
  <testcase time="0" classname="org.joda.time.TestMutableDateTime_Adds" name="testAdd_DurationFieldType_int2"/>
  <testcase time="0" classname="org.joda.time.TestMutableDateTime_Adds" name="testAdd_DurationFieldType_int3"/>
  <testcase time="0" classname="org.joda.time.TestMutableDateTime_Adds" name="testAddSeconds_int1"/>
  <testcase time="0" classname="org.joda.time.TestMutableDateTime_Properties" name="testPropertyGetMillisOfSecond"/>
  <testcase time="0" classname="org.joda.time.TestMutableDateTime_Properties" name="testPropertyAddWrapFieldDayOfWeek"/>
  <testcase time="0" classname="org.joda.time.TestMutableDateTime_Properties" name="testPropertyAddWrapFieldDayOfYear"/>
  <testcase time="0" classname="org.joda.time.TestMutableDateTime_Properties" name="testPropertyAddDayOfMonth"/>
  <testcase time="0" classname="org.joda.time.TestMutableDateTime_Properties" name="testPropertyToIntervalMinuteOfHour"/>
  <testcase time="0.001" classname="org.joda.time.TestMutableDateTime_Properties" name="testPropertyAddYear"/>
  <testcase time="0" classname="org.joda.time.TestMutableDateTime_Properties" name="testPropertyAddLongDayOfWeek"/>
  <testcase time="0" classname="org.joda.time.TestMutableDateTime_Properties" name="testPropertyGetSecondOfMinute"/>
  <testcase time="0" classname="org.joda.time.TestMutableDateTime_Properties" name="testPropertyGetWeekOfWeekyear"/>
  <testcase time="0.001" classname="org.joda.time.TestMutableDateTime_Properties" name="testPropertyRoundHalfCeilingHourOfDay"/>
  <testcase time="0" classname="org.joda.time.TestMutableDateTime_Properties" name="testPropertySetDayOfMonth"/>
  <testcase time="0" classname="org.joda.time.TestMutableDateTime_Properties" name="testPropertyAddWrapFieldMonthOfYear"/>
  <testcase time="0" classname="org.joda.time.TestMutableDateTime_Properties" name="testPropertyGetSecondOfDay"/>
  <testcase time="0" classname="org.joda.time.TestMutableDateTime_Properties" name="testPropertyGetMinuteOfHour"/>
  <testcase time="0" classname="org.joda.time.TestMutableDateTime_Properties" name="testTest"/>
  <testcase time="0" classname="org.joda.time.TestMutableDateTime_Properties" name="testPropertySetTextWeekOfWeekyear"/>
  <testcase time="0.001" classname="org.joda.time.TestMutableDateTime_Properties" name="testPropertyToIntervalDayOfMonth"/>
  <testcase time="0" classname="org.joda.time.TestMutableDateTime_Properties" name="testPropertyGetMonthOfYear"/>
  <testcase time="0" classname="org.joda.time.TestMutableDateTime_Properties" name="testPropertyRoundHalfFloorHourOfDay"/>
  <testcase time="0.001" classname="org.joda.time.TestMutableDateTime_Properties" name="testPropertyGetYear"/>
  <testcase time="0" classname="org.joda.time.TestMutableDateTime_Properties" name="testPropertyRoundHalfEvenHourOfDay"/>
  <testcase time="0" classname="org.joda.time.TestMutableDateTime_Properties" name="testPropertyRoundFloorHourOfDay"/>
  <testcase time="0.001" classname="org.joda.time.TestMutableDateTime_Properties" name="testPropertyGetCenturyOfEra"/>
  <testcase time="0" classname="org.joda.time.TestMutableDateTime_Properties" name="testPropertySetTextMonthOfYear"/>
  <testcase time="0" classname="org.joda.time.TestMutableDateTime_Properties" name="testPropertyToIntervalMillisOfSecond"/>
  <testcase time="0" classname="org.joda.time.TestMutableDateTime_Properties" name="testPropertyRemainderHourOfDay"/>
  <testcase time="0" classname="org.joda.time.TestMutableDateTime_Properties" name="testPropertyAddDayOfWeek"/>
  <testcase time="0" classname="org.joda.time.TestMutableDateTime_Properties" name="testPropertyAddDayOfYear"/>
  <testcase time="0" classname="org.joda.time.TestMutableDateTime_Properties" name="testPropertyGetDayOfWeek"/>
  <testcase time="0.001" classname="org.joda.time.TestMutableDateTime_Properties" name="testPropertyGetDayOfYear"/>
  <testcase time="0" classname="org.joda.time.TestMutableDateTime_Properties" name="testPropertyToIntervalSecondOfMinute"/>
  <testcase time="0" classname="org.joda.time.TestMutableDateTime_Properties" name="testPropertyAddWrapFieldWeekOfWeekyear"/>
  <testcase time="0" classname="org.joda.time.TestMutableDateTime_Properties" name="testPropertyAddMonthOfYear"/>
  <testcase time="0.001" classname="org.joda.time.TestMutableDateTime_Properties" name="testPropertyGetMinuteOfDay"/>
  <testcase time="0" classname="org.joda.time.TestMutableDateTime_Properties" name="testPropertyGetMillisOfDay"/>
  <testcase time="0" classname="org.joda.time.TestMutableDateTime_Properties" name="testPropertyAddWrapFieldDayOfMonth"/>
  <testcase time="0" classname="org.joda.time.TestMutableDateTime_Properties" name="testPropertyGetYearOfEra"/>
  <testcase time="0" classname="org.joda.time.TestMutableDateTime_Properties" name="testPropertyToIntervalYearOfCentury"/>
  <testcase time="0" classname="org.joda.time.TestMutableDateTime_Properties" name="testPropertySetTextYear"/>
  <testcase time="0" classname="org.joda.time.TestMutableDateTime_Properties" name="testPropertyRoundCeilingHourOfDay"/>
  <testcase time="0.001" classname="org.joda.time.TestMutableDateTime_Properties" name="testPropertyToIntervalYearOfEra"/>
  <testcase time="0" classname="org.joda.time.TestMutableDateTime_Properties" name="testPropertyGetEra"/>
  <testcase time="0" classname="org.joda.time.TestMutableDateTime_Properties" name="testPropertyToIntervalYear"/>
  <testcase time="0" classname="org.joda.time.TestMutableDateTime_Properties" name="testPropertyAddWeekOfWeekyear"/>
  <testcase time="0" classname="org.joda.time.TestMutableDateTime_Properties" name="testPropertyGetWeekyear"/>
  <testcase time="0" classname="org.joda.time.TestMutableDateTime_Properties" name="testPropertySetTextDayOfWeek"/>
  <testcase time="0" classname="org.joda.time.TestMutableDateTime_Properties" name="testPropertySetTextDayOfYear"/>
  <testcase time="0" classname="org.joda.time.TestMutableDateTime_Properties" name="testPropertySetYear"/>
  <testcase time="0" classname="org.joda.time.TestMutableDateTime_Properties" name="testPropertyToIntervalMonthOfYear"/>
  <testcase time="0" classname="org.joda.time.TestMutableDateTime_Properties" name="testPropertySetMonthOfYear"/>
  <testcase time="0.001" classname="org.joda.time.TestMutableDateTime_Properties" name="testPropertyAddWrapFieldYear"/>
  <testcase time="0" classname="org.joda.time.TestMutableDateTime_Properties" name="testPropertySetDayOfWeek"/>
  <testcase time="0" classname="org.joda.time.TestMutableDateTime_Properties" name="testPropertySetDayOfYear"/>
  <testcase time="0" classname="org.joda.time.TestMutableDateTime_Properties" name="testPropertySetWeekOfWeekyear"/>
  <testcase time="0.001" classname="org.joda.time.TestMutableDateTime_Properties" name="testPropertySetTextDayOfMonth"/>
  <testcase time="0" classname="org.joda.time.TestMutableDateTime_Properties" name="testPropertyGetHourOfDay"/>
  <testcase time="0" classname="org.joda.time.TestMutableDateTime_Properties" name="testPropertyGetDayOfMonth"/>
  <testcase time="0.001" classname="org.joda.time.TestMutableDateTime_Properties" name="testPropertyGetYearOfCentury"/>
  <testcase time="0" classname="org.joda.time.TestMutableDateTime_Properties" name="testPropertyToIntervalHourOfDay"/>
  <testcase time="0" classname="org.joda.time.TestDateMidnight_Constructors" name="test_now_nullChronology"/>
  <testcase time="0" classname="org.joda.time.TestDateMidnight_Constructors" name="testConstructor_Object_Chronology"/>
  <testcase time="0" classname="org.joda.time.TestDateMidnight_Constructors" name="testConstructor_int_int_int_nullDateTimeZone"/>
  <testcase time="0" classname="org.joda.time.TestDateMidnight_Constructors" name="testConstructor_badconverterObject_DateTimeZone"/>
  <testcase time="0" classname="org.joda.time.TestDateMidnight_Constructors" name="testConstructor_long2_DateTimeZone"/>
  <testcase time="0" classname="org.joda.time.TestDateMidnight_Constructors" name="testConstructor_nullObject_Chronology"/>
  <testcase time="0" classname="org.joda.time.TestDateMidnight_Constructors" name="testConstructor_nullObject_nullDateTimeZone"/>
  <testcase time="0" classname="org.joda.time.TestDateMidnight_Constructors" name="testConstructor_long1_DateTimeZone"/>
  <testcase time="0" classname="org.joda.time.TestDateMidnight_Constructors" name="testConstructor_int_int_int_Chronology"/>
  <testcase time="0" classname="org.joda.time.TestDateMidnight_Constructors" name="testConstructor_Object_DateTimeZone"/>
  <testcase time="0.001" classname="org.joda.time.TestDateMidnight_Constructors" name="testTest"/>
  <testcase time="0" classname="org.joda.time.TestDateMidnight_Constructors" name="test_now"/>
  <testcase time="0" classname="org.joda.time.TestDateMidnight_Constructors" name="testConstructor_int_int_int_DateTimeZone"/>
  <testcase time="0" classname="org.joda.time.TestDateMidnight_Constructors" name="testConstructor_Chronology"/>
  <testcase time="0" classname="org.joda.time.TestDateMidnight_Constructors" name="testConstructor_nullObject_nullChronology"/>
  <testcase time="0" classname="org.joda.time.TestDateMidnight_Constructors" name="testConstructor_long_nullChronology"/>
  <testcase time="0" classname="org.joda.time.TestDateMidnight_Constructors" name="testConstructor_badconverterObject_Chronology"/>
  <testcase time="0" classname="org.joda.time.TestDateMidnight_Constructors" name="testConstructor_nullObject_DateTimeZone"/>
  <testcase time="0.001" classname="org.joda.time.TestDateMidnight_Constructors" name="testConstructor_invalidObject_Chronology"/>
  <testcase time="0" classname="org.joda.time.TestDateMidnight_Constructors" name="testConstructor_Object"/>
  <testcase time="0" classname="org.joda.time.TestDateMidnight_Constructors" name="test_now_Chronology"/>
  <testcase time="0" classname="org.joda.time.TestDateMidnight_Constructors" name="testConstructor_long1"/>
  <testcase time="0.001" classname="org.joda.time.TestDateMidnight_Constructors" name="testConstructor_long2"/>
  <testcase time="0" classname="org.joda.time.TestDateMidnight_Constructors" name="test_now_DateTimeZone"/>
  <testcase time="0" classname="org.joda.time.TestDateMidnight_Constructors" name="testConstructor_DateTimeZone"/>
  <testcase time="0" classname="org.joda.time.TestDateMidnight_Constructors" name="testConstructor_nullObject"/>
  <testcase time="0" classname="org.joda.time.TestDateMidnight_Constructors" name="testConstructor_invalidObject_DateTimeZone"/>
  <testcase time="0" classname="org.joda.time.TestDateMidnight_Constructors" name="testConstructor_long_nullDateTimeZone"/>
  <testcase time="0" classname="org.joda.time.TestDateMidnight_Constructors" name="testConstructor_Object_nullChronology"/>
  <testcase time="0" classname="org.joda.time.TestDateMidnight_Constructors" name="testConstructor_long1_Chronology"/>
  <testcase time="0" classname="org.joda.time.TestDateMidnight_Constructors" name="testConstructor_Object_nullDateTimeZone"/>
  <testcase time="0.001" classname="org.joda.time.TestDateMidnight_Constructors" name="testConstructor_badconverterObject"/>
  <testcase time="0" classname="org.joda.time.TestDateMidnight_Constructors" name="testConstructor_nullChronology"/>
  <testcase time="0" classname="org.joda.time.TestDateMidnight_Constructors" name="testConstructor_int_int_int_nullChronology"/>
  <testcase time="0" classname="org.joda.time.TestDateMidnight_Constructors" name="testConstructor_long2_Chronology"/>
  <testcase time="0" classname="org.joda.time.TestDateMidnight_Constructors" name="testConstructor_invalidObject"/>
  <testcase time="0" classname="org.joda.time.TestDateMidnight_Constructors" name="testConstructor_int_int_int"/>
  <testcase time="0" classname="org.joda.time.TestDateMidnight_Constructors" name="testConstructor_nullDateTimeZone"/>
  <testcase time="0" classname="org.joda.time.TestDateMidnight_Constructors" name="testParse_formatter"/>
  <testcase time="0.001" classname="org.joda.time.TestDateMidnight_Constructors" name="test_now_nullDateTimeZone"/>
  <testcase time="0" classname="org.joda.time.TestDateMidnight_Constructors" name="testParse_noFormatter"/>
  <testcase time="0" classname="org.joda.time.TestDateMidnight_Constructors" name="testConstructor"/>
  <testcase time="0" classname="org.joda.time.TestDateMidnight_Basics" name="testToMutableDateTimeISO"/>
  <testcase time="0" classname="org.joda.time.TestDateMidnight_Basics" name="testWithDurationAdded_RD_int"/>
  <testcase time="0" classname="org.joda.time.TestDateMidnight_Basics" name="testWithDurationAdded_RP_int"/>
  <testcase time="0.001" classname="org.joda.time.TestDateMidnight_Basics" name="testToCalendar_Locale"/>
  <testcase time="0" classname="org.joda.time.TestDateMidnight_Basics" name="testPlusMonths_int"/>
  <testcase time="0" classname="org.joda.time.TestDateMidnight_Basics" name="testToString_String"/>
  <testcase time="0.001" classname="org.joda.time.TestDateMidnight_Basics" name="testSerialization"/>
  <testcase time="0" classname="org.joda.time.TestDateMidnight_Basics" name="testTest"/>
  <testcase time="0" classname="org.joda.time.TestDateMidnight_Basics" name="testEqualsHashCode"/>
  <testcase time="0" classname="org.joda.time.TestDateMidnight_Basics" name="testToString"/>
  <testcase time="0" classname="org.joda.time.TestDateMidnight_Basics" name="testMinusWeeks_int"/>
  <testcase time="0.001" classname="org.joda.time.TestDateMidnight_Basics" name="testPlus_RD"/>
  <testcase time="0" classname="org.joda.time.TestDateMidnight_Basics" name="testPlus_RP"/>
  <testcase time="0" classname="org.joda.time.TestDateMidnight_Basics" name="testPlusWeeks_int"/>
  <testcase time="0" classname="org.joda.time.TestDateMidnight_Basics" name="testPlus_long"/>
  <testcase time="0" classname="org.joda.time.TestDateMidnight_Basics" name="testCompareTo"/>
  <testcase time="0" classname="org.joda.time.TestDateMidnight_Basics" name="testToString_DTFormatter"/>
  <testcase time="0" classname="org.joda.time.TestDateMidnight_Basics" name="testMinusMonths_int"/>
  <testcase time="0" classname="org.joda.time.TestDateMidnight_Basics" name="testMinusDays_int"/>
  <testcase time="0" classname="org.joda.time.TestDateMidnight_Basics" name="testToDateTime_DateTimeZone"/>
  <testcase time="0" classname="org.joda.time.TestDateMidnight_Basics" name="testMinus_RD"/>
  <testcase time="0" classname="org.joda.time.TestDateMidnight_Basics" name="testMinus_RP"/>
  <testcase time="0" classname="org.joda.time.TestDateMidnight_Basics" name="testGetters"/>
  <testcase time="0.001" classname="org.joda.time.TestDateMidnight_Basics" name="testWithFieldAdded1"/>
  <testcase time="0" classname="org.joda.time.TestDateMidnight_Basics" name="testWithFieldAdded2"/>
  <testcase time="0" classname="org.joda.time.TestDateMidnight_Basics" name="testWithFieldAdded3"/>
  <testcase time="0" classname="org.joda.time.TestDateMidnight_Basics" name="testWithFieldAdded4"/>
  <testcase time="0.001" classname="org.joda.time.TestDateMidnight_Basics" name="testToDateTime_Chronology"/>
  <testcase time="0" classname="org.joda.time.TestDateMidnight_Basics" name="testProperty"/>
  <testcase time="0" classname="org.joda.time.TestDateMidnight_Basics" name="testToInterval"/>
  <testcase time="0.001" classname="org.joda.time.TestDateMidnight_Basics" name="testWithFields_RPartial"/>
  <testcase time="0" classname="org.joda.time.TestDateMidnight_Basics" name="testIsBefore"/>
  <testcase time="0" classname="org.joda.time.TestDateMidnight_Basics" name="testGet_DateTimeField"/>
  <testcase time="0.001" classname="org.joda.time.TestDateMidnight_Basics" name="testToMutableDateTime"/>
  <testcase time="0" classname="org.joda.time.TestDateMidnight_Basics" name="testToMutableDateTime_Chronology"/>
  <testcase time="0" classname="org.joda.time.TestDateMidnight_Basics" name="testPlusDays_int"/>
  <testcase time="0" classname="org.joda.time.TestDateMidnight_Basics" name="testMinusYears_int"/>
  <testcase time="0.001" classname="org.joda.time.TestDateMidnight_Basics" name="testPlusYears_int"/>
  <testcase time="0" classname="org.joda.time.TestDateMidnight_Basics" name="testToDateTimeISO"/>
  <testcase time="0" classname="org.joda.time.TestDateMidnight_Basics" name="testWithers"/>
  <testcase time="0" classname="org.joda.time.TestDateMidnight_Basics" name="testToInstant"/>
  <testcase time="0.001" classname="org.joda.time.TestDateMidnight_Basics" name="testToDateTime"/>
  <testcase time="0" classname="org.joda.time.TestDateMidnight_Basics" name="testWithField1"/>
  <testcase time="0" classname="org.joda.time.TestDateMidnight_Basics" name="testWithField2"/>
  <testcase time="0" classname="org.joda.time.TestDateMidnight_Basics" name="testToString_String_String"/>
  <testcase time="0.001" classname="org.joda.time.TestDateMidnight_Basics" name="testMinus_long"/>
  <testcase time="0" classname="org.joda.time.TestDateMidnight_Basics" name="testWithDurationAdded_long_int"/>
  <testcase time="0" classname="org.joda.time.TestDateMidnight_Basics" name="testGet_DateTimeFieldType"/>
  <testcase time="0" classname="org.joda.time.TestDateMidnight_Basics" name="testToGregorianCalendar"/>
  <testcase time="0" classname="org.joda.time.TestDateMidnight_Basics" name="testWithChronology_Chronology"/>
  <testcase time="0" classname="org.joda.time.TestDateMidnight_Basics" name="testIsAfter"/>
  <testcase time="0" classname="org.joda.time.TestDateMidnight_Basics" name="testIsEqual"/>
  <testcase time="0" classname="org.joda.time.TestDateMidnight_Basics" name="testToDate"/>
  <testcase time="0" classname="org.joda.time.TestDateMidnight_Basics" name="testWithMillis_long"/>
  <testcase time="0" classname="org.joda.time.TestDateMidnight_Basics" name="testToYearMonthDay"/>
  <testcase time="0" classname="org.joda.time.TestDateMidnight_Basics" name="testToLocalDate"/>
  <testcase time="0" classname="org.joda.time.TestDateMidnight_Basics" name="testToMutableDateTime_DateTimeZone"/>
  <testcase time="0" classname="org.joda.time.TestDateMidnight_Basics" name="testWithZoneRetainFields_DateTimeZone"/>
  <testcase time="0" classname="org.joda.time.TestDateMidnight_Properties" name="testPropertyRoundHalfEvenMonthOfYear"/>
  <testcase time="0" classname="org.joda.time.TestDateMidnight_Properties" name="testPropertyEqualsHashCodeLenient"/>
  <testcase time="0.001" classname="org.joda.time.TestDateMidnight_Properties" name="testPropertyGetWeekOfWeekyear"/>
  <testcase time="0" classname="org.joda.time.TestDateMidnight_Properties" name="testPropertyRoundHalfFloorMonthOfYear"/>
  <testcase time="0" classname="org.joda.time.TestDateMidnight_Properties" name="testPropertyRoundCeilingMonthOfYear"/>
  <testcase time="0" classname="org.joda.time.TestDateMidnight_Properties" name="testPropertyWithMaximumValueDayOfMonth"/>
  <testcase time="0.001" classname="org.joda.time.TestDateMidnight_Properties" name="testPropertyAddWrapFieldMonthOfYear"/>
  <testcase time="0" classname="org.joda.time.TestDateMidnight_Properties" name="testTest"/>
  <testcase time="0" classname="org.joda.time.TestDateMidnight_Properties" name="testPropertyToIntervalDayOfMonth"/>
  <testcase time="0" classname="org.joda.time.TestDateMidnight_Properties" name="testPropertyRemainderMonthOfYear"/>
  <testcase time="0" classname="org.joda.time.TestDateMidnight_Properties" name="testPropertyGetMonthOfYear"/>
  <testcase time="0" classname="org.joda.time.TestDateMidnight_Properties" name="testPropertyGetYear"/>
  <testcase time="0" classname="org.joda.time.TestDateMidnight_Properties" name="testPropertyGetCenturyOfEra"/>
  <testcase time="0.001" classname="org.joda.time.TestDateMidnight_Properties" name="testPropertySetTextMonthOfYear"/>
  <testcase time="0" classname="org.joda.time.TestDateMidnight_Properties" name="testPropertyEqualsHashCodeStrict"/>
  <testcase time="0" classname="org.joda.time.TestDateMidnight_Properties" name="testPropertySetTextLocaleMonthOfYear"/>
  <testcase time="0" classname="org.joda.time.TestDateMidnight_Properties" name="testPropertyWithMinimumValueDayOfMonth"/>
  <testcase time="0" classname="org.joda.time.TestDateMidnight_Properties" name="testPropertyAddLongMonthOfYear"/>
  <testcase time="0" classname="org.joda.time.TestDateMidnight_Properties" name="testPropertyGetDayOfWeek"/>
  <testcase time="0" classname="org.joda.time.TestDateMidnight_Properties" name="testPropertyGetDayOfYear"/>
  <testcase time="0" classname="org.joda.time.TestDateMidnight_Properties" name="testPropertyAddMonthOfYear"/>
  <testcase time="0" classname="org.joda.time.TestDateMidnight_Properties" name="testPropertyGetYearOfEra"/>
  <testcase time="0" classname="org.joda.time.TestDateMidnight_Properties" name="testPropertyToIntervalYearOfCentury"/>
  <testcase time="0" classname="org.joda.time.TestDateMidnight_Properties" name="testPropertyGetDifferenceMonthOfYear"/>
  <testcase time="0" classname="org.joda.time.TestDateMidnight_Properties" name="testPropertyRoundHalfCeilingMonthOfYear"/>
  <testcase time="0" classname="org.joda.time.TestDateMidnight_Properties" name="testPropertyToIntervalYearOfEra"/>
  <testcase time="0" classname="org.joda.time.TestDateMidnight_Properties" name="testPropertyRoundFloorMonthOfYear"/>
  <testcase time="0" classname="org.joda.time.TestDateMidnight_Properties" name="testPropertyGetEra"/>
  <testcase time="0" classname="org.joda.time.TestDateMidnight_Properties" name="testPropertyToIntervalYear"/>
  <testcase time="0" classname="org.joda.time.TestDateMidnight_Properties" name="testPropertyGetWeekyear"/>
  <testcase time="0" classname="org.joda.time.TestDateMidnight_Properties" name="testPropertyToIntervalMonthOfYear"/>
  <testcase time="0" classname="org.joda.time.TestDateMidnight_Properties" name="testPropertySetMonthOfYear"/>
  <testcase time="0" classname="org.joda.time.TestDateMidnight_Properties" name="testPropertyGetDayOfMonth"/>
  <testcase time="0" classname="org.joda.time.TestDateMidnight_Properties" name="testPropertyGetYearOfCentury"/>
  <testcase time="0" classname="org.joda.time.TestDuration_Constructors" name="testConstructor_long_long1"/>
  <testcase time="0" classname="org.joda.time.TestDuration_Constructors" name="testConstructor_Object1"/>
  <testcase time="0" classname="org.joda.time.TestDuration_Constructors" name="testConstructor_Object2"/>
  <testcase time="0.001" classname="org.joda.time.TestDuration_Constructors" name="testConstructor_Object3"/>
  <testcase time="0" classname="org.joda.time.TestDuration_Constructors" name="testConstructor_Object4"/>
  <testcase time="0" classname="org.joda.time.TestDuration_Constructors" name="testConstructor_Object5"/>
  <testcase time="0" classname="org.joda.time.TestDuration_Constructors" name="testZERO"/>
  <testcase time="0" classname="org.joda.time.TestDuration_Constructors" name="testFactory_standardMinutes_long"/>
  <testcase time="0" classname="org.joda.time.TestDuration_Constructors" name="testConstructor_RI_RI1"/>
  <testcase time="0" classname="org.joda.time.TestDuration_Constructors" name="testConstructor_RI_RI2"/>
  <testcase time="0" classname="org.joda.time.TestDuration_Constructors" name="testConstructor_RI_RI3"/>
  <testcase time="0" classname="org.joda.time.TestDuration_Constructors" name="testConstructor_RI_RI4"/>
  <testcase time="0" classname="org.joda.time.TestDuration_Constructors" name="testConstructor_long1"/>
  <testcase time="0" classname="org.joda.time.TestDuration_Constructors" name="testFactory_millis_long"/>
  <testcase time="0" classname="org.joda.time.TestDuration_Constructors" name="testFactory_standardHours_long"/>
  <testcase time="0" classname="org.joda.time.TestDuration_Constructors" name="testFactory_standardSeconds_long"/>
  <testcase time="0" classname="org.joda.time.TestDuration_Constructors" name="testFactory_standardDays_long"/>
  <testcase time="0.001" classname="org.joda.time.TestDuration_Constructors" name="testParse_noFormatter"/>
  <testcase time="0" classname="org.joda.time.TestDuration_Basics" name="testToStandardSeconds_overflow"/>
  <testcase time="0" classname="org.joda.time.TestDuration_Basics" name="testMutableDuration"/>
  <testcase time="0.002" classname="org.joda.time.TestDuration_Basics" name="testSerialization"/>
  <testcase time="0.001" classname="org.joda.time.TestDuration_Basics" name="testToPeriod_Chronology"/>
  <testcase time="0" classname="org.joda.time.TestDuration_Basics" name="testToStandardMinutes_overflow"/>
  <testcase time="0" classname="org.joda.time.TestDuration_Basics" name="testToPeriod"/>
  <testcase time="0" classname="org.joda.time.TestDuration_Basics" name="testTest"/>
  <testcase time="0" classname="org.joda.time.TestDuration_Basics" name="testPlus_RD1"/>
  <testcase time="0" classname="org.joda.time.TestDuration_Basics" name="testPlus_RD2"/>
  <testcase time="0" classname="org.joda.time.TestDuration_Basics" name="testPlus_RD3"/>
  <testcase time="0" classname="org.joda.time.TestDuration_Basics" name="testEqualsHashCode"/>
  <testcase time="0.001" classname="org.joda.time.TestDuration_Basics" name="testToString"/>
  <testcase time="0" classname="org.joda.time.TestDuration_Basics" name="testCompareTo"/>
  <testcase time="0" classname="org.joda.time.TestDuration_Basics" name="testToPeriod_PeriodType_Chronology"/>
  <testcase time="0" classname="org.joda.time.TestDuration_Basics" name="testToPeriodFrom"/>
  <testcase time="0" classname="org.joda.time.TestDuration_Basics" name="testToPeriodTo"/>
  <testcase time="0.005" classname="org.joda.time.TestDuration_Basics" name="testToStandardMinutes"/>
  <testcase time="0" classname="org.joda.time.TestDuration_Basics" name="testIsBefore"/>
  <testcase time="0.001" classname="org.joda.time.TestDuration_Basics" name="testToPeriodTo_PeriodType"/>
  <testcase time="0" classname="org.joda.time.TestDuration_Basics" name="testMinus_long1"/>
  <testcase time="0" classname="org.joda.time.TestDuration_Basics" name="testMinus_long2"/>
  <testcase time="0" classname="org.joda.time.TestDuration_Basics" name="testGetStandardSeconds"/>
  <testcase time="0.001" classname="org.joda.time.TestDuration_Basics" name="testToStandardDays"/>
  <testcase time="0" classname="org.joda.time.TestDuration_Basics" name="testToPeriod_PeriodType"/>
  <testcase time="0" classname="org.joda.time.TestDuration_Basics" name="testToStandardDays_overflow"/>
  <testcase time="0" classname="org.joda.time.TestDuration_Basics" name="testToIntervalFrom"/>
  <testcase time="0.001" classname="org.joda.time.TestDuration_Basics" name="testPlus_long1"/>
  <testcase time="0" classname="org.joda.time.TestDuration_Basics" name="testPlus_long2"/>
  <testcase time="0" classname="org.joda.time.TestDuration_Basics" name="testToStandardSeconds"/>
  <testcase time="0" classname="org.joda.time.TestDuration_Basics" name="testWithDurationAdded_RD_int1"/>
  <testcase time="0.001" classname="org.joda.time.TestDuration_Basics" name="testWithDurationAdded_RD_int2"/>
  <testcase time="0" classname="org.joda.time.TestDuration_Basics" name="testWithDurationAdded_RD_int3"/>
  <testcase time="0" classname="org.joda.time.TestDuration_Basics" name="testWithDurationAdded_RD_int4"/>
  <testcase time="0" classname="org.joda.time.TestDuration_Basics" name="testWithDurationAdded_RD_int5"/>
  <testcase time="0" classname="org.joda.time.TestDuration_Basics" name="testWithDurationAdded_RD_int6"/>
  <testcase time="0.001" classname="org.joda.time.TestDuration_Basics" name="testToPeriodFrom_PeriodType"/>
  <testcase time="0" classname="org.joda.time.TestDuration_Basics" name="testWithMillis1"/>
  <testcase time="0" classname="org.joda.time.TestDuration_Basics" name="testWithMillis2"/>
  <testcase time="0" classname="org.joda.time.TestDuration_Basics" name="testGetMillis"/>
  <testcase time="0" classname="org.joda.time.TestDuration_Basics" name="testWithDurationAdded_long_int1"/>
  <testcase time="0" classname="org.joda.time.TestDuration_Basics" name="testWithDurationAdded_long_int2"/>
  <testcase time="0" classname="org.joda.time.TestDuration_Basics" name="testWithDurationAdded_long_int3"/>
  <testcase time="0" classname="org.joda.time.TestDuration_Basics" name="testWithDurationAdded_long_int4"/>
  <testcase time="0" classname="org.joda.time.TestDuration_Basics" name="testWithDurationAdded_long_int5"/>
  <testcase time="0" classname="org.joda.time.TestDuration_Basics" name="testToPeriod_fixedZone"/>
  <testcase time="0" classname="org.joda.time.TestDuration_Basics" name="testToDuration1"/>
  <testcase time="0" classname="org.joda.time.TestDuration_Basics" name="testToDuration2"/>
  <testcase time="0" classname="org.joda.time.TestDuration_Basics" name="testToStandardHours_overflow"/>
  <testcase time="0.001" classname="org.joda.time.TestDuration_Basics" name="testToStandardHours"/>
  <testcase time="0" classname="org.joda.time.TestDuration_Basics" name="testToIntervalTo"/>
  <testcase time="0" classname="org.joda.time.TestDuration_Basics" name="testIsAfter"/>
  <testcase time="0" classname="org.joda.time.TestDuration_Basics" name="testIsEqual"/>
  <testcase time="0" classname="org.joda.time.TestDuration_Basics" name="testMinus_RD1"/>
  <testcase time="0" classname="org.joda.time.TestDuration_Basics" name="testMinus_RD2"/>
  <testcase time="0" classname="org.joda.time.TestDuration_Basics" name="testMinus_RD3"/>
  <testcase time="0" classname="org.joda.time.TestInterval_Constructors" name="testConstructor_long_long_Zone"/>
  <testcase time="0.001" classname="org.joda.time.TestInterval_Constructors" name="testConstructor_long_long1"/>
  <testcase time="0" classname="org.joda.time.TestInterval_Constructors" name="testConstructor_long_long2"/>
  <testcase time="0" classname="org.joda.time.TestInterval_Constructors" name="testConstructor_long_long3"/>
  <testcase time="0.001" classname="org.joda.time.TestInterval_Constructors" name="testConstructor_Object1"/>
  <testcase time="0" classname="org.joda.time.TestInterval_Constructors" name="testConstructor_Object2"/>
  <testcase time="0" classname="org.joda.time.TestInterval_Constructors" name="testConstructor_Object3"/>
  <testcase time="0.001" classname="org.joda.time.TestInterval_Constructors" name="testConstructor_Object4"/>
  <testcase time="0.001" classname="org.joda.time.TestInterval_Constructors" name="testConstructor_Object5"/>
  <testcase time="0" classname="org.joda.time.TestInterval_Constructors" name="testConstructor_Object6"/>
  <testcase time="0" classname="org.joda.time.TestInterval_Constructors" name="testConstructor_long_long_nullChronology"/>
  <testcase time="0" classname="org.joda.time.TestInterval_Constructors" name="testConstructor_RI_RI_instant"/>
  <testcase time="0" classname="org.joda.time.TestInterval_Constructors" name="testConstructor_RI_RI_chronoStart"/>
  <testcase time="0" classname="org.joda.time.TestInterval_Constructors" name="testConstructor_RD_RI1"/>
  <testcase time="0" classname="org.joda.time.TestInterval_Constructors" name="testConstructor_RD_RI2"/>
  <testcase time="0.001" classname="org.joda.time.TestInterval_Constructors" name="testConstructor_RD_RI3"/>
  <testcase time="0" classname="org.joda.time.TestInterval_Constructors" name="testConstructor_RD_RI4"/>
  <testcase time="0" classname="org.joda.time.TestInterval_Constructors" name="testConstructor_RD_RI5"/>
  <testcase time="0" classname="org.joda.time.TestInterval_Constructors" name="testConstructor_RI_RD1"/>
  <testcase time="0" classname="org.joda.time.TestInterval_Constructors" name="testConstructor_RI_RD2"/>
  <testcase time="0" classname="org.joda.time.TestInterval_Constructors" name="testConstructor_RI_RD3"/>
  <testcase time="0" classname="org.joda.time.TestInterval_Constructors" name="testConstructor_RI_RD4"/>
  <testcase time="0" classname="org.joda.time.TestInterval_Constructors" name="testConstructor_RI_RD5"/>
  <testcase time="0" classname="org.joda.time.TestInterval_Constructors" name="testConstructor_RI_RI1"/>
  <testcase time="0.001" classname="org.joda.time.TestInterval_Constructors" name="testConstructor_RI_RI2"/>
  <testcase time="0" classname="org.joda.time.TestInterval_Constructors" name="testConstructor_RI_RI3"/>
  <testcase time="0" classname="org.joda.time.TestInterval_Constructors" name="testConstructor_RI_RI4"/>
  <testcase time="0" classname="org.joda.time.TestInterval_Constructors" name="testConstructor_RI_RI5"/>
  <testcase time="0" classname="org.joda.time.TestInterval_Constructors" name="testConstructor_RI_RI6"/>
  <testcase time="0" classname="org.joda.time.TestInterval_Constructors" name="testConstructor_RI_RI7"/>
  <testcase time="0" classname="org.joda.time.TestInterval_Constructors" name="testConstructor_RI_RP1"/>
  <testcase time="0" classname="org.joda.time.TestInterval_Constructors" name="testConstructor_RI_RP2"/>
  <testcase time="0" classname="org.joda.time.TestInterval_Constructors" name="testConstructor_RI_RP3"/>
  <testcase time="0.001" classname="org.joda.time.TestInterval_Constructors" name="testConstructor_RI_RP4"/>
  <testcase time="0" classname="org.joda.time.TestInterval_Constructors" name="testConstructor_RI_RP5"/>
  <testcase time="0" classname="org.joda.time.TestInterval_Constructors" name="testConstructor_RI_RP6"/>
  <testcase time="0" classname="org.joda.time.TestInterval_Constructors" name="testConstructor_RI_RP7"/>
  <testcase time="0" classname="org.joda.time.TestInterval_Constructors" name="testConstructor_RI_RP8"/>
  <testcase time="0.001" classname="org.joda.time.TestInterval_Constructors" name="testConstructor_RP_RI1"/>
  <testcase time="0" classname="org.joda.time.TestInterval_Constructors" name="testConstructor_RP_RI2"/>
  <testcase time="0" classname="org.joda.time.TestInterval_Constructors" name="testConstructor_RP_RI3"/>
  <testcase time="0" classname="org.joda.time.TestInterval_Constructors" name="testConstructor_RP_RI4"/>
  <testcase time="0" classname="org.joda.time.TestInterval_Constructors" name="testConstructor_RP_RI5"/>
  <testcase time="0" classname="org.joda.time.TestInterval_Constructors" name="testConstructor_RP_RI6"/>
  <testcase time="0" classname="org.joda.time.TestInterval_Constructors" name="testConstructor_RP_RI7"/>
  <testcase time="0" classname="org.joda.time.TestInterval_Constructors" name="testConstructor_RP_RI8"/>
  <testcase time="0" classname="org.joda.time.TestInterval_Constructors" name="testConstructor_long_long_Chronology"/>
  <testcase time="0" classname="org.joda.time.TestInterval_Constructors" name="testConstructor_Object_Chronology1"/>
  <testcase time="0" classname="org.joda.time.TestInterval_Constructors" name="testConstructor_Object_Chronology2"/>
  <testcase time="0" classname="org.joda.time.TestInterval_Constructors" name="testConstructor_RI_RI_chronoEnd"/>
  <testcase time="0" classname="org.joda.time.TestInterval_Constructors" name="testConstructor_long_long_nullZone"/>
  <testcase time="0" classname="org.joda.time.TestInterval_Constructors" name="testConstructor_RI_RI_zones"/>
  <testcase time="0" classname="org.joda.time.TestInterval_Constructors" name="testParse_noFormatter"/>
  <testcase time="0.001" classname="org.joda.time.TestInterval_Basics" name="testWithStartInstant_RI1"/>
  <testcase time="0" classname="org.joda.time.TestInterval_Basics" name="testWithStartInstant_RI2"/>
  <testcase time="0" classname="org.joda.time.TestInterval_Basics" name="testWithStartInstant_RI3"/>
  <testcase time="0" classname="org.joda.time.TestInterval_Basics" name="testContains_RI_null"/>
  <testcase time="0.003" classname="org.joda.time.TestInterval_Basics" name="testSerialization"/>
  <testcase time="0" classname="org.joda.time.TestInterval_Basics" name="test_useCase_ContainsOverlapAbutGap"/>
  <testcase time="0" classname="org.joda.time.TestInterval_Basics" name="testWithPeriodAfterStart1"/>
  <testcase time="0" classname="org.joda.time.TestInterval_Basics" name="testWithPeriodAfterStart2"/>
  <testcase time="0" classname="org.joda.time.TestInterval_Basics" name="testWithPeriodAfterStart3"/>
  <testcase time="0" classname="org.joda.time.TestInterval_Basics" name="testGap_RInterval_zoneUTC"/>
  <testcase time="0" classname="org.joda.time.TestInterval_Basics" name="testIsBeforeNow"/>
  <testcase time="0" classname="org.joda.time.TestInterval_Basics" name="testIsBefore_RI"/>
  <testcase time="0" classname="org.joda.time.TestInterval_Basics" name="testOverlaps_RInterval_null"/>
  <testcase time="0.001" classname="org.joda.time.TestInterval_Basics" name="testToPeriod"/>
  <testcase time="0" classname="org.joda.time.TestInterval_Basics" name="testTest"/>
  <testcase time="0.001" classname="org.joda.time.TestInterval_Basics" name="testEqualsHashCode"/>
  <testcase time="0" classname="org.joda.time.TestInterval_Basics" name="testToString"/>
  <testcase time="0" classname="org.joda.time.TestInterval_Basics" name="testGap_RInterval"/>
  <testcase time="0" classname="org.joda.time.TestInterval_Basics" name="testIsAfter_RI_null"/>
  <testcase time="0" classname="org.joda.time.TestInterval_Basics" name="test_useCase_ContainsOverlapAbutGap_bothZeroDuration"/>
  <testcase time="0" classname="org.joda.time.TestInterval_Basics" name="testToInterval1"/>
  <testcase time="0" classname="org.joda.time.TestInterval_Basics" name="testOverlap_RInterval_null"/>
  <testcase time="0.001" classname="org.joda.time.TestInterval_Basics" name="testOverlap_RInterval_zone"/>
  <testcase time="0" classname="org.joda.time.TestInterval_Basics" name="testEqualsHashCodeStrict"/>
  <testcase time="0" classname="org.joda.time.TestInterval_Basics" name="testWithDurationAfterStart1"/>
  <testcase time="0" classname="org.joda.time.TestInterval_Basics" name="testWithDurationAfterStart2"/>
  <testcase time="0.001" classname="org.joda.time.TestInterval_Basics" name="testWithDurationAfterStart3"/>
  <testcase time="0" classname="org.joda.time.TestInterval_Basics" name="testWithDurationAfterStart4"/>
  <testcase time="0" classname="org.joda.time.TestInterval_Basics" name="testWithDurationBeforeEnd1"/>
  <testcase time="0" classname="org.joda.time.TestInterval_Basics" name="testWithDurationBeforeEnd2"/>
  <testcase time="0" classname="org.joda.time.TestInterval_Basics" name="testWithDurationBeforeEnd3"/>
  <testcase time="0" classname="org.joda.time.TestInterval_Basics" name="testWithDurationBeforeEnd4"/>
  <testcase time="0" classname="org.joda.time.TestInterval_Basics" name="testIsBefore_long"/>
  <testcase time="0" classname="org.joda.time.TestInterval_Basics" name="testGetDuration1"/>
  <testcase time="0" classname="org.joda.time.TestInterval_Basics" name="testGetDuration2"/>
  <testcase time="0" classname="org.joda.time.TestInterval_Basics" name="testIsBefore_RI_null"/>
  <testcase time="0.001" classname="org.joda.time.TestInterval_Basics" name="testIsAfterNow"/>
  <testcase time="0" classname="org.joda.time.TestInterval_Basics" name="testIsAfter_RI"/>
  <testcase time="0" classname="org.joda.time.TestInterval_Basics" name="testContainsNow"/>
  <testcase time="0" classname="org.joda.time.TestInterval_Basics" name="testContains_RI"/>
  <testcase time="0" classname="org.joda.time.TestInterval_Basics" name="testIsBefore_RInterval"/>
  <testcase time="0" classname="org.joda.time.TestInterval_Basics" name="testWithPeriodBeforeEnd1"/>
  <testcase time="0" classname="org.joda.time.TestInterval_Basics" name="testWithPeriodBeforeEnd2"/>
  <testcase time="0" classname="org.joda.time.TestInterval_Basics" name="testWithPeriodBeforeEnd3"/>
  <testcase time="0" classname="org.joda.time.TestInterval_Basics" name="testContains_long"/>
  <testcase time="0" classname="org.joda.time.TestInterval_Basics" name="testToMutableInterval1"/>
  <testcase time="0" classname="org.joda.time.TestInterval_Basics" name="testWithStartMillis_long1"/>
  <testcase time="0" classname="org.joda.time.TestInterval_Basics" name="testWithStartMillis_long2"/>
  <testcase time="0" classname="org.joda.time.TestInterval_Basics" name="testWithStartMillis_long3"/>
  <testcase time="0" classname="org.joda.time.TestInterval_Basics" name="testWithEndInstant_RI1"/>
  <testcase time="0.001" classname="org.joda.time.TestInterval_Basics" name="testWithEndInstant_RI2"/>
  <testcase time="0" classname="org.joda.time.TestInterval_Basics" name="testWithEndInstant_RI3"/>
  <testcase time="0" classname="org.joda.time.TestInterval_Basics" name="testIsAfter_long"/>
  <testcase time="0" classname="org.joda.time.TestInterval_Basics" name="testContains_RInterval"/>
  <testcase time="0" classname="org.joda.time.TestInterval_Basics" name="testIsBefore_RInterval_null"/>
  <testcase time="0" classname="org.joda.time.TestInterval_Basics" name="testAbuts_RInterval"/>
  <testcase time="0" classname="org.joda.time.TestInterval_Basics" name="testToString_reparse"/>
  <testcase time="0" classname="org.joda.time.TestInterval_Basics" name="testOverlaps_RInterval"/>
  <testcase time="0" classname="org.joda.time.TestInterval_Basics" name="testGetMillis"/>
  <testcase time="0" classname="org.joda.time.TestInterval_Basics" name="testContains_long_zeroDuration"/>
  <testcase time="0" classname="org.joda.time.TestInterval_Basics" name="test_useCase_ContainsOverlapAbutGap_zeroDuration"/>
  <testcase time="0" classname="org.joda.time.TestInterval_Basics" name="testContains_RInterval_zeroDuration"/>
  <testcase time="0" classname="org.joda.time.TestInterval_Basics" name="testWithChronology1"/>
  <testcase time="0" classname="org.joda.time.TestInterval_Basics" name="testWithChronology2"/>
  <testcase time="0" classname="org.joda.time.TestInterval_Basics" name="testWithChronology3"/>
  <testcase time="0" classname="org.joda.time.TestInterval_Basics" name="testOverlap_RInterval_zoneUTC"/>
  <testcase time="0" classname="org.joda.time.TestInterval_Basics" name="testContains_RI_zeroDuration"/>
  <testcase time="0.001" classname="org.joda.time.TestInterval_Basics" name="testEqualsHashCodeLenient"/>
  <testcase time="0" classname="org.joda.time.TestInterval_Basics" name="testIsAfter_RInterval"/>
  <testcase time="0" classname="org.joda.time.TestInterval_Basics" name="testAbuts_RInterval_null"/>
  <testcase time="0" classname="org.joda.time.TestInterval_Basics" name="testOverlap_RInterval"/>
  <testcase time="0" classname="org.joda.time.TestInterval_Basics" name="testOverlaps_RInterval_zeroDuration"/>
  <testcase time="0" classname="org.joda.time.TestInterval_Basics" name="testToPeriod_PeriodType1"/>
  <testcase time="0" classname="org.joda.time.TestInterval_Basics" name="testToPeriod_PeriodType2"/>
  <testcase time="0.001" classname="org.joda.time.TestInterval_Basics" name="testWithEndMillis_long1"/>
  <testcase time="0" classname="org.joda.time.TestInterval_Basics" name="testWithEndMillis_long2"/>
  <testcase time="0" classname="org.joda.time.TestInterval_Basics" name="testWithEndMillis_long3"/>
  <testcase time="0" classname="org.joda.time.TestInterval_Basics" name="testContains_RInterval_null"/>
  <testcase time="0" classname="org.joda.time.TestInterval_Basics" name="testIsAfter_RInterval_null"/>
  <testcase time="0.001" classname="org.joda.time.TestInterval_Basics" name="testGap_RInterval_null"/>
  <testcase time="0" classname="org.joda.time.TestInterval_Basics" name="testGap_RInterval_zone"/>
  <testcase time="0" classname="org.joda.time.TestLocalDateTime_Constructors" name="testConstructor_Object_ChronologyMoscowBadDateTime"/>
  <testcase time="0" classname="org.joda.time.TestLocalDateTime_Constructors" name="testConstructor_Object_Chronology"/>
  <testcase time="0" classname="org.joda.time.TestLocalDateTime_Constructors" name="testConstructor_long2_DateTimeZone"/>
  <testcase time="0" classname="org.joda.time.TestLocalDateTime_Constructors" name="testConstructor_nullObject_Chronology"/>
  <testcase time="0" classname="org.joda.time.TestLocalDateTime_Constructors" name="testConstructor_ObjectLocalDate"/>
  <testcase time="0" classname="org.joda.time.TestLocalDateTime_Constructors" name="testConstructor_ObjectLocalTime"/>
  <testcase time="0.001" classname="org.joda.time.TestLocalDateTime_Constructors" name="testConstructor_Object1"/>
  <testcase time="0" classname="org.joda.time.TestLocalDateTime_Constructors" name="testConstructor_nullObject_nullDateTimeZone"/>
  <testcase time="0" classname="org.joda.time.TestLocalDateTime_Constructors" name="testConstructor_int_int_int_int_int_int"/>
  <testcase time="0" classname="org.joda.time.TestLocalDateTime_Constructors" name="testFactory_FromCalendarFields"/>
  <testcase time="0.001" classname="org.joda.time.TestLocalDateTime_Constructors" name="testConstructor_long1_DateTimeZone"/>
  <testcase time="0" classname="org.joda.time.TestLocalDateTime_Constructors" name="testConstructor_int_int_int_Chronology"/>
  <testcase time="0" classname="org.joda.time.TestLocalDateTime_Constructors" name="testConstructor_Object_DateTimeZone"/>
  <testcase time="0" classname="org.joda.time.TestLocalDateTime_Constructors" name="testConstructor_Chronology"/>
  <testcase time="0" classname="org.joda.time.TestLocalDateTime_Constructors" name="testConstructor_nullObject_nullChronology"/>
  <testcase time="0" classname="org.joda.time.TestLocalDateTime_Constructors" name="testConstructor_ObjectStringEx1"/>
  <testcase time="0" classname="org.joda.time.TestLocalDateTime_Constructors" name="testConstructor_ObjectStringEx2"/>
  <testcase time="0" classname="org.joda.time.TestLocalDateTime_Constructors" name="testConstructor_ObjectStringEx3"/>
  <testcase time="0" classname="org.joda.time.TestLocalDateTime_Constructors" name="testConstructor_ObjectStringEx4"/>
  <testcase time="0" classname="org.joda.time.TestLocalDateTime_Constructors" name="testConstructor_ObjectStringEx5"/>
  <testcase time="0" classname="org.joda.time.TestLocalDateTime_Constructors" name="testConstructor_ObjectStringEx6"/>
  <testcase time="0" classname="org.joda.time.TestLocalDateTime_Constructors" name="testConstructor_long_nullChronology"/>
  <testcase time="0" classname="org.joda.time.TestLocalDateTime_Constructors" name="testConstructor_nullObject_DateTimeZone"/>
  <testcase time="0" classname="org.joda.time.TestLocalDateTime_Constructors" name="testConstructor_int_int_int_int_int"/>
  <testcase time="0" classname="org.joda.time.TestLocalDateTime_Constructors" name="testConstructor_long1"/>
  <testcase time="0" classname="org.joda.time.TestLocalDateTime_Constructors" name="testConstructor_long2"/>
  <testcase time="0" classname="org.joda.time.TestLocalDateTime_Constructors" name="testConstructor_DateTimeZone"/>
  <testcase time="0" classname="org.joda.time.TestLocalDateTime_Constructors" name="testConstructor_nullObject"/>
  <testcase time="0" classname="org.joda.time.TestLocalDateTime_Constructors" name="testConstructor_long_nullDateTimeZone"/>
  <testcase time="0" classname="org.joda.time.TestLocalDateTime_Constructors" name="testConstructor_Object_nullChronology"/>
  <testcase time="0.001" classname="org.joda.time.TestLocalDateTime_Constructors" name="testConstructor_Object_DateTimeZoneMoscowBadDateTime"/>
  <testcase time="0" classname="org.joda.time.TestLocalDateTime_Constructors" name="testConstructor_int_int_int_int_int_int_int"/>
  <testcase time="0" classname="org.joda.time.TestLocalDateTime_Constructors" name="testConstructor_long1_Chronology"/>
  <testcase time="0" classname="org.joda.time.TestLocalDateTime_Constructors" name="testConstructor_Object_nullDateTimeZone"/>
  <testcase time="0" classname="org.joda.time.TestLocalDateTime_Constructors" name="testConstructor_Object_ChronologyMoscow"/>
  <testcase time="0" classname="org.joda.time.TestLocalDateTime_Constructors" name="testConstructor_nullChronology"/>
  <testcase time="0" classname="org.joda.time.TestLocalDateTime_Constructors" name="testConstructor_int_int_int_nullChronology"/>
  <testcase time="0" classname="org.joda.time.TestLocalDateTime_Constructors" name="testConstructor_long2_Chronology"/>
  <testcase time="0" classname="org.joda.time.TestLocalDateTime_Constructors" name="testConstructor_nullDateTimeZone"/>
  <testcase time="0" classname="org.joda.time.TestLocalDateTime_Constructors" name="testConstructor_ObjectLocalDateTime"/>
  <testcase time="0" classname="org.joda.time.TestLocalDateTime_Constructors" name="testConstructor_Object_DateTimeZoneMoscow"/>
  <testcase time="0" classname="org.joda.time.TestLocalDateTime_Constructors" name="testParse_formatter"/>
  <testcase time="0" classname="org.joda.time.TestLocalDateTime_Constructors" name="testParse_noFormatter"/>
  <testcase time="0" classname="org.joda.time.TestLocalDateTime_Constructors" name="testFactory_FromDateFields"/>
  <testcase time="0" classname="org.joda.time.TestLocalDateTime_Constructors" name="testConstructor"/>
  <testcase time="0" classname="org.joda.time.TestLocalDateTime_Constructors" name="testConstructor_ObjectString1"/>
  <testcase time="0" classname="org.joda.time.TestLocalDateTime_Constructors" name="testConstructor_ObjectString2"/>
  <testcase time="0" classname="org.joda.time.TestLocalDateTime_Constructors" name="testConstructor_ObjectString3"/>
  <testcase time="0.001" classname="org.joda.time.TestLocalDateTime_Constructors" name="testConstructor_ObjectString4"/>
  <testcase time="0" classname="org.joda.time.TestLocalDateTime_Basics" name="testMinusHours_int"/>
  <testcase time="0" classname="org.joda.time.TestLocalDateTime_Basics" name="testGetFieldTypes"/>
  <testcase time="0.003" classname="org.joda.time.TestLocalDateTime_Basics" name="testToDate_springDST"/>
  <testcase time="0" classname="org.joda.time.TestLocalDateTime_Basics" name="testToDateTime_nullZone"/>
  <testcase time="0" classname="org.joda.time.TestLocalDateTime_Basics" name="testPlusHours_int"/>
  <testcase time="0.001" classname="org.joda.time.TestLocalDateTime_Basics" name="testGetField_int"/>
  <testcase time="0" classname="org.joda.time.TestLocalDateTime_Basics" name="testToDate_summer"/>
  <testcase time="0" classname="org.joda.time.TestLocalDateTime_Basics" name="testToDate_winter"/>
  <testcase time="0.001" classname="org.joda.time.TestLocalDateTime_Basics" name="testToDate_autumnDST"/>
  <testcase time="0.002" classname="org.joda.time.TestLocalDateTime_Basics" name="testToDate_springDST_2Hour40Savings"/>
  <testcase time="0" classname="org.joda.time.TestLocalDateTime_Basics" name="testMinusSeconds_int"/>
  <testcase time="0" classname="org.joda.time.TestLocalDateTime_Basics" name="testPlusMonths_int"/>
  <testcase time="0.001" classname="org.joda.time.TestLocalDateTime_Basics" name="testToString_String"/>
  <testcase time="0.001" classname="org.joda.time.TestLocalDateTime_Basics" name="testSerialization"/>
  <testcase time="0" classname="org.joda.time.TestLocalDateTime_Basics" name="testPlusMillis_int"/>
  <testcase time="0" classname="org.joda.time.TestLocalDateTime_Basics" name="testSize"/>
  <testcase time="0.001" classname="org.joda.time.TestLocalDateTime_Basics" name="testEqualsHashCode"/>
  <testcase time="0" classname="org.joda.time.TestLocalDateTime_Basics" name="testToString"/>
  <testcase time="0" classname="org.joda.time.TestLocalDateTime_Basics" name="testMinusWeeks_int"/>
  <testcase time="0" classname="org.joda.time.TestLocalDateTime_Basics" name="testIsEqual_LocalDateTime"/>
  <testcase time="0" classname="org.joda.time.TestLocalDateTime_Basics" name="testPlus_RP"/>
  <testcase time="0" classname="org.joda.time.TestLocalDateTime_Basics" name="testPlusWeeks_int"/>
  <testcase time="0" classname="org.joda.time.TestLocalDateTime_Basics" name="testWithField_DateTimeFieldType_int_1"/>
  <testcase time="0" classname="org.joda.time.TestLocalDateTime_Basics" name="testWithField_DateTimeFieldType_int_2"/>
  <testcase time="0" classname="org.joda.time.TestLocalDateTime_Basics" name="testWithField_DateTimeFieldType_int_3"/>
  <testcase time="0" classname="org.joda.time.TestLocalDateTime_Basics" name="testWithFieldAdded_DurationFieldType_int_1"/>
  <testcase time="0" classname="org.joda.time.TestLocalDateTime_Basics" name="testWithFieldAdded_DurationFieldType_int_2"/>
  <testcase time="0.001" classname="org.joda.time.TestLocalDateTime_Basics" name="testWithFieldAdded_DurationFieldType_int_3"/>
  <testcase time="0" classname="org.joda.time.TestLocalDateTime_Basics" name="testWithFieldAdded_DurationFieldType_int_4"/>
  <testcase time="0" classname="org.joda.time.TestLocalDateTime_Basics" name="testCompareTo"/>
  <testcase time="0" classname="org.joda.time.TestLocalDateTime_Basics" name="testToString_DTFormatter"/>
  <testcase time="0.001" classname="org.joda.time.TestLocalDateTime_Basics" name="testMinusMonths_int"/>
  <testcase time="0" classname="org.joda.time.TestLocalDateTime_Basics" name="testMinusDays_int"/>
  <testcase time="0" classname="org.joda.time.TestLocalDateTime_Basics" name="testMinus_RP"/>
  <testcase time="0" classname="org.joda.time.TestLocalDateTime_Basics" name="testPlusMinutes_int"/>
  <testcase time="0" classname="org.joda.time.TestLocalDateTime_Basics" name="testGetters"/>
  <testcase time="0.001" classname="org.joda.time.TestLocalDateTime_Basics" name="testMinusMillis_int"/>
  <testcase time="0" classname="org.joda.time.TestLocalDateTime_Basics" name="testProperty"/>
  <testcase time="0" classname="org.joda.time.TestLocalDateTime_Basics" name="testToDateTime_nullRI"/>
  <testcase time="0.001" classname="org.joda.time.TestLocalDateTime_Basics" name="testWithDate"/>
  <testcase time="0" classname="org.joda.time.TestLocalDateTime_Basics" name="testWithTime"/>
  <testcase time="0" classname="org.joda.time.TestLocalDateTime_Basics" name="testIsBefore_LocalDateTime"/>
  <testcase time="0" classname="org.joda.time.TestLocalDateTime_Basics" name="testMinusMinutes_int"/>
  <testcase time="0" classname="org.joda.time.TestLocalDateTime_Basics" name="testIsSupported_DurationFieldType"/>
  <testcase time="0.001" classname="org.joda.time.TestLocalDateTime_Basics" name="testIsSupported_DateTimeFieldType"/>
  <testcase time="0" classname="org.joda.time.TestLocalDateTime_Basics" name="testGetValue_int"/>
  <testcase time="0" classname="org.joda.time.TestLocalDateTime_Basics" name="testPlusDays_int"/>
  <testcase time="0" classname="org.joda.time.TestLocalDateTime_Basics" name="testMinusYears_int"/>
  <testcase time="0" classname="org.joda.time.TestLocalDateTime_Basics" name="testPlusYears_int"/>
  <testcase time="0.001" classname="org.joda.time.TestLocalDateTime_Basics" name="testToDateTime_Zone"/>
  <testcase time="0" classname="org.joda.time.TestLocalDateTime_Basics" name="testToString_String_Locale"/>
  <testcase time="0" classname="org.joda.time.TestLocalDateTime_Basics" name="testToDateTime_RI"/>
  <testcase time="0.001" classname="org.joda.time.TestLocalDateTime_Basics" name="testWithers"/>
  <testcase time="0" classname="org.joda.time.TestLocalDateTime_Basics" name="testToDateTime"/>
  <testcase time="0" classname="org.joda.time.TestLocalDateTime_Basics" name="testGetFields"/>
  <testcase time="0" classname="org.joda.time.TestLocalDateTime_Basics" name="testGetFieldType_int"/>
  <testcase time="0" classname="org.joda.time.TestLocalDateTime_Basics" name="testGet_DateTimeFieldType"/>
  <testcase time="0" classname="org.joda.time.TestLocalDateTime_Basics" name="testGetValues"/>
  <testcase time="0" classname="org.joda.time.TestLocalDateTime_Basics" name="testToLocalDate"/>
  <testcase time="0" classname="org.joda.time.TestLocalDateTime_Basics" name="testToLocalTime"/>
  <testcase time="0" classname="org.joda.time.TestLocalDateTime_Basics" name="testIsAfter_LocalDateTime"/>
  <testcase time="0" classname="org.joda.time.TestLocalDateTime_Basics" name="testPlusSeconds_int"/>
  <testcase time="0" classname="org.joda.time.TestLocalDateTime_Properties" name="testPropertyAddWrapFieldToCopySecond"/>
  <testcase time="0" classname="org.joda.time.TestLocalDateTime_Properties" name="testPropertyAddToCopyMinute"/>
  <testcase time="0" classname="org.joda.time.TestLocalDateTime_Properties" name="testPropertyAddWrapFieldToCopyDay"/>
  <testcase time="0" classname="org.joda.time.TestLocalDateTime_Properties" name="testPropertyCompareToHour"/>
  <testcase time="0" classname="org.joda.time.TestLocalDateTime_Properties" name="testPropertyCompareToYear"/>
  <testcase time="0" classname="org.joda.time.TestLocalDateTime_Properties" name="testPropertyAddToCopySecond"/>
  <testcase time="0" classname="org.joda.time.TestLocalDateTime_Properties" name="testPropertyGetMaxMinValuesMinute"/>
  <testcase time="0" classname="org.joda.time.TestLocalDateTime_Properties" name="testPropertyGetMaxMinValuesSecond"/>
  <testcase time="0" classname="org.joda.time.TestLocalDateTime_Properties" name="testPropertyCompareToMinute"/>
  <testcase time="0" classname="org.joda.time.TestLocalDateTime_Properties" name="testPropertySetCopyTextYear"/>
  <testcase time="0" classname="org.joda.time.TestLocalDateTime_Properties" name="testPropertyCompareToMilli"/>
  <testcase time="0" classname="org.joda.time.TestLocalDateTime_Properties" name="testPropertyCompareToMonth"/>
  <testcase time="0.001" classname="org.joda.time.TestLocalDateTime_Properties" name="testPropertyCompareToSecond"/>
  <testcase time="0" classname="org.joda.time.TestLocalDateTime_Properties" name="testPropertyWithMaximumValueDayOfMonth"/>
  <testcase time="0" classname="org.joda.time.TestLocalDateTime_Properties" name="testPropertyAddToCopyHour"/>
  <testcase time="0" classname="org.joda.time.TestLocalDateTime_Properties" name="testPropertyAddToCopyYear"/>
  <testcase time="0" classname="org.joda.time.TestLocalDateTime_Properties" name="testPropertyAddWrapFieldToCopyMilli"/>
  <testcase time="0" classname="org.joda.time.TestLocalDateTime_Properties" name="testPropertyAddWrapFieldToCopyMonth"/>
  <testcase time="0" classname="org.joda.time.TestLocalDateTime_Properties" name="testPropertySetCopyTextDay"/>
  <testcase time="0" classname="org.joda.time.TestLocalDateTime_Properties" name="testPropertySetCopyTextMonth"/>
  <testcase time="0" classname="org.joda.time.TestLocalDateTime_Properties" name="testPropertyGetHour"/>
  <testcase time="0" classname="org.joda.time.TestLocalDateTime_Properties" name="testPropertyGetYear"/>
  <testcase time="0" classname="org.joda.time.TestLocalDateTime_Properties" name="testPropertyGetMaxMinValuesHour"/>
  <testcase time="0" classname="org.joda.time.TestLocalDateTime_Properties" name="testPropertyGetMaxMinValuesYear"/>
  <testcase time="0" classname="org.joda.time.TestLocalDateTime_Properties" name="testPropertyWithMaxMinValueHour"/>
  <testcase time="0" classname="org.joda.time.TestLocalDateTime_Properties" name="testPropertyWithMinimumValueHour"/>
  <testcase time="0" classname="org.joda.time.TestLocalDateTime_Properties" name="testPropertyHashCode"/>
  <testcase time="0" classname="org.joda.time.TestLocalDateTime_Properties" name="testPropertyWithMaximumValueHour"/>
  <testcase time="0.001" classname="org.joda.time.TestLocalDateTime_Properties" name="testPropertyRoundHour"/>
  <testcase time="0" classname="org.joda.time.TestLocalDateTime_Properties" name="testPropertySetCopyMonth"/>
  <testcase time="0" classname="org.joda.time.TestLocalDateTime_Properties" name="testPropertySetMinute"/>
  <testcase time="0" classname="org.joda.time.TestLocalDateTime_Properties" name="testPropertyAddToCopyDay"/>
  <testcase time="0" classname="org.joda.time.TestLocalDateTime_Properties" name="testPropertyWithMinimumValueDayOfMonth"/>
  <testcase time="0" classname="org.joda.time.TestLocalDateTime_Properties" name="testPropertySetSecond"/>
  <testcase time="0" classname="org.joda.time.TestLocalDateTime_Properties" name="testPropertyGetMinute"/>
  <testcase time="0" classname="org.joda.time.TestLocalDateTime_Properties" name="testPropertyGetSecond"/>
  <testcase time="0" classname="org.joda.time.TestLocalDateTime_Properties" name="testPropertyWithMaxMinValueMinute"/>
  <testcase time="0.001" classname="org.joda.time.TestLocalDateTime_Properties" name="testPropertySetTextHour"/>
  <testcase time="0" classname="org.joda.time.TestLocalDateTime_Properties" name="testPropertyAddToCopyMilli"/>
  <testcase time="0" classname="org.joda.time.TestLocalDateTime_Properties" name="testPropertyAddToCopyMonth"/>
  <testcase time="0" classname="org.joda.time.TestLocalDateTime_Properties" name="testPropertyWithMaxMinValueSecond"/>
  <testcase time="0.001" classname="org.joda.time.TestLocalDateTime_Properties" name="testPropertyEquals"/>
  <testcase time="0" classname="org.joda.time.TestLocalDateTime_Properties" name="testPropertyGetDay"/>
  <testcase time="0" classname="org.joda.time.TestLocalDateTime_Properties" name="testPropertySetMilli"/>
  <testcase time="0" classname="org.joda.time.TestLocalDateTime_Properties" name="testPropertySetCopyDay"/>
  <testcase time="0" classname="org.joda.time.TestLocalDateTime_Properties" name="testPropertyCompareToDay"/>
  <testcase time="0" classname="org.joda.time.TestLocalDateTime_Properties" name="testPropertyAddWrapFieldToCopyHour"/>
  <testcase time="0" classname="org.joda.time.TestLocalDateTime_Properties" name="testPropertyAddWrapFieldToCopyYear"/>
  <testcase time="0" classname="org.joda.time.TestLocalDateTime_Properties" name="testPropertySetCopyYear"/>
  <testcase time="0" classname="org.joda.time.TestLocalDateTime_Properties" name="testPropertyWithMaxMinValueMilli"/>
  <testcase time="0" classname="org.joda.time.TestLocalDateTime_Properties" name="testPropertySetHour"/>
  <testcase time="0" classname="org.joda.time.TestLocalDateTime_Properties" name="testPropertySetTextMinute"/>
  <testcase time="0" classname="org.joda.time.TestLocalDateTime_Properties" name="testPropertyGetMilli"/>
  <testcase time="0" classname="org.joda.time.TestLocalDateTime_Properties" name="testPropertyGetMonth"/>
  <testcase time="0" classname="org.joda.time.TestLocalDateTime_Properties" name="testPropertySetTextMilli"/>
  <testcase time="0" classname="org.joda.time.TestLocalDateTime_Properties" name="testPropertySetTextSecond"/>
  <testcase time="0" classname="org.joda.time.TestLocalDateTime_Properties" name="testPropertyGetMaxMinValuesDay"/>
  <testcase time="0" classname="org.joda.time.TestLocalDateTime_Properties" name="testPropertyGetMaxMinValuesMilli"/>
  <testcase time="0" classname="org.joda.time.TestLocalDateTime_Properties" name="testPropertyGetMaxMinValuesMonth"/>
  <testcase time="0.001" classname="org.joda.time.TestLocalDateTime_Properties" name="testPropertyAddWrapFieldToCopyMinute"/>
  <testcase time="0" classname="org.joda.time.TestLocalDate_Constructors" name="testConstructor_Object_Chronology"/>
  <testcase time="0" classname="org.joda.time.TestLocalDate_Constructors" name="testConstructor_ObjectYearMonthDay"/>
  <testcase time="0" classname="org.joda.time.TestLocalDate_Constructors" name="testConstructor_long2_DateTimeZone"/>
  <testcase time="0" classname="org.joda.time.TestLocalDate_Constructors" name="testConstructor_nullObject_Chronology"/>
  <testcase time="0" classname="org.joda.time.TestLocalDate_Constructors" name="testConstructor_ObjectLocalDate"/>
  <testcase time="0" classname="org.joda.time.TestLocalDate_Constructors" name="testConstructor_ObjectLocalTime"/>
  <testcase time="0" classname="org.joda.time.TestLocalDate_Constructors" name="testConstructor_Object1"/>
  <testcase time="0" classname="org.joda.time.TestLocalDate_Constructors" name="testConstructor_nullObject_nullDateTimeZone"/>
  <testcase time="0" classname="org.joda.time.TestLocalDate_Constructors" name="testFactory_FromCalendarFields"/>
  <testcase time="0" classname="org.joda.time.TestLocalDate_Constructors" name="testConstructor_long1_DateTimeZone"/>
  <testcase time="0" classname="org.joda.time.TestLocalDate_Constructors" name="testConstructor_int_int_int_Chronology"/>
  <testcase time="0" classname="org.joda.time.TestLocalDate_Constructors" name="testConstructor_Object_DateTimeZone"/>
  <testcase time="0" classname="org.joda.time.TestLocalDate_Constructors" name="testConstructor_Chronology"/>
  <testcase time="0" classname="org.joda.time.TestLocalDate_Constructors" name="testConstructor_nullObject_nullChronology"/>
  <testcase time="0" classname="org.joda.time.TestLocalDate_Constructors" name="testConstructor_ObjectStringEx1"/>
  <testcase time="0" classname="org.joda.time.TestLocalDate_Constructors" name="testConstructor_ObjectStringEx2"/>
  <testcase time="0" classname="org.joda.time.TestLocalDate_Constructors" name="testConstructor_ObjectStringEx3"/>
  <testcase time="0" classname="org.joda.time.TestLocalDate_Constructors" name="testConstructor_ObjectStringEx4"/>
  <testcase time="0" classname="org.joda.time.TestLocalDate_Constructors" name="testConstructor_ObjectStringEx5"/>
  <testcase time="0" classname="org.joda.time.TestLocalDate_Constructors" name="testConstructor_ObjectStringEx6"/>
  <testcase time="0" classname="org.joda.time.TestLocalDate_Constructors" name="testConstructor_ObjectStringEx7"/>
  <testcase time="0" classname="org.joda.time.TestLocalDate_Constructors" name="testConstructor_long_nullChronology"/>
  <testcase time="0" classname="org.joda.time.TestLocalDate_Constructors" name="testConstructor_nullObject_DateTimeZone"/>
  <testcase time="0" classname="org.joda.time.TestLocalDate_Constructors" name="testConstructor_long1"/>
  <testcase time="0" classname="org.joda.time.TestLocalDate_Constructors" name="testConstructor_long2"/>
  <testcase time="0" classname="org.joda.time.TestLocalDate_Constructors" name="testConstructor_DateTimeZone"/>
  <testcase time="0.001" classname="org.joda.time.TestLocalDate_Constructors" name="testConstructor_nullObject"/>
  <testcase time="0" classname="org.joda.time.TestLocalDate_Constructors" name="testConstructor_long_nullDateTimeZone"/>
  <testcase time="0" classname="org.joda.time.TestLocalDate_Constructors" name="testConstructor_Object_nullChronology"/>
  <testcase time="0" classname="org.joda.time.TestLocalDate_Constructors" name="testConstructor_long1_Chronology"/>
  <testcase time="0" classname="org.joda.time.TestLocalDate_Constructors" name="testConstructor_Object_nullDateTimeZone"/>
  <testcase time="0" classname="org.joda.time.TestLocalDate_Constructors" name="testConstructor_nullChronology"/>
  <testcase time="0" classname="org.joda.time.TestLocalDate_Constructors" name="testConstructor_int_int_int_nullChronology"/>
  <testcase time="0" classname="org.joda.time.TestLocalDate_Constructors" name="testConstructor_long2_Chronology"/>
  <testcase time="0" classname="org.joda.time.TestLocalDate_Constructors" name="testConstructor_int_int_int"/>
  <testcase time="0" classname="org.joda.time.TestLocalDate_Constructors" name="testConstructor_nullDateTimeZone"/>
  <testcase time="0" classname="org.joda.time.TestLocalDate_Constructors" name="testConstructor_ObjectLocalDateTime"/>
  <testcase time="0" classname="org.joda.time.TestLocalDate_Constructors" name="testConstructor_long4_DateTimeZone"/>
  <testcase time="0" classname="org.joda.time.TestLocalDate_Constructors" name="testParse_formatter"/>
  <testcase time="0" classname="org.joda.time.TestLocalDate_Constructors" name="testConstructor_long3_DateTimeZone"/>
  <testcase time="0" classname="org.joda.time.TestLocalDate_Constructors" name="testParse_noFormatter"/>
  <testcase time="0" classname="org.joda.time.TestLocalDate_Constructors" name="testFactory_FromDateFields"/>
  <testcase time="0" classname="org.joda.time.TestLocalDate_Constructors" name="testConstructor"/>
  <testcase time="0.001" classname="org.joda.time.TestLocalDate_Constructors" name="testConstructor_ObjectString1"/>
  <testcase time="0" classname="org.joda.time.TestLocalDate_Constructors" name="testConstructor_ObjectString2"/>
  <testcase time="0" classname="org.joda.time.TestLocalDate_Constructors" name="testConstructor_ObjectString3"/>
  <testcase time="0" classname="org.joda.time.TestLocalDate_Basics" name="testToDateTimeAtCurrentTime_Zone"/>
  <testcase time="0" classname="org.joda.time.TestLocalDate_Basics" name="testGetFieldTypes"/>
  <testcase time="0" classname="org.joda.time.TestLocalDate_Basics" name="testToDate_springDST"/>
  <testcase time="0" classname="org.joda.time.TestLocalDate_Basics" name="testGetField_int"/>
  <testcase time="0.001" classname="org.joda.time.TestLocalDate_Basics" name="testToLocalDateTime_wrongChronologyLocalTime"/>
  <testcase time="0" classname="org.joda.time.TestLocalDate_Basics" name="testToDate_summer"/>
  <testcase time="0" classname="org.joda.time.TestLocalDate_Basics" name="testToDate_winter"/>
  <testcase time="0" classname="org.joda.time.TestLocalDate_Basics" name="testToInterval_nullZone"/>
  <testcase time="0" classname="org.joda.time.TestLocalDate_Basics" name="testToDateTimeAtStartOfDay_Zone_avoidDST"/>
  <testcase time="0" classname="org.joda.time.TestLocalDate_Basics" name="testToDate_autumnDST"/>
  <testcase time="0.005" classname="org.joda.time.TestLocalDate_Basics" name="testToDate_springDST_2Hour40Savings"/>
  <testcase time="0" classname="org.joda.time.TestLocalDate_Basics" name="testPlusMonths_int"/>
  <testcase time="0" classname="org.joda.time.TestLocalDate_Basics" name="testToString_String"/>
  <testcase time="0.002" classname="org.joda.time.TestLocalDate_Basics" name="testSerialization"/>
  <testcase time="0" classname="org.joda.time.TestLocalDate_Basics" name="testToDateMidnight_Zone"/>
  <testcase time="0" classname="org.joda.time.TestLocalDate_Basics" name="testToDateTime_wrongChronoLocalTime_Zone"/>
  <testcase time="0.001" classname="org.joda.time.TestLocalDate_Basics" name="testToInterval_Zone_noMidnight"/>
  <testcase time="0" classname="org.joda.time.TestLocalDate_Basics" name="testToLocalDateTime_nullLocalTime"/>
  <testcase time="0" classname="org.joda.time.TestLocalDate_Basics" name="testSize"/>
  <testcase time="0.001" classname="org.joda.time.TestLocalDate_Basics" name="testToDateTimeAtCurrentTime"/>
  <testcase time="0" classname="org.joda.time.TestLocalDate_Basics" name="testEqualsHashCode"/>
  <testcase time="0" classname="org.joda.time.TestLocalDate_Basics" name="testToString"/>
  <testcase time="0.001" classname="org.joda.time.TestLocalDate_Basics" name="testToDateMidnight"/>
  <testcase time="0" classname="org.joda.time.TestLocalDate_Basics" name="testMinusWeeks_int"/>
  <testcase time="0" classname="org.joda.time.TestLocalDate_Basics" name="testPlus_RP"/>
  <testcase time="0" classname="org.joda.time.TestLocalDate_Basics" name="testPlusWeeks_int"/>
  <testcase time="0.001" classname="org.joda.time.TestLocalDate_Basics" name="testWithField_DateTimeFieldType_int_1"/>
  <testcase time="0" classname="org.joda.time.TestLocalDate_Basics" name="testWithField_DateTimeFieldType_int_2"/>
  <testcase time="0" classname="org.joda.time.TestLocalDate_Basics" name="testWithField_DateTimeFieldType_int_3"/>
  <testcase time="0" classname="org.joda.time.TestLocalDate_Basics" name="testWithField_DateTimeFieldType_int_4"/>
  <testcase time="0" classname="org.joda.time.TestLocalDate_Basics" name="testWithFieldAdded_DurationFieldType_int_1"/>
  <testcase time="0" classname="org.joda.time.TestLocalDate_Basics" name="testWithFieldAdded_DurationFieldType_int_2"/>
  <testcase time="0" classname="org.joda.time.TestLocalDate_Basics" name="testWithFieldAdded_DurationFieldType_int_3"/>
  <testcase time="0" classname="org.joda.time.TestLocalDate_Basics" name="testWithFieldAdded_DurationFieldType_int_4"/>
  <testcase time="0.001" classname="org.joda.time.TestLocalDate_Basics" name="testWithFieldAdded_DurationFieldType_int_5"/>
  <testcase time="0" classname="org.joda.time.TestLocalDate_Basics" name="testCompareTo"/>
  <testcase time="0" classname="org.joda.time.TestLocalDate_Basics" name="testToString_DTFormatter"/>
  <testcase time="0" classname="org.joda.time.TestLocalDate_Basics" name="testMinusMonths_int"/>
  <testcase time="0.001" classname="org.joda.time.TestLocalDate_Basics" name="testEqualsHashCodeStrict"/>
  <testcase time="0" classname="org.joda.time.TestLocalDate_Basics" name="testToDateTimeAtMidnight_nullZone"/>
  <testcase time="0" classname="org.joda.time.TestLocalDate_Basics" name="testMinusDays_int"/>
  <testcase time="0" classname="org.joda.time.TestLocalDate_Basics" name="testMinus_RP"/>
  <testcase time="0" classname="org.joda.time.TestLocalDate_Basics" name="testToDateTime_nullLocalTime"/>
  <testcase time="0" classname="org.joda.time.TestLocalDate_Basics" name="testGetters"/>
  <testcase time="0" classname="org.joda.time.TestLocalDate_Basics" name="testToDateTime_LocalTime_Zone"/>
  <testcase time="0" classname="org.joda.time.TestLocalDate_Basics" name="testToDateTime_LocalTime_nullZone"/>
  <testcase time="0" classname="org.joda.time.TestLocalDate_Basics" name="testProperty"/>
  <testcase time="0" classname="org.joda.time.TestLocalDate_Basics" name="testToDateTimeAtStartOfDay_Zone"/>
  <testcase time="0" classname="org.joda.time.TestLocalDate_Basics" name="testToDateTime_nullRI"/>
  <testcase time="0.001" classname="org.joda.time.TestLocalDate_Basics" name="testIsAfter_LocalDate"/>
  <testcase time="0" classname="org.joda.time.TestLocalDate_Basics" name="testToLocalDateTime_LocalTime"/>
  <testcase time="0" classname="org.joda.time.TestLocalDate_Basics" name="testToInterval"/>
  <testcase time="0" classname="org.joda.time.TestLocalDate_Basics" name="testIsSupported_DurationFieldType"/>
  <testcase time="0.001" classname="org.joda.time.TestLocalDate_Basics" name="testToDateTime_LocalTime"/>
  <testcase time="0" classname="org.joda.time.TestLocalDate_Basics" name="testToDateTimeAtMidnight"/>
  <testcase time="0" classname="org.joda.time.TestLocalDate_Basics" name="testIsSupported_DateTimeFieldType"/>
  <testcase time="0" classname="org.joda.time.TestLocalDate_Basics" name="testToDateTime_nullLocalTime_Zone"/>
  <testcase time="0" classname="org.joda.time.TestLocalDate_Basics" name="testGetValue_int"/>
  <testcase time="0" classname="org.joda.time.TestLocalDate_Basics" name="testToDateTimeAtCurrentTime_nullZone"/>
  <testcase time="0" classname="org.joda.time.TestLocalDate_Basics" name="testPlusDays_int"/>
  <testcase time="0" classname="org.joda.time.TestLocalDate_Basics" name="testMinusYears_int"/>
  <testcase time="0" classname="org.joda.time.TestLocalDate_Basics" name="testPlusYears_int"/>
  <testcase time="0.001" classname="org.joda.time.TestLocalDate_Basics" name="testToString_String_Locale"/>
  <testcase time="0" classname="org.joda.time.TestLocalDate_Basics" name="testToDateTime_RI"/>
  <testcase time="0" classname="org.joda.time.TestLocalDate_Basics" name="testWithers"/>
  <testcase time="0" classname="org.joda.time.TestLocalDate_Basics" name="testGetFields"/>
  <testcase time="0" classname="org.joda.time.TestLocalDate_Basics" name="testToDateTimeAtMidnight_Zone"/>
  <testcase time="0" classname="org.joda.time.TestLocalDate_Basics" name="testToDateTimeAtStartOfDay_avoidDST"/>
  <testcase time="0" classname="org.joda.time.TestLocalDate_Basics" name="testGetFieldType_int"/>
  <testcase time="0" classname="org.joda.time.TestLocalDate_Basics" name="testGet_DateTimeFieldType"/>
  <testcase time="0" classname="org.joda.time.TestLocalDate_Basics" name="testToDateTimeAtStartOfDay_nullZone"/>
  <testcase time="0" classname="org.joda.time.TestLocalDate_Basics" name="testGetValues"/>
  <testcase time="0" classname="org.joda.time.TestLocalDate_Basics" name="testIsEqual_LocalDate"/>
  <testcase time="0" classname="org.joda.time.TestLocalDate_Basics" name="testEqualsHashCodeLenient"/>
  <testcase time="0.001" classname="org.joda.time.TestLocalDate_Basics" name="testToDateMidnight_nullZone"/>
  <testcase time="0" classname="org.joda.time.TestLocalDate_Basics" name="testToDateTimeAtStartOfDay"/>
  <testcase time="0" classname="org.joda.time.TestLocalDate_Basics" name="testEqualsHashCodeAPI"/>
  <testcase time="0" classname="org.joda.time.TestLocalDate_Basics" name="testToInterval_Zone"/>
  <testcase time="0" classname="org.joda.time.TestLocalDate_Basics" name="testIsBefore_LocalDate"/>
  <testcase time="0" classname="org.joda.time.TestLocalDate_Properties" name="testPropertyAddWrapFieldToCopyDay"/>
  <testcase time="0" classname="org.joda.time.TestLocalDate_Properties" name="testPropertyCompareToYear"/>
  <testcase time="0.001" classname="org.joda.time.TestLocalDate_Properties" name="testPropertyEqualsHashCodeLenient"/>
  <testcase time="0" classname="org.joda.time.TestLocalDate_Properties" name="testPropertySetCopyTextYear"/>
  <testcase time="0" classname="org.joda.time.TestLocalDate_Properties" name="testPropertyCompareToMonth"/>
  <testcase time="0" classname="org.joda.time.TestLocalDate_Properties" name="testPropertyWithMaximumValueDayOfMonth"/>
  <testcase time="0.001" classname="org.joda.time.TestLocalDate_Properties" name="testPropertyAddToCopyYear"/>
  <testcase time="0" classname="org.joda.time.TestLocalDate_Properties" name="testPropertyAddWrapFieldToCopyMonth"/>
  <testcase time="0" classname="org.joda.time.TestLocalDate_Properties" name="testPropertySetCopyTextDay"/>
  <testcase time="0" classname="org.joda.time.TestLocalDate_Properties" name="testPropertySetCopyTextMonth"/>
  <testcase time="0.001" classname="org.joda.time.TestLocalDate_Properties" name="testPropertyGetYear"/>
  <testcase time="0" classname="org.joda.time.TestLocalDate_Properties" name="testPropertyGetMaxMinValuesYear"/>
  <testcase time="0" classname="org.joda.time.TestLocalDate_Properties" name="testPropertyHashCode"/>
  <testcase time="0" classname="org.joda.time.TestLocalDate_Properties" name="testPropertySetCopyMonth"/>
  <testcase time="0.001" classname="org.joda.time.TestLocalDate_Properties" name="testPropertyEqualsHashCodeStrict"/>
  <testcase time="0" classname="org.joda.time.TestLocalDate_Properties" name="testPropertyAddToCopyDay"/>
  <testcase time="0" classname="org.joda.time.TestLocalDate_Properties" name="testPropertyWithMinimumValueDayOfMonth"/>
  <testcase time="0" classname="org.joda.time.TestLocalDate_Properties" name="testPropertyAddToCopyMonth"/>
  <testcase time="0" classname="org.joda.time.TestLocalDate_Properties" name="testPropertyEquals"/>
  <testcase time="0" classname="org.joda.time.TestLocalDate_Properties" name="testPropertyGetDay"/>
  <testcase time="0" classname="org.joda.time.TestLocalDate_Properties" name="testPropertySetCopyDay"/>
  <testcase time="0" classname="org.joda.time.TestLocalDate_Properties" name="testPropertyCompareToDay"/>
  <testcase time="0" classname="org.joda.time.TestLocalDate_Properties" name="testPropertyAddWrapFieldToCopyYear"/>
  <testcase time="0" classname="org.joda.time.TestLocalDate_Properties" name="testPropertySetCopyYear"/>
  <testcase time="0.001" classname="org.joda.time.TestLocalDate_Properties" name="testPropertyGetMonth"/>
  <testcase time="0" classname="org.joda.time.TestLocalDate_Properties" name="testPropertyGetMaxMinValuesDay"/>
  <testcase time="0" classname="org.joda.time.TestLocalDate_Properties" name="testPropertyGetMaxMinValuesMonth"/>
  <testcase time="0" classname="org.joda.time.TestLocalTime_Constructors" name="testConstructor_nullObject_Chronology"/>
  <testcase time="0" classname="org.joda.time.TestLocalTime_Constructors" name="testConstructor_ObjectLocalDate"/>
  <testcase time="0.001" classname="org.joda.time.TestLocalTime_Constructors" name="testConstructor_ObjectLocalTime"/>
  <testcase time="0" classname="org.joda.time.TestLocalTime_Constructors" name="testFactoryMillisOfDay_long_Chronology"/>
  <testcase time="0" classname="org.joda.time.TestLocalTime_Constructors" name="testConstructor_Object1"/>
  <testcase time="0.001" classname="org.joda.time.TestLocalTime_Constructors" name="testConstructor_Object2"/>
  <testcase time="0" classname="org.joda.time.TestLocalTime_Constructors" name="testConstructor_nullObject_nullDateTimeZone"/>
  <testcase time="0" classname="org.joda.time.TestLocalTime_Constructors" name="testConstructor_ObjectString_DateTimeZoneLondon"/>
  <testcase time="0" classname="org.joda.time.TestLocalTime_Constructors" name="testConstructor_ObjectString_DateTimeZoneTokyo"/>
  <testcase time="0" classname="org.joda.time.TestLocalTime_Constructors" name="testFactory_FromCalendarFields_Calendar"/>
  <testcase time="0.001" classname="org.joda.time.TestLocalTime_Constructors" name="testConstructor_ObjectString_DateTimeZoneNewYork"/>
  <testcase time="0" classname="org.joda.time.TestLocalTime_Constructors" name="testFactoryMillisOfDay_long"/>
  <testcase time="0" classname="org.joda.time.TestLocalTime_Constructors" name="testFactory_FromDateFields_after1970"/>
  <testcase time="0" classname="org.joda.time.TestLocalTime_Constructors" name="testConstructor_Chronology"/>
  <testcase time="0" classname="org.joda.time.TestLocalTime_Constructors" name="testConstructor_nullObject_nullChronology"/>
  <testcase time="0" classname="org.joda.time.TestLocalTime_Constructors" name="testConstructor_ObjectStringEx1"/>
  <testcase time="0" classname="org.joda.time.TestLocalTime_Constructors" name="testConstructor_ObjectStringEx2"/>
  <testcase time="0" classname="org.joda.time.TestLocalTime_Constructors" name="testConstructor_ObjectStringEx3"/>
  <testcase time="0" classname="org.joda.time.TestLocalTime_Constructors" name="testConstructor_ObjectStringEx4"/>
  <testcase time="0" classname="org.joda.time.TestLocalTime_Constructors" name="testConstructor_ObjectStringEx5"/>
  <testcase time="0" classname="org.joda.time.TestLocalTime_Constructors" name="testConstructor_ObjectStringEx6"/>
  <testcase time="0.001" classname="org.joda.time.TestLocalTime_Constructors" name="testConstantMidnight"/>
  <testcase time="0" classname="org.joda.time.TestLocalTime_Constructors" name="testConstructor_long_nullChronology"/>
  <testcase time="0" classname="org.joda.time.TestLocalTime_Constructors" name="testConstructor_ObjectTimeOfDay"/>
  <testcase time="0" classname="org.joda.time.TestLocalTime_Constructors" name="testConstructor_long_DateTimeZone"/>
  <testcase time="0" classname="org.joda.time.TestLocalTime_Constructors" name="testConstructor_nullObject_DateTimeZone"/>
  <testcase time="0.001" classname="org.joda.time.TestLocalTime_Constructors" name="testConstructor_long_DateTimeZone_2"/>
  <testcase time="0" classname="org.joda.time.TestLocalTime_Constructors" name="testConstructor_int_int_int_int_Chronology"/>
  <testcase time="0" classname="org.joda.time.TestLocalTime_Constructors" name="testFactory_FromDateFields_before1970"/>
  <testcase time="0" classname="org.joda.time.TestLocalTime_Constructors" name="testConstructor_long1"/>
  <testcase time="0" classname="org.joda.time.TestLocalTime_Constructors" name="testConstructor_long2"/>
  <testcase time="0.001" classname="org.joda.time.TestLocalTime_Constructors" name="testConstructor_int_int"/>
  <testcase time="0" classname="org.joda.time.TestLocalTime_Constructors" name="testConstructor_DateTimeZone"/>
  <testcase time="0" classname="org.joda.time.TestLocalTime_Constructors" name="testConstructor_nullObject"/>
  <testcase time="0" classname="org.joda.time.TestLocalTime_Constructors" name="testFactory_FromDateFields_null"/>
  <testcase time="0.001" classname="org.joda.time.TestLocalTime_Constructors" name="testConstructor_Object1_DateTimeZone"/>
  <testcase time="0" classname="org.joda.time.TestLocalTime_Constructors" name="testConstructor_long_nullDateTimeZone"/>
  <testcase time="0" classname="org.joda.time.TestLocalTime_Constructors" name="testConstructor_int_int_int_int_nullChronology"/>
  <testcase time="0" classname="org.joda.time.TestLocalTime_Constructors" name="testConstructor_Object_nullChronology"/>
  <testcase time="0" classname="org.joda.time.TestLocalTime_Constructors" name="testConstructor_int_int_int_int"/>
  <testcase time="0" classname="org.joda.time.TestLocalTime_Constructors" name="testConstructor_long1_Chronology"/>
  <testcase time="0" classname="org.joda.time.TestLocalTime_Constructors" name="testConstructor_Object_nullDateTimeZone"/>
  <testcase time="0" classname="org.joda.time.TestLocalTime_Constructors" name="testConstructor_nullChronology"/>
  <testcase time="0" classname="org.joda.time.TestLocalTime_Constructors" name="testConstructor_long2_Chronology"/>
  <testcase time="0.001" classname="org.joda.time.TestLocalTime_Constructors" name="testConstructor_int_int_int"/>
  <testcase time="0" classname="org.joda.time.TestLocalTime_Constructors" name="testFactoryMillisOfDay_long_nullChronology"/>
  <testcase time="0" classname="org.joda.time.TestLocalTime_Constructors" name="testConstructor_nullDateTimeZone"/>
  <testcase time="0" classname="org.joda.time.TestLocalTime_Constructors" name="testConstructor_ObjectLocalDateTime"/>
  <testcase time="0" classname="org.joda.time.TestLocalTime_Constructors" name="testConstructor_ObjectString1NewYork"/>
  <testcase time="0" classname="org.joda.time.TestLocalTime_Constructors" name="testParse_formatter"/>
  <testcase time="0" classname="org.joda.time.TestLocalTime_Constructors" name="testConstructor_ObjectString1Tokyo"/>
  <testcase time="0" classname="org.joda.time.TestLocalTime_Constructors" name="testConstructor_Object1_Chronology"/>
  <testcase time="0.001" classname="org.joda.time.TestLocalTime_Constructors" name="testParse_noFormatter"/>
  <testcase time="0" classname="org.joda.time.TestLocalTime_Constructors" name="testConstructor_Object2_Chronology"/>
  <testcase time="0" classname="org.joda.time.TestLocalTime_Constructors" name="testConstructor"/>
  <testcase time="0" classname="org.joda.time.TestLocalTime_Constructors" name="testConstructor_ObjectString1"/>
  <testcase time="0" classname="org.joda.time.TestLocalTime_Constructors" name="testConstructor_ObjectString2"/>
  <testcase time="0" classname="org.joda.time.TestLocalTime_Constructors" name="testConstructor_ObjectString3"/>
  <testcase time="0" classname="org.joda.time.TestLocalTime_Constructors" name="testConstructor_ObjectString4"/>
  <testcase time="0" classname="org.joda.time.TestLocalTime_Basics" name="testMinusHours_int"/>
  <testcase time="0" classname="org.joda.time.TestLocalTime_Basics" name="testGetFieldTypes"/>
  <testcase time="0" classname="org.joda.time.TestLocalTime_Basics" name="testPlusHours_int"/>
  <testcase time="0" classname="org.joda.time.TestLocalTime_Basics" name="testGetField_int"/>
  <testcase time="0" classname="org.joda.time.TestLocalTime_Basics" name="testMinusSeconds_int"/>
  <testcase time="0" classname="org.joda.time.TestLocalTime_Basics" name="testToString_String"/>
  <testcase time="0.002" classname="org.joda.time.TestLocalTime_Basics" name="testSerialization"/>
  <testcase time="0" classname="org.joda.time.TestLocalTime_Basics" name="testPlusMillis_int"/>
  <testcase time="0" classname="org.joda.time.TestLocalTime_Basics" name="testSize"/>
  <testcase time="0.001" classname="org.joda.time.TestLocalTime_Basics" name="testEqualsHashCode"/>
  <testcase time="0" classname="org.joda.time.TestLocalTime_Basics" name="testToString"/>
  <testcase time="0" classname="org.joda.time.TestLocalTime_Basics" name="testPlus_RP"/>
  <testcase time="0" classname="org.joda.time.TestLocalTime_Basics" name="testWithField_DateTimeFieldType_int_1"/>
  <testcase time="0" classname="org.joda.time.TestLocalTime_Basics" name="testWithField_DateTimeFieldType_int_2"/>
  <testcase time="0" classname="org.joda.time.TestLocalTime_Basics" name="testWithField_DateTimeFieldType_int_3"/>
  <testcase time="0.001" classname="org.joda.time.TestLocalTime_Basics" name="testWithField_DateTimeFieldType_int_4"/>
  <testcase time="0" classname="org.joda.time.TestLocalTime_Basics" name="testWithFieldAdded_DurationFieldType_int_1"/>
  <testcase time="0" classname="org.joda.time.TestLocalTime_Basics" name="testWithFieldAdded_DurationFieldType_int_2"/>
  <testcase time="0" classname="org.joda.time.TestLocalTime_Basics" name="testWithFieldAdded_DurationFieldType_int_3"/>
  <testcase time="0" classname="org.joda.time.TestLocalTime_Basics" name="testWithFieldAdded_DurationFieldType_int_4"/>
  <testcase time="0" classname="org.joda.time.TestLocalTime_Basics" name="testWithFieldAdded_DurationFieldType_int_5"/>
  <testcase time="0" classname="org.joda.time.TestLocalTime_Basics" name="testWithFieldAdded_DurationFieldType_int_6"/>
  <testcase time="0.001" classname="org.joda.time.TestLocalTime_Basics" name="testWithFieldAdded_DurationFieldType_int_7"/>
  <testcase time="0" classname="org.joda.time.TestLocalTime_Basics" name="testWithFieldAdded_DurationFieldType_int_8"/>
  <testcase time="0" classname="org.joda.time.TestLocalTime_Basics" name="testCompareTo"/>
  <testcase time="0" classname="org.joda.time.TestLocalTime_Basics" name="testToString_DTFormatter"/>
  <testcase time="0" classname="org.joda.time.TestLocalTime_Basics" name="testMinus_RP"/>
  <testcase time="0" classname="org.joda.time.TestLocalTime_Basics" name="testPlusMinutes_int"/>
  <testcase time="0" classname="org.joda.time.TestLocalTime_Basics" name="testGetters"/>
  <testcase time="0" classname="org.joda.time.TestLocalTime_Basics" name="testMinusMillis_int"/>
  <testcase time="0.001" classname="org.joda.time.TestLocalTime_Basics" name="testProperty"/>
  <testcase time="0" classname="org.joda.time.TestLocalTime_Basics" name="testToDateTime_nullRI"/>
  <testcase time="0" classname="org.joda.time.TestLocalTime_Basics" name="testIsAfter_LocalTime"/>
  <testcase time="0" classname="org.joda.time.TestLocalTime_Basics" name="testToDateTimeToday_nullZone"/>
  <testcase time="0" classname="org.joda.time.TestLocalTime_Basics" name="testMinusMinutes_int"/>
  <testcase time="0" classname="org.joda.time.TestLocalTime_Basics" name="testIsSupported_DurationFieldType"/>
  <testcase time="0" classname="org.joda.time.TestLocalTime_Basics" name="testToDateTimeTodayDefaultZone"/>
  <testcase time="0" classname="org.joda.time.TestLocalTime_Basics" name="testIsSupported_DateTimeFieldType"/>
  <testcase time="0" classname="org.joda.time.TestLocalTime_Basics" name="testGetValue_int"/>
  <testcase time="0" classname="org.joda.time.TestLocalTime_Basics" name="testToDateTimeToday_Zone"/>
  <testcase time="0" classname="org.joda.time.TestLocalTime_Basics" name="testToString_String_Locale"/>
  <testcase time="0" classname="org.joda.time.TestLocalTime_Basics" name="testToDateTime_RI"/>
  <testcase time="0" classname="org.joda.time.TestLocalTime_Basics" name="testWithers"/>
  <testcase time="0" classname="org.joda.time.TestLocalTime_Basics" name="testGetFields"/>
  <testcase time="0" classname="org.joda.time.TestLocalTime_Basics" name="testGetFieldType_int"/>
  <testcase time="0" classname="org.joda.time.TestLocalTime_Basics" name="testGet_DateTimeFieldType"/>
  <testcase time="0.001" classname="org.joda.time.TestLocalTime_Basics" name="testGetValues"/>
  <testcase time="0" classname="org.joda.time.TestLocalTime_Basics" name="testIsEqual_LocalTime"/>
  <testcase time="0" classname="org.joda.time.TestLocalTime_Basics" name="testPlusSeconds_int"/>
  <testcase time="0" classname="org.joda.time.TestLocalTime_Basics" name="testIsBefore_LocalTime"/>
  <testcase time="0" classname="org.joda.time.TestLocalTime_Properties" name="testPropertyPlusWrapFieldHour"/>
  <testcase time="0" classname="org.joda.time.TestLocalTime_Properties" name="testPropertyPlusSecond"/>
  <testcase time="0" classname="org.joda.time.TestLocalTime_Properties" name="testPropertyCompareToHour"/>
  <testcase time="0" classname="org.joda.time.TestLocalTime_Properties" name="testPropertyPlusMilli"/>
  <testcase time="0" classname="org.joda.time.TestLocalTime_Properties" name="testPropertyPlusNoWrapMilli"/>
  <testcase time="0" classname="org.joda.time.TestLocalTime_Properties" name="testPropertyGetMaxMinValuesMinute"/>
  <testcase time="0" classname="org.joda.time.TestLocalTime_Properties" name="testPropertyGetMaxMinValuesSecond"/>
  <testcase time="0" classname="org.joda.time.TestLocalTime_Properties" name="testPropertyCompareToMinute"/>
  <testcase time="0" classname="org.joda.time.TestLocalTime_Properties" name="testPropertyCompareToMilli"/>
  <testcase time="0" classname="org.joda.time.TestLocalTime_Properties" name="testPropertyCompareToSecond"/>
  <testcase time="0" classname="org.joda.time.TestLocalTime_Properties" name="testPropertyPlusWrapFieldMinute"/>
  <testcase time="0" classname="org.joda.time.TestLocalTime_Properties" name="testPropertyPlusWrapFieldSecond"/>
  <testcase time="0" classname="org.joda.time.TestLocalTime_Properties" name="testPropertyGetHour"/>
  <testcase time="0" classname="org.joda.time.TestLocalTime_Properties" name="testPropertyGetMaxMinValuesHour"/>
  <testcase time="0.001" classname="org.joda.time.TestLocalTime_Properties" name="testPropertyWithMaxMinValueHour"/>
  <testcase time="0" classname="org.joda.time.TestLocalTime_Properties" name="testPropertyPlusNoWrapHour"/>
  <testcase time="0" classname="org.joda.time.TestLocalTime_Properties" name="testPropertyWithMinimumValueHour"/>
  <testcase time="0" classname="org.joda.time.TestLocalTime_Properties" name="testPropertyWithMaximumValueHour"/>
  <testcase time="0" classname="org.joda.time.TestLocalTime_Properties" name="testPropertyRoundHour"/>
  <testcase time="0" classname="org.joda.time.TestLocalTime_Properties" name="testPropertySetMinute"/>
  <testcase time="0" classname="org.joda.time.TestLocalTime_Properties" name="testPropertyPlusNoWrapMinute"/>
  <testcase time="0" classname="org.joda.time.TestLocalTime_Properties" name="testPropertySetSecond"/>
  <testcase time="0" classname="org.joda.time.TestLocalTime_Properties" name="testPropertyGetMinute"/>
  <testcase time="0.001" classname="org.joda.time.TestLocalTime_Properties" name="testPropertyPlusNoWrapSecond"/>
  <testcase time="0" classname="org.joda.time.TestLocalTime_Properties" name="testPropertyGetSecond"/>
  <testcase time="0" classname="org.joda.time.TestLocalTime_Properties" name="testPropertyWithMaxMinValueMinute"/>
  <testcase time="0" classname="org.joda.time.TestLocalTime_Properties" name="testPropertySetTextHour"/>
  <testcase time="0" classname="org.joda.time.TestLocalTime_Properties" name="testPropertyWithMaxMinValueSecond"/>
  <testcase time="0" classname="org.joda.time.TestLocalTime_Properties" name="testPropertySetMilli"/>
  <testcase time="0" classname="org.joda.time.TestLocalTime_Properties" name="testPropertyWithMaxMinValueMilli"/>
  <testcase time="0" classname="org.joda.time.TestLocalTime_Properties" name="testPropertySetHour"/>
  <testcase time="0" classname="org.joda.time.TestLocalTime_Properties" name="testPropertySetTextMinute"/>
  <testcase time="0.001" classname="org.joda.time.TestLocalTime_Properties" name="testPropertyPlusWrapFieldMilli"/>
  <testcase time="0" classname="org.joda.time.TestLocalTime_Properties" name="testPropertyGetMilli"/>
  <testcase time="0" classname="org.joda.time.TestLocalTime_Properties" name="testPropertySetTextMilli"/>
  <testcase time="0" classname="org.joda.time.TestLocalTime_Properties" name="testPropertySetTextSecond"/>
  <testcase time="0" classname="org.joda.time.TestLocalTime_Properties" name="testPropertyGetMaxMinValuesMilli"/>
  <testcase time="0" classname="org.joda.time.TestLocalTime_Properties" name="testPropertyPlusHour"/>
  <testcase time="0" classname="org.joda.time.TestLocalTime_Properties" name="testPropertyPlusMinute"/>
  <testcase time="0" classname="org.joda.time.TestMutableInterval_Constructors" name="testConstructor_long_long1"/>
  <testcase time="0" classname="org.joda.time.TestMutableInterval_Constructors" name="testConstructor_long_long2"/>
  <testcase time="0" classname="org.joda.time.TestMutableInterval_Constructors" name="testConstructor_long_long3"/>
  <testcase time="0" classname="org.joda.time.TestMutableInterval_Constructors" name="testConstructor_Object1"/>
  <testcase time="0" classname="org.joda.time.TestMutableInterval_Constructors" name="testConstructor_Object2"/>
  <testcase time="0" classname="org.joda.time.TestMutableInterval_Constructors" name="testConstructor_Object3"/>
  <testcase time="0" classname="org.joda.time.TestMutableInterval_Constructors" name="testConstructor_Object4"/>
  <testcase time="0.001" classname="org.joda.time.TestMutableInterval_Constructors" name="testConstructor_Object5"/>
  <testcase time="0" classname="org.joda.time.TestMutableInterval_Constructors" name="testConstructor_Object6"/>
  <testcase time="0.001" classname="org.joda.time.TestMutableInterval_Constructors" name="testTest"/>
  <testcase time="0" classname="org.joda.time.TestMutableInterval_Constructors" name="testConstructor_long_long_Chronology1"/>
  <testcase time="0" classname="org.joda.time.TestMutableInterval_Constructors" name="testConstructor_long_long_Chronology2"/>
  <testcase time="0" classname="org.joda.time.TestMutableInterval_Constructors" name="testConstructor_RD_RI1"/>
  <testcase time="0" classname="org.joda.time.TestMutableInterval_Constructors" name="testConstructor_RD_RI2"/>
  <testcase time="0" classname="org.joda.time.TestMutableInterval_Constructors" name="testConstructor_RD_RI3"/>
  <testcase time="0" classname="org.joda.time.TestMutableInterval_Constructors" name="testConstructor_RD_RI4"/>
  <testcase time="0" classname="org.joda.time.TestMutableInterval_Constructors" name="testConstructor_RD_RI5"/>
  <testcase time="0" classname="org.joda.time.TestMutableInterval_Constructors" name="testConstructor_RI_RD1"/>
  <testcase time="0" classname="org.joda.time.TestMutableInterval_Constructors" name="testConstructor_RI_RD2"/>
  <testcase time="0" classname="org.joda.time.TestMutableInterval_Constructors" name="testConstructor_RI_RD3"/>
  <testcase time="0" classname="org.joda.time.TestMutableInterval_Constructors" name="testConstructor_RI_RD4"/>
  <testcase time="0" classname="org.joda.time.TestMutableInterval_Constructors" name="testConstructor_RI_RD5"/>
  <testcase time="0" classname="org.joda.time.TestMutableInterval_Constructors" name="testConstructor_RI_RI1"/>
  <testcase time="0" classname="org.joda.time.TestMutableInterval_Constructors" name="testConstructor_RI_RI2"/>
  <testcase time="0" classname="org.joda.time.TestMutableInterval_Constructors" name="testConstructor_RI_RI3"/>
  <testcase time="0" classname="org.joda.time.TestMutableInterval_Constructors" name="testConstructor_RI_RI4"/>
  <testcase time="0" classname="org.joda.time.TestMutableInterval_Constructors" name="testConstructor_RI_RI5"/>
  <testcase time="0" classname="org.joda.time.TestMutableInterval_Constructors" name="testConstructor_RI_RI6"/>
  <testcase time="0" classname="org.joda.time.TestMutableInterval_Constructors" name="testConstructor_RI_RI7"/>
  <testcase time="0" classname="org.joda.time.TestMutableInterval_Constructors" name="testConstructor_RI_RI8"/>
  <testcase time="0" classname="org.joda.time.TestMutableInterval_Constructors" name="testConstructor_RI_RI9"/>
  <testcase time="0" classname="org.joda.time.TestMutableInterval_Constructors" name="testConstructor_RI_RP1"/>
  <testcase time="0" classname="org.joda.time.TestMutableInterval_Constructors" name="testConstructor_RI_RP2"/>
  <testcase time="0" classname="org.joda.time.TestMutableInterval_Constructors" name="testConstructor_RI_RP3"/>
  <testcase time="0" classname="org.joda.time.TestMutableInterval_Constructors" name="testConstructor_RI_RP4"/>
  <testcase time="0" classname="org.joda.time.TestMutableInterval_Constructors" name="testConstructor_RI_RP5"/>
  <testcase time="0" classname="org.joda.time.TestMutableInterval_Constructors" name="testConstructor_RI_RP6"/>
  <testcase time="0" classname="org.joda.time.TestMutableInterval_Constructors" name="testConstructor_RI_RP7"/>
  <testcase time="0" classname="org.joda.time.TestMutableInterval_Constructors" name="testConstructor_RI_RP8"/>
  <testcase time="0" classname="org.joda.time.TestMutableInterval_Constructors" name="testConstructor_RP_RI1"/>
  <testcase time="0" classname="org.joda.time.TestMutableInterval_Constructors" name="testConstructor_RP_RI2"/>
  <testcase time="0" classname="org.joda.time.TestMutableInterval_Constructors" name="testConstructor_RP_RI3"/>
  <testcase time="0" classname="org.joda.time.TestMutableInterval_Constructors" name="testConstructor_RP_RI4"/>
  <testcase time="0" classname="org.joda.time.TestMutableInterval_Constructors" name="testConstructor_RP_RI5"/>
  <testcase time="0" classname="org.joda.time.TestMutableInterval_Constructors" name="testConstructor_RP_RI6"/>
  <testcase time="0" classname="org.joda.time.TestMutableInterval_Constructors" name="testConstructor_RP_RI7"/>
  <testcase time="0" classname="org.joda.time.TestMutableInterval_Constructors" name="testConstructor_RP_RI8"/>
  <testcase time="0" classname="org.joda.time.TestMutableInterval_Constructors" name="testConstructor_Object_Chronology1"/>
  <testcase time="0" classname="org.joda.time.TestMutableInterval_Constructors" name="testConstructor_Object_Chronology2"/>
  <testcase time="0" classname="org.joda.time.TestMutableInterval_Constructors" name="testParse_noFormatter"/>
  <testcase time="0" classname="org.joda.time.TestMutableInterval_Constructors" name="testConstructor"/>
  <testcase time="0.001" classname="org.joda.time.TestMutableInterval_Basics" name="testSerialization"/>
  <testcase time="0.001" classname="org.joda.time.TestMutableInterval_Basics" name="testIsBeforeNow"/>
  <testcase time="0" classname="org.joda.time.TestMutableInterval_Basics" name="testIsBefore_RI"/>
  <testcase time="0" classname="org.joda.time.TestMutableInterval_Basics" name="testClone"/>
  <testcase time="0.001" classname="org.joda.time.TestMutableInterval_Basics" name="testToPeriod"/>
  <testcase time="0" classname="org.joda.time.TestMutableInterval_Basics" name="testCopy"/>
  <testcase time="0" classname="org.joda.time.TestMutableInterval_Basics" name="testTest"/>
  <testcase time="0" classname="org.joda.time.TestMutableInterval_Basics" name="testEqualsHashCode"/>
  <testcase time="0.001" classname="org.joda.time.TestMutableInterval_Basics" name="testToString"/>
  <testcase time="0" classname="org.joda.time.TestMutableInterval_Basics" name="testToInterval1"/>
  <testcase time="0" classname="org.joda.time.TestMutableInterval_Basics" name="testIsBefore_long"/>
  <testcase time="0.001" classname="org.joda.time.TestMutableInterval_Basics" name="testGetDuration1"/>
  <testcase time="0" classname="org.joda.time.TestMutableInterval_Basics" name="testGetDuration2"/>
  <testcase time="0" classname="org.joda.time.TestMutableInterval_Basics" name="testIsAfterNow"/>
  <testcase time="0" classname="org.joda.time.TestMutableInterval_Basics" name="testIsAfter_RI"/>
  <testcase time="0.001" classname="org.joda.time.TestMutableInterval_Basics" name="testContainsNow"/>
  <testcase time="0" classname="org.joda.time.TestMutableInterval_Basics" name="testContains_RI"/>
  <testcase time="0" classname="org.joda.time.TestMutableInterval_Basics" name="testIsBefore_RInterval"/>
  <testcase time="0" classname="org.joda.time.TestMutableInterval_Basics" name="testContains_long"/>
  <testcase time="0" classname="org.joda.time.TestMutableInterval_Basics" name="testToMutableInterval1"/>
  <testcase time="0.001" classname="org.joda.time.TestMutableInterval_Basics" name="testIsAfter_long"/>
  <testcase time="0" classname="org.joda.time.TestMutableInterval_Basics" name="testContains_RInterval"/>
  <testcase time="0" classname="org.joda.time.TestMutableInterval_Basics" name="testOverlaps_RInterval"/>
  <testcase time="0" classname="org.joda.time.TestMutableInterval_Basics" name="testGetMillis"/>
  <testcase time="0" classname="org.joda.time.TestMutableInterval_Basics" name="testIsAfter_RInterval"/>
  <testcase time="0" classname="org.joda.time.TestMutableInterval_Basics" name="testToPeriod_PeriodType1"/>
  <testcase time="0" classname="org.joda.time.TestMutableInterval_Basics" name="testToPeriod_PeriodType2"/>
  <testcase time="0.001" classname="org.joda.time.TestMutableInterval_Updates" name="testSetPeriodAfterStart_RI1"/>
  <testcase time="0" classname="org.joda.time.TestMutableInterval_Updates" name="testSetPeriodAfterStart_RI3"/>
  <testcase time="0" classname="org.joda.time.TestMutableInterval_Updates" name="testSetDurationBeforeEnd_RI1"/>
  <testcase time="0" classname="org.joda.time.TestMutableInterval_Updates" name="testSetDurationBeforeEnd_RI3"/>
  <testcase time="0" classname="org.joda.time.TestMutableInterval_Updates" name="testSeDurationBeforeEnd_RI2"/>
  <testcase time="0.001" classname="org.joda.time.TestMutableInterval_Updates" name="testSetPeriodBeforeEnd_RI1"/>
  <testcase time="0" classname="org.joda.time.TestMutableInterval_Updates" name="testSetPeriodBeforeEnd_RI3"/>
  <testcase time="0" classname="org.joda.time.TestMutableInterval_Updates" name="testSetDurationAfterStart_RI1"/>
  <testcase time="0" classname="org.joda.time.TestMutableInterval_Updates" name="testSetDurationAfterStart_RI3"/>
  <testcase time="0" classname="org.joda.time.TestMutableInterval_Updates" name="testTest"/>
  <testcase time="0" classname="org.joda.time.TestMutableInterval_Updates" name="testSePeriodAfterStart_RI2"/>
  <testcase time="0" classname="org.joda.time.TestMutableInterval_Updates" name="testSetInterval_RI_RI1"/>
  <testcase time="0.001" classname="org.joda.time.TestMutableInterval_Updates" name="testSetInterval_RI_RI2"/>
  <testcase time="0" classname="org.joda.time.TestMutableInterval_Updates" name="testSetInterval_RI_RI3"/>
  <testcase time="0" classname="org.joda.time.TestMutableInterval_Updates" name="testSetInterval_RI_RI4"/>
  <testcase time="0" classname="org.joda.time.TestMutableInterval_Updates" name="testSetInterval_RI_RI5"/>
  <testcase time="0" classname="org.joda.time.TestMutableInterval_Updates" name="testSetInterval_RInterval1"/>
  <testcase time="0.001" classname="org.joda.time.TestMutableInterval_Updates" name="testSetInterval_RInterval2"/>
  <testcase time="0" classname="org.joda.time.TestMutableInterval_Updates" name="testSetInterval_RInterval3"/>
  <testcase time="0" classname="org.joda.time.TestMutableInterval_Updates" name="testSetInterval_long_long1"/>
  <testcase time="0.001" classname="org.joda.time.TestMutableInterval_Updates" name="testSetInterval_long_long2"/>
  <testcase time="0" classname="org.joda.time.TestMutableInterval_Updates" name="testSeDurationAfterStart_RI2"/>
  <testcase time="0" classname="org.joda.time.TestMutableInterval_Updates" name="testSetStartMillis_long1"/>
  <testcase time="0" classname="org.joda.time.TestMutableInterval_Updates" name="testSetStartMillis_long2"/>
  <testcase time="0" classname="org.joda.time.TestMutableInterval_Updates" name="testSetStart_RI1"/>
  <testcase time="0" classname="org.joda.time.TestMutableInterval_Updates" name="testSetStart_RI2"/>
  <testcase time="0" classname="org.joda.time.TestMutableInterval_Updates" name="testSetStart_RI3"/>
  <testcase time="0" classname="org.joda.time.TestMutableInterval_Updates" name="testSeDurationBeforeEnd_long2"/>
  <testcase time="0" classname="org.joda.time.TestMutableInterval_Updates" name="testSetEnd_RI1"/>
  <testcase time="0" classname="org.joda.time.TestMutableInterval_Updates" name="testSetEnd_RI2"/>
  <testcase time="0" classname="org.joda.time.TestMutableInterval_Updates" name="testSetEnd_RI3"/>
  <testcase time="0" classname="org.joda.time.TestMutableInterval_Updates" name="testSeDurationAfterStart_long2"/>
  <testcase time="0" classname="org.joda.time.TestMutableInterval_Updates" name="testSetDurationBeforeEnd_long1"/>
  <testcase time="0" classname="org.joda.time.TestMutableInterval_Updates" name="testSePeriodBeforeEnd_RI2"/>
  <testcase time="0" classname="org.joda.time.TestMutableInterval_Updates" name="testSetDurationAfterStart_long1"/>
  <testcase time="0" classname="org.joda.time.TestMutableInterval_Updates" name="testSetEndMillis_long1"/>
  <testcase time="0.001" classname="org.joda.time.TestMutableInterval_Updates" name="testSetEndMillis_long2"/>
  <testcase time="0" classname="org.joda.time.TestPeriod_Constructors" name="testConstructor_8int__PeriodType1"/>
  <testcase time="0" classname="org.joda.time.TestPeriod_Constructors" name="testConstructor_8int__PeriodType2"/>
  <testcase time="0" classname="org.joda.time.TestPeriod_Constructors" name="testConstructor_8int__PeriodType3"/>
  <testcase time="0.001" classname="org.joda.time.TestPeriod_Constructors" name="testConstructor_Object_PeriodType1"/>
  <testcase time="0" classname="org.joda.time.TestPeriod_Constructors" name="testConstructor_Object_PeriodType2"/>
  <testcase time="0" classname="org.joda.time.TestPeriod_Constructors" name="testConstructor_Object_PeriodType3"/>
  <testcase time="0" classname="org.joda.time.TestPeriod_Constructors" name="testConstructor_Object_PeriodType4"/>
  <testcase time="0.001" classname="org.joda.time.TestPeriod_Constructors" name="testConstructor_long_long1"/>
  <testcase time="0" classname="org.joda.time.TestPeriod_Constructors" name="testConstructor_long_long2"/>
  <testcase time="0" classname="org.joda.time.TestPeriod_Constructors" name="testConstructor_Object1"/>
  <testcase time="0" classname="org.joda.time.TestPeriod_Constructors" name="testConstructor_Object2"/>
  <testcase time="0" classname="org.joda.time.TestPeriod_Constructors" name="testConstructor_Object3"/>
  <testcase time="0" classname="org.joda.time.TestPeriod_Constructors" name="testConstructor_Object4"/>
  <testcase time="0" classname="org.joda.time.TestPeriod_Constructors" name="testConstructor_long_fixedZone"/>
  <testcase time="0" classname="org.joda.time.TestPeriod_Constructors" name="testConstructor_long_long_PeriodType_Chronology1"/>
  <testcase time="0.001" classname="org.joda.time.TestPeriod_Constructors" name="testConstructor_long_long_PeriodType_Chronology2"/>
  <testcase time="0" classname="org.joda.time.TestPeriod_Constructors" name="testConstructor_RI_RI_PeriodType1"/>
  <testcase time="0" classname="org.joda.time.TestPeriod_Constructors" name="testConstructor_RI_RI_PeriodType2"/>
  <testcase time="0" classname="org.joda.time.TestPeriod_Constructors" name="testConstructor_RI_RI_PeriodType3"/>
  <testcase time="0" classname="org.joda.time.TestPeriod_Constructors" name="testConstructor_RI_RI_PeriodType4"/>
  <testcase time="0" classname="org.joda.time.TestPeriod_Constructors" name="testConstructor_RI_RI_PeriodType5"/>
  <testcase time="0" classname="org.joda.time.TestPeriod_Constructors" name="testFactoryMillis"/>
  <testcase time="0" classname="org.joda.time.TestPeriod_Constructors" name="testFactoryMonths"/>
  <testcase time="0" classname="org.joda.time.TestPeriod_Constructors" name="testConstructor1"/>
  <testcase time="0" classname="org.joda.time.TestPeriod_Constructors" name="testFactoryHours"/>
  <testcase time="0" classname="org.joda.time.TestPeriod_Constructors" name="testFactoryWeeks"/>
  <testcase time="0" classname="org.joda.time.TestPeriod_Constructors" name="testFactoryYears"/>
  <testcase time="0" classname="org.joda.time.TestPeriod_Constructors" name="testConstructor_long_long_Chronology1"/>
  <testcase time="0.001" classname="org.joda.time.TestPeriod_Constructors" name="testConstructor_long_long_Chronology2"/>
  <testcase time="0" classname="org.joda.time.TestPeriod_Constructors" name="testFactoryDays"/>
  <testcase time="0" classname="org.joda.time.TestPeriod_Constructors" name="testConstructor_RP_RP_PeriodType2Local"/>
  <testcase time="0" classname="org.joda.time.TestPeriod_Constructors" name="testConstructor_RD_RI1"/>
  <testcase time="0.001" classname="org.joda.time.TestPeriod_Constructors" name="testConstructor_RD_RI2"/>
  <testcase time="0" classname="org.joda.time.TestPeriod_Constructors" name="testConstructor_RI_RD1"/>
  <testcase time="0" classname="org.joda.time.TestPeriod_Constructors" name="testConstructor_RI_RD2"/>
  <testcase time="0" classname="org.joda.time.TestPeriod_Constructors" name="testConstructor_RI_RI1"/>
  <testcase time="0" classname="org.joda.time.TestPeriod_Constructors" name="testConstructor_RI_RI2"/>
  <testcase time="0" classname="org.joda.time.TestPeriod_Constructors" name="testConstructor_RI_RI3"/>
  <testcase time="0" classname="org.joda.time.TestPeriod_Constructors" name="testConstructor_RI_RI4"/>
  <testcase time="0.001" classname="org.joda.time.TestPeriod_Constructors" name="testConstructor_RI_RI5"/>
  <testcase time="0" classname="org.joda.time.TestPeriod_Constructors" name="testConstructor_RP_RP1"/>
  <testcase time="0" classname="org.joda.time.TestPeriod_Constructors" name="testConstructor_RP_RP2"/>
  <testcase time="0" classname="org.joda.time.TestPeriod_Constructors" name="testConstructor_RP_RP3"/>
  <testcase time="0" classname="org.joda.time.TestPeriod_Constructors" name="testConstructor_RP_RP4"/>
  <testcase time="0" classname="org.joda.time.TestPeriod_Constructors" name="testConstructor_RP_RP5"/>
  <testcase time="0" classname="org.joda.time.TestPeriod_Constructors" name="testConstructor_RP_RP6"/>
  <testcase time="0" classname="org.joda.time.TestPeriod_Constructors" name="testConstructor_RP_RP7"/>
  <testcase time="0" classname="org.joda.time.TestPeriod_Constructors" name="testConstructor_RP_RP8"/>
  <testcase time="0" classname="org.joda.time.TestPeriod_Constructors" name="testConstructor_long_Chronology1"/>
  <testcase time="0" classname="org.joda.time.TestPeriod_Constructors" name="testConstructor_long_Chronology2"/>
  <testcase time="0" classname="org.joda.time.TestPeriod_Constructors" name="testConstructor_long_Chronology3"/>
  <testcase time="0" classname="org.joda.time.TestPeriod_Constructors" name="testConstructor_4int1"/>
  <testcase time="0" classname="org.joda.time.TestPeriod_Constructors" name="testConstructor_8int1"/>
  <testcase time="0" classname="org.joda.time.TestPeriod_Constructors" name="testConstructor_long1"/>
  <testcase time="0" classname="org.joda.time.TestPeriod_Constructors" name="testConstructor_long2"/>
  <testcase time="0" classname="org.joda.time.TestPeriod_Constructors" name="testConstructor_long3"/>
  <testcase time="0" classname="org.joda.time.TestPeriod_Constructors" name="testConstants"/>
  <testcase time="0.001" classname="org.joda.time.TestPeriod_Constructors" name="testConstructor_RI_RD_PeriodType1"/>
  <testcase time="0" classname="org.joda.time.TestPeriod_Constructors" name="testConstructor_RI_RD_PeriodType2"/>
  <testcase time="0" classname="org.joda.time.TestPeriod_Constructors" name="testFactoryMinutes"/>
  <testcase time="0" classname="org.joda.time.TestPeriod_Constructors" name="testConstructor_long_long_PeriodType1"/>
  <testcase time="0" classname="org.joda.time.TestPeriod_Constructors" name="testConstructor_long_long_PeriodType2"/>
  <testcase time="0" classname="org.joda.time.TestPeriod_Constructors" name="testConstructor_long_long_PeriodType3"/>
  <testcase time="0" classname="org.joda.time.TestPeriod_Constructors" name="testConstructor_RP_RP2Local"/>
  <testcase time="0" classname="org.joda.time.TestPeriod_Constructors" name="testFactoryFieldDifference1"/>
  <testcase time="0" classname="org.joda.time.TestPeriod_Constructors" name="testFactoryFieldDifference2"/>
  <testcase time="0" classname="org.joda.time.TestPeriod_Constructors" name="testFactoryFieldDifference3"/>
  <testcase time="0" classname="org.joda.time.TestPeriod_Constructors" name="testFactoryFieldDifference4"/>
  <testcase time="0" classname="org.joda.time.TestPeriod_Constructors" name="testFactoryFieldDifference5"/>
  <testcase time="0" classname="org.joda.time.TestPeriod_Constructors" name="testConstructor_RD_RI_PeriodType1"/>
  <testcase time="0" classname="org.joda.time.TestPeriod_Constructors" name="testConstructor_RD_RI_PeriodType2"/>
  <testcase time="0" classname="org.joda.time.TestPeriod_Constructors" name="testConstructor_long_PeriodType1"/>
  <testcase time="0" classname="org.joda.time.TestPeriod_Constructors" name="testConstructor_long_PeriodType2"/>
  <testcase time="0" classname="org.joda.time.TestPeriod_Constructors" name="testConstructor_long_PeriodType3"/>
  <testcase time="0" classname="org.joda.time.TestPeriod_Constructors" name="testConstructor_long_PeriodType4"/>
  <testcase time="0" classname="org.joda.time.TestPeriod_Constructors" name="testFactorySeconds"/>
  <testcase time="0.001" classname="org.joda.time.TestPeriod_Constructors" name="testConstructor_RP_RP_PeriodType1"/>
  <testcase time="0" classname="org.joda.time.TestPeriod_Constructors" name="testConstructor_RP_RP_PeriodType2"/>
  <testcase time="0" classname="org.joda.time.TestPeriod_Constructors" name="testConstructor_RP_RP_PeriodType3"/>
  <testcase time="0" classname="org.joda.time.TestPeriod_Constructors" name="testConstructor_RP_RP_PeriodType4"/>
  <testcase time="0" classname="org.joda.time.TestPeriod_Constructors" name="testConstructor_RP_RP_PeriodType5"/>
  <testcase time="0" classname="org.joda.time.TestPeriod_Constructors" name="testConstructor_RP_RP_PeriodType6"/>
  <testcase time="0.001" classname="org.joda.time.TestPeriod_Constructors" name="testConstructor_RP_RP_PeriodType7"/>
  <testcase time="0" classname="org.joda.time.TestPeriod_Constructors" name="testConstructor_RP_RP_PeriodType8"/>
  <testcase time="0" classname="org.joda.time.TestPeriod_Constructors" name="testConstructor_long_PeriodType_Chronology1"/>
  <testcase time="0" classname="org.joda.time.TestPeriod_Constructors" name="testConstructor_long_PeriodType_Chronology2"/>
  <testcase time="0.001" classname="org.joda.time.TestPeriod_Constructors" name="testConstructor_long_PeriodType_Chronology3"/>
  <testcase time="0" classname="org.joda.time.TestPeriod_Constructors" name="testConstructor_long_PeriodType_Chronology4"/>
  <testcase time="0" classname="org.joda.time.TestPeriod_Constructors" name="testParse_noFormatter"/>
  <testcase time="0" classname="org.joda.time.TestPeriod_Constructors" name="testToPeriod_PeriodType3"/>
  <testcase time="0.001" classname="org.joda.time.TestPeriod_Basics" name="testToStandardWeeks_months"/>
  <testcase time="0" classname="org.joda.time.TestPeriod_Basics" name="testToStandardDays_months"/>
  <testcase time="0" classname="org.joda.time.TestPeriod_Basics" name="testToStandardHours_years"/>
  <testcase time="0" classname="org.joda.time.TestPeriod_Basics" name="testNormalizedStandard_periodType_weekDay1"/>
  <testcase time="0" classname="org.joda.time.TestPeriod_Basics" name="testNormalizedStandard_periodType_weekDay2"/>
  <testcase time="0" classname="org.joda.time.TestPeriod_Basics" name="testNormalizedStandard_periodType_weekDay3"/>
  <testcase time="0" classname="org.joda.time.TestPeriod_Basics" name="testToStandardWeeks_years"/>
  <testcase time="0.009" classname="org.joda.time.TestPeriod_Basics" name="testSerialization"/>
  <testcase time="0" classname="org.joda.time.TestPeriod_Basics" name="testNormalizedStandard_periodType_yearMonthDay"/>
  <testcase time="0" classname="org.joda.time.TestPeriod_Basics" name="testToString_nullPeriodFormatter"/>
  <testcase time="0" classname="org.joda.time.TestPeriod_Basics" name="testGet"/>
  <testcase time="0.001" classname="org.joda.time.TestPeriod_Basics" name="testNormalizedStandard_negative"/>
  <testcase time="0" classname="org.joda.time.TestPeriod_Basics" name="testToStandardMinutes_years"/>
  <testcase time="0.001" classname="org.joda.time.TestPeriod_Basics" name="testMinus"/>
  <testcase time="0" classname="org.joda.time.TestPeriod_Basics" name="testToPeriod"/>
  <testcase time="0" classname="org.joda.time.TestPeriod_Basics" name="testPlus"/>
  <testcase time="0" classname="org.joda.time.TestPeriod_Basics" name="testTest"/>
  <testcase time="0" classname="org.joda.time.TestPeriod_Basics" name="testWith"/>
  <testcase time="0" classname="org.joda.time.TestPeriod_Basics" name="testWithPeriodType1"/>
  <testcase time="0" classname="org.joda.time.TestPeriod_Basics" name="testWithPeriodType2"/>
  <testcase time="0" classname="org.joda.time.TestPeriod_Basics" name="testWithPeriodType3"/>
  <testcase time="0" classname="org.joda.time.TestPeriod_Basics" name="testWithPeriodType4"/>
  <testcase time="0" classname="org.joda.time.TestPeriod_Basics" name="testWithPeriodType5"/>
  <testcase time="0.001" classname="org.joda.time.TestPeriod_Basics" name="testEqualsHashCode"/>
  <testcase time="0" classname="org.joda.time.TestPeriod_Basics" name="testToString"/>
  <testcase time="0" classname="org.joda.time.TestPeriod_Basics" name="testTypeIndexMethods"/>
  <testcase time="0.001" classname="org.joda.time.TestPeriod_Basics" name="testValueIndexMethods"/>
  <testcase time="0" classname="org.joda.time.TestPeriod_Basics" name="testNormalizedStandard_yearMonthWeekDay"/>
  <testcase time="0" classname="org.joda.time.TestPeriod_Basics" name="testWithFields1"/>
  <testcase time="0" classname="org.joda.time.TestPeriod_Basics" name="testWithFields2"/>
  <testcase time="0" classname="org.joda.time.TestPeriod_Basics" name="testWithFields3"/>
  <testcase time="0" classname="org.joda.time.TestPeriod_Basics" name="testNormalizedStandard_periodType_yearMonth1"/>
  <testcase time="0.001" classname="org.joda.time.TestPeriod_Basics" name="testNormalizedStandard_periodType_yearMonth2"/>
  <testcase time="0" classname="org.joda.time.TestPeriod_Basics" name="testNormalizedStandard_periodType_yearMonth3"/>
  <testcase time="0" classname="org.joda.time.TestPeriod_Basics" name="testMinusFields"/>
  <testcase time="0" classname="org.joda.time.TestPeriod_Basics" name="testToMutablePeriod"/>
  <testcase time="0" classname="org.joda.time.TestPeriod_Basics" name="testWithFieldAdded1"/>
  <testcase time="0" classname="org.joda.time.TestPeriod_Basics" name="testWithFieldAdded2"/>
  <testcase time="0" classname="org.joda.time.TestPeriod_Basics" name="testWithFieldAdded3"/>
  <testcase time="0" classname="org.joda.time.TestPeriod_Basics" name="testWithFieldAdded4"/>
  <testcase time="0" classname="org.joda.time.TestPeriod_Basics" name="testToStandardDays_years"/>
  <testcase time="0.001" classname="org.joda.time.TestPeriod_Basics" name="testToStandardMinutes"/>
  <testcase time="0" classname="org.joda.time.TestPeriod_Basics" name="testNormalizedStandard_yearMonth1"/>
  <testcase time="0" classname="org.joda.time.TestPeriod_Basics" name="testNormalizedStandard_yearMonth2"/>
  <testcase time="0" classname="org.joda.time.TestPeriod_Basics" name="testPlusFields"/>
  <testcase time="0" classname="org.joda.time.TestPeriod_Basics" name="testToStandardMinutes_months"/>
  <testcase time="0" classname="org.joda.time.TestPeriod_Basics" name="testToDurationTo"/>
  <testcase time="0" classname="org.joda.time.TestPeriod_Basics" name="testToDurationFrom"/>
  <testcase time="0" classname="org.joda.time.TestPeriod_Basics" name="testToStandardDays"/>
  <testcase time="0" classname="org.joda.time.TestPeriod_Basics" name="testIsSupported"/>
  <testcase time="0.001" classname="org.joda.time.TestPeriod_Basics" name="testPeriodStatics"/>
  <testcase time="0" classname="org.joda.time.TestPeriod_Basics" name="testPlusFieldsZero"/>
  <testcase time="0" classname="org.joda.time.TestPeriod_Basics" name="testToStandardSeconds"/>
  <testcase time="0" classname="org.joda.time.TestPeriod_Basics" name="testToStandardSeconds_years"/>
  <testcase time="0" classname="org.joda.time.TestPeriod_Basics" name="testToStandardHours_months"/>
  <testcase time="0.003" classname="org.joda.time.TestPeriod_Basics" name="testToString_PeriodFormatter"/>
  <testcase time="0" classname="org.joda.time.TestPeriod_Basics" name="testToStandardDuration"/>
  <testcase time="0" classname="org.joda.time.TestPeriod_Basics" name="testNormalizedStandard_periodType_yearMonthWeekDay"/>
  <testcase time="0" classname="org.joda.time.TestPeriod_Basics" name="testWithField1"/>
  <testcase time="0" classname="org.joda.time.TestPeriod_Basics" name="testWithField2"/>
  <testcase time="0" classname="org.joda.time.TestPeriod_Basics" name="testWithField3"/>
  <testcase time="0" classname="org.joda.time.TestPeriod_Basics" name="testWithField4"/>
  <testcase time="0" classname="org.joda.time.TestPeriod_Basics" name="testNormalizedStandard_yearMonthDay"/>
  <testcase time="0" classname="org.joda.time.TestPeriod_Basics" name="testGetMethods"/>
  <testcase time="0" classname="org.joda.time.TestPeriod_Basics" name="testNormalizedStandard_fullNegative"/>
  <testcase time="0" classname="org.joda.time.TestPeriod_Basics" name="testToStandardDuration_months"/>
  <testcase time="0.001" classname="org.joda.time.TestPeriod_Basics" name="testToStandardHours"/>
  <testcase time="0" classname="org.joda.time.TestPeriod_Basics" name="testToStandardWeeks"/>
  <testcase time="0" classname="org.joda.time.TestPeriod_Basics" name="testNormalizedStandard_weekDay1"/>
  <testcase time="0" classname="org.joda.time.TestPeriod_Basics" name="testNormalizedStandard_weekDay2"/>
  <testcase time="0" classname="org.joda.time.TestPeriod_Basics" name="testIndexOf"/>
  <testcase time="0" classname="org.joda.time.TestPeriod_Basics" name="testGetPeriodType"/>
  <testcase time="0" classname="org.joda.time.TestPeriod_Basics" name="testToStandardDuration_years"/>
  <testcase time="0" classname="org.joda.time.TestPeriod_Basics" name="testToStandardSeconds_months"/>
  <testcase time="0" classname="org.joda.time.TestMutablePeriod_Constructors" name="testConstructor_8int__PeriodType1"/>
  <testcase time="0" classname="org.joda.time.TestMutablePeriod_Constructors" name="testConstructor_8int__PeriodType2"/>
  <testcase time="0" classname="org.joda.time.TestMutablePeriod_Constructors" name="testConstructor_8int__PeriodType3"/>
  <testcase time="0" classname="org.joda.time.TestMutablePeriod_Constructors" name="testConstructor_Object_PeriodType1"/>
  <testcase time="0" classname="org.joda.time.TestMutablePeriod_Constructors" name="testConstructor_Object_PeriodType2"/>
  <testcase time="0" classname="org.joda.time.TestMutablePeriod_Constructors" name="testConstructor_Object_PeriodType3"/>
  <testcase time="0" classname="org.joda.time.TestMutablePeriod_Constructors" name="testConstructor_Object_PeriodType4"/>
  <testcase time="0" classname="org.joda.time.TestMutablePeriod_Constructors" name="testConstructor_long_long1"/>
  <testcase time="0" classname="org.joda.time.TestMutablePeriod_Constructors" name="testConstructor_long_long2"/>
  <testcase time="0" classname="org.joda.time.TestMutablePeriod_Constructors" name="testConstructor_Object1"/>
  <testcase time="0" classname="org.joda.time.TestMutablePeriod_Constructors" name="testConstructor_Object2"/>
  <testcase time="0" classname="org.joda.time.TestMutablePeriod_Constructors" name="testConstructor_Object3"/>
  <testcase time="0" classname="org.joda.time.TestMutablePeriod_Constructors" name="testConstructor_Object4"/>
  <testcase time="0" classname="org.joda.time.TestMutablePeriod_Constructors" name="testConstructor_long_long_PeriodType_Chronology1"/>
  <testcase time="0.001" classname="org.joda.time.TestMutablePeriod_Constructors" name="testConstructor_long_long_PeriodType_Chronology2"/>
  <testcase time="0" classname="org.joda.time.TestMutablePeriod_Constructors" name="testConstructor_RI_RI_PeriodType1"/>
  <testcase time="0" classname="org.joda.time.TestMutablePeriod_Constructors" name="testConstructor_RI_RI_PeriodType2"/>
  <testcase time="0" classname="org.joda.time.TestMutablePeriod_Constructors" name="testConstructor_RI_RI_PeriodType3"/>
  <testcase time="0" classname="org.joda.time.TestMutablePeriod_Constructors" name="testConstructor_RI_RI_PeriodType4"/>
  <testcase time="0" classname="org.joda.time.TestMutablePeriod_Constructors" name="testConstructor_RI_RI_PeriodType5"/>
  <testcase time="0" classname="org.joda.time.TestMutablePeriod_Constructors" name="testConstructor1"/>
  <testcase time="0" classname="org.joda.time.TestMutablePeriod_Constructors" name="testConstructor_long_long_Chronology1"/>
  <testcase time="0.001" classname="org.joda.time.TestMutablePeriod_Constructors" name="testConstructor_long_long_Chronology2"/>
  <testcase time="0" classname="org.joda.time.TestMutablePeriod_Constructors" name="testConstructor_RI_RD1"/>
  <testcase time="0" classname="org.joda.time.TestMutablePeriod_Constructors" name="testConstructor_RI_RD2"/>
  <testcase time="0" classname="org.joda.time.TestMutablePeriod_Constructors" name="testConstructor_RI_RI1"/>
  <testcase time="0.001" classname="org.joda.time.TestMutablePeriod_Constructors" name="testConstructor_RI_RI2"/>
  <testcase time="0" classname="org.joda.time.TestMutablePeriod_Constructors" name="testConstructor_RI_RI3"/>
  <testcase time="0" classname="org.joda.time.TestMutablePeriod_Constructors" name="testConstructor_RI_RI4"/>
  <testcase time="0" classname="org.joda.time.TestMutablePeriod_Constructors" name="testConstructor_RI_RI5"/>
  <testcase time="0" classname="org.joda.time.TestMutablePeriod_Constructors" name="testConstructor_long_Chronology1"/>
  <testcase time="0.001" classname="org.joda.time.TestMutablePeriod_Constructors" name="testConstructor_long_Chronology2"/>
  <testcase time="0" classname="org.joda.time.TestMutablePeriod_Constructors" name="testConstructor_long_Chronology3"/>
  <testcase time="0" classname="org.joda.time.TestMutablePeriod_Constructors" name="testConstructor_4int1"/>
  <testcase time="0" classname="org.joda.time.TestMutablePeriod_Constructors" name="testConstructor_8int1"/>
  <testcase time="0" classname="org.joda.time.TestMutablePeriod_Constructors" name="testConstructor_long1"/>
  <testcase time="0" classname="org.joda.time.TestMutablePeriod_Constructors" name="testConstructor_long2"/>
  <testcase time="0" classname="org.joda.time.TestMutablePeriod_Constructors" name="testConstructor_long3"/>
  <testcase time="0" classname="org.joda.time.TestMutablePeriod_Constructors" name="testConstructor_RI_RD_PeriodType1"/>
  <testcase time="0" classname="org.joda.time.TestMutablePeriod_Constructors" name="testConstructor_RI_RD_PeriodType2"/>
  <testcase time="0" classname="org.joda.time.TestMutablePeriod_Constructors" name="testConstructor_PeriodType1"/>
  <testcase time="0.001" classname="org.joda.time.TestMutablePeriod_Constructors" name="testConstructor_PeriodType2"/>
  <testcase time="0" classname="org.joda.time.TestMutablePeriod_Constructors" name="testConstructor_Object_Chronology1"/>
  <testcase time="0.001" classname="org.joda.time.TestMutablePeriod_Constructors" name="testConstructor_Object_Chronology2"/>
  <testcase time="0" classname="org.joda.time.TestMutablePeriod_Constructors" name="testConstructor_long_long_PeriodType1"/>
  <testcase time="0.001" classname="org.joda.time.TestMutablePeriod_Constructors" name="testConstructor_long_long_PeriodType2"/>
  <testcase time="0" classname="org.joda.time.TestMutablePeriod_Constructors" name="testConstructor_long_long_PeriodType3"/>
  <testcase time="0" classname="org.joda.time.TestMutablePeriod_Constructors" name="testConstructor_long_PeriodType1"/>
  <testcase time="0" classname="org.joda.time.TestMutablePeriod_Constructors" name="testConstructor_long_PeriodType2"/>
  <testcase time="0" classname="org.joda.time.TestMutablePeriod_Constructors" name="testConstructor_long_PeriodType3"/>
  <testcase time="0" classname="org.joda.time.TestMutablePeriod_Constructors" name="testConstructor_long_PeriodType4"/>
  <testcase time="0" classname="org.joda.time.TestMutablePeriod_Constructors" name="testConstructor_long_PeriodType_Chronology1"/>
  <testcase time="0" classname="org.joda.time.TestMutablePeriod_Constructors" name="testConstructor_long_PeriodType_Chronology2"/>
  <testcase time="0" classname="org.joda.time.TestMutablePeriod_Constructors" name="testConstructor_long_PeriodType_Chronology3"/>
  <testcase time="0" classname="org.joda.time.TestMutablePeriod_Constructors" name="testConstructor_long_PeriodType_Chronology4"/>
  <testcase time="0.001" classname="org.joda.time.TestMutablePeriod_Constructors" name="testParse_noFormatter"/>
  <testcase time="0.001" classname="org.joda.time.TestMutablePeriod_Basics" name="testSerialization"/>
  <testcase time="0" classname="org.joda.time.TestMutablePeriod_Basics" name="testClone"/>
  <testcase time="0" classname="org.joda.time.TestMutablePeriod_Basics" name="testToPeriod"/>
  <testcase time="0" classname="org.joda.time.TestMutablePeriod_Basics" name="testCopy"/>
  <testcase time="0.001" classname="org.joda.time.TestMutablePeriod_Basics" name="testTest"/>
  <testcase time="0" classname="org.joda.time.TestMutablePeriod_Basics" name="testEqualsHashCode"/>
  <testcase time="0" classname="org.joda.time.TestMutablePeriod_Basics" name="testToString"/>
  <testcase time="0" classname="org.joda.time.TestMutablePeriod_Basics" name="testToMutablePeriod"/>
  <testcase time="0" classname="org.joda.time.TestMutablePeriod_Basics" name="testToDurationFrom"/>
  <testcase time="0" classname="org.joda.time.TestMutablePeriod_Basics" name="testGetMethods"/>
  <testcase time="0" classname="org.joda.time.TestMutablePeriod_Basics" name="testGetPeriodType"/>
  <testcase time="0" classname="org.joda.time.TestMutablePeriod_Updates" name="testAddMinutes"/>
  <testcase time="0" classname="org.joda.time.TestMutablePeriod_Updates" name="testAdd_RInterval1"/>
  <testcase time="0.001" classname="org.joda.time.TestMutablePeriod_Updates" name="testAdd_RInterval2"/>
  <testcase time="0" classname="org.joda.time.TestMutablePeriod_Updates" name="testAdd_RInterval3"/>
  <testcase time="0" classname="org.joda.time.TestMutablePeriod_Updates" name="testAdd_RInterval4"/>
  <testcase time="0" classname="org.joda.time.TestMutablePeriod_Updates" name="testAdd_RInterval5"/>
  <testcase time="0.001" classname="org.joda.time.TestMutablePeriod_Updates" name="testSetPeriod_long_long_NoMinutes"/>
  <testcase time="0" classname="org.joda.time.TestMutablePeriod_Updates" name="testSetPeriod_long1"/>
  <testcase time="0" classname="org.joda.time.TestMutablePeriod_Updates" name="testSetPeriod_long2"/>
  <testcase time="0" classname="org.joda.time.TestMutablePeriod_Updates" name="testAddDays"/>
  <testcase time="0" classname="org.joda.time.TestMutablePeriod_Updates" name="testAdd_RD1"/>
  <testcase time="0" classname="org.joda.time.TestMutablePeriod_Updates" name="testAdd_RD2"/>
  <testcase time="0.001" classname="org.joda.time.TestMutablePeriod_Updates" name="testAdd_RD3"/>
  <testcase time="0" classname="org.joda.time.TestMutablePeriod_Updates" name="testAdd_RP1"/>
  <testcase time="0" classname="org.joda.time.TestMutablePeriod_Updates" name="testAdd_RP2"/>
  <testcase time="0" classname="org.joda.time.TestMutablePeriod_Updates" name="testAdd_RP3"/>
  <testcase time="0" classname="org.joda.time.TestMutablePeriod_Updates" name="testAdd_RP4"/>
  <testcase time="0" classname="org.joda.time.TestMutablePeriod_Updates" name="testAdd_RP5"/>
  <testcase time="0" classname="org.joda.time.TestMutablePeriod_Updates" name="testAdd_RP6"/>
  <testcase time="0" classname="org.joda.time.TestMutablePeriod_Updates" name="testSetPeriod_RD1"/>
  <testcase time="0" classname="org.joda.time.TestMutablePeriod_Updates" name="testSetPeriod_RD2"/>
  <testcase time="0" classname="org.joda.time.TestMutablePeriod_Updates" name="testSetPeriod_RD3"/>
  <testcase time="0" classname="org.joda.time.TestMutablePeriod_Updates" name="testSetPeriod_RP1"/>
  <testcase time="0" classname="org.joda.time.TestMutablePeriod_Updates" name="testSetPeriod_RP2"/>
  <testcase time="0" classname="org.joda.time.TestMutablePeriod_Updates" name="testSetPeriod_RP3"/>
  <testcase time="0.001" classname="org.joda.time.TestMutablePeriod_Updates" name="testSetPeriod_RP4"/>
  <testcase time="0" classname="org.joda.time.TestMutablePeriod_Updates" name="testSetPeriod_RP5"/>
  <testcase time="0" classname="org.joda.time.TestMutablePeriod_Updates" name="testClear"/>
  <testcase time="0" classname="org.joda.time.TestMutablePeriod_Updates" name="testTest"/>
  <testcase time="0" classname="org.joda.time.TestMutablePeriod_Updates" name="testAddSeconds"/>
  <testcase time="0" classname="org.joda.time.TestMutablePeriod_Updates" name="testSetMinutes"/>
  <testcase time="0.001" classname="org.joda.time.TestMutablePeriod_Updates" name="testSetPeriod_long_long_NoSeconds"/>
  <testcase time="0" classname="org.joda.time.TestMutablePeriod_Updates" name="testSetPeriod_8ints1"/>
  <testcase time="0" classname="org.joda.time.TestMutablePeriod_Updates" name="testSetPeriod_8ints2"/>
  <testcase time="0" classname="org.joda.time.TestMutablePeriod_Updates" name="testSetPeriod_8ints3"/>
  <testcase time="0" classname="org.joda.time.TestMutablePeriod_Updates" name="testSetPeriod_8ints4"/>
  <testcase time="0" classname="org.joda.time.TestMutablePeriod_Updates" name="testAddHours"/>
  <testcase time="0.001" classname="org.joda.time.TestMutablePeriod_Updates" name="testSetPeriod_long_long_NoDays"/>
  <testcase time="0" classname="org.joda.time.TestMutablePeriod_Updates" name="testAddWeeks"/>
  <testcase time="0" classname="org.joda.time.TestMutablePeriod_Updates" name="testAddYears"/>
  <testcase time="0" classname="org.joda.time.TestMutablePeriod_Updates" name="testSetPeriod_long_long_NoMillis"/>
  <testcase time="0.001" classname="org.joda.time.TestMutablePeriod_Updates" name="testSetPeriod_long_long_NoMonths"/>
  <testcase time="0" classname="org.joda.time.TestMutablePeriod_Updates" name="testAdd_8ints1"/>
  <testcase time="0" classname="org.joda.time.TestMutablePeriod_Updates" name="testAdd_8ints2"/>
  <testcase time="0" classname="org.joda.time.TestMutablePeriod_Updates" name="testMergePeriod_RP1"/>
  <testcase time="0" classname="org.joda.time.TestMutablePeriod_Updates" name="testMergePeriod_RP2"/>
  <testcase time="0.001" classname="org.joda.time.TestMutablePeriod_Updates" name="testMergePeriod_RP3"/>
  <testcase time="0" classname="org.joda.time.TestMutablePeriod_Updates" name="testMergePeriod_RP4"/>
  <testcase time="0" classname="org.joda.time.TestMutablePeriod_Updates" name="testMergePeriod_RP5"/>
  <testcase time="0" classname="org.joda.time.TestMutablePeriod_Updates" name="testSetSeconds"/>
  <testcase time="0" classname="org.joda.time.TestMutablePeriod_Updates" name="testSetPeriod_RI_RI1"/>
  <testcase time="0.001" classname="org.joda.time.TestMutablePeriod_Updates" name="testSetPeriod_RI_RI2"/>
  <testcase time="0" classname="org.joda.time.TestMutablePeriod_Updates" name="testSetPeriod_RI_RI3"/>
  <testcase time="0" classname="org.joda.time.TestMutablePeriod_Updates" name="testAddMillis"/>
  <testcase time="0" classname="org.joda.time.TestMutablePeriod_Updates" name="testAddMonths"/>
  <testcase time="0" classname="org.joda.time.TestMutablePeriod_Updates" name="testSetPeriod_long_long_NoHours"/>
  <testcase time="0.001" classname="org.joda.time.TestMutablePeriod_Updates" name="testSetPeriod_long_long_NoWeeks"/>
  <testcase time="0" classname="org.joda.time.TestMutablePeriod_Updates" name="testSetPeriod_long_long_NoYears"/>
  <testcase time="0" classname="org.joda.time.TestMutablePeriod_Updates" name="testAdd_Field"/>
  <testcase time="0" classname="org.joda.time.TestMutablePeriod_Updates" name="testAdd_long1"/>
  <testcase time="0" classname="org.joda.time.TestMutablePeriod_Updates" name="testAdd_long2"/>
  <testcase time="0" classname="org.joda.time.TestMutablePeriod_Updates" name="testAdd_long3"/>
  <testcase time="0" classname="org.joda.time.TestMutablePeriod_Updates" name="testAdd_long_Chronology1"/>
  <testcase time="0" classname="org.joda.time.TestMutablePeriod_Updates" name="testAdd_long_Chronology2"/>
  <testcase time="0" classname="org.joda.time.TestMutablePeriod_Updates" name="testAdd_long_Chronology3"/>
  <testcase time="0" classname="org.joda.time.TestMutablePeriod_Updates" name="testSetMillis"/>
  <testcase time="0" classname="org.joda.time.TestMutablePeriod_Updates" name="testSetMonths"/>
  <testcase time="0.001" classname="org.joda.time.TestMutablePeriod_Updates" name="testSetPeriod_RInterval1"/>
  <testcase time="0" classname="org.joda.time.TestMutablePeriod_Updates" name="testSetPeriod_RInterval2"/>
  <testcase time="0" classname="org.joda.time.TestMutablePeriod_Updates" name="testSet_Field"/>
  <testcase time="0" classname="org.joda.time.TestMutablePeriod_Updates" name="testSetPeriod_long_long1"/>
  <testcase time="0" classname="org.joda.time.TestMutablePeriod_Updates" name="testSetPeriod_long_long2"/>
  <testcase time="0.001" classname="org.joda.time.TestMutablePeriod_Updates" name="testSetPeriod_long_long3"/>
  <testcase time="0" classname="org.joda.time.TestMutablePeriod_Updates" name="testSetDays"/>
  <testcase time="0" classname="org.joda.time.TestMutablePeriod_Updates" name="testSetHours"/>
  <testcase time="0" classname="org.joda.time.TestMutablePeriod_Updates" name="testSetWeeks"/>
  <testcase time="0" classname="org.joda.time.TestMutablePeriod_Updates" name="testSetYears"/>
  <testcase time="0" classname="org.joda.time.TestBaseSingleFieldPeriod" name="testGetSetValue"/>
  <testcase time="0" classname="org.joda.time.TestBaseSingleFieldPeriod" name="testGet"/>
  <testcase time="0" classname="org.joda.time.TestBaseSingleFieldPeriod" name="testFactory_standardPeriodIn_RPeriod"/>
  <testcase time="0" classname="org.joda.time.TestBaseSingleFieldPeriod" name="testToPeriod"/>
  <testcase time="0" classname="org.joda.time.TestBaseSingleFieldPeriod" name="testEqualsHashCode"/>
  <testcase time="0" classname="org.joda.time.TestBaseSingleFieldPeriod" name="testValueIndexMethods"/>
  <testcase time="0" classname="org.joda.time.TestBaseSingleFieldPeriod" name="testCompareTo"/>
  <testcase time="0" classname="org.joda.time.TestBaseSingleFieldPeriod" name="testToMutablePeriod"/>
  <testcase time="0" classname="org.joda.time.TestBaseSingleFieldPeriod" name="testFactory_between_RInstant"/>
  <testcase time="0" classname="org.joda.time.TestBaseSingleFieldPeriod" name="testIsSupported"/>
  <testcase time="0" classname="org.joda.time.TestBaseSingleFieldPeriod" name="testFactory_between_RPartial"/>
  <testcase time="0" classname="org.joda.time.TestBaseSingleFieldPeriod" name="testFieldTypeIndexMethods"/>
  <testcase time="0" classname="org.joda.time.TestYears" name="testMultipliedBy_int"/>
  <testcase time="0" classname="org.joda.time.TestYears" name="testGetFieldType"/>
  <testcase time="0" classname="org.joda.time.TestYears" name="testFactory_parseYears_String"/>
  <testcase time="0" classname="org.joda.time.TestYears" name="testDividedBy_int"/>
  <testcase time="0" classname="org.joda.time.TestYears" name="testFactory_yearsBetween_RPartial"/>
  <testcase time="0.001" classname="org.joda.time.TestYears" name="testSerialization"/>
  <testcase time="0.001" classname="org.joda.time.TestYears" name="testFactory_yearsIn_RInterval"/>
  <testcase time="0" classname="org.joda.time.TestYears" name="testPlus_int"/>
  <testcase time="0" classname="org.joda.time.TestYears" name="testToString"/>
  <testcase time="0" classname="org.joda.time.TestYears" name="testFactory_years_int"/>
  <testcase time="0" classname="org.joda.time.TestYears" name="testMinus_Years"/>
  <testcase time="0" classname="org.joda.time.TestYears" name="testConstants"/>
  <testcase time="0" classname="org.joda.time.TestYears" name="testIsLessThan"/>
  <testcase time="0.001" classname="org.joda.time.TestYears" name="testPlus_Years"/>
  <testcase time="0" classname="org.joda.time.TestYears" name="testFactory_yearsBetween_RInstant"/>
  <testcase time="0" classname="org.joda.time.TestYears" name="testGetMethods"/>
  <testcase time="0" classname="org.joda.time.TestYears" name="testIsGreaterThan"/>
  <testcase time="0" classname="org.joda.time.TestYears" name="testNegated"/>
  <testcase time="0" classname="org.joda.time.TestYears" name="testAddToLocalDate"/>
  <testcase time="0.001" classname="org.joda.time.TestYears" name="testMinus_int"/>
  <testcase time="0" classname="org.joda.time.TestYears" name="testGetPeriodType"/>
  <testcase time="0.001" classname="org.joda.time.TestMonths" name="testFactory_parseMonths_String"/>
  <testcase time="0" classname="org.joda.time.TestMonths" name="testFactory_monthsBetween_RInstant"/>
  <testcase time="0" classname="org.joda.time.TestMonths" name="testMultipliedBy_int"/>
  <testcase time="0" classname="org.joda.time.TestMonths" name="testGetFieldType"/>
  <testcase time="0" classname="org.joda.time.TestMonths" name="testDividedBy_int"/>
  <testcase time="0.001" classname="org.joda.time.TestMonths" name="testPlus_Months"/>
  <testcase time="0" classname="org.joda.time.TestMonths" name="testSerialization"/>
  <testcase time="0" classname="org.joda.time.TestMonths" name="testPlus_int"/>
  <testcase time="0" classname="org.joda.time.TestMonths" name="testToString"/>
  <testcase time="0.001" classname="org.joda.time.TestMonths" name="testFactory_monthsIn_RInterval"/>
  <testcase time="0" classname="org.joda.time.TestMonths" name="testFactory_monthsBetween_RPartial"/>
  <testcase time="0" classname="org.joda.time.TestMonths" name="testConstants"/>
  <testcase time="0" classname="org.joda.time.TestMonths" name="testFactory_months_int"/>
  <testcase time="0" classname="org.joda.time.TestMonths" name="testIsLessThan"/>
  <testcase time="0" classname="org.joda.time.TestMonths" name="testMinus_Months"/>
  <testcase time="0.001" classname="org.joda.time.TestMonths" name="testGetMethods"/>
  <testcase time="0" classname="org.joda.time.TestMonths" name="testIsGreaterThan"/>
  <testcase time="0" classname="org.joda.time.TestMonths" name="testNegated"/>
  <testcase time="0" classname="org.joda.time.TestMonths" name="testAddToLocalDate"/>
  <testcase time="0" classname="org.joda.time.TestMonths" name="testMinus_int"/>
  <testcase time="0" classname="org.joda.time.TestMonths" name="testGetPeriodType"/>
  <testcase time="0" classname="org.joda.time.TestWeeks" name="testMultipliedBy_int"/>
  <testcase time="0.001" classname="org.joda.time.TestWeeks" name="testGetFieldType"/>
  <testcase time="0" classname="org.joda.time.TestWeeks" name="testFactory_weeks_int"/>
  <testcase time="0" classname="org.joda.time.TestWeeks" name="testDividedBy_int"/>
  <testcase time="0" classname="org.joda.time.TestWeeks" name="testSerialization"/>
  <testcase time="0.001" classname="org.joda.time.TestWeeks" name="testPlus_int"/>
  <testcase time="0" classname="org.joda.time.TestWeeks" name="testToString"/>
  <testcase time="0" classname="org.joda.time.TestWeeks" name="testToStandardMinutes"/>
  <testcase time="0" classname="org.joda.time.TestWeeks" name="testFactory_weeksBetween_RInstant"/>
  <testcase time="0" classname="org.joda.time.TestWeeks" name="testMinus_Weeks"/>
  <testcase time="0" classname="org.joda.time.TestWeeks" name="testConstants"/>
  <testcase time="0" classname="org.joda.time.TestWeeks" name="testToStandardDays"/>
  <testcase time="0" classname="org.joda.time.TestWeeks" name="testIsLessThan"/>
  <testcase time="0" classname="org.joda.time.TestWeeks" name="testPlus_Weeks"/>
  <testcase time="0" classname="org.joda.time.TestWeeks" name="testToStandardSeconds"/>
  <testcase time="0" classname="org.joda.time.TestWeeks" name="testToStandardDuration"/>
  <testcase time="0" classname="org.joda.time.TestWeeks" name="testFactory_parseWeeks_String"/>
  <testcase time="0" classname="org.joda.time.TestWeeks" name="testGetMethods"/>
  <testcase time="0" classname="org.joda.time.TestWeeks" name="testFactory_weeksIn_RInterval"/>
  <testcase time="0" classname="org.joda.time.TestWeeks" name="testToStandardHours"/>
  <testcase time="0" classname="org.joda.time.TestWeeks" name="testIsGreaterThan"/>
  <testcase time="0" classname="org.joda.time.TestWeeks" name="testNegated"/>
  <testcase time="0" classname="org.joda.time.TestWeeks" name="testFactory_weeksBetween_RPartial"/>
  <testcase time="0" classname="org.joda.time.TestWeeks" name="testFactory_standardWeeksIn_RPeriod"/>
  <testcase time="0" classname="org.joda.time.TestWeeks" name="testAddToLocalDate"/>
  <testcase time="0" classname="org.joda.time.TestWeeks" name="testMinus_int"/>
  <testcase time="0" classname="org.joda.time.TestWeeks" name="testGetPeriodType"/>
  <testcase time="0" classname="org.joda.time.TestDays" name="testMultipliedBy_int"/>
  <testcase time="0" classname="org.joda.time.TestDays" name="testGetFieldType"/>
  <testcase time="0" classname="org.joda.time.TestDays" name="testFactory_daysIn_RInterval"/>
  <testcase time="0.001" classname="org.joda.time.TestDays" name="testDividedBy_int"/>
  <testcase time="0" classname="org.joda.time.TestDays" name="testFactory_parseDays_String"/>
  <testcase time="0" classname="org.joda.time.TestDays" name="testSerialization"/>
  <testcase time="0.001" classname="org.joda.time.TestDays" name="testFactory_days_int"/>
  <testcase time="0" classname="org.joda.time.TestDays" name="testFactory_standardDaysIn_RPeriod"/>
  <testcase time="0" classname="org.joda.time.TestDays" name="testPlus_int"/>
  <testcase time="0" classname="org.joda.time.TestDays" name="testToString"/>
  <testcase time="0" classname="org.joda.time.TestDays" name="testPlus_Days"/>
  <testcase time="0" classname="org.joda.time.TestDays" name="testToStandardMinutes"/>
  <testcase time="0.001" classname="org.joda.time.TestDays" name="testFactory_daysBetween_RInstant"/>
  <testcase time="0" classname="org.joda.time.TestDays" name="testConstants"/>
  <testcase time="0" classname="org.joda.time.TestDays" name="testIsLessThan"/>
  <testcase time="0" classname="org.joda.time.TestDays" name="testToStandardSeconds"/>
  <testcase time="0" classname="org.joda.time.TestDays" name="testToStandardDuration"/>
  <testcase time="0" classname="org.joda.time.TestDays" name="testMinus_Days"/>
  <testcase time="0" classname="org.joda.time.TestDays" name="testGetMethods"/>
  <testcase time="0.001" classname="org.joda.time.TestDays" name="testToStandardHours"/>
  <testcase time="0" classname="org.joda.time.TestDays" name="testIsGreaterThan"/>
  <testcase time="0" classname="org.joda.time.TestDays" name="testToStandardWeeks"/>
  <testcase time="0" classname="org.joda.time.TestDays" name="testNegated"/>
  <testcase time="0" classname="org.joda.time.TestDays" name="testFactory_daysBetween_RPartial"/>
  <testcase time="0" classname="org.joda.time.TestDays" name="testAddToLocalDate"/>
  <testcase time="0" classname="org.joda.time.TestDays" name="testMinus_int"/>
  <testcase time="0" classname="org.joda.time.TestDays" name="testGetPeriodType"/>
  <testcase time="0" classname="org.joda.time.TestHours" name="testMultipliedBy_int"/>
  <testcase time="0" classname="org.joda.time.TestHours" name="testGetFieldType"/>
  <testcase time="0" classname="org.joda.time.TestHours" name="testFactory_hoursBetween_RInstant"/>
  <testcase time="0" classname="org.joda.time.TestHours" name="testDividedBy_int"/>
  <testcase time="0.001" classname="org.joda.time.TestHours" name="testSerialization"/>
  <testcase time="0" classname="org.joda.time.TestHours" name="testPlus_int"/>
  <testcase time="0" classname="org.joda.time.TestHours" name="testToString"/>
  <testcase time="0.001" classname="org.joda.time.TestHours" name="testFactory_hoursBetween_RPartial"/>
  <testcase time="0" classname="org.joda.time.TestHours" name="testToStandardMinutes"/>
  <testcase time="0" classname="org.joda.time.TestHours" name="testFactory_parseHours_String"/>
  <testcase time="0" classname="org.joda.time.TestHours" name="testMinus_Hours"/>
  <testcase time="0" classname="org.joda.time.TestHours" name="testConstants"/>
  <testcase time="0.001" classname="org.joda.time.TestHours" name="testFactory_standardHoursIn_RPeriod"/>
  <testcase time="0" classname="org.joda.time.TestHours" name="testToStandardDays"/>
  <testcase time="0" classname="org.joda.time.TestHours" name="testIsLessThan"/>
  <testcase time="0" classname="org.joda.time.TestHours" name="testPlus_Hours"/>
  <testcase time="0" classname="org.joda.time.TestHours" name="testToStandardSeconds"/>
  <testcase time="0" classname="org.joda.time.TestHours" name="testFactory_hoursIn_RInterval"/>
  <testcase time="0" classname="org.joda.time.TestHours" name="testToStandardDuration"/>
  <testcase time="0" classname="org.joda.time.TestHours" name="testFactory_hours_int"/>
  <testcase time="0" classname="org.joda.time.TestHours" name="testGetMethods"/>
  <testcase time="0" classname="org.joda.time.TestHours" name="testIsGreaterThan"/>
  <testcase time="0" classname="org.joda.time.TestHours" name="testToStandardWeeks"/>
  <testcase time="0" classname="org.joda.time.TestHours" name="testNegated"/>
  <testcase time="0" classname="org.joda.time.TestHours" name="testAddToLocalDate"/>
  <testcase time="0" classname="org.joda.time.TestHours" name="testMinus_int"/>
  <testcase time="0.001" classname="org.joda.time.TestHours" name="testGetPeriodType"/>
  <testcase time="0" classname="org.joda.time.TestMinutes" name="testMultipliedBy_int"/>
  <testcase time="0" classname="org.joda.time.TestMinutes" name="testGetFieldType"/>
  <testcase time="0" classname="org.joda.time.TestMinutes" name="testMinus_Minutes"/>
  <testcase time="0" classname="org.joda.time.TestMinutes" name="testFactory_standardMinutesIn_RPeriod"/>
  <testcase time="0" classname="org.joda.time.TestMinutes" name="testDividedBy_int"/>
  <testcase time="0.001" classname="org.joda.time.TestMinutes" name="testSerialization"/>
  <testcase time="0" classname="org.joda.time.TestMinutes" name="testPlus_int"/>
  <testcase time="0" classname="org.joda.time.TestMinutes" name="testToString"/>
  <testcase time="0" classname="org.joda.time.TestMinutes" name="testFactory_minutesBetween_RPartial"/>
  <testcase time="0" classname="org.joda.time.TestMinutes" name="testPlus_Minutes"/>
  <testcase time="0" classname="org.joda.time.TestMinutes" name="testFactory_minutes_int"/>
  <testcase time="0" classname="org.joda.time.TestMinutes" name="testConstants"/>
  <testcase time="0" classname="org.joda.time.TestMinutes" name="testToStandardDays"/>
  <testcase time="0" classname="org.joda.time.TestMinutes" name="testIsLessThan"/>
  <testcase time="0" classname="org.joda.time.TestMinutes" name="testToStandardSeconds"/>
  <testcase time="0" classname="org.joda.time.TestMinutes" name="testToStandardDuration"/>
  <testcase time="0" classname="org.joda.time.TestMinutes" name="testGetMethods"/>
  <testcase time="0" classname="org.joda.time.TestMinutes" name="testToStandardHours"/>
  <testcase time="0" classname="org.joda.time.TestMinutes" name="testIsGreaterThan"/>
  <testcase time="0" classname="org.joda.time.TestMinutes" name="testToStandardWeeks"/>
  <testcase time="0" classname="org.joda.time.TestMinutes" name="testNegated"/>
  <testcase time="0" classname="org.joda.time.TestMinutes" name="testAddToLocalDate"/>
  <testcase time="0" classname="org.joda.time.TestMinutes" name="testMinus_int"/>
  <testcase time="0.001" classname="org.joda.time.TestMinutes" name="testFactory_minutesBetween_RInstant"/>
  <testcase time="0" classname="org.joda.time.TestMinutes" name="testFactory_parseMinutes_String"/>
  <testcase time="0" classname="org.joda.time.TestMinutes" name="testGetPeriodType"/>
  <testcase time="0" classname="org.joda.time.TestMinutes" name="testFactory_minutesIn_RInterval"/>
  <testcase time="0" classname="org.joda.time.TestSeconds" name="testFactory_secondsBetween_RInstant"/>
  <testcase time="0" classname="org.joda.time.TestSeconds" name="testMultipliedBy_int"/>
  <testcase time="0" classname="org.joda.time.TestSeconds" name="testGetFieldType"/>
  <testcase time="0" classname="org.joda.time.TestSeconds" name="testDividedBy_int"/>
  <testcase time="0" classname="org.joda.time.TestSeconds" name="testFactory_seconds_int"/>
  <testcase time="0.001" classname="org.joda.time.TestSeconds" name="testSerialization"/>
  <testcase time="0" classname="org.joda.time.TestSeconds" name="testPlus_int"/>
  <testcase time="0" classname="org.joda.time.TestSeconds" name="testToString"/>
  <testcase time="0" classname="org.joda.time.TestSeconds" name="testMinus_Seconds"/>
  <testcase time="0.001" classname="org.joda.time.TestSeconds" name="testFactory_secondsBetween_RPartial"/>
  <testcase time="0" classname="org.joda.time.TestSeconds" name="testFactory_parseSeconds_String"/>
  <testcase time="0" classname="org.joda.time.TestSeconds" name="testToStandardMinutes"/>
  <testcase time="0" classname="org.joda.time.TestSeconds" name="testConstants"/>
  <testcase time="0" classname="org.joda.time.TestSeconds" name="testPlus_Seconds"/>
  <testcase time="0" classname="org.joda.time.TestSeconds" name="testToStandardDays"/>
  <testcase time="0" classname="org.joda.time.TestSeconds" name="testIsLessThan"/>
  <testcase time="0" classname="org.joda.time.TestSeconds" name="testFactory_standardSecondsIn_RPeriod"/>
  <testcase time="0" classname="org.joda.time.TestSeconds" name="testToStandardDuration"/>
  <testcase time="0" classname="org.joda.time.TestSeconds" name="testGetMethods"/>
  <testcase time="0" classname="org.joda.time.TestSeconds" name="testToStandardHours"/>
  <testcase time="0" classname="org.joda.time.TestSeconds" name="testIsGreaterThan"/>
  <testcase time="0" classname="org.joda.time.TestSeconds" name="testToStandardWeeks"/>
  <testcase time="0.001" classname="org.joda.time.TestSeconds" name="testNegated"/>
  <testcase time="0" classname="org.joda.time.TestSeconds" name="testAddToLocalDate"/>
  <testcase time="0" classname="org.joda.time.TestSeconds" name="testMinus_int"/>
  <testcase time="0" classname="org.joda.time.TestSeconds" name="testGetPeriodType"/>
  <testcase time="0" classname="org.joda.time.TestSeconds" name="testFactory_secondsIn_RInterval"/>
  <testcase time="0" classname="org.joda.time.TestTimeOfDay_Basics" name="testMinusHours_int"/>
  <testcase time="0" classname="org.joda.time.TestTimeOfDay_Basics" name="testGetFieldTypes"/>
  <testcase time="0" classname="org.joda.time.TestTimeOfDay_Basics" name="testPlusHours_int"/>
  <testcase time="0" classname="org.joda.time.TestTimeOfDay_Basics" name="testGetFieldType"/>
  <testcase time="0" classname="org.joda.time.TestTimeOfDay_Basics" name="testGetField"/>
  <testcase time="0" classname="org.joda.time.TestTimeOfDay_Basics" name="testGetValue"/>
  <testcase time="0" classname="org.joda.time.TestTimeOfDay_Basics" name="testMinusSeconds_int"/>
  <testcase time="0" classname="org.joda.time.TestTimeOfDay_Basics" name="testToString_String"/>
  <testcase time="0.003" classname="org.joda.time.TestTimeOfDay_Basics" name="testSerialization"/>
  <testcase time="0" classname="org.joda.time.TestTimeOfDay_Basics" name="testGet"/>
  <testcase time="0" classname="org.joda.time.TestTimeOfDay_Basics" name="testPlusMillis_int"/>
  <testcase time="0.001" classname="org.joda.time.TestTimeOfDay_Basics" name="testSize"/>
  <testcase time="0" classname="org.joda.time.TestTimeOfDay_Basics" name="testEqualsHashCode"/>
  <testcase time="0" classname="org.joda.time.TestTimeOfDay_Basics" name="testToString"/>
  <testcase time="0" classname="org.joda.time.TestTimeOfDay_Basics" name="testPlus_RP"/>
  <testcase time="0" classname="org.joda.time.TestTimeOfDay_Basics" name="testCompareTo"/>
  <testcase time="0" classname="org.joda.time.TestTimeOfDay_Basics" name="testToString_DTFormatter"/>
  <testcase time="0" classname="org.joda.time.TestTimeOfDay_Basics" name="testMinus_RP"/>
  <testcase time="0" classname="org.joda.time.TestTimeOfDay_Basics" name="testPlusMinutes_int"/>
  <testcase time="0" classname="org.joda.time.TestTimeOfDay_Basics" name="testIsBefore_TOD"/>
  <testcase time="0" classname="org.joda.time.TestTimeOfDay_Basics" name="testMinusMillis_int"/>
  <testcase time="0" classname="org.joda.time.TestTimeOfDay_Basics" name="testWithFieldAdded1"/>
  <testcase time="0.001" classname="org.joda.time.TestTimeOfDay_Basics" name="testWithFieldAdded2"/>
  <testcase time="0" classname="org.joda.time.TestTimeOfDay_Basics" name="testWithFieldAdded3"/>
  <testcase time="0" classname="org.joda.time.TestTimeOfDay_Basics" name="testWithFieldAdded4"/>
  <testcase time="0" classname="org.joda.time.TestTimeOfDay_Basics" name="testWithFieldAdded5"/>
  <testcase time="0" classname="org.joda.time.TestTimeOfDay_Basics" name="testWithFieldAdded6"/>
  <testcase time="0" classname="org.joda.time.TestTimeOfDay_Basics" name="testWithFieldAdded7"/>
  <testcase time="0" classname="org.joda.time.TestTimeOfDay_Basics" name="testWithFieldAdded8"/>
  <testcase time="0" classname="org.joda.time.TestTimeOfDay_Basics" name="testProperty"/>
  <testcase time="0" classname="org.joda.time.TestTimeOfDay_Basics" name="testToDateTime_nullRI"/>
  <testcase time="0.001" classname="org.joda.time.TestTimeOfDay_Basics" name="testToDateTimeToday_nullZone"/>
  <testcase time="0" classname="org.joda.time.TestTimeOfDay_Basics" name="testMinusMinutes_int"/>
  <testcase time="0" classname="org.joda.time.TestTimeOfDay_Basics" name="testToDateTimeToday_Zone"/>
  <testcase time="0" classname="org.joda.time.TestTimeOfDay_Basics" name="testIsSupported"/>
  <testcase time="0" classname="org.joda.time.TestTimeOfDay_Basics" name="testToDateTimeToday"/>
  <testcase time="0" classname="org.joda.time.TestTimeOfDay_Basics" name="testToString_String_Locale"/>
  <testcase time="0" classname="org.joda.time.TestTimeOfDay_Basics" name="testToDateTime_RI"/>
  <testcase time="0" classname="org.joda.time.TestTimeOfDay_Basics" name="testWithers"/>
  <testcase time="0" classname="org.joda.time.TestTimeOfDay_Basics" name="testWithField1"/>
  <testcase time="0" classname="org.joda.time.TestTimeOfDay_Basics" name="testWithField2"/>
  <testcase time="0" classname="org.joda.time.TestTimeOfDay_Basics" name="testWithField3"/>
  <testcase time="0.001" classname="org.joda.time.TestTimeOfDay_Basics" name="testWithField4"/>
  <testcase time="0" classname="org.joda.time.TestTimeOfDay_Basics" name="testGetFields"/>
  <testcase time="0" classname="org.joda.time.TestTimeOfDay_Basics" name="testWithChronologyRetainFields_nullChrono"/>
  <testcase time="0" classname="org.joda.time.TestTimeOfDay_Basics" name="testIsEqual_TOD"/>
  <testcase time="0" classname="org.joda.time.TestTimeOfDay_Basics" name="testIsAfter_TOD"/>
  <testcase time="0" classname="org.joda.time.TestTimeOfDay_Basics" name="testGetValues"/>
  <testcase time="0" classname="org.joda.time.TestTimeOfDay_Basics" name="testWithChronologyRetainFields_sameChrono"/>
  <testcase time="0" classname="org.joda.time.TestTimeOfDay_Basics" name="testToLocalTime"/>
  <testcase time="0" classname="org.joda.time.TestTimeOfDay_Basics" name="testWithChronologyRetainFields_Chrono"/>
  <testcase time="0" classname="org.joda.time.TestTimeOfDay_Basics" name="testPlusSeconds_int"/>
  <testcase time="0.001" classname="org.joda.time.TestTimeOfDay_Constructors" name="testConstructor_Object_Chronology"/>
  <testcase time="0" classname="org.joda.time.TestTimeOfDay_Constructors" name="testFactoryMillisOfDay_long1_Chronology"/>
  <testcase time="0" classname="org.joda.time.TestTimeOfDay_Constructors" name="testConstructor_nullObject_Chronology"/>
  <testcase time="0.001" classname="org.joda.time.TestTimeOfDay_Constructors" name="testConstructor_int_int_Chronology"/>
  <testcase time="0" classname="org.joda.time.TestTimeOfDay_Constructors" name="testConstructor_Object1"/>
  <testcase time="0" classname="org.joda.time.TestTimeOfDay_Constructors" name="testConstructor_Object2"/>
  <testcase time="0" classname="org.joda.time.TestTimeOfDay_Constructors" name="testFactory_FromCalendarFields"/>
  <testcase time="0.001" classname="org.joda.time.TestTimeOfDay_Constructors" name="testConstructor_int_int_int_Chronology"/>
  <testcase time="0" classname="org.joda.time.TestTimeOfDay_Constructors" name="testFactory_FromDateFields_after1970"/>
  <testcase time="0" classname="org.joda.time.TestTimeOfDay_Constructors" name="testConstructor_Chronology"/>
  <testcase time="0" classname="org.joda.time.TestTimeOfDay_Constructors" name="testConstructor_nullObject_nullChronology"/>
  <testcase time="0" classname="org.joda.time.TestTimeOfDay_Constructors" name="testConstructor_ObjectStringEx1"/>
  <testcase time="0" classname="org.joda.time.TestTimeOfDay_Constructors" name="testConstructor_ObjectStringEx2"/>
  <testcase time="0" classname="org.joda.time.TestTimeOfDay_Constructors" name="testConstructor_ObjectStringEx3"/>
  <testcase time="0" classname="org.joda.time.TestTimeOfDay_Constructors" name="testConstructor_ObjectStringEx4"/>
  <testcase time="0" classname="org.joda.time.TestTimeOfDay_Constructors" name="testConstantMidnight"/>
  <testcase time="0" classname="org.joda.time.TestTimeOfDay_Constructors" name="testConstructor_long_nullChronology"/>
  <testcase time="0" classname="org.joda.time.TestTimeOfDay_Constructors" name="testConstructor_int_int_nullChronology"/>
  <testcase time="0" classname="org.joda.time.TestTimeOfDay_Constructors" name="testConstructor_int_int_int_int_Chronology"/>
  <testcase time="0" classname="org.joda.time.TestTimeOfDay_Constructors" name="testFactory_FromDateFields_before1970"/>
  <testcase time="0" classname="org.joda.time.TestTimeOfDay_Constructors" name="testConstructor_long1"/>
  <testcase time="0.001" classname="org.joda.time.TestTimeOfDay_Constructors" name="testConstructor_long2"/>
  <testcase time="0" classname="org.joda.time.TestTimeOfDay_Constructors" name="testConstructor_int_int"/>
  <testcase time="0" classname="org.joda.time.TestTimeOfDay_Constructors" name="testConstructor_DateTimeZone"/>
  <testcase time="0" classname="org.joda.time.TestTimeOfDay_Constructors" name="testFactoryMillisOfDay_long1"/>
  <testcase time="0" classname="org.joda.time.TestTimeOfDay_Constructors" name="testConstructor_nullObject"/>
  <testcase time="0.001" classname="org.joda.time.TestTimeOfDay_Constructors" name="testFactory_FromDateFields_null"/>
  <testcase time="0" classname="org.joda.time.TestTimeOfDay_Constructors" name="testConstructor_int_int_int_int_nullChronology"/>
  <testcase time="0" classname="org.joda.time.TestTimeOfDay_Constructors" name="testConstructor_Object_nullChronology"/>
  <testcase time="0" classname="org.joda.time.TestTimeOfDay_Constructors" name="testConstructor_int_int_int_int"/>
  <testcase time="0" classname="org.joda.time.TestTimeOfDay_Constructors" name="testConstructor_long1_Chronology"/>
  <testcase time="0" classname="org.joda.time.TestTimeOfDay_Constructors" name="testConstructor_nullChronology"/>
  <testcase time="0.001" classname="org.joda.time.TestTimeOfDay_Constructors" name="testConstructor_int_int_int_nullChronology"/>
  <testcase time="0" classname="org.joda.time.TestTimeOfDay_Constructors" name="testConstructor2_Object_Chronology"/>
  <testcase time="0" classname="org.joda.time.TestTimeOfDay_Constructors" name="testConstructor_todObject"/>
  <testcase time="0" classname="org.joda.time.TestTimeOfDay_Constructors" name="testConstructor_long2_Chronology"/>
  <testcase time="0" classname="org.joda.time.TestTimeOfDay_Constructors" name="testConstructor_int_int_int"/>
  <testcase time="0" classname="org.joda.time.TestTimeOfDay_Constructors" name="testFactoryMillisOfDay_long_nullChronology"/>
  <testcase time="0.001" classname="org.joda.time.TestTimeOfDay_Constructors" name="testConstructor_nullDateTimeZone"/>
  <testcase time="0" classname="org.joda.time.TestTimeOfDay_Constructors" name="testConstructor"/>
  <testcase time="0" classname="org.joda.time.TestTimeOfDay_Constructors" name="testConstructor_ObjectString1"/>
  <testcase time="0" classname="org.joda.time.TestTimeOfDay_Constructors" name="testConstructor_ObjectString2"/>
  <testcase time="0" classname="org.joda.time.TestTimeOfDay_Constructors" name="testConstructor_ObjectString3"/>
  <testcase time="0.001" classname="org.joda.time.TestTimeOfDay_Constructors" name="testConstructor_ObjectString4"/>
  <testcase time="0" classname="org.joda.time.TestTimeOfDay_Constructors" name="testConstructor_ObjectString5"/>
  <testcase time="0" classname="org.joda.time.TestTimeOfDay_Constructors" name="testConstructor_ObjectString6"/>
  <testcase time="0" classname="org.joda.time.TestTimeOfDay_Properties" name="testPropertyCompareToHour"/>
  <testcase time="0" classname="org.joda.time.TestTimeOfDay_Properties" name="testPropertyAddHour"/>
  <testcase time="0.119" classname="org.joda.time.TestTimeOfDay_Properties" name="testPropertyAddMilli"/>
  <testcase time="0" classname="org.joda.time.TestTimeOfDay_Properties" name="testPropertyAddNoWrapHour"/>
  <testcase time="0" classname="org.joda.time.TestTimeOfDay_Properties" name="testPropertyGetMaxMinValuesMinute"/>
  <testcase time="0" classname="org.joda.time.TestTimeOfDay_Properties" name="testPropertyAddWrapFieldMinute"/>
  <testcase time="0" classname="org.joda.time.TestTimeOfDay_Properties" name="testPropertyGetMaxMinValuesSecond"/>
  <testcase time="0.001" classname="org.joda.time.TestTimeOfDay_Properties" name="testPropertyCompareToMinute"/>
  <testcase time="0" classname="org.joda.time.TestTimeOfDay_Properties" name="testPropertyAddWrapFieldSecond"/>
  <testcase time="0" classname="org.joda.time.TestTimeOfDay_Properties" name="testPropertyCompareToMilli"/>
  <testcase time="0" classname="org.joda.time.TestTimeOfDay_Properties" name="testPropertyCompareToSecond"/>
  <testcase time="0.001" classname="org.joda.time.TestTimeOfDay_Properties" name="testPropertyGetHour"/>
  <testcase time="0" classname="org.joda.time.TestTimeOfDay_Properties" name="testPropertyGetMaxMinValuesHour"/>
  <testcase time="0" classname="org.joda.time.TestTimeOfDay_Properties" name="testPropertyAddMinute"/>
  <testcase time="0" classname="org.joda.time.TestTimeOfDay_Properties" name="testPropertyWithMinimumValueHour"/>
  <testcase time="0.001" classname="org.joda.time.TestTimeOfDay_Properties" name="testPropertyWithMaximumValueHour"/>
  <testcase time="0" classname="org.joda.time.TestTimeOfDay_Properties" name="testPropertyAddSecond"/>
  <testcase time="0.001" classname="org.joda.time.TestTimeOfDay_Properties" name="testPropertySetMinute"/>
  <testcase time="0" classname="org.joda.time.TestTimeOfDay_Properties" name="testPropertySetSecond"/>
  <testcase time="0" classname="org.joda.time.TestTimeOfDay_Properties" name="testPropertyGetMinute"/>
  <testcase time="0" classname="org.joda.time.TestTimeOfDay_Properties" name="testPropertyGetSecond"/>
  <testcase time="0" classname="org.joda.time.TestTimeOfDay_Properties" name="testPropertySetTextHour"/>
  <testcase time="0" classname="org.joda.time.TestTimeOfDay_Properties" name="testPropertySetMilli"/>
  <testcase time="0" classname="org.joda.time.TestTimeOfDay_Properties" name="testPropertyAddNoWrapMinute"/>
  <testcase time="0" classname="org.joda.time.TestTimeOfDay_Properties" name="testPropertyAddNoWrapSecond"/>
  <testcase time="0" classname="org.joda.time.TestTimeOfDay_Properties" name="testPropertySetHour"/>
  <testcase time="0.099" classname="org.joda.time.TestTimeOfDay_Properties" name="testPropertyAddNoWrapMilli"/>
  <testcase time="0" classname="org.joda.time.TestTimeOfDay_Properties" name="testPropertySetTextMinute"/>
  <testcase time="0" classname="org.joda.time.TestTimeOfDay_Properties" name="testPropertyGetMilli"/>
  <testcase time="0.001" classname="org.joda.time.TestTimeOfDay_Properties" name="testPropertySetTextMilli"/>
  <testcase time="0" classname="org.joda.time.TestTimeOfDay_Properties" name="testPropertySetTextSecond"/>
  <testcase time="0" classname="org.joda.time.TestTimeOfDay_Properties" name="testPropertyAddWrapFieldHour"/>
  <testcase time="0" classname="org.joda.time.TestTimeOfDay_Properties" name="testPropertyGetMaxMinValuesMilli"/>
  <testcase time="0" classname="org.joda.time.TestTimeOfDay_Properties" name="testPropertyAddWrapFieldMilli"/>
  <testcase time="0.001" classname="org.joda.time.TestYearMonthDay_Basics" name="testToDateTimeAtCurrentTime_Zone"/>
  <testcase time="0" classname="org.joda.time.TestYearMonthDay_Basics" name="testGetFieldTypes"/>
  <testcase time="0" classname="org.joda.time.TestYearMonthDay_Basics" name="testToDateTime_nullTOD_Zone"/>
  <testcase time="0" classname="org.joda.time.TestYearMonthDay_Basics" name="testGetFieldType"/>
  <testcase time="0" classname="org.joda.time.TestYearMonthDay_Basics" name="testWithChronologyRetainFields_invalidInNewChrono"/>
  <testcase time="0" classname="org.joda.time.TestYearMonthDay_Basics" name="testToInterval_nullZone"/>
  <testcase time="0" classname="org.joda.time.TestYearMonthDay_Basics" name="testToDateTime_TOD_nullZone"/>
  <testcase time="0" classname="org.joda.time.TestYearMonthDay_Basics" name="testGetField"/>
  <testcase time="0" classname="org.joda.time.TestYearMonthDay_Basics" name="testGetValue"/>
  <testcase time="0.001" classname="org.joda.time.TestYearMonthDay_Basics" name="testPlusMonths_int"/>
  <testcase time="0" classname="org.joda.time.TestYearMonthDay_Basics" name="testToString_String"/>
  <testcase time="0" classname="org.joda.time.TestYearMonthDay_Basics" name="testToDateTime_TOD"/>
  <testcase time="0.002" classname="org.joda.time.TestYearMonthDay_Basics" name="testSerialization"/>
  <testcase time="0" classname="org.joda.time.TestYearMonthDay_Basics" name="testToDateMidnight_Zone"/>
  <testcase time="0" classname="org.joda.time.TestYearMonthDay_Basics" name="testGet"/>
  <testcase time="0" classname="org.joda.time.TestYearMonthDay_Basics" name="testSize"/>
  <testcase time="0.001" classname="org.joda.time.TestYearMonthDay_Basics" name="testToDateTimeAtCurrentTime"/>
  <testcase time="0" classname="org.joda.time.TestYearMonthDay_Basics" name="testEqualsHashCode"/>
  <testcase time="0" classname="org.joda.time.TestYearMonthDay_Basics" name="testToString"/>
  <testcase time="0" classname="org.joda.time.TestYearMonthDay_Basics" name="testToDateMidnight"/>
  <testcase time="0" classname="org.joda.time.TestYearMonthDay_Basics" name="testPlus_RP"/>
  <testcase time="0" classname="org.joda.time.TestYearMonthDay_Basics" name="testCompareTo"/>
  <testcase time="0" classname="org.joda.time.TestYearMonthDay_Basics" name="testToString_DTFormatter"/>
  <testcase time="0" classname="org.joda.time.TestYearMonthDay_Basics" name="testMinusMonths_int"/>
  <testcase time="0.001" classname="org.joda.time.TestYearMonthDay_Basics" name="testToDateTimeAtMidnight_nullZone"/>
  <testcase time="0" classname="org.joda.time.TestYearMonthDay_Basics" name="testToDateTime_TOD_Zone"/>
  <testcase time="0" classname="org.joda.time.TestYearMonthDay_Basics" name="testMinusDays_int"/>
  <testcase time="0" classname="org.joda.time.TestYearMonthDay_Basics" name="testMinus_RP"/>
  <testcase time="0" classname="org.joda.time.TestYearMonthDay_Basics" name="testIsBefore_YMD"/>
  <testcase time="0" classname="org.joda.time.TestYearMonthDay_Basics" name="testWithFieldAdded1"/>
  <testcase time="0" classname="org.joda.time.TestYearMonthDay_Basics" name="testWithFieldAdded2"/>
  <testcase time="0" classname="org.joda.time.TestYearMonthDay_Basics" name="testWithFieldAdded3"/>
  <testcase time="0" classname="org.joda.time.TestYearMonthDay_Basics" name="testWithFieldAdded4"/>
  <testcase time="0" classname="org.joda.time.TestYearMonthDay_Basics" name="testWithFieldAdded5"/>
  <testcase time="0" classname="org.joda.time.TestYearMonthDay_Basics" name="testProperty"/>
  <testcase time="0.001" classname="org.joda.time.TestYearMonthDay_Basics" name="testToDateTime_nullRI"/>
  <testcase time="0" classname="org.joda.time.TestYearMonthDay_Basics" name="testToInterval"/>
  <testcase time="0" classname="org.joda.time.TestYearMonthDay_Basics" name="testToDateTimeAtMidnight"/>
  <testcase time="0" classname="org.joda.time.TestYearMonthDay_Basics" name="testToDateTimeAtCurrentTime_nullZone"/>
  <testcase time="0" classname="org.joda.time.TestYearMonthDay_Basics" name="testIsSupported"/>
  <testcase time="0.001" classname="org.joda.time.TestYearMonthDay_Basics" name="testPlusDays_int"/>
  <testcase time="0" classname="org.joda.time.TestYearMonthDay_Basics" name="testMinusYears_int"/>
  <testcase time="0" classname="org.joda.time.TestYearMonthDay_Basics" name="testPlusYears_int"/>
  <testcase time="0" classname="org.joda.time.TestYearMonthDay_Basics" name="testToString_String_Locale"/>
  <testcase time="0" classname="org.joda.time.TestYearMonthDay_Basics" name="testToDateTime_RI"/>
  <testcase time="0.001" classname="org.joda.time.TestYearMonthDay_Basics" name="testWithers"/>
  <testcase time="0" classname="org.joda.time.TestYearMonthDay_Basics" name="testToDateTime_nullTOD"/>
  <testcase time="0" classname="org.joda.time.TestYearMonthDay_Basics" name="testWithField1"/>
  <testcase time="0" classname="org.joda.time.TestYearMonthDay_Basics" name="testWithField2"/>
  <testcase time="0" classname="org.joda.time.TestYearMonthDay_Basics" name="testWithField3"/>
  <testcase time="0" classname="org.joda.time.TestYearMonthDay_Basics" name="testWithField4"/>
  <testcase time="0" classname="org.joda.time.TestYearMonthDay_Basics" name="testGetFields"/>
  <testcase time="0" classname="org.joda.time.TestYearMonthDay_Basics" name="testToDateTimeAtMidnight_Zone"/>
  <testcase time="0.001" classname="org.joda.time.TestYearMonthDay_Basics" name="testWithChronologyRetainFields_nullChrono"/>
  <testcase time="0" classname="org.joda.time.TestYearMonthDay_Basics" name="testIsEqual_YMD"/>
  <testcase time="0" classname="org.joda.time.TestYearMonthDay_Basics" name="testIsAfter_YMD"/>
  <testcase time="0" classname="org.joda.time.TestYearMonthDay_Basics" name="testGetValues"/>
  <testcase time="0.001" classname="org.joda.time.TestYearMonthDay_Basics" name="testWithChronologyRetainFields_sameChrono"/>
  <testcase time="0" classname="org.joda.time.TestYearMonthDay_Basics" name="testToDateMidnight_nullZone"/>
  <testcase time="0" classname="org.joda.time.TestYearMonthDay_Basics" name="testToLocalDate"/>
  <testcase time="0" classname="org.joda.time.TestYearMonthDay_Basics" name="testToInterval_Zone"/>
  <testcase time="0" classname="org.joda.time.TestYearMonthDay_Basics" name="testWithChronologyRetainFields_Chrono"/>
  <testcase time="0" classname="org.joda.time.TestYearMonthDay_Constructors" name="testConstructor_Object_Chronology"/>
  <testcase time="0" classname="org.joda.time.TestYearMonthDay_Constructors" name="testConstructor_nullObject_Chronology"/>
  <testcase time="0" classname="org.joda.time.TestYearMonthDay_Constructors" name="testFactory_FromCalendarFields"/>
  <testcase time="0" classname="org.joda.time.TestYearMonthDay_Constructors" name="testConstructor_int_int_int_Chronology"/>
  <testcase time="0" classname="org.joda.time.TestYearMonthDay_Constructors" name="testConstructor_Chronology"/>
  <testcase time="0" classname="org.joda.time.TestYearMonthDay_Constructors" name="testConstructor_nullObject_nullChronology"/>
  <testcase time="0.001" classname="org.joda.time.TestYearMonthDay_Constructors" name="testConstructor_ObjectStringEx1"/>
  <testcase time="0" classname="org.joda.time.TestYearMonthDay_Constructors" name="testConstructor_ObjectStringEx2"/>
  <testcase time="0" classname="org.joda.time.TestYearMonthDay_Constructors" name="testConstructor_ObjectStringEx3"/>
  <testcase time="0" classname="org.joda.time.TestYearMonthDay_Constructors" name="testConstructor_ObjectStringEx4"/>
  <testcase time="0" classname="org.joda.time.TestYearMonthDay_Constructors" name="testConstructor_long_nullChronology"/>
  <testcase time="0" classname="org.joda.time.TestYearMonthDay_Constructors" name="testConstructor_Object"/>
  <testcase time="0" classname="org.joda.time.TestYearMonthDay_Constructors" name="testConstructor_long1"/>
  <testcase time="0" classname="org.joda.time.TestYearMonthDay_Constructors" name="testConstructor_long2"/>
  <testcase time="0" classname="org.joda.time.TestYearMonthDay_Constructors" name="testConstructor_DateTimeZone"/>
  <testcase time="0" classname="org.joda.time.TestYearMonthDay_Constructors" name="testConstructor_nullObject"/>
  <testcase time="0" classname="org.joda.time.TestYearMonthDay_Constructors" name="testConstructor_Object_nullChronology"/>
  <testcase time="0" classname="org.joda.time.TestYearMonthDay_Constructors" name="testConstructor_long1_Chronology"/>
  <testcase time="0" classname="org.joda.time.TestYearMonthDay_Constructors" name="testConstructor_nullChronology"/>
  <testcase time="0.001" classname="org.joda.time.TestYearMonthDay_Constructors" name="testConstructor_int_int_int_nullChronology"/>
  <testcase time="0" classname="org.joda.time.TestYearMonthDay_Constructors" name="testConstructor_long2_Chronology"/>
  <testcase time="0" classname="org.joda.time.TestYearMonthDay_Constructors" name="testConstructor_int_int_int"/>
  <testcase time="0.001" classname="org.joda.time.TestYearMonthDay_Constructors" name="testConstructor_nullDateTimeZone"/>
  <testcase time="0" classname="org.joda.time.TestYearMonthDay_Constructors" name="testFactory_FromDateFields"/>
  <testcase time="0" classname="org.joda.time.TestYearMonthDay_Constructors" name="testConstructor"/>
  <testcase time="0" classname="org.joda.time.TestYearMonthDay_Constructors" name="testConstructor_ObjectString1"/>
  <testcase time="0" classname="org.joda.time.TestYearMonthDay_Constructors" name="testConstructor_ObjectString2"/>
  <testcase time="0.001" classname="org.joda.time.TestYearMonthDay_Constructors" name="testConstructor_ObjectString3"/>
  <testcase time="0" classname="org.joda.time.TestYearMonthDay_Constructors" name="testConstructor_ObjectString4"/>
  <testcase time="0" classname="org.joda.time.TestYearMonthDay_Constructors" name="testConstructor_ObjectString5"/>
  <testcase time="0" classname="org.joda.time.TestYearMonthDay_Properties" name="testPropertyCompareToYear"/>
  <testcase time="0" classname="org.joda.time.TestYearMonthDay_Properties" name="testPropertyAddYear"/>
  <testcase time="0" classname="org.joda.time.TestYearMonthDay_Properties" name="testPropertyAddMonth"/>
  <testcase time="0.001" classname="org.joda.time.TestYearMonthDay_Properties" name="testPropertyEqualsHashCodeLenient"/>
  <testcase time="0" classname="org.joda.time.TestYearMonthDay_Properties" name="testPropertySetTextDay"/>
  <testcase time="0" classname="org.joda.time.TestYearMonthDay_Properties" name="testPropertyCompareToMonth"/>
  <testcase time="0" classname="org.joda.time.TestYearMonthDay_Properties" name="testPropertyWithMaximumValueDayOfMonth"/>
  <testcase time="0.001" classname="org.joda.time.TestYearMonthDay_Properties" name="testPropertyGetYear"/>
  <testcase time="0" classname="org.joda.time.TestYearMonthDay_Properties" name="testPropertyGetMaxMinValuesYear"/>
  <testcase time="0" classname="org.joda.time.TestYearMonthDay_Properties" name="testPropertyHashCode"/>
  <testcase time="0" classname="org.joda.time.TestYearMonthDay_Properties" name="testPropertyEqualsHashCodeStrict"/>
  <testcase time="0.002" classname="org.joda.time.TestYearMonthDay_Properties" name="testPropertyWithMinimumValueDayOfMonth"/>
  <testcase time="0" classname="org.joda.time.TestYearMonthDay_Properties" name="testPropertySetTextYear"/>
  <testcase time="0.001" classname="org.joda.time.TestYearMonthDay_Properties" name="testPropertyAddDay"/>
  <testcase time="0" classname="org.joda.time.TestYearMonthDay_Properties" name="testPropertyEquals"/>
  <testcase time="0" classname="org.joda.time.TestYearMonthDay_Properties" name="testPropertyGetDay"/>
  <testcase time="0" classname="org.joda.time.TestYearMonthDay_Properties" name="testPropertySetMonth"/>
  <testcase time="0.001" classname="org.joda.time.TestYearMonthDay_Properties" name="testPropertyCompareToDay"/>
  <testcase time="0" classname="org.joda.time.TestYearMonthDay_Properties" name="testPropertySetDay"/>
  <testcase time="0" classname="org.joda.time.TestYearMonthDay_Properties" name="testPropertySetYear"/>
  <testcase time="0" classname="org.joda.time.TestYearMonthDay_Properties" name="testPropertyGetMonth"/>
  <testcase time="0.001" classname="org.joda.time.TestYearMonthDay_Properties" name="testPropertySetTextMonth"/>
  <testcase time="0" classname="org.joda.time.TestYearMonthDay_Properties" name="testPropertyAddWrapFieldDay"/>
  <testcase time="0" classname="org.joda.time.TestYearMonthDay_Properties" name="testPropertyGetMaxMinValuesDay"/>
  <testcase time="0" classname="org.joda.time.TestYearMonthDay_Properties" name="testPropertyAddWrapFieldYear"/>
  <testcase time="0" classname="org.joda.time.TestYearMonthDay_Properties" name="testPropertyGetMaxMinValuesMonth"/>
  <testcase time="0" classname="org.joda.time.TestYearMonthDay_Properties" name="testPropertyAddWrapFieldMonth"/>
  <testcase time="0.001" classname="org.joda.time.TestYearMonth_Basics" name="testGetFieldTypes"/>
  <testcase time="0.001" classname="org.joda.time.TestYearMonth_Basics" name="testGetFieldType"/>
  <testcase time="0" classname="org.joda.time.TestYearMonth_Basics" name="testWithChronologyRetainFields_invalidInNewChrono"/>
  <testcase time="0" classname="org.joda.time.TestYearMonth_Basics" name="testToInterval_nullZone"/>
  <testcase time="0" classname="org.joda.time.TestYearMonth_Basics" name="testGetField"/>
  <testcase time="0" classname="org.joda.time.TestYearMonth_Basics" name="testGetValue"/>
  <testcase time="0" classname="org.joda.time.TestYearMonth_Basics" name="testWithField_nullField"/>
  <testcase time="0" classname="org.joda.time.TestYearMonth_Basics" name="testPlusMonths_int"/>
  <testcase time="0" classname="org.joda.time.TestYearMonth_Basics" name="testToString_String"/>
  <testcase time="0.002" classname="org.joda.time.TestYearMonth_Basics" name="testSerialization"/>
  <testcase time="0" classname="org.joda.time.TestYearMonth_Basics" name="testGet"/>
  <testcase time="0" classname="org.joda.time.TestYearMonth_Basics" name="testIsBefore_YM"/>
  <testcase time="0" classname="org.joda.time.TestYearMonth_Basics" name="testSize"/>
  <testcase time="0" classname="org.joda.time.TestYearMonth_Basics" name="testEqualsHashCode"/>
  <testcase time="0.001" classname="org.joda.time.TestYearMonth_Basics" name="testToString"/>
  <testcase time="0" classname="org.joda.time.TestYearMonth_Basics" name="testIsEqual_YM"/>
  <testcase time="0" classname="org.joda.time.TestYearMonth_Basics" name="testPlus_RP"/>
  <testcase time="0" classname="org.joda.time.TestYearMonth_Basics" name="testWithFieldAdded_zero"/>
  <testcase time="0" classname="org.joda.time.TestYearMonth_Basics" name="testCompareTo"/>
  <testcase time="0" classname="org.joda.time.TestYearMonth_Basics" name="testToString_DTFormatter"/>
  <testcase time="0" classname="org.joda.time.TestYearMonth_Basics" name="testWithFieldAdded_unknownField"/>
  <testcase time="0" classname="org.joda.time.TestYearMonth_Basics" name="testMinusMonths_int"/>
  <testcase time="0" classname="org.joda.time.TestYearMonth_Basics" name="testMinus_RP"/>
  <testcase time="0" classname="org.joda.time.TestYearMonth_Basics" name="testIsAfter_YM"/>
  <testcase time="0" classname="org.joda.time.TestYearMonth_Basics" name="testProperty"/>
  <testcase time="0" classname="org.joda.time.TestYearMonth_Basics" name="testToDateTime_nullRI"/>
  <testcase time="0" classname="org.joda.time.TestYearMonth_Basics" name="testToInterval"/>
  <testcase time="0.001" classname="org.joda.time.TestYearMonth_Basics" name="testWithFieldAdded_nullField_nonZero"/>
  <testcase time="0" classname="org.joda.time.TestYearMonth_Basics" name="testWithFieldAdded"/>
  <testcase time="0" classname="org.joda.time.TestYearMonth_Basics" name="testWithField_same"/>
  <testcase time="0" classname="org.joda.time.TestYearMonth_Basics" name="testIsSupported"/>
  <testcase time="0" classname="org.joda.time.TestYearMonth_Basics" name="testMinusYears_int"/>
  <testcase time="0" classname="org.joda.time.TestYearMonth_Basics" name="testPlusYears_int"/>
  <testcase time="0.004" classname="org.joda.time.TestYearMonth_Basics" name="testToString_String_Locale"/>
  <testcase time="0" classname="org.joda.time.TestYearMonth_Basics" name="testToDateTime_RI"/>
  <testcase time="0" classname="org.joda.time.TestYearMonth_Basics" name="testWithers"/>
  <testcase time="0" classname="org.joda.time.TestYearMonth_Basics" name="testGetFields"/>
  <testcase time="0" classname="org.joda.time.TestYearMonth_Basics" name="testWithChronologyRetainFields_nullChrono"/>
  <testcase time="0" classname="org.joda.time.TestYearMonth_Basics" name="testGetValues"/>
  <testcase time="0" classname="org.joda.time.TestYearMonth_Basics" name="testWithField"/>
  <testcase time="0" classname="org.joda.time.TestYearMonth_Basics" name="testWithField_unknownField"/>
  <testcase time="0" classname="org.joda.time.TestYearMonth_Basics" name="testWithFieldAdded_nullField_zero"/>
  <testcase time="0" classname="org.joda.time.TestYearMonth_Basics" name="testWithChronologyRetainFields_sameChrono"/>
  <testcase time="0.001" classname="org.joda.time.TestYearMonth_Basics" name="testToLocalDate"/>
  <testcase time="0" classname="org.joda.time.TestYearMonth_Basics" name="testToInterval_Zone"/>
  <testcase time="0" classname="org.joda.time.TestYearMonth_Basics" name="testWithChronologyRetainFields_Chrono"/>
  <testcase time="0" classname="org.joda.time.TestYearMonth_Constructors" name="testConstructor_Object_Chronology"/>
  <testcase time="0" classname="org.joda.time.TestYearMonth_Constructors" name="testConstructor_nullObject_Chronology"/>
  <testcase time="0.001" classname="org.joda.time.TestYearMonth_Constructors" name="testConstructor_int_int_Chronology"/>
  <testcase time="0" classname="org.joda.time.TestYearMonth_Constructors" name="testFactory_FromCalendarFields"/>
  <testcase time="0" classname="org.joda.time.TestYearMonth_Constructors" name="testConstructor_Chronology"/>
  <testcase time="0" classname="org.joda.time.TestYearMonth_Constructors" name="testConstructor_nullObject_nullChronology"/>
  <testcase time="0" classname="org.joda.time.TestYearMonth_Constructors" name="testConstructor_ObjectStringEx1"/>
  <testcase time="0" classname="org.joda.time.TestYearMonth_Constructors" name="testConstructor_ObjectStringEx2"/>
  <testcase time="0" classname="org.joda.time.TestYearMonth_Constructors" name="testConstructor_ObjectStringEx3"/>
  <testcase time="0" classname="org.joda.time.TestYearMonth_Constructors" name="testConstructor_ObjectStringEx4"/>
  <testcase time="0" classname="org.joda.time.TestYearMonth_Constructors" name="testConstructor_long_nullChronology"/>
  <testcase time="0" classname="org.joda.time.TestYearMonth_Constructors" name="testConstructor_int_int_nullChronology"/>
  <testcase time="0" classname="org.joda.time.TestYearMonth_Constructors" name="testConstructor_Object"/>
  <testcase time="0" classname="org.joda.time.TestYearMonth_Constructors" name="testConstructor_long1"/>
  <testcase time="0.001" classname="org.joda.time.TestYearMonth_Constructors" name="testConstructor_long2"/>
  <testcase time="0" classname="org.joda.time.TestYearMonth_Constructors" name="testConstructor_int_int"/>
  <testcase time="0" classname="org.joda.time.TestYearMonth_Constructors" name="testConstructor_DateTimeZone"/>
  <testcase time="0" classname="org.joda.time.TestYearMonth_Constructors" name="testConstructor_nullObject"/>
  <testcase time="0" classname="org.joda.time.TestYearMonth_Constructors" name="testConstructor_Object_nullChronology"/>
  <testcase time="0" classname="org.joda.time.TestYearMonth_Constructors" name="testConstructor_long1_Chronology"/>
  <testcase time="0" classname="org.joda.time.TestYearMonth_Constructors" name="testConstructor_nullChronology"/>
  <testcase time="0" classname="org.joda.time.TestYearMonth_Constructors" name="testConstructor_long2_Chronology"/>
  <testcase time="0" classname="org.joda.time.TestYearMonth_Constructors" name="testConstructor_nullDateTimeZone"/>
  <testcase time="0" classname="org.joda.time.TestYearMonth_Constructors" name="testParse_formatter"/>
  <testcase time="0" classname="org.joda.time.TestYearMonth_Constructors" name="testParse_noFormatter"/>
  <testcase time="0.001" classname="org.joda.time.TestYearMonth_Constructors" name="testFactory_FromDateFields"/>
  <testcase time="0.002" classname="org.joda.time.TestYearMonth_Constructors" name="testConstructor"/>
  <testcase time="0" classname="org.joda.time.TestYearMonth_Constructors" name="testConstructor_ObjectString1"/>
  <testcase time="0" classname="org.joda.time.TestYearMonth_Constructors" name="testConstructor_ObjectString5"/>
  <testcase time="0" classname="org.joda.time.TestYearMonth_Properties" name="testPropertyCompareToYear"/>
  <testcase time="0" classname="org.joda.time.TestYearMonth_Properties" name="testPropertyAddYear"/>
  <testcase time="0" classname="org.joda.time.TestYearMonth_Properties" name="testPropertyAddMonth"/>
  <testcase time="0.001" classname="org.joda.time.TestYearMonth_Properties" name="testPropertyEqualsHashCodeLenient"/>
  <testcase time="0" classname="org.joda.time.TestYearMonth_Properties" name="testPropertyCompareToMonth"/>
  <testcase time="0" classname="org.joda.time.TestYearMonth_Properties" name="testPropertyGetYear"/>
  <testcase time="0" classname="org.joda.time.TestYearMonth_Properties" name="testPropertyGetMaxMinValuesYear"/>
  <testcase time="0" classname="org.joda.time.TestYearMonth_Properties" name="testPropertyHashCode"/>
  <testcase time="0" classname="org.joda.time.TestYearMonth_Properties" name="testPropertyEqualsHashCodeStrict"/>
  <testcase time="0" classname="org.joda.time.TestYearMonth_Properties" name="testPropertySetTextYear"/>
  <testcase time="0" classname="org.joda.time.TestYearMonth_Properties" name="testPropertyEquals"/>
  <testcase time="0" classname="org.joda.time.TestYearMonth_Properties" name="testPropertySetMonth"/>
  <testcase time="0" classname="org.joda.time.TestYearMonth_Properties" name="testPropertySetYear"/>
  <testcase time="0" classname="org.joda.time.TestYearMonth_Properties" name="testPropertyGetMonth"/>
  <testcase time="0" classname="org.joda.time.TestYearMonth_Properties" name="testPropertySetTextMonth"/>
  <testcase time="0" classname="org.joda.time.TestYearMonth_Properties" name="testPropertyAddWrapFieldYear"/>
  <testcase time="0" classname="org.joda.time.TestYearMonth_Properties" name="testPropertyGetMaxMinValuesMonth"/>
  <testcase time="0" classname="org.joda.time.TestYearMonth_Properties" name="testPropertyAddWrapFieldMonth"/>
  <testcase time="0.001" classname="org.joda.time.TestMonthDay_Basics" name="testGetFieldTypes"/>
  <testcase time="0" classname="org.joda.time.TestMonthDay_Basics" name="testGetFieldType"/>
  <testcase time="0" classname="org.joda.time.TestMonthDay_Basics" name="testMinusMonths_int_same"/>
  <testcase time="0.001" classname="org.joda.time.TestMonthDay_Basics" name="testMinusMonths_int_wrap"/>
  <testcase time="0" classname="org.joda.time.TestMonthDay_Basics" name="testGetField"/>
  <testcase time="0.001" classname="org.joda.time.TestMonthDay_Basics" name="testGetValue"/>
  <testcase time="0" classname="org.joda.time.TestMonthDay_Basics" name="testWithField_nullField"/>
  <testcase time="0" classname="org.joda.time.TestMonthDay_Basics" name="testPlusMonths_int"/>
  <testcase time="0" classname="org.joda.time.TestMonthDay_Basics" name="testToString_String"/>
  <testcase time="0.003" classname="org.joda.time.TestMonthDay_Basics" name="testSerialization"/>
  <testcase time="0" classname="org.joda.time.TestMonthDay_Basics" name="testGet"/>
  <testcase time="0" classname="org.joda.time.TestMonthDay_Basics" name="testIsBefore_MD"/>
  <testcase time="0" classname="org.joda.time.TestMonthDay_Basics" name="testSize"/>
  <testcase time="0.001" classname="org.joda.time.TestMonthDay_Basics" name="testEqualsHashCode"/>
  <testcase time="0" classname="org.joda.time.TestMonthDay_Basics" name="testToString"/>
  <testcase time="0.001" classname="org.joda.time.TestMonthDay_Basics" name="testIsEqual_MD"/>
  <testcase time="0" classname="org.joda.time.TestMonthDay_Basics" name="testPlus_RP"/>
  <testcase time="0" classname="org.joda.time.TestMonthDay_Basics" name="testWithFieldAdded_zero"/>
  <testcase time="0" classname="org.joda.time.TestMonthDay_Basics" name="testCompareTo"/>
  <testcase time="0.001" classname="org.joda.time.TestMonthDay_Basics" name="testToString_DTFormatter"/>
  <testcase time="0" classname="org.joda.time.TestMonthDay_Basics" name="testWithFieldAdded_unknownField"/>
  <testcase time="0" classname="org.joda.time.TestMonthDay_Basics" name="testMinusMonths_int"/>
  <testcase time="0" classname="org.joda.time.TestMonthDay_Basics" name="testMinusDays_int"/>
  <testcase time="0" classname="org.joda.time.TestMonthDay_Basics" name="testMinus_RP"/>
  <testcase time="0" classname="org.joda.time.TestMonthDay_Basics" name="testIsAfter_MD"/>
  <testcase time="0" classname="org.joda.time.TestMonthDay_Basics" name="testProperty"/>
  <testcase time="0" classname="org.joda.time.TestMonthDay_Basics" name="testToDateTime_nullRI"/>
  <testcase time="0" classname="org.joda.time.TestMonthDay_Basics" name="testPlusMonths_int_same"/>
  <testcase time="0" classname="org.joda.time.TestMonthDay_Basics" name="testPlusMonths_int_wrap"/>
  <testcase time="0" classname="org.joda.time.TestMonthDay_Basics" name="testWithFieldAdded_nullField_nonZero"/>
  <testcase time="0" classname="org.joda.time.TestMonthDay_Basics" name="testWithFieldAdded"/>
  <testcase time="0" classname="org.joda.time.TestMonthDay_Basics" name="testWithField_same"/>
  <testcase time="0" classname="org.joda.time.TestMonthDay_Basics" name="testIsSupported"/>
  <testcase time="0" classname="org.joda.time.TestMonthDay_Basics" name="testPlusDays_int"/>
  <testcase time="0" classname="org.joda.time.TestMonthDay_Basics" name="testMinusMonths_int_adjust"/>
  <testcase time="0" classname="org.joda.time.TestMonthDay_Basics" name="testToString_String_Locale"/>
  <testcase time="0" classname="org.joda.time.TestMonthDay_Basics" name="testToDateTime_RI"/>
  <testcase time="0" classname="org.joda.time.TestMonthDay_Basics" name="testWithers"/>
  <testcase time="0" classname="org.joda.time.TestMonthDay_Basics" name="testGetFields"/>
  <testcase time="0" classname="org.joda.time.TestMonthDay_Basics" name="testWithChronologyRetainFields_nullChrono"/>
  <testcase time="0.001" classname="org.joda.time.TestMonthDay_Basics" name="testMinusDays_same"/>
  <testcase time="0" classname="org.joda.time.TestMonthDay_Basics" name="testGetValues"/>
  <testcase time="0" classname="org.joda.time.TestMonthDay_Basics" name="testPlusDays_same"/>
  <testcase time="0" classname="org.joda.time.TestMonthDay_Basics" name="testWithField"/>
  <testcase time="0" classname="org.joda.time.TestMonthDay_Basics" name="testWithField_unknownField"/>
  <testcase time="0" classname="org.joda.time.TestMonthDay_Basics" name="testWithFieldAdded_nullField_zero"/>
  <testcase time="0" classname="org.joda.time.TestMonthDay_Basics" name="testWithChronologyRetainFields_sameChrono"/>
  <testcase time="0" classname="org.joda.time.TestMonthDay_Basics" name="testToLocalDate"/>
  <testcase time="0" classname="org.joda.time.TestMonthDay_Basics" name="testPlusMonths_int_adjust"/>
  <testcase time="0" classname="org.joda.time.TestMonthDay_Basics" name="testWithChronologyRetainFields_Chrono"/>
  <testcase time="0" classname="org.joda.time.TestMonthDay_Constructors" name="testConstructor_Object_Chronology"/>
  <testcase time="0" classname="org.joda.time.TestMonthDay_Constructors" name="testConstructor_nullObject_Chronology"/>
  <testcase time="0" classname="org.joda.time.TestMonthDay_Constructors" name="testConstructor_int_int_Chronology"/>
  <testcase time="0" classname="org.joda.time.TestMonthDay_Constructors" name="testFactory_FromCalendarFields"/>
  <testcase time="0.001" classname="org.joda.time.TestMonthDay_Constructors" name="testConstructor_Chronology"/>
  <testcase time="0" classname="org.joda.time.TestMonthDay_Constructors" name="testConstructor_nullObject_nullChronology"/>
  <testcase time="0" classname="org.joda.time.TestMonthDay_Constructors" name="testConstructor_ObjectStringEx1"/>
  <testcase time="0" classname="org.joda.time.TestMonthDay_Constructors" name="testConstructor_ObjectStringEx2"/>
  <testcase time="0" classname="org.joda.time.TestMonthDay_Constructors" name="testConstructor_ObjectStringEx3"/>
  <testcase time="0" classname="org.joda.time.TestMonthDay_Constructors" name="testConstructor_ObjectStringEx4"/>
  <testcase time="0" classname="org.joda.time.TestMonthDay_Constructors" name="testConstructor_long_nullChronology"/>
  <testcase time="0" classname="org.joda.time.TestMonthDay_Constructors" name="testConstructor_int_int_nullChronology"/>
  <testcase time="0" classname="org.joda.time.TestMonthDay_Constructors" name="testConstructor_Object"/>
  <testcase time="0" classname="org.joda.time.TestMonthDay_Constructors" name="testConstructor_long1"/>
  <testcase time="0" classname="org.joda.time.TestMonthDay_Constructors" name="testConstructor_long2"/>
  <testcase time="0.001" classname="org.joda.time.TestMonthDay_Constructors" name="testConstructor_int_int"/>
  <testcase time="0" classname="org.joda.time.TestMonthDay_Constructors" name="testConstructor_DateTimeZone"/>
  <testcase time="0" classname="org.joda.time.TestMonthDay_Constructors" name="testConstructor_nullObject"/>
  <testcase time="0" classname="org.joda.time.TestMonthDay_Constructors" name="testConstructor_Object_nullChronology"/>
  <testcase time="0" classname="org.joda.time.TestMonthDay_Constructors" name="testConstructor_long1_Chronology"/>
  <testcase time="0.001" classname="org.joda.time.TestMonthDay_Constructors" name="testConstructor_nullChronology"/>
  <testcase time="0" classname="org.joda.time.TestMonthDay_Constructors" name="testConstructor_long2_Chronology"/>
  <testcase time="0.001" classname="org.joda.time.TestMonthDay_Constructors" name="testConstructor_nullDateTimeZone"/>
  <testcase time="0" classname="org.joda.time.TestMonthDay_Constructors" name="testParse_formatter"/>
  <testcase time="0.001" classname="org.joda.time.TestMonthDay_Constructors" name="testParse_noFormatter"/>
  <testcase time="0" classname="org.joda.time.TestMonthDay_Constructors" name="testFactory_FromDateFields"/>
  <testcase time="0" classname="org.joda.time.TestMonthDay_Constructors" name="testConstructor"/>
  <testcase time="0.001" classname="org.joda.time.TestMonthDay_Constructors" name="testConstructor_ObjectString1"/>
  <testcase time="0" classname="org.joda.time.TestMonthDay_Constructors" name="testConstructor_ObjectString5"/>
  <testcase time="0" classname="org.joda.time.TestMonthDay_Properties" name="testPropertyAddDayOfMonth"/>
  <testcase time="0.001" classname="org.joda.time.TestMonthDay_Properties" name="testPropertyEqualsHashCodeLenient"/>
  <testcase time="0" classname="org.joda.time.TestMonthDay_Properties" name="testPropertySetDayOfMonth"/>
  <testcase time="0" classname="org.joda.time.TestMonthDay_Properties" name="testPropertyAddWrapFieldMonthOfYear"/>
  <testcase time="0.001" classname="org.joda.time.TestMonthDay_Properties" name="testPropertyGetMonthOfYear"/>
  <testcase time="0" classname="org.joda.time.TestMonthDay_Properties" name="testPropertyHashCode"/>
  <testcase time="0" classname="org.joda.time.TestMonthDay_Properties" name="testPropertySetTextMonthOfYear"/>
  <testcase time="0" classname="org.joda.time.TestMonthDay_Properties" name="testPropertyEqualsHashCodeStrict"/>
  <testcase time="0" classname="org.joda.time.TestMonthDay_Properties" name="testPropertyAddMonthOfYear"/>
  <testcase time="0" classname="org.joda.time.TestMonthDay_Properties" name="testPropertyAddWrapFieldDayOfMonth"/>
  <testcase time="0" classname="org.joda.time.TestMonthDay_Properties" name="testPropertyEquals"/>
  <testcase time="0.001" classname="org.joda.time.TestMonthDay_Properties" name="testPropertyCompareToDayOfMonth"/>
  <testcase time="0" classname="org.joda.time.TestMonthDay_Properties" name="testPropertyGetMaxMinValuesMonthOfYear"/>
  <testcase time="0" classname="org.joda.time.TestMonthDay_Properties" name="testPropertyCompareToMonthOfYear"/>
  <testcase time="0" classname="org.joda.time.TestMonthDay_Properties" name="testPropertyGetMaxMinValuesDayOfMonth"/>
  <testcase time="0" classname="org.joda.time.TestMonthDay_Properties" name="testPropertySetMonthOfYear"/>
  <testcase time="0" classname="org.joda.time.TestMonthDay_Properties" name="testPropertySetTextDayOfMonth"/>
  <testcase time="0" classname="org.joda.time.TestMonthDay_Properties" name="testPropertyGetDayOfMonth"/>
  <testcase time="0" classname="org.joda.time.TestPartial_Basics" name="testGetFieldTypes"/>
  <testcase time="0" classname="org.joda.time.TestPartial_Basics" name="testGetFieldType"/>
  <testcase time="0.001" classname="org.joda.time.TestPartial_Basics" name="testGetField"/>
  <testcase time="0" classname="org.joda.time.TestPartial_Basics" name="testGetValue"/>
  <testcase time="0" classname="org.joda.time.TestPartial_Basics" name="testToString_String"/>
  <testcase time="0.002" classname="org.joda.time.TestPartial_Basics" name="testSerialization"/>
  <testcase time="0" classname="org.joda.time.TestPartial_Basics" name="testGet"/>
  <testcase time="0" classname="org.joda.time.TestPartial_Basics" name="testWith1"/>
  <testcase time="0" classname="org.joda.time.TestPartial_Basics" name="testWith2"/>
  <testcase time="0" classname="org.joda.time.TestPartial_Basics" name="testWith4"/>
  <testcase time="0" classname="org.joda.time.TestPartial_Basics" name="testSize"/>
  <testcase time="0" classname="org.joda.time.TestPartial_Basics" name="testEqualsHashCode"/>
  <testcase time="0" classname="org.joda.time.TestPartial_Basics" name="testPlus_RP"/>
  <testcase time="0" classname="org.joda.time.TestPartial_Basics" name="testCompareTo"/>
  <testcase time="0" classname="org.joda.time.TestPartial_Basics" name="testToString_DTFormatter"/>
  <testcase time="0" classname="org.joda.time.TestPartial_Basics" name="testMinus_RP"/>
  <testcase time="0" classname="org.joda.time.TestPartial_Basics" name="testIsBefore_TOD"/>
  <testcase time="0" classname="org.joda.time.TestPartial_Basics" name="testWithFieldAdded1"/>
  <testcase time="0.001" classname="org.joda.time.TestPartial_Basics" name="testWithFieldAdded2"/>
  <testcase time="0" classname="org.joda.time.TestPartial_Basics" name="testWithFieldAdded3"/>
  <testcase time="0" classname="org.joda.time.TestPartial_Basics" name="testWithFieldAdded4"/>
  <testcase time="0.001" classname="org.joda.time.TestPartial_Basics" name="testWithFieldAdded5"/>
  <testcase time="0" classname="org.joda.time.TestPartial_Basics" name="testWithFieldAdded6"/>
  <testcase time="0" classname="org.joda.time.TestPartial_Basics" name="testWithFieldAdded7"/>
  <testcase time="0" classname="org.joda.time.TestPartial_Basics" name="testWithFieldAdded8"/>
  <testcase time="0.001" classname="org.joda.time.TestPartial_Basics" name="testProperty"/>
  <testcase time="0" classname="org.joda.time.TestPartial_Basics" name="testToDateTime_nullRI"/>
  <testcase time="0" classname="org.joda.time.TestPartial_Basics" name="testWithout1"/>
  <testcase time="0" classname="org.joda.time.TestPartial_Basics" name="testWithout2"/>
  <testcase time="0.001" classname="org.joda.time.TestPartial_Basics" name="testWithout3"/>
  <testcase time="0" classname="org.joda.time.TestPartial_Basics" name="testWithout4"/>
  <testcase time="0" classname="org.joda.time.TestPartial_Basics" name="testWithout5"/>
  <testcase time="0" classname="org.joda.time.TestPartial_Basics" name="testIsSupported"/>
  <testcase time="0" classname="org.joda.time.TestPartial_Basics" name="testToString_String_Locale"/>
  <testcase time="0.001" classname="org.joda.time.TestPartial_Basics" name="testToDateTime_RI"/>
  <testcase time="0" classname="org.joda.time.TestPartial_Basics" name="testWithField1"/>
  <testcase time="0.003" classname="org.joda.time.TestPartial_Basics" name="testWithField2"/>
  <testcase time="0" classname="org.joda.time.TestPartial_Basics" name="testWithField3"/>
  <testcase time="0" classname="org.joda.time.TestPartial_Basics" name="testWithField4"/>
  <testcase time="0" classname="org.joda.time.TestPartial_Basics" name="testGetFields"/>
  <testcase time="0.001" classname="org.joda.time.TestPartial_Basics" name="testWithChronologyRetainFields_nullChrono"/>
  <testcase time="0" classname="org.joda.time.TestPartial_Basics" name="testIsEqual_TOD"/>
  <testcase time="0" classname="org.joda.time.TestPartial_Basics" name="testToString1"/>
  <testcase time="0" classname="org.joda.time.TestPartial_Basics" name="testToString2"/>
  <testcase time="0" classname="org.joda.time.TestPartial_Basics" name="testToString3"/>
  <testcase time="0" classname="org.joda.time.TestPartial_Basics" name="testToString4"/>
  <testcase time="0" classname="org.joda.time.TestPartial_Basics" name="testToString5"/>
  <testcase time="0.001" classname="org.joda.time.TestPartial_Basics" name="testIsAfter_TOD"/>
  <testcase time="0" classname="org.joda.time.TestPartial_Basics" name="testGetValues"/>
  <testcase time="0" classname="org.joda.time.TestPartial_Basics" name="testWithChronologyRetainFields_sameChrono"/>
  <testcase time="0" classname="org.joda.time.TestPartial_Basics" name="testWith3a"/>
  <testcase time="0.001" classname="org.joda.time.TestPartial_Basics" name="testWith3b"/>
  <testcase time="0" classname="org.joda.time.TestPartial_Basics" name="testWith3c"/>
  <testcase time="0" classname="org.joda.time.TestPartial_Basics" name="testWith3d"/>
  <testcase time="0.001" classname="org.joda.time.TestPartial_Basics" name="testWith3e"/>
  <testcase time="0" classname="org.joda.time.TestPartial_Basics" name="testWith3f"/>
  <testcase time="0" classname="org.joda.time.TestPartial_Basics" name="testGetFormatter1"/>
  <testcase time="0" classname="org.joda.time.TestPartial_Basics" name="testGetFormatter2"/>
  <testcase time="0" classname="org.joda.time.TestPartial_Basics" name="testGetFormatter3"/>
  <testcase time="0.001" classname="org.joda.time.TestPartial_Basics" name="testWithFieldAddWrapped1"/>
  <testcase time="0" classname="org.joda.time.TestPartial_Basics" name="testWithFieldAddWrapped2"/>
  <testcase time="0" classname="org.joda.time.TestPartial_Basics" name="testWithFieldAddWrapped3"/>
  <testcase time="0" classname="org.joda.time.TestPartial_Basics" name="testWithFieldAddWrapped4"/>
  <testcase time="0.001" classname="org.joda.time.TestPartial_Basics" name="testWithFieldAddWrapped5"/>
  <testcase time="0" classname="org.joda.time.TestPartial_Basics" name="testWithFieldAddWrapped6"/>
  <testcase time="0" classname="org.joda.time.TestPartial_Basics" name="testWithFieldAddWrapped7"/>
  <testcase time="0" classname="org.joda.time.TestPartial_Basics" name="testWithFieldAddWrapped8"/>
  <testcase time="0" classname="org.joda.time.TestPartial_Basics" name="testWithChronologyRetainFields_Chrono"/>
  <testcase time="0" classname="org.joda.time.TestPartial_Constructors" name="testConstructor_TypeArray_intArray"/>
  <testcase time="0" classname="org.joda.time.TestPartial_Constructors" name="testConstructorEx1_TypeArray_intArray"/>
  <testcase time="0" classname="org.joda.time.TestPartial_Constructors" name="testConstructorEx2_Type_int"/>
  <testcase time="0" classname="org.joda.time.TestPartial_Constructors" name="testConstructorEx1_Type_int"/>
  <testcase time="0" classname="org.joda.time.TestPartial_Constructors" name="testConstructor_Partial"/>
  <testcase time="0" classname="org.joda.time.TestPartial_Constructors" name="testConstructorEx9_TypeArray_intArray"/>
  <testcase time="0" classname="org.joda.time.TestPartial_Constructors" name="testConstructor_Chrono"/>
  <testcase time="0" classname="org.joda.time.TestPartial_Constructors" name="testConstructorEx8_TypeArray_intArray"/>
  <testcase time="0.001" classname="org.joda.time.TestPartial_Constructors" name="testConstructorEx7_TypeArray_intArray"/>
  <testcase time="0" classname="org.joda.time.TestPartial_Constructors" name="testConstructor_Type_int_Chrono"/>
  <testcase time="0" classname="org.joda.time.TestPartial_Constructors" name="testConstructorEx6_TypeArray_intArray"/>
  <testcase time="0" classname="org.joda.time.TestPartial_Constructors" name="testConstructor_TypeArray_intArray_Chrono"/>
  <testcase time="0" classname="org.joda.time.TestPartial_Constructors" name="testConstructor2_TypeArray_intArray"/>
  <testcase time="0" classname="org.joda.time.TestPartial_Constructors" name="testConstructorEx5_TypeArray_intArray"/>
  <testcase time="0.001" classname="org.joda.time.TestPartial_Constructors" name="testConstructorEx_Partial"/>
  <testcase time="0" classname="org.joda.time.TestPartial_Constructors" name="testConstructorEx_Type_int_Chrono"/>
  <testcase time="0" classname="org.joda.time.TestPartial_Constructors" name="testConstructorEx3_TypeArray_intArray"/>
  <testcase time="0" classname="org.joda.time.TestPartial_Constructors" name="testConstructorEx2_Type_int_Chrono"/>
  <testcase time="0" classname="org.joda.time.TestPartial_Constructors" name="testConstructor"/>
  <testcase time="0" classname="org.joda.time.TestPartial_Constructors" name="testConstructor_Type_int"/>
  <testcase time="0" classname="org.joda.time.TestPartial_Properties" name="testPropertyCompareToHour"/>
  <testcase time="0" classname="org.joda.time.TestPartial_Properties" name="testPropertyAddHour"/>
  <testcase time="0" classname="org.joda.time.TestPartial_Properties" name="testPropertyGetMaxMinValuesMinute"/>
  <testcase time="0" classname="org.joda.time.TestPartial_Properties" name="testPropertyAddWrapFieldMinute"/>
  <testcase time="0" classname="org.joda.time.TestPartial_Properties" name="testPropertyCompareToMinute"/>
  <testcase time="0" classname="org.joda.time.TestPartial_Properties" name="testPropertyGetHour"/>
  <testcase time="0.001" classname="org.joda.time.TestPartial_Properties" name="testPropertyGetMaxMinValuesHour"/>
  <testcase time="0" classname="org.joda.time.TestPartial_Properties" name="testPropertyAddMinute"/>
  <testcase time="0" classname="org.joda.time.TestPartial_Properties" name="testPropertyWithMinimumValueHour"/>
  <testcase time="0" classname="org.joda.time.TestPartial_Properties" name="testPropertyWithMaximumValueHour"/>
  <testcase time="0" classname="org.joda.time.TestPartial_Properties" name="testPropertySetMinute"/>
  <testcase time="0" classname="org.joda.time.TestPartial_Properties" name="testPropertyGetMinute"/>
  <testcase time="0" classname="org.joda.time.TestPartial_Properties" name="testPropertySetTextHour"/>
  <testcase time="0" classname="org.joda.time.TestPartial_Properties" name="testPropertySetHour"/>
  <testcase time="0" classname="org.joda.time.TestPartial_Properties" name="testPropertySetTextMinute"/>
  <testcase time="0" classname="org.joda.time.TestPartial_Properties" name="testPropertyAddWrapFieldHour"/>
  <testcase time="0" classname="org.joda.time.TestPartial_Match" name="testIsMatch_Partial"/>
  <testcase time="0" classname="org.joda.time.TestPartial_Match" name="testIsMatch_Instant"/>
  <testcase time="0" classname="org.joda.time.TestAbstractPartial" name="testGetFieldTypes"/>
  <testcase time="0" classname="org.joda.time.TestAbstractPartial" name="testGetFieldType"/>
  <testcase time="0" classname="org.joda.time.TestAbstractPartial" name="testGetField"/>
  <testcase time="0" classname="org.joda.time.TestAbstractPartial" name="testGetValue"/>
  <testcase time="0.004" classname="org.joda.time.TestAbstractPartial" name="testGetPropertyEquals"/>
  <testcase time="0" classname="org.joda.time.TestAbstractPartial" name="testGetValues"/>
  <testcase time="0.001" classname="org.joda.time.TestBasePartial" name="testSetMethods"/>
  <testcase time="0.002" classname="org.joda.time.TestDateTimeComparator" name="testBasicComps1"/>
  <testcase time="0" classname="org.joda.time.TestDateTimeComparator" name="testBasicComps2"/>
  <testcase time="0.001" classname="org.joda.time.TestDateTimeComparator" name="testBasicComps3"/>
  <testcase time="0" classname="org.joda.time.TestDateTimeComparator" name="testBasicComps4"/>
  <testcase time="0" classname="org.joda.time.TestDateTimeComparator" name="testBasicComps5"/>
  <testcase time="0.001" classname="org.joda.time.TestDateTimeComparator" name="testDOM"/>
  <testcase time="0" classname="org.joda.time.TestDateTimeComparator" name="testDOW"/>
  <testcase time="0" classname="org.joda.time.TestDateTimeComparator" name="testDOY"/>
  <testcase time="0.001" classname="org.joda.time.TestDateTimeComparator" name="testWOW"/>
  <testcase time="0" classname="org.joda.time.TestDateTimeComparator" name="testClass"/>
  <testcase time="0" classname="org.joda.time.TestDateTimeComparator" name="testMonth"/>
  <testcase time="0.001" classname="org.joda.time.TestDateTimeComparator" name="testHour"/>
  <testcase time="0" classname="org.joda.time.TestDateTimeComparator" name="testWOYY"/>
  <testcase time="0" classname="org.joda.time.TestDateTimeComparator" name="testYear"/>
  <testcase time="0" classname="org.joda.time.TestDateTimeComparator" name="testEqualsHashCode"/>
  <testcase time="0" classname="org.joda.time.TestDateTimeComparator" name="testListBasic"/>
  <testcase time="0.001" classname="org.joda.time.TestDateTimeComparator" name="testListMonth"/>
  <testcase time="0" classname="org.joda.time.TestDateTimeComparator" name="testListMillis"/>
  <testcase time="0.001" classname="org.joda.time.TestDateTimeComparator" name="testListMinute"/>
  <testcase time="0" classname="org.joda.time.TestDateTimeComparator" name="testListSecond"/>
  <testcase time="0" classname="org.joda.time.TestDateTimeComparator" name="testStaticGetInstanceLowerUpper"/>
  <testcase time="0.001" classname="org.joda.time.TestDateTimeComparator" name="testListDOM"/>
  <testcase time="0" classname="org.joda.time.TestDateTimeComparator" name="testListDOW"/>
  <testcase time="0.001" classname="org.joda.time.TestDateTimeComparator" name="testListDOY"/>
  <testcase time="0.001" classname="org.joda.time.TestDateTimeComparator" name="testListWOW"/>
  <testcase time="0" classname="org.joda.time.TestDateTimeComparator" name="testStaticGetTimeOnlyInstance"/>
  <testcase time="0.001" classname="org.joda.time.TestDateTimeComparator" name="testStaticGetInstance"/>
  <testcase time="0" classname="org.joda.time.TestDateTimeComparator" name="testStaticGetInstanceLower"/>
  <testcase time="0" classname="org.joda.time.TestDateTimeComparator" name="testMillis"/>
  <testcase time="0" classname="org.joda.time.TestDateTimeComparator" name="testMinute"/>
  <testcase time="0" classname="org.joda.time.TestDateTimeComparator" name="testStaticGetDateOnlyInstance"/>
  <testcase time="0.001" classname="org.joda.time.TestDateTimeComparator" name="testSerialization1"/>
  <testcase time="0" classname="org.joda.time.TestDateTimeComparator" name="testSerialization2"/>
  <testcase time="0" classname="org.joda.time.TestDateTimeComparator" name="testNullDT"/>
  <testcase time="0" classname="org.joda.time.TestDateTimeComparator" name="testSecond"/>
  <testcase time="0" classname="org.joda.time.TestDateTimeComparator" name="testInvalidObj"/>
  <testcase time="0.001" classname="org.joda.time.TestDateTimeComparator" name="testListDate"/>
  <testcase time="0.001" classname="org.joda.time.TestDateTimeComparator" name="testListHour"/>
  <testcase time="0" classname="org.joda.time.TestDateTimeComparator" name="testListTime"/>
  <testcase time="0.001" classname="org.joda.time.TestDateTimeComparator" name="testListYOYY"/>
  <testcase time="0" classname="org.joda.time.TestDateTimeComparator" name="testListYear"/>
  <testcase time="0" classname="org.joda.time.TestDateTimeConstants" name="testMaths"/>
  <testcase time="0" classname="org.joda.time.TestDateTimeConstants" name="testEras"/>
  <testcase time="0.001" classname="org.joda.time.TestDateTimeConstants" name="testMonthsOfYear"/>
  <testcase time="0" classname="org.joda.time.TestDateTimeConstants" name="testDaysOfWeek"/>
  <testcase time="0" classname="org.joda.time.TestDateTimeConstants" name="testHalfdaysOfDay"/>
  <testcase time="0.001" classname="org.joda.time.TestDateTimeConstants" name="testConstructor"/>
  <testcase time="0" classname="org.joda.time.TestDateTimeUtils" name="testGetPeriodType_PeriodType"/>
  <testcase time="0" classname="org.joda.time.TestDateTimeUtils" name="testClass"/>
  <testcase time="0" classname="org.joda.time.TestDateTimeUtils" name="testTest"/>
  <testcase time="0" classname="org.joda.time.TestDateTimeUtils" name="testGetInstantMillis_RI"/>
  <testcase time="0" classname="org.joda.time.TestDateTimeUtils" name="testGetIntervalChronology_RInterval"/>
  <testcase time="0" classname="org.joda.time.TestDateTimeUtils" name="testGetReadableInterval_ReadableInterval"/>
  <testcase time="0" classname="org.joda.time.TestDateTimeUtils" name="testSystemMillisSecurity"/>
  <testcase time="0" classname="org.joda.time.TestDateTimeUtils" name="testFixedMillisSecurity"/>
  <testcase time="0" classname="org.joda.time.TestDateTimeUtils" name="testGetInstantChronology_RI"/>
  <testcase time="0" classname="org.joda.time.TestDateTimeUtils" name="testSystemMillis"/>
  <testcase time="0" classname="org.joda.time.TestDateTimeUtils" name="testFixedMillis"/>
  <testcase time="0" classname="org.joda.time.TestDateTimeUtils" name="testGetChronology_Chronology"/>
  <testcase time="0.001" classname="org.joda.time.TestDateTimeUtils" name="testMillisProviderSecurity"/>
  <testcase time="0" classname="org.joda.time.TestDateTimeUtils" name="testOffsetMillisSecurity"/>
  <testcase time="0" classname="org.joda.time.TestDateTimeUtils" name="testGetDurationMillis_RI"/>
  <testcase time="0" classname="org.joda.time.TestDateTimeUtils" name="testIsContiguous_RP"/>
  <testcase time="0" classname="org.joda.time.TestDateTimeUtils" name="testGetIntervalChronology_RI_RI"/>
  <testcase time="0.001" classname="org.joda.time.TestDateTimeUtils" name="testOffsetMillis"/>
  <testcase time="0" classname="org.joda.time.TestDateTimeUtils" name="testIsContiguous_RP_GJChronology"/>
  <testcase time="0" classname="org.joda.time.TestDateTimeUtils" name="testOffsetMillisToZero"/>
  <testcase time="0.001" classname="org.joda.time.TestDateTimeUtils" name="testMillisProvider"/>
  <testcase time="0" classname="org.joda.time.TestDateTimeUtils" name="testGetZone_Zone"/>
  <testcase time="0" classname="org.joda.time.TestDateTimeUtils" name="testMillisProvider_null"/>
  <testcase time="0.013" classname="org.joda.time.TestDateTimeZone" name="testGetName_berlin"/>
  <testcase time="0.023" classname="org.joda.time.TestDateTimeZone" name="testForID_String_old"/>
  <testcase time="0" classname="org.joda.time.TestDateTimeZone" name="testIsLocalDateTimeGap_NewYork"/>
  <testcase time="0" classname="org.joda.time.TestDateTimeZone" name="testDefaultSecurity"/>
  <testcase time="0" classname="org.joda.time.TestDateTimeZone" name="testGetShortNameNullKey"/>
  <testcase time="0" classname="org.joda.time.TestDateTimeZone" name="testForOffsetHours_int"/>
  <testcase time="0" classname="org.joda.time.TestDateTimeZone" name="testGetID"/>
  <testcase time="0" classname="org.joda.time.TestDateTimeZone" name="testForID_String"/>
  <testcase time="0" classname="org.joda.time.TestDateTimeZone" name="testEqualsHashCode"/>
  <testcase time="0" classname="org.joda.time.TestDateTimeZone" name="testToString"/>
  <testcase time="0.007" classname="org.joda.time.TestDateTimeZone" name="testGetShortName"/>
  <testcase time="0" classname="org.joda.time.TestDateTimeZone" name="testGetOffset_RI"/>
  <testcase time="0" classname="org.joda.time.TestDateTimeZone" name="testGetAvailableIDs"/>
  <testcase time="0" classname="org.joda.time.TestDateTimeZone" name="testGetOffsetFixed_RI"/>
  <testcase time="0.001" classname="org.joda.time.TestDateTimeZone" name="testPatchedNameKeysGazaHistoric"/>
  <testcase time="0" classname="org.joda.time.TestDateTimeZone" name="testIsLocalDateTimeGap_Berlin"/>
  <testcase time="0.001" classname="org.joda.time.TestDateTimeZone" name="testGetOffsetFixed"/>
  <testcase time="0" classname="org.joda.time.TestDateTimeZone" name="testGetOffset_long"/>
  <testcase time="0" classname="org.joda.time.TestDateTimeZone" name="testGetName"/>
  <testcase time="0" classname="org.joda.time.TestDateTimeZone" name="testForOffsetMillis_int"/>
  <testcase time="0.037" classname="org.joda.time.TestDateTimeZone" name="testProvider"/>
  <testcase time="0" classname="org.joda.time.TestDateTimeZone" name="testNameProviderSecurity"/>
  <testcase time="0" classname="org.joda.time.TestDateTimeZone" name="testForOffsetHoursMinutes_int_int"/>
  <testcase time="0" classname="org.joda.time.TestDateTimeZone" name="testGetShortNameProviderName"/>
  <testcase time="0" classname="org.joda.time.TestDateTimeZone" name="testPatchedNameKeysLondon"/>
  <testcase time="0" classname="org.joda.time.TestDateTimeZone" name="testTimeZoneConversion"/>
  <testcase time="0" classname="org.joda.time.TestDateTimeZone" name="testGetShortName_berlin"/>
  <testcase time="0.001" classname="org.joda.time.TestDateTimeZone" name="testForTimeZone_TimeZone"/>
  <testcase time="0.002" classname="org.joda.time.TestDateTimeZone" name="testPatchedNameKeysSydney"/>
  <testcase time="0" classname="org.joda.time.TestDateTimeZone" name="testGetMillisKeepLocal"/>
  <testcase time="0" classname="org.joda.time.TestDateTimeZone" name="testGetNameNullKey"/>
  <testcase time="0.002" classname="org.joda.time.TestDateTimeZone" name="testNameProvider"/>
  <testcase time="0" classname="org.joda.time.TestDateTimeZone" name="testDefault"/>
  <testcase time="0" classname="org.joda.time.TestDateTimeZone" name="testProviderSecurity"/>
  <testcase time="0.001" classname="org.joda.time.TestDateTimeZone" name="testToTimeZone"/>
  <testcase time="0" classname="org.joda.time.TestDateTimeZone" name="testSerialization1"/>
  <testcase time="0" classname="org.joda.time.TestDateTimeZone" name="testSerialization2"/>
  <testcase time="0.001" classname="org.joda.time.TestDateTimeZone" name="testIsFixed"/>
  <testcase time="0" classname="org.joda.time.TestDateTimeZone" name="testCommentParse"/>
  <testcase time="0.001" classname="org.joda.time.TestDateTimeZone" name="testPatchedNameKeysSydneyHistoric"/>
  <testcase time="0" classname="org.joda.time.TestDateTimeZone" name="testGetNameProviderName"/>
  <testcase time="0" classname="org.joda.time.TestDateTimeZone" name="testGetNameKey"/>
  <testcase time="0.001" classname="org.joda.time.TestDateTimeZone" name="testConstructor"/>
  <testcase time="0" classname="org.joda.time.TestDateTimeZone" name="testTransitionFixed"/>
  <testcase time="0" classname="org.joda.time.TestDateTimeZoneCutover" name="test_DateTime_plusHour_NewYork_Autumn"/>
  <testcase time="0.001" classname="org.joda.time.TestDateTimeZoneCutover" name="test_DateTime_roundFloor_hour_NewYork_Spring_preCutover"/>
  <testcase time="0" classname="org.joda.time.TestDateTimeZoneCutover" name="test_DateTime_roundFloor_minuteOfHour_NewYork_Autumn_postCutover"/>
  <testcase time="0" classname="org.joda.time.TestDateTimeZoneCutover" name="test_DateTime_roundCeiling_minuteOfHour_NewYork_Autumn_preCutover"/>
  <testcase time="0.001" classname="org.joda.time.TestDateTimeZoneCutover" name="test_LocalDate_toDateMidnight_Gaza"/>
  <testcase time="0" classname="org.joda.time.TestDateTimeZoneCutover" name="test_LocalDate_toDateMidnight_Turk"/>
  <testcase time="0" classname="org.joda.time.TestDateTimeZoneCutover" name="test_MutableDateTime_setZoneRetainFields_Turk"/>
  <testcase time="0.003" classname="org.joda.time.TestDateTimeZoneCutover" name="testDateTimeCreation_london">
    <failure message="expected:&lt;...1-10-30T01:15:00.000[+01:00]&gt; but was:&lt;...1-10-30T01:15:00.000[Z]&gt;" type="junit.framework.ComparisonFailure">junit.framework.ComparisonFailure: expected:&lt;...1-10-30T01:15:00.000[+01:00]&gt; but was:&lt;...1-10-30T01:15:00.000[Z]&gt;
	at junit.framework.Assert.assertEquals(Assert.java:100)
	at junit.framework.Assert.assertEquals(Assert.java:107)
	at junit.framework.TestCase.assertEquals(TestCase.java:269)
	at org.joda.time.TestDateTimeZoneCutover.testDateTimeCreation_london(TestDateTimeZoneCutover.java:1266)
	at sun.reflect.NativeMethodAccessorImpl.invoke0(Native Method)
	at sun.reflect.NativeMethodAccessorImpl.invoke(NativeMethodAccessorImpl.java:57)
	at sun.reflect.DelegatingMethodAccessorImpl.invoke(DelegatingMethodAccessorImpl.java:43)
	at java.lang.reflect.Method.invoke(Method.java:606)
	at junit.framework.TestCase.runTest(TestCase.java:176)
	at junit.framework.TestCase.runBare(TestCase.java:141)
	at junit.framework.TestResult$1.protect(TestResult.java:122)
	at junit.framework.TestResult.runProtected(TestResult.java:142)
	at junit.framework.TestResult.run(TestResult.java:125)
	at junit.framework.TestCase.run(TestCase.java:129)
	at junit.framework.TestSuite.runTest(TestSuite.java:252)
	at junit.framework.TestSuite.run(TestSuite.java:247)
	at junit.framework.TestSuite.runTest(TestSuite.java:252)
	at junit.framework.TestSuite.run(TestSuite.java:247)
	at junit.framework.TestSuite.runTest(TestSuite.java:252)
	at junit.framework.TestSuite.run(TestSuite.java:247)
	at org.junit.internal.runners.JUnit38ClassRunner.run(JUnit38ClassRunner.java:86)
	at org.apache.maven.surefire.junit4.JUnit4TestSet.execute(JUnit4TestSet.java:59)
	at org.apache.maven.surefire.suite.AbstractDirectoryTestSuite.executeTestSet(AbstractDirectoryTestSuite.java:115)
	at org.apache.maven.surefire.suite.AbstractDirectoryTestSuite.execute(AbstractDirectoryTestSuite.java:102)
	at org.apache.maven.surefire.Surefire.run(Surefire.java:180)
	at sun.reflect.NativeMethodAccessorImpl.invoke0(Native Method)
	at sun.reflect.NativeMethodAccessorImpl.invoke(NativeMethodAccessorImpl.java:57)
	at sun.reflect.DelegatingMethodAccessorImpl.invoke(DelegatingMethodAccessorImpl.java:43)
	at java.lang.reflect.Method.invoke(Method.java:606)
	at org.apache.maven.surefire.booter.SurefireBooter.runSuitesInProcess(SurefireBooter.java:350)
	at org.apache.maven.surefire.booter.SurefireBooter.main(SurefireBooter.java:1021)
</failure>
  </testcase>
  <testcase time="0.001" classname="org.joda.time.TestDateTimeZoneCutover" name="test_getOffsetFromLocal_NewYork_Autumn"/>
  <testcase time="0" classname="org.joda.time.TestDateTimeZoneCutover" name="test_getOffsetFromLocal_Moscow_Spring"/>
  <testcase time="0.001" classname="org.joda.time.TestDateTimeZoneCutover" name="testWithSecondOfMinuteInDstChange"/>
  <testcase time="0" classname="org.joda.time.TestDateTimeZoneCutover" name="testBug3192457_adjustOffset"/>
  <testcase time="0" classname="org.joda.time.TestDateTimeZoneCutover" name="test_DateTime_setHourForward_Moscow_Spring"/>
  <testcase time="0" classname="org.joda.time.TestDateTimeZoneCutover" name="test_DateTime_roundFloor_minute_NewYork_Spring_preCutover"/>
  <testcase time="0" classname="org.joda.time.TestDateTimeZoneCutover" name="test_DateTime_roundCeiling_day_NewYork_Spring_postCutover"/>
  <testcase time="0.001" classname="org.joda.time.TestDateTimeZoneCutover" name="test_getOffsetFromLocal_NewYork_Spring"/>
  <testcase time="0" classname="org.joda.time.TestDateTimeZoneCutover" name="test_DateTime_minusDay_Gaza"/>
  <testcase time="0" classname="org.joda.time.TestDateTimeZoneCutover" name="test_DateTime_minusDay_Turk"/>
  <testcase time="0" classname="org.joda.time.TestDateTimeZoneCutover" name="test_DateTime_setHourZero_Gaza"/>
  <testcase time="0" classname="org.joda.time.TestDateTimeZoneCutover" name="test_DateTime_setHourZero_Turk"/>
  <testcase time="0.001" classname="org.joda.time.TestDateTimeZoneCutover" name="testPlusMillisInDstChange"/>
  <testcase time="0" classname="org.joda.time.TestDateTimeZoneCutover" name="test_DateTime_roundCeiling_secondOfMinute_NewYork_Autumn_preCutover"/>
  <testcase time="0" classname="org.joda.time.TestDateTimeZoneCutover" name="testPlusSecondsInDstChange"/>
  <testcase time="0" classname="org.joda.time.TestDateTimeZoneCutover" name="test_DateTime_minusHour_Guatemata_Autumn"/>
  <testcase time="0" classname="org.joda.time.TestDateTimeZoneCutover" name="testWithMinuteOfHourInDstChange"/>
  <testcase time="0" classname="org.joda.time.TestDateTimeZoneCutover" name="test_DateTime_minusHour_Moscow_Autumn"/>
  <testcase time="0" classname="org.joda.time.TestDateTimeZoneCutover" name="test_DateTime_roundFloorNotDST_Turk"/>
  <testcase time="0" classname="org.joda.time.TestDateTimeZoneCutover" name="test_getOffsetFromLocal_Gaza"/>
  <testcase time="0" classname="org.joda.time.TestDateTimeZoneCutover" name="test_getOffsetFromLocal_Turk"/>
  <testcase time="0.001" classname="org.joda.time.TestDateTimeZoneCutover" name="test_DateTime_roundFloor_minuteOfHour_NewYork_Autumn_preCutover"/>
  <testcase time="0" classname="org.joda.time.TestDateTimeZoneCutover" name="test_DateTime_withZoneRetainFields_Gaza"/>
  <testcase time="0" classname="org.joda.time.TestDateTimeZoneCutover" name="test_DateTime_withZoneRetainFields_Turk"/>
  <testcase time="0" classname="org.joda.time.TestDateTimeZoneCutover" name="test_DateTime_roundCeiling_secondOfMinute_NewYork_Autumn_postCutover"/>
  <testcase time="0" classname="org.joda.time.TestDateTimeZoneCutover" name="test_DateTime_roundCeiling_hour_NewYork_Spring_postCutover"/>
  <testcase time="0" classname="org.joda.time.TestDateTimeZoneCutover" name="test_DateTime_plusHour_Guatemata_Autumn"/>
  <testcase time="0" classname="org.joda.time.TestDateTimeZoneCutover" name="test_DateTime_roundCeiling_day_NewYork_Spring_preCutover"/>
  <testcase time="0" classname="org.joda.time.TestDateTimeZoneCutover" name="test_MoscowIsCorrect_Autumn"/>
  <testcase time="0" classname="org.joda.time.TestDateTimeZoneCutover" name="test_DateTime_constructor_Moscow_Autumn"/>
  <testcase time="0" classname="org.joda.time.TestDateTimeZoneCutover" name="test_DateTime_roundFloor_day_NewYork_Spring_preCutover"/>
  <testcase time="0" classname="org.joda.time.TestDateTimeZoneCutover" name="test_DateTime_roundFloor_secondOfMinute_NewYork_Autumn_preCutover"/>
  <testcase time="0" classname="org.joda.time.TestDateTimeZoneCutover" name="test_DateTime_roundFloor_hourOfDay_NewYork_Autumn_preCutover"/>
  <testcase time="0" classname="org.joda.time.TestDateTimeZoneCutover" name="test_DateTime_withHourZero_Gaza"/>
  <testcase time="0" classname="org.joda.time.TestDateTimeZoneCutover" name="test_DateTime_withHourZero_Turk"/>
  <testcase time="0" classname="org.joda.time.TestDateTimeZoneCutover" name="test_DateTime_roundCeiling_minute_NewYork_Spring_preCutover"/>
  <testcase time="0.001" classname="org.joda.time.TestDateTimeZoneCutover" name="testWithMinuteOfHourInDstChange_mockZone"/>
  <testcase time="0" classname="org.joda.time.TestDateTimeZoneCutover" name="test_DateTime_constructor_NewYork_Autumn"/>
  <testcase time="0" classname="org.joda.time.TestDateTimeZoneCutover" name="test_DateTime_parse_Gaza"/>
  <testcase time="0" classname="org.joda.time.TestDateTimeZoneCutover" name="test_DateTime_parse_Turk"/>
  <testcase time="0.001" classname="org.joda.time.TestDateTimeZoneCutover" name="testBug2182444_usCentral"/>
  <testcase time="0" classname="org.joda.time.TestDateTimeZoneCutover" name="test_DateTime_roundFloor_hourOfDay_NewYork_Autumn_postCutover"/>
  <testcase time="0" classname="org.joda.time.TestDateTimeZoneCutover" name="test_LocalDate_new_Gaza"/>
  <testcase time="0" classname="org.joda.time.TestDateTimeZoneCutover" name="test_LocalDate_new_Turk"/>
  <testcase time="0" classname="org.joda.time.TestDateTimeZoneCutover" name="test_MoscowIsCorrect_Spring"/>
  <testcase time="0" classname="org.joda.time.TestDateTimeZoneCutover" name="testWithMillisOfSecondInDstChange_Paris_summer"/>
  <testcase time="0" classname="org.joda.time.TestDateTimeZoneCutover" name="testDateTimeCreation_newYork"/>
  <testcase time="0" classname="org.joda.time.TestDateTimeZoneCutover" name="testWithHourOfDayInDstChange"/>
  <testcase time="0.001" classname="org.joda.time.TestDateTimeZoneCutover" name="test_DateTime_setHourForward_NewYork_Spring"/>
  <testcase time="0" classname="org.joda.time.TestDateTimeZoneCutover" name="test_DateTime_setHourAcross_NewYork_Spring"/>
  <testcase time="0" classname="org.joda.time.TestDateTimeZoneCutover" name="testWithMillisOfSecondInDstChange_Paris_winter"/>
  <testcase time="0" classname="org.joda.time.TestDateTimeZoneCutover" name="test_DateTime_roundFloor_day_NewYork_Spring_postCutover"/>
  <testcase time="0.001" classname="org.joda.time.TestDateTimeZoneCutover" name="test_DateTime_roundCeiling_day_NewYork_Autumn_postCutover"/>
  <testcase time="0" classname="org.joda.time.TestDateTimeZoneCutover" name="test_MockTurkIsCorrect"/>
  <testcase time="0" classname="org.joda.time.TestDateTimeZoneCutover" name="test_DateTime_roundFloor_minute_NewYork_Spring_postCutover"/>
  <testcase time="0.001" classname="org.joda.time.TestDateTimeZoneCutover" name="testDateTimeCreation_losAngeles"/>
  <testcase time="0.001" classname="org.joda.time.TestDateTimeZoneCutover" name="test_getOffsetFromLocal_Guatemata_Autumn"/>
  <testcase time="0" classname="org.joda.time.TestDateTimeZoneCutover" name="test_MutableDateTime_withZoneRetainFields_Gaza"/>
  <testcase time="0.003" classname="org.joda.time.TestDateTimeZoneCutover" name="test_DateTime_JustAfterLastEverOverlap"/>
  <testcase time="0" classname="org.joda.time.TestDateTimeZoneCutover" name="test_DateTime_roundCeiling_hour_NewYork_Spring_preCutover"/>
  <testcase time="0" classname="org.joda.time.TestDateTimeZoneCutover" name="test_DateTime_roundCeiling_day_NewYork_Autumn_preCutover"/>
  <testcase time="0.001" classname="org.joda.time.TestDateTimeZoneCutover" name="test_DateTime_roundFloor_hour_NewYork_Spring_postCutover"/>
  <testcase time="0" classname="org.joda.time.TestDateTimeZoneCutover" name="testWithMillisOfSecondInDstChange_NewYork_summer"/>
  <testcase time="0" classname="org.joda.time.TestDateTimeZoneCutover" name="test_DateTime_roundCeiling_hourOfDay_NewYork_Autumn_postCutover"/>
  <testcase time="0" classname="org.joda.time.TestDateTimeZoneCutover" name="test_DateTime_roundFloor_day_NewYork_Autumn_preCutover"/>
  <testcase time="0" classname="org.joda.time.TestDateTimeZoneCutover" name="testWithMillisOfSecondInDstChange_NewYork_winter"/>
  <testcase time="0.001" classname="org.joda.time.TestDateTimeZoneCutover" name="test_DateTime_plusDayMidGap_Gaza"/>
  <testcase time="0" classname="org.joda.time.TestDateTimeZoneCutover" name="test_DateTime_plusDayMidGap_Turk"/>
  <testcase time="0" classname="org.joda.time.TestDateTimeZoneCutover" name="testDateTimeCreation_paris"/>
  <testcase time="0" classname="org.joda.time.TestDateTimeZoneCutover" name="test_DateTime_setHourBack_NewYork_Spring"/>
  <testcase time="0" classname="org.joda.time.TestDateTimeZoneCutover" name="test_DateTime_setHourBack_Moscow_Spring"/>
  <testcase time="0.001" classname="org.joda.time.TestDateTimeZoneCutover" name="testBug2182444_ausNSW"/>
  <testcase time="0" classname="org.joda.time.TestDateTimeZoneCutover" name="test_DateTime_setHourAcross_Moscow_Spring"/>
  <testcase time="0" classname="org.joda.time.TestDateTimeZoneCutover" name="test_NewYorkIsCorrect_Autumn"/>
  <testcase time="0.001" classname="org.joda.time.TestDateTimeZoneCutover" name="test_DateTime_roundCeiling_Gaza"/>
  <testcase time="0" classname="org.joda.time.TestDateTimeZoneCutover" name="test_DateTime_roundCeiling_Turk"/>
  <testcase time="0" classname="org.joda.time.TestDateTimeZoneCutover" name="test_DateTime_plusHour_Moscow_Autumn"/>
  <testcase time="0" classname="org.joda.time.TestDateTimeZoneCutover" name="test_GuatemataIsCorrect_Autumn"/>
  <testcase time="0" classname="org.joda.time.TestDateTimeZoneCutover" name="test_DateTime_roundCeiling_hourOfDay_NewYork_Autumn_preCutover"/>
  <testcase time="0.001" classname="org.joda.time.TestDateTimeZoneCutover" name="test_DateTime_minusHour_Gaza"/>
  <testcase time="0" classname="org.joda.time.TestDateTimeZoneCutover" name="test_DateTime_minusHour_Turk"/>
  <testcase time="0.002" classname="org.joda.time.TestDateTimeZoneCutover" name="test_getOffsetFromLocal_Moscow_Autumn_overlap_mins"/>
  <testcase time="0" classname="org.joda.time.TestDateTimeZoneCutover" name="test_DateTime_plusDay_Gaza"/>
  <testcase time="0" classname="org.joda.time.TestDateTimeZoneCutover" name="test_DateTime_plusDay_Turk"/>
  <testcase time="0" classname="org.joda.time.TestDateTimeZoneCutover" name="test_DateTime_new_Gaza"/>
  <testcase time="0" classname="org.joda.time.TestDateTimeZoneCutover" name="test_DateTime_new_Turk"/>
  <testcase time="0" classname="org.joda.time.TestDateTimeZoneCutover" name="testPeriod"/>
  <testcase time="0.001" classname="org.joda.time.TestDateTimeZoneCutover" name="test_DateTime_plusHour_Gaza"/>
  <testcase time="0" classname="org.joda.time.TestDateTimeZoneCutover" name="test_DateTime_plusHour_Turk"/>
  <testcase time="0" classname="org.joda.time.TestDateTimeZoneCutover" name="test_DateTime_roundCeiling_minuteOfHour_NewYork_Autumn_postCutover"/>
  <testcase time="0" classname="org.joda.time.TestDateTimeZoneCutover" name="test_NewYorkIsCorrect_Spring"/>
  <testcase time="0" classname="org.joda.time.TestDateTimeZoneCutover" name="test_DateTime_addWrapFieldDay_Gaza"/>
  <testcase time="0" classname="org.joda.time.TestDateTimeZoneCutover" name="test_DateTime_addWrapFieldDay_Turk"/>
  <testcase time="0" classname="org.joda.time.TestDateTimeZoneCutover" name="test_DateTime_roundFloor_day_NewYork_Autumn_postCutover"/>
  <testcase time="0" classname="org.joda.time.TestDateTimeZoneCutover" name="testPlusMinutesInDstChange"/>
  <testcase time="0" classname="org.joda.time.TestDateTimeZoneCutover" name="test_DateTime_minusHour_NewYork_Autumn"/>
  <testcase time="0" classname="org.joda.time.TestDateTimeZoneCutover" name="test_DateTime_roundFloor_secondOfMinute_NewYork_Autumn_postCutover"/>
  <testcase time="0" classname="org.joda.time.TestDateTimeZoneCutover" name="test_DateTime_roundCeiling_minute_NewYork_Spring_postCutover"/>
  <testcase time="0" classname="org.joda.time.TestDateTimeZoneCutover" name="test_DateTime_roundFloor_Gaza"/>
  <testcase time="0" classname="org.joda.time.TestDateTimeZoneCutover" name="test_DateTime_roundFloor_Turk"/>
  <testcase time="0.001" classname="org.joda.time.TestDateTimeZoneCutover" name="testForum4013394_retainOffsetWhenRetainFields_sameOffsetsDifferentZones"/>
  <testcase time="0" classname="org.joda.time.TestDateTimeZoneCutover" name="test_MockGazaIsCorrect"/>
  <testcase time="0" classname="org.joda.time.TestDateTimeZoneCutover" name="test_getOffsetFromLocal_Moscow_Autumn"/>
  <testcase time="0.001" classname="org.joda.time.TestDateTimeZoneCutover" name="test_DateTime_newValid_Gaza"/>
  <testcase time="0" classname="org.joda.time.TestDateTimeZoneCutover" name="test_DateTime_newValid_Turk"/>
  <testcase time="0" classname="org.joda.time.TestDateTimeZoneCutover" name="testDateTimeCreation_athens"/>
  <testcase time="0" classname="org.joda.time.TestDateTimeZoneCutover" name="test_DateTime_withDay_Gaza"/>
  <testcase time="0" classname="org.joda.time.TestDateTimeZoneCutover" name="test_DateTime_withDay_Turk"/>
  <testcase time="0.001" classname="org.joda.time.TestPeriodType" name="testYearMonthDayTime"/>
  <testcase time="0" classname="org.joda.time.TestPeriodType" name="testYearDay"/>
  <testcase time="0.001" classname="org.joda.time.TestPeriodType" name="testMaskHoursMinutesSeconds"/>
  <testcase time="0.001" classname="org.joda.time.TestPeriodType" name="testMaskSeconds"/>
  <testcase time="0.001" classname="org.joda.time.TestPeriodType" name="testYearWeekDay"/>
  <testcase time="0" classname="org.joda.time.TestPeriodType" name="testHours"/>
  <testcase time="0.001" classname="org.joda.time.TestPeriodType" name="testWeeks"/>
  <testcase time="0" classname="org.joda.time.TestPeriodType" name="testYears"/>
  <testcase time="0" classname="org.joda.time.TestPeriodType" name="testDays"/>
  <testcase time="0" classname="org.joda.time.TestPeriodType" name="testTest"/>
  <testcase time="0.001" classname="org.joda.time.TestPeriodType" name="testTime"/>
  <testcase time="0.001" classname="org.joda.time.TestPeriodType" name="testYearDayTime"/>
  <testcase time="0" classname="org.joda.time.TestPeriodType" name="testForFields1"/>
  <testcase time="0.001" classname="org.joda.time.TestPeriodType" name="testForFields2"/>
  <testcase time="0.001" classname="org.joda.time.TestPeriodType" name="testForFields3"/>
  <testcase time="0" classname="org.joda.time.TestPeriodType" name="testForFields4"/>
  <testcase time="0" classname="org.joda.time.TestPeriodType" name="testForFields5"/>
  <testcase time="0" classname="org.joda.time.TestPeriodType" name="testForFields6"/>
  <testcase time="0.001" classname="org.joda.time.TestPeriodType" name="testYearWeekDayTime"/>
  <testcase time="0" classname="org.joda.time.TestPeriodType" name="testIsSupported"/>
  <testcase time="0.001" classname="org.joda.time.TestPeriodType" name="testMaskHours"/>
  <testcase time="0.001" classname="org.joda.time.TestPeriodType" name="testMaskWeeks"/>
  <testcase time="0.001" classname="org.joda.time.TestPeriodType" name="testMaskYears"/>
  <testcase time="0" classname="org.joda.time.TestPeriodType" name="testYearMonthDay"/>
  <testcase time="0.001" classname="org.joda.time.TestPeriodType" name="testMinutes"/>
  <testcase time="0" classname="org.joda.time.TestPeriodType" name="testHashCode"/>
  <testcase time="0" classname="org.joda.time.TestPeriodType" name="testMaskDays"/>
  <testcase time="0.001" classname="org.joda.time.TestPeriodType" name="testDayTime"/>
  <testcase time="0" classname="org.joda.time.TestPeriodType" name="testEquals"/>
  <testcase time="0.001" classname="org.joda.time.TestPeriodType" name="testMaskMillis"/>
  <testcase time="0" classname="org.joda.time.TestPeriodType" name="testMaskMonths"/>
  <testcase time="0.001" classname="org.joda.time.TestPeriodType" name="testMillis"/>
  <testcase time="0" classname="org.joda.time.TestPeriodType" name="testIndexOf"/>
  <testcase time="0" classname="org.joda.time.TestPeriodType" name="testMonths"/>
  <testcase time="0.001" classname="org.joda.time.TestPeriodType" name="testSeconds"/>
  <testcase time="0" classname="org.joda.time.TestPeriodType" name="testMaskTwice1"/>
  <testcase time="0" classname="org.joda.time.TestPeriodType" name="testMaskTwice2"/>
  <testcase time="0" classname="org.joda.time.TestPeriodType" name="testMaskMinutes"/>
  <testcase time="0.001" classname="org.joda.time.TestPeriodType" name="testStandard"/>
  <testcase time="0" classname="org.joda.time.TestDurationField" name="test_subtract"/>
  <testcase time="0.019" classname="org.joda.time.TestStringConvert" name="testLocalDateTime"/>
  <testcase time="0.001" classname="org.joda.time.TestStringConvert" name="testMutablePeriod"/>
  <testcase time="0" classname="org.joda.time.TestStringConvert" name="testDateTime"/>
  <testcase time="0.001" classname="org.joda.time.TestStringConvert" name="testTimeZone"/>
  <testcase time="0" classname="org.joda.time.TestStringConvert" name="testDuration"/>
  <testcase time="0.001" classname="org.joda.time.TestStringConvert" name="testHours"/>
  <testcase time="0" classname="org.joda.time.TestStringConvert" name="testWeeks"/>
  <testcase time="0.001" classname="org.joda.time.TestStringConvert" name="testYears"/>
  <testcase time="0" classname="org.joda.time.TestStringConvert" name="testDays"/>
  <testcase time="0" classname="org.joda.time.TestStringConvert" name="testMonthDay_leapDay"/>
  <testcase time="0" classname="org.joda.time.TestStringConvert" name="testLocalDate"/>
  <testcase time="0.001" classname="org.joda.time.TestStringConvert" name="testLocalTime"/>
  <testcase time="0" classname="org.joda.time.TestStringConvert" name="testYearMonth"/>
  <testcase time="0" classname="org.joda.time.TestStringConvert" name="testMonthDay"/>
  <testcase time="0.001" classname="org.joda.time.TestStringConvert" name="testMinutes"/>
  <testcase time="0" classname="org.joda.time.TestStringConvert" name="testMonths"/>
  <testcase time="0" classname="org.joda.time.TestStringConvert" name="testSeconds"/>
  <testcase time="0" classname="org.joda.time.TestStringConvert" name="testPeriod"/>
  <testcase time="0.001" classname="org.joda.time.TestStringConvert" name="testMutableDateTime"/>
  <testcase time="0" classname="org.joda.time.TestStringConvert" name="testDateMidnight"/>
  <testcase time="0.001" classname="org.joda.time.TestSerialization" name="testSerializedMutableDateTime"/>
  <testcase time="0.004" classname="org.joda.time.TestSerialization" name="testSerializedGJChronologyChangedInternals"/>
  <testcase time="0" classname="org.joda.time.TestSerialization" name="testDuration"/>
  <testcase time="0.001" classname="org.joda.time.TestSerialization" name="testSerializedISOChronology"/>
  <testcase time="0" classname="org.joda.time.TestSerialization" name="testTest"/>
  <testcase time="0.003" classname="org.joda.time.TestSerialization" name="testSerializedBuddhistChronology"/>
  <testcase time="0.002" classname="org.joda.time.TestSerialization" name="testSerializedDateTimeProperty"/>
  <testcase time="0.001" classname="org.joda.time.TestSerialization" name="testSerializedPeriodType"/>
  <testcase time="0.001" classname="org.joda.time.TestSerialization" name="testSerializedJulianChronology"/>
  <testcase time="0" classname="org.joda.time.TestSerialization" name="testSerializedDateTimeFieldType"/>
  <testcase time="0.001" classname="org.joda.time.TestSerialization" name="testSerializedYearMonthDay"/>
  <testcase time="0.001" classname="org.joda.time.TestSerialization" name="testSerializedMutableDateTimeProperty"/>
  <testcase time="0.002" classname="org.joda.time.TestSerialization" name="testSerializedGregorianChronology"/>
  <testcase time="0.001" classname="org.joda.time.TestSerialization" name="testSerializedDateTime"/>
  <testcase time="0" classname="org.joda.time.TestSerialization" name="testSerializedLocalDate"/>
  <testcase time="0.001" classname="org.joda.time.TestSerialization" name="testSerializedLocalTime"/>
  <testcase time="0.002" classname="org.joda.time.TestSerialization" name="testSerializedUnsupportedDateTimeField"/>
  <testcase time="0" classname="org.joda.time.TestSerialization" name="testSerializedDateTimeZone"/>
  <testcase time="0.002" classname="org.joda.time.TestSerialization" name="testSerializedCopticChronology"/>
  <testcase time="0.003" classname="org.joda.time.TestSerialization" name="testSerializedLocalDateBuddhist"/>
  <testcase time="0.001" classname="org.joda.time.TestSerialization" name="testSerializedDateMidnight"/>
  <testcase time="0.003" classname="org.joda.time.TestSerialization" name="testSerializedGJChronology"/>
  <testcase time="0" classname="org.joda.time.TestSerialization" name="testSerializedDateTimeZoneUTC"/>
  <testcase time="0.001" classname="org.joda.time.TestSerialization" name="testSerializedInstant"/>
  <testcase time="0" classname="org.joda.time.TestSerialization" name="testSerializedLocalDateTime"/>
  <testcase time="0" classname="org.joda.time.TestSerialization" name="testSerializedTimeOfDay"/>
  <testcase time="0.002" classname="org.joda.time.TestSerialization" name="testSerializedDateMidnightProperty"/>
  <testcase time="0" classname="org.joda.time.TestIllegalFieldValueException" name="testReadablePartialValidate"/>
  <testcase time="0" classname="org.joda.time.TestIllegalFieldValueException" name="testZoneTransition"/>
  <testcase time="0.001" classname="org.joda.time.TestIllegalFieldValueException" name="testVerifyValueBounds"/>
  <testcase time="0" classname="org.joda.time.TestIllegalFieldValueException" name="testOtherConstructors"/>
  <testcase time="0" classname="org.joda.time.TestIllegalFieldValueException" name="testSkipDateTimeField"/>
  <testcase time="0.001" classname="org.joda.time.TestIllegalFieldValueException" name="testSetText"/>
  <testcase time="0" classname="org.joda.time.TestIllegalFieldValueException" name="testJulianYearZero"/>
  <testcase time="0" classname="org.joda.time.TestIllegalFieldValueException" name="testGJCutover"/>
  <testcase time="0.001" classname="org.joda.time.chrono.TestBuddhistChronology" name="testDurationFields"/>
  <testcase time="0" classname="org.joda.time.chrono.TestBuddhistChronology" name="testFactory"/>
  <testcase time="0" classname="org.joda.time.chrono.TestBuddhistChronology" name="testEra"/>
  <testcase time="0" classname="org.joda.time.chrono.TestBuddhistChronology" name="testEpoch"/>
  <testcase time="0" classname="org.joda.time.chrono.TestBuddhistChronology" name="testToString"/>
  <testcase time="0.001" classname="org.joda.time.chrono.TestBuddhistChronology" name="testFactory_Zone"/>
  <testcase time="0" classname="org.joda.time.chrono.TestBuddhistChronology" name="testDateFields"/>
  <testcase time="0" classname="org.joda.time.chrono.TestBuddhistChronology" name="testTimeFields"/>
  <testcase time="0" classname="org.joda.time.chrono.TestBuddhistChronology" name="testWithZone"/>
  <testcase time="0.591" classname="org.joda.time.chrono.TestBuddhistChronology" name="testCalendar"/>
  <testcase time="0" classname="org.joda.time.chrono.TestBuddhistChronology" name="testWithUTC"/>
  <testcase time="0" classname="org.joda.time.chrono.TestBuddhistChronology" name="testFactoryUTC"/>
  <testcase time="0.001" classname="org.joda.time.chrono.TestBuddhistChronology" name="testKeyYears"/>
  <testcase time="0" classname="org.joda.time.chrono.TestBuddhistChronology" name="testEquality"/>
  <testcase time="0" classname="org.joda.time.chrono.TestCopticChronology" name="testDurationFields"/>
  <testcase time="0" classname="org.joda.time.chrono.TestCopticChronology" name="testFactory"/>
  <testcase time="0.001" classname="org.joda.time.chrono.TestCopticChronology" name="testSampleDateWithZone"/>
  <testcase time="0" classname="org.joda.time.chrono.TestCopticChronology" name="testEra"/>
  <testcase time="0" classname="org.joda.time.chrono.TestCopticChronology" name="testEpoch"/>
  <testcase time="0" classname="org.joda.time.chrono.TestCopticChronology" name="testToString"/>
  <testcase time="0" classname="org.joda.time.chrono.TestCopticChronology" name="testDurationYear"/>
  <testcase time="0" classname="org.joda.time.chrono.TestCopticChronology" name="testFactory_Zone"/>
  <testcase time="0.001" classname="org.joda.time.chrono.TestCopticChronology" name="testSampleDate"/>
  <testcase time="0" classname="org.joda.time.chrono.TestCopticChronology" name="testDateFields"/>
  <testcase time="0" classname="org.joda.time.chrono.TestCopticChronology" name="testTimeFields"/>
  <testcase time="0" classname="org.joda.time.chrono.TestCopticChronology" name="testWithZone"/>
  <testcase time="0.287" classname="org.joda.time.chrono.TestCopticChronology" name="testCalendar"/>
  <testcase time="0.001" classname="org.joda.time.chrono.TestCopticChronology" name="testWithUTC"/>
  <testcase time="0" classname="org.joda.time.chrono.TestCopticChronology" name="testFactoryUTC"/>
  <testcase time="0" classname="org.joda.time.chrono.TestCopticChronology" name="testEquality"/>
  <testcase time="0" classname="org.joda.time.chrono.TestCopticChronology" name="testDurationMonth"/>
  <testcase time="0" classname="org.joda.time.chrono.TestEthiopicChronology" name="testDurationFields"/>
  <testcase time="0" classname="org.joda.time.chrono.TestEthiopicChronology" name="testFactory"/>
  <testcase time="0" classname="org.joda.time.chrono.TestEthiopicChronology" name="testSampleDateWithZone"/>
  <testcase time="0" classname="org.joda.time.chrono.TestEthiopicChronology" name="testEra"/>
  <testcase time="0.001" classname="org.joda.time.chrono.TestEthiopicChronology" name="testEpoch"/>
  <testcase time="0" classname="org.joda.time.chrono.TestEthiopicChronology" name="testToString"/>
  <testcase time="0" classname="org.joda.time.chrono.TestEthiopicChronology" name="testDurationYear"/>
  <testcase time="0" classname="org.joda.time.chrono.TestEthiopicChronology" name="testFactory_Zone"/>
  <testcase time="0" classname="org.joda.time.chrono.TestEthiopicChronology" name="testSampleDate"/>
  <testcase time="0" classname="org.joda.time.chrono.TestEthiopicChronology" name="testDateFields"/>
  <testcase time="0.001" classname="org.joda.time.chrono.TestEthiopicChronology" name="testTimeFields"/>
  <testcase time="0" classname="org.joda.time.chrono.TestEthiopicChronology" name="testWithZone"/>
  <testcase time="0.281" classname="org.joda.time.chrono.TestEthiopicChronology" name="testCalendar"/>
  <testcase time="0" classname="org.joda.time.chrono.TestEthiopicChronology" name="testWithUTC"/>
  <testcase time="0" classname="org.joda.time.chrono.TestEthiopicChronology" name="testFactoryUTC"/>
  <testcase time="0" classname="org.joda.time.chrono.TestEthiopicChronology" name="testEquality"/>
  <testcase time="0" classname="org.joda.time.chrono.TestEthiopicChronology" name="testDurationMonth"/>
  <testcase time="0" classname="org.joda.time.chrono.TestGJChronology" name="testDurationFields"/>
  <testcase time="0.001" classname="org.joda.time.chrono.TestGJChronology" name="testCutoverAddDays"/>
  <testcase time="0" classname="org.joda.time.chrono.TestGJChronology" name="testCutoverAddWeekyears"/>
  <testcase time="0.001" classname="org.joda.time.chrono.TestGJChronology" name="testParseEquivalence"/>
  <testcase time="0" classname="org.joda.time.chrono.TestGJChronology" name="testFactory"/>
  <testcase time="0" classname="org.joda.time.chrono.TestGJChronology" name="testFactory_Zone_RI_int"/>
  <testcase time="0" classname="org.joda.time.chrono.TestGJChronology" name="testToString"/>
  <testcase time="0" classname="org.joda.time.chrono.TestGJChronology" name="testFactory_Zone"/>
  <testcase time="0" classname="org.joda.time.chrono.TestGJChronology" name="testDateFields"/>
  <testcase time="0.001" classname="org.joda.time.chrono.TestGJChronology" name="testTimeOfDayAdd"/>
  <testcase time="0" classname="org.joda.time.chrono.TestGJChronology" name="testTimeFields"/>
  <testcase time="0" classname="org.joda.time.chrono.TestGJChronology" name="testWithZone"/>
  <testcase time="0" classname="org.joda.time.chrono.TestGJChronology" name="testYearEndAddDays"/>
  <testcase time="0" classname="org.joda.time.chrono.TestGJChronology" name="testCutoverAddWeeks"/>
  <testcase time="0.003" classname="org.joda.time.chrono.TestGJChronology" name="testCutoverAddYears"/>
  <testcase time="0" classname="org.joda.time.chrono.TestGJChronology" name="testFactory_Zone_long_int"/>
  <testcase time="0" classname="org.joda.time.chrono.TestGJChronology" name="testWithUTC"/>
  <testcase time="0" classname="org.joda.time.chrono.TestGJChronology" name="testFactoryUTC"/>
  <testcase time="0" classname="org.joda.time.chrono.TestGJChronology" name="testEquality"/>
  <testcase time="0" classname="org.joda.time.chrono.TestGJChronology" name="testPartialGetAsText"/>
  <testcase time="0.003" classname="org.joda.time.chrono.TestGJChronology" name="testCutoverAddMonths"/>
  <testcase time="0" classname="org.joda.time.chrono.TestGJChronology" name="testIllegalDates"/>
  <testcase time="0" classname="org.joda.time.chrono.TestGJChronology" name="testFactory_Zone_RI"/>
  <testcase time="0.102" classname="org.joda.time.chrono.TestGJChronology" name="testMaximumValue"/>
  <testcase time="0.001" classname="org.joda.time.chrono.TestGJChronology" name="testSubtractDays"/>
  <testcase time="0" classname="org.joda.time.chrono.TestGregorianChronology" name="testDurationFields"/>
  <testcase time="0" classname="org.joda.time.chrono.TestGregorianChronology" name="testFactory"/>
  <testcase time="0" classname="org.joda.time.chrono.TestGregorianChronology" name="testToString"/>
  <testcase time="0" classname="org.joda.time.chrono.TestGregorianChronology" name="testFactory_Zone"/>
  <testcase time="0" classname="org.joda.time.chrono.TestGregorianChronology" name="testDateFields"/>
  <testcase time="0" classname="org.joda.time.chrono.TestGregorianChronology" name="testTimeFields"/>
  <testcase time="0" classname="org.joda.time.chrono.TestGregorianChronology" name="testWithZone"/>
  <testcase time="0" classname="org.joda.time.chrono.TestGregorianChronology" name="testWithUTC"/>
  <testcase time="0" classname="org.joda.time.chrono.TestGregorianChronology" name="testFactoryUTC"/>
  <testcase time="0" classname="org.joda.time.chrono.TestGregorianChronology" name="testEquality"/>
  <testcase time="0" classname="org.joda.time.chrono.TestGregorianChronology" name="testMaximumValue"/>
  <testcase time="0.001" classname="org.joda.time.chrono.TestGregorianChronology" name="testFactory_Zone_int"/>
  <testcase time="0" classname="org.joda.time.chrono.TestIslamicChronology" name="testIndianBasedLeapYear"/>
  <testcase time="0" classname="org.joda.time.chrono.TestIslamicChronology" name="testHabashAlHasibBasedLeapYear"/>
  <testcase time="0" classname="org.joda.time.chrono.TestIslamicChronology" name="testDurationFields"/>
  <testcase time="0" classname="org.joda.time.chrono.TestIslamicChronology" name="testFactory"/>
  <testcase time="0.001" classname="org.joda.time.chrono.TestIslamicChronology" name="testSampleDateWithZone"/>
  <testcase time="0" classname="org.joda.time.chrono.TestIslamicChronology" name="testEra"/>
  <testcase time="0" classname="org.joda.time.chrono.TestIslamicChronology" name="testEpoch"/>
  <testcase time="0" classname="org.joda.time.chrono.TestIslamicChronology" name="testToString"/>
  <testcase time="0" classname="org.joda.time.chrono.TestIslamicChronology" name="testFactory_Zone"/>
  <testcase time="0" classname="org.joda.time.chrono.TestIslamicChronology" name="testDateFields"/>
  <testcase time="0.001" classname="org.joda.time.chrono.TestIslamicChronology" name="testSampleDate1"/>
  <testcase time="0" classname="org.joda.time.chrono.TestIslamicChronology" name="testSampleDate2"/>
  <testcase time="0" classname="org.joda.time.chrono.TestIslamicChronology" name="testSampleDate3"/>
  <testcase time="0" classname="org.joda.time.chrono.TestIslamicChronology" name="testTimeFields"/>
  <testcase time="0" classname="org.joda.time.chrono.TestIslamicChronology" name="testWithZone"/>
  <testcase time="0" classname="org.joda.time.chrono.TestIslamicChronology" name="test16BasedLeapYear"/>
  <testcase time="0" classname="org.joda.time.chrono.TestIslamicChronology" name="test15BasedLeapYear"/>
  <testcase time="0.488" classname="org.joda.time.chrono.TestIslamicChronology" name="testCalendar"/>
  <testcase time="0.001" classname="org.joda.time.chrono.TestIslamicChronology" name="testWithUTC"/>
  <testcase time="0" classname="org.joda.time.chrono.TestIslamicChronology" name="testFieldConstructor"/>
  <testcase time="0" classname="org.joda.time.chrono.TestIslamicChronology" name="testFactoryUTC"/>
  <testcase time="0" classname="org.joda.time.chrono.TestIslamicChronology" name="testEquality"/>
  <testcase time="0" classname="org.joda.time.chrono.TestJulianChronology" name="testDurationFields"/>
  <testcase time="0" classname="org.joda.time.chrono.TestJulianChronology" name="testFactory"/>
  <testcase time="0" classname="org.joda.time.chrono.TestJulianChronology" name="testToString"/>
  <testcase time="0" classname="org.joda.time.chrono.TestJulianChronology" name="testFactory_Zone"/>
  <testcase time="0" classname="org.joda.time.chrono.TestJulianChronology" name="testDateFields"/>
  <testcase time="0" classname="org.joda.time.chrono.TestJulianChronology" name="testTimeFields"/>
  <testcase time="0" classname="org.joda.time.chrono.TestJulianChronology" name="testWithZone"/>
  <testcase time="0" classname="org.joda.time.chrono.TestJulianChronology" name="testWithUTC"/>
  <testcase time="0" classname="org.joda.time.chrono.TestJulianChronology" name="testFactoryUTC"/>
  <testcase time="0" classname="org.joda.time.chrono.TestJulianChronology" name="testEquality"/>
  <testcase time="0" classname="org.joda.time.chrono.TestJulianChronology" name="testFactory_Zone_int"/>
  <testcase time="0" classname="org.joda.time.chrono.TestISOChronology" name="testDurationFields"/>
  <testcase time="0" classname="org.joda.time.chrono.TestISOChronology" name="testFactory"/>
  <testcase time="0" classname="org.joda.time.chrono.TestISOChronology" name="testToString"/>
  <testcase time="0" classname="org.joda.time.chrono.TestISOChronology" name="testFactory_Zone"/>
  <testcase time="0" classname="org.joda.time.chrono.TestISOChronology" name="testDateFields"/>
  <testcase time="0" classname="org.joda.time.chrono.TestISOChronology" name="testTimeOfDayAdd"/>
  <testcase time="0" classname="org.joda.time.chrono.TestISOChronology" name="testTimeFields"/>
  <testcase time="0" classname="org.joda.time.chrono.TestISOChronology" name="testWithZone"/>
  <testcase time="0" classname="org.joda.time.chrono.TestISOChronology" name="testMaxYear"/>
  <testcase time="0.002" classname="org.joda.time.chrono.TestISOChronology" name="testCutoverAddYears"/>
  <testcase time="0.001" classname="org.joda.time.chrono.TestISOChronology" name="testAddMonths"/>
  <testcase time="0.001" classname="org.joda.time.chrono.TestISOChronology" name="testMinYear"/>
  <testcase time="0" classname="org.joda.time.chrono.TestISOChronology" name="testWithUTC"/>
  <testcase time="0" classname="org.joda.time.chrono.TestISOChronology" name="testFactoryUTC"/>
  <testcase time="0" classname="org.joda.time.chrono.TestISOChronology" name="testEquality"/>
  <testcase time="0" classname="org.joda.time.chrono.TestISOChronology" name="testPartialDayOfYearAdd"/>
  <testcase time="0.045" classname="org.joda.time.chrono.TestISOChronology" name="testMaximumValue"/>
  <testcase time="0.001" classname="org.joda.time.chrono.TestLenientChronology" name="test_lenientChrononolgy_Turk"/>
  <testcase time="0" classname="org.joda.time.chrono.TestLenientChronology" name="test_setDayOfMonth"/>
  <testcase time="0" classname="org.joda.time.chrono.TestLenientChronology" name="test_lenientChrononolgy_Chicago"/>
  <testcase time="0" classname="org.joda.time.chrono.TestLenientChronology" name="test_MockTurkIsCorrect"/>
  <testcase time="0.001" classname="org.joda.time.chrono.TestLenientChronology" name="testNearDstTransition"/>
  <testcase time="0" classname="org.joda.time.chrono.TestLenientChronology" name="test_setMonthOfYear"/>
  <testcase time="0" classname="org.joda.time.chrono.TestLenientChronology" name="test_strictChrononolgy_Chicago"/>
  <testcase time="0" classname="org.joda.time.chrono.TestLenientChronology" name="test_isoChrononolgy_Chicago"/>
  <testcase time="0.001" classname="org.joda.time.chrono.TestLenientChronology" name="test_setYear"/>
  <testcase time="0" classname="org.joda.time.chrono.TestLenientChronology" name="test_setHourOfDay"/>
  <testcase time="0.219" classname="org.joda.time.chrono.gj.MainTest" name="testChronology"/>
  <testcase time="0.118" classname="org.joda.time.chrono.gj.MainTest" name="testChronology"/>
  <testcase time="0" classname="org.joda.time.convert.TestConverterManager" name="testRemovePartialConverterSecurity"/>
  <testcase time="0" classname="org.joda.time.convert.TestConverterManager" name="testGetInstantConverterRemovedNull"/>
  <testcase time="0" classname="org.joda.time.convert.TestConverterManager" name="testGetPartialConverters"/>
  <testcase time="0" classname="org.joda.time.convert.TestConverterManager" name="testAddPeriodConverter1"/>
  <testcase time="0.001" classname="org.joda.time.convert.TestConverterManager" name="testAddPeriodConverter2"/>
  <testcase time="0" classname="org.joda.time.convert.TestConverterManager" name="testAddPeriodConverter3"/>
  <testcase time="0" classname="org.joda.time.convert.TestConverterManager" name="testAddDurationConverter1"/>
  <testcase time="0.001" classname="org.joda.time.convert.TestConverterManager" name="testAddDurationConverter2"/>
  <testcase time="0" classname="org.joda.time.convert.TestConverterManager" name="testAddDurationConverter3"/>
  <testcase time="0" classname="org.joda.time.convert.TestConverterManager" name="testGetPartialConverterRemovedNull"/>
  <testcase time="0" classname="org.joda.time.convert.TestConverterManager" name="testGetPeriodConverter"/>
  <testcase time="0.001" classname="org.joda.time.convert.TestConverterManager" name="testGetPartialConverter"/>
  <testcase time="0" classname="org.joda.time.convert.TestConverterManager" name="testRemoveIntervalConverter1"/>
  <testcase time="0" classname="org.joda.time.convert.TestConverterManager" name="testRemoveIntervalConverter2"/>
  <testcase time="0" classname="org.joda.time.convert.TestConverterManager" name="testRemoveIntervalConverter3"/>
  <testcase time="0" classname="org.joda.time.convert.TestConverterManager" name="testGetDurationConverters"/>
  <testcase time="0" classname="org.joda.time.convert.TestConverterManager" name="testAddInstantConverterSecurity"/>
  <testcase time="0" classname="org.joda.time.convert.TestConverterManager" name="testToString"/>
  <testcase time="0" classname="org.joda.time.convert.TestConverterManager" name="testGetInstantConverters"/>
  <testcase time="0" classname="org.joda.time.convert.TestConverterManager" name="testRemovePartialConverter1"/>
  <testcase time="0.001" classname="org.joda.time.convert.TestConverterManager" name="testRemovePartialConverter2"/>
  <testcase time="0" classname="org.joda.time.convert.TestConverterManager" name="testRemovePartialConverter3"/>
  <testcase time="0" classname="org.joda.time.convert.TestConverterManager" name="testSingleton"/>
  <testcase time="0" classname="org.joda.time.convert.TestConverterManager" name="testGetDurationConverterRemovedNull"/>
  <testcase time="0.001" classname="org.joda.time.convert.TestConverterManager" name="testGetPartialConverterOKMultipleMatches"/>
  <testcase time="0" classname="org.joda.time.convert.TestConverterManager" name="testRemovePeriodConverter1"/>
  <testcase time="0" classname="org.joda.time.convert.TestConverterManager" name="testRemovePeriodConverter2"/>
  <testcase time="0" classname="org.joda.time.convert.TestConverterManager" name="testRemovePeriodConverter3"/>
  <testcase time="0" classname="org.joda.time.convert.TestConverterManager" name="testGetInstantConverter"/>
  <testcase time="0" classname="org.joda.time.convert.TestConverterManager" name="testAddPartialConverterSecurity"/>
  <testcase time="0" classname="org.joda.time.convert.TestConverterManager" name="testRemoveInstantConverter1"/>
  <testcase time="0" classname="org.joda.time.convert.TestConverterManager" name="testRemoveInstantConverter2"/>
  <testcase time="0" classname="org.joda.time.convert.TestConverterManager" name="testRemoveInstantConverter3"/>
  <testcase time="0" classname="org.joda.time.convert.TestConverterManager" name="testRemoveDurationConverterSecurity"/>
  <testcase time="0" classname="org.joda.time.convert.TestConverterManager" name="testAddPartialConverter1"/>
  <testcase time="0.001" classname="org.joda.time.convert.TestConverterManager" name="testAddPartialConverter2"/>
  <testcase time="0" classname="org.joda.time.convert.TestConverterManager" name="testAddPartialConverter3"/>
  <testcase time="0" classname="org.joda.time.convert.TestConverterManager" name="testAddPartialConverter4"/>
  <testcase time="0" classname="org.joda.time.convert.TestConverterManager" name="testGetInstantConverterBadMultipleMatches"/>
  <testcase time="0.001" classname="org.joda.time.convert.TestConverterManager" name="testRemoveDurationConverter1"/>
  <testcase time="0" classname="org.joda.time.convert.TestConverterManager" name="testRemoveDurationConverter2"/>
  <testcase time="0" classname="org.joda.time.convert.TestConverterManager" name="testRemoveDurationConverter3"/>
  <testcase time="0.001" classname="org.joda.time.convert.TestConverterManager" name="testGetInstantConverterOKMultipleMatches"/>
  <testcase time="0" classname="org.joda.time.convert.TestConverterManager" name="testAddDurationConverterSecurity"/>
  <testcase time="0" classname="org.joda.time.convert.TestConverterManager" name="testGetPeriodConverterRemovedNull"/>
  <testcase time="0" classname="org.joda.time.convert.TestConverterManager" name="testAddIntervalConverter1"/>
  <testcase time="0.001" classname="org.joda.time.convert.TestConverterManager" name="testAddIntervalConverter2"/>
  <testcase time="0" classname="org.joda.time.convert.TestConverterManager" name="testAddIntervalConverter3"/>
  <testcase time="0" classname="org.joda.time.convert.TestConverterManager" name="testGetPartialConverterBadMultipleMatches"/>
  <testcase time="0.001" classname="org.joda.time.convert.TestConverterManager" name="testGetPeriodConverters"/>
  <testcase time="0" classname="org.joda.time.convert.TestConverterManager" name="testGetIntervalConverters"/>
  <testcase time="0" classname="org.joda.time.convert.TestConverterManager" name="testRemoveIntervalConverterSecurity"/>
  <testcase time="0" classname="org.joda.time.convert.TestConverterManager" name="testAddInstantConverter1"/>
  <testcase time="0.001" classname="org.joda.time.convert.TestConverterManager" name="testAddInstantConverter2"/>
  <testcase time="0" classname="org.joda.time.convert.TestConverterManager" name="testAddInstantConverter3"/>
  <testcase time="0" classname="org.joda.time.convert.TestConverterManager" name="testAddInstantConverter4"/>
  <testcase time="0" classname="org.joda.time.convert.TestConverterManager" name="testRemoveInstantConverterSecurity"/>
  <testcase time="0" classname="org.joda.time.convert.TestConverterManager" name="testGetDurationConverter"/>
  <testcase time="0" classname="org.joda.time.convert.TestConverterManager" name="testRemovePeriodConverterSecurity"/>
  <testcase time="0" classname="org.joda.time.convert.TestConverterManager" name="testGetIntervalConverterRemovedNull"/>
  <testcase time="0" classname="org.joda.time.convert.TestConverterManager" name="testAddPeriodConverterSecurity"/>
  <testcase time="0" classname="org.joda.time.convert.TestConverterManager" name="testAddIntervalConverterSecurity"/>
  <testcase time="0" classname="org.joda.time.convert.TestConverterManager" name="testGetIntervalConverter"/>
  <testcase time="0" classname="org.joda.time.convert.TestConverterSet" name="testClass"/>
  <testcase time="0" classname="org.joda.time.convert.TestConverterSet" name="testRemoveBadIndex1"/>
  <testcase time="0" classname="org.joda.time.convert.TestConverterSet" name="testRemoveBadIndex2"/>
  <testcase time="0" classname="org.joda.time.convert.TestConverterSet" name="testRemoveNullRemoved1"/>
  <testcase time="0" classname="org.joda.time.convert.TestConverterSet" name="testRemoveNullRemoved2"/>
  <testcase time="0" classname="org.joda.time.convert.TestConverterSet" name="testBigHashtable"/>
  <testcase time="0" classname="org.joda.time.convert.TestConverterSet" name="testAddNullRemoved1"/>
  <testcase time="0" classname="org.joda.time.convert.TestConverterSet" name="testAddNullRemoved2"/>
  <testcase time="0" classname="org.joda.time.convert.TestConverterSet" name="testAddNullRemoved3"/>
  <testcase time="0.001" classname="org.joda.time.convert.TestCalendarConverter" name="testGetInstantMillis_Object_Chronology"/>
  <testcase time="0" classname="org.joda.time.convert.TestCalendarConverter" name="testToString"/>
  <testcase time="0.005" classname="org.joda.time.convert.TestCalendarConverter" name="testGetChronology_Object_Zone"/>
  <testcase time="0" classname="org.joda.time.convert.TestCalendarConverter" name="testSingleton"/>
  <testcase time="0" classname="org.joda.time.convert.TestCalendarConverter" name="testGetPartialValues"/>
  <testcase time="0.001" classname="org.joda.time.convert.TestCalendarConverter" name="testGetChronology_Object_Chronology"/>
  <testcase time="0.001" classname="org.joda.time.convert.TestCalendarConverter" name="testGetChronology_Object_nullChronology"/>
  <testcase time="0" classname="org.joda.time.convert.TestCalendarConverter" name="testSupportedType"/>
  <testcase time="0" classname="org.joda.time.convert.TestDateConverter" name="testGetInstantMillis_Object_Chronology"/>
  <testcase time="0" classname="org.joda.time.convert.TestDateConverter" name="testToString"/>
  <testcase time="0" classname="org.joda.time.convert.TestDateConverter" name="testGetChronology_Object_Zone"/>
  <testcase time="0" classname="org.joda.time.convert.TestDateConverter" name="testSingleton"/>
  <testcase time="0.001" classname="org.joda.time.convert.TestDateConverter" name="testGetPartialValues"/>
  <testcase time="0" classname="org.joda.time.convert.TestDateConverter" name="testGetChronology_Object_Chronology"/>
  <testcase time="0" classname="org.joda.time.convert.TestDateConverter" name="testSupportedType"/>
  <testcase time="0" classname="org.joda.time.convert.TestLongConverter" name="testGetInstantMillis_Object_Chronology"/>
  <testcase time="0" classname="org.joda.time.convert.TestLongConverter" name="testToString"/>
  <testcase time="0" classname="org.joda.time.convert.TestLongConverter" name="testGetChronology_Object_Zone"/>
  <testcase time="0" classname="org.joda.time.convert.TestLongConverter" name="testSingleton"/>
  <testcase time="0" classname="org.joda.time.convert.TestLongConverter" name="testGetPartialValues"/>
  <testcase time="0" classname="org.joda.time.convert.TestLongConverter" name="testGetChronology_Object_Chronology"/>
  <testcase time="0" classname="org.joda.time.convert.TestLongConverter" name="testSupportedType"/>
  <testcase time="0" classname="org.joda.time.convert.TestLongConverter" name="testGetDurationMillis_Object"/>
  <testcase time="0" classname="org.joda.time.convert.TestNullConverter" name="testSetInto_Object_Chronology1"/>
  <testcase time="0" classname="org.joda.time.convert.TestNullConverter" name="testSetInto_Object_Chronology2"/>
  <testcase time="0.001" classname="org.joda.time.convert.TestNullConverter" name="testSetInto_Object"/>
  <testcase time="0" classname="org.joda.time.convert.TestNullConverter" name="testGetInstantMillis_Object_Chronology"/>
  <testcase time="0" classname="org.joda.time.convert.TestNullConverter" name="testIsReadableInterval_Object_Chronology"/>
  <testcase time="0" classname="org.joda.time.convert.TestNullConverter" name="testGetPeriodType_Object"/>
  <testcase time="0" classname="org.joda.time.convert.TestNullConverter" name="testToString"/>
  <testcase time="0" classname="org.joda.time.convert.TestNullConverter" name="testGetChronology_Object_Zone"/>
  <testcase time="0.001" classname="org.joda.time.convert.TestNullConverter" name="testSingleton"/>
  <testcase time="0" classname="org.joda.time.convert.TestNullConverter" name="testGetPartialValues"/>
  <testcase time="0.001" classname="org.joda.time.convert.TestNullConverter" name="testGetChronology_Object_Chronology"/>
  <testcase time="0" classname="org.joda.time.convert.TestNullConverter" name="testSupportedType"/>
  <testcase time="0" classname="org.joda.time.convert.TestNullConverter" name="testGetDurationMillis_Object"/>
  <testcase time="0.001" classname="org.joda.time.convert.TestReadableDurationConverter" name="testSetInto_Object"/>
  <testcase time="0" classname="org.joda.time.convert.TestReadableDurationConverter" name="testGetPeriodType_Object"/>
  <testcase time="0" classname="org.joda.time.convert.TestReadableDurationConverter" name="testToString"/>
  <testcase time="0" classname="org.joda.time.convert.TestReadableDurationConverter" name="testSingleton"/>
  <testcase time="0" classname="org.joda.time.convert.TestReadableDurationConverter" name="testSupportedType"/>
  <testcase time="0" classname="org.joda.time.convert.TestReadableDurationConverter" name="testGetDurationMillis_Object"/>
  <testcase time="0" classname="org.joda.time.convert.TestReadableIntervalConverter" name="testIsReadableInterval_Object_Chronology"/>
  <testcase time="0" classname="org.joda.time.convert.TestReadableIntervalConverter" name="testSetIntoInterval_Object1"/>
  <testcase time="0" classname="org.joda.time.convert.TestReadableIntervalConverter" name="testSetIntoInterval_Object2"/>
  <testcase time="0" classname="org.joda.time.convert.TestReadableIntervalConverter" name="testSetIntoInterval_Object3"/>
  <testcase time="0.001" classname="org.joda.time.convert.TestReadableIntervalConverter" name="testSetIntoInterval_Object4"/>
  <testcase time="0" classname="org.joda.time.convert.TestReadableIntervalConverter" name="testGetPeriodType_Object"/>
  <testcase time="0" classname="org.joda.time.convert.TestReadableIntervalConverter" name="testSetIntoPeriod_Object1"/>
  <testcase time="0" classname="org.joda.time.convert.TestReadableIntervalConverter" name="testSetIntoPeriod_Object2"/>
  <testcase time="0" classname="org.joda.time.convert.TestReadableIntervalConverter" name="testToString"/>
  <testcase time="0" classname="org.joda.time.convert.TestReadableIntervalConverter" name="testSingleton"/>
  <testcase time="0" classname="org.joda.time.convert.TestReadableIntervalConverter" name="testSupportedType"/>
  <testcase time="0" classname="org.joda.time.convert.TestReadableIntervalConverter" name="testGetDurationMillis_Object"/>
  <testcase time="0" classname="org.joda.time.convert.TestReadableInstantConverter" name="testGetInstantMillis_Object_Chronology"/>
  <testcase time="0" classname="org.joda.time.convert.TestReadableInstantConverter" name="testToString"/>
  <testcase time="0.001" classname="org.joda.time.convert.TestReadableInstantConverter" name="testGetChronology_Object_Zone"/>
  <testcase time="0" classname="org.joda.time.convert.TestReadableInstantConverter" name="testSingleton"/>
  <testcase time="0" classname="org.joda.time.convert.TestReadableInstantConverter" name="testGetPartialValues"/>
  <testcase time="0" classname="org.joda.time.convert.TestReadableInstantConverter" name="testGetChronology_Object_Chronology"/>
  <testcase time="0.001" classname="org.joda.time.convert.TestReadableInstantConverter" name="testGetChronology_Object_nullChronology"/>
  <testcase time="0" classname="org.joda.time.convert.TestReadableInstantConverter" name="testSupportedType"/>
  <testcase time="0" classname="org.joda.time.convert.TestReadablePartialConverter" name="testToString"/>
  <testcase time="0" classname="org.joda.time.convert.TestReadablePartialConverter" name="testGetChronology_Object_Zone"/>
  <testcase time="0" classname="org.joda.time.convert.TestReadablePartialConverter" name="testSingleton"/>
  <testcase time="0" classname="org.joda.time.convert.TestReadablePartialConverter" name="testGetPartialValues"/>
  <testcase time="0.001" classname="org.joda.time.convert.TestReadablePartialConverter" name="testGetChronology_Object_Chronology"/>
  <testcase time="0" classname="org.joda.time.convert.TestReadablePartialConverter" name="testSupportedType"/>
  <testcase time="0" classname="org.joda.time.convert.TestReadablePeriodConverter" name="testSetInto_Object"/>
  <testcase time="0" classname="org.joda.time.convert.TestReadablePeriodConverter" name="testGetPeriodType_Object"/>
  <testcase time="0" classname="org.joda.time.convert.TestReadablePeriodConverter" name="testToString"/>
  <testcase time="0" classname="org.joda.time.convert.TestReadablePeriodConverter" name="testSingleton"/>
  <testcase time="0" classname="org.joda.time.convert.TestReadablePeriodConverter" name="testSupportedType"/>
  <testcase time="0" classname="org.joda.time.convert.TestStringConverter" name="testGetInstantMillis_Object_Chronology"/>
  <testcase time="0" classname="org.joda.time.convert.TestStringConverter" name="testIsReadableInterval_Object_Chronology"/>
  <testcase time="0" classname="org.joda.time.convert.TestStringConverter" name="testGetPeriodType_Object"/>
  <testcase time="0.001" classname="org.joda.time.convert.TestStringConverter" name="testSetIntoPeriod_Object1"/>
  <testcase time="0" classname="org.joda.time.convert.TestStringConverter" name="testSetIntoPeriod_Object2"/>
  <testcase time="0" classname="org.joda.time.convert.TestStringConverter" name="testSetIntoPeriod_Object3"/>
  <testcase time="0" classname="org.joda.time.convert.TestStringConverter" name="testSetIntoPeriod_Object4"/>
  <testcase time="0" classname="org.joda.time.convert.TestStringConverter" name="testSetIntoPeriod_Object5"/>
  <testcase time="0" classname="org.joda.time.convert.TestStringConverter" name="testSetIntoPeriod_Object6"/>
  <testcase time="0" classname="org.joda.time.convert.TestStringConverter" name="testSetIntoPeriod_Object7"/>
  <testcase time="0" classname="org.joda.time.convert.TestStringConverter" name="testSetIntoPeriod_Object8"/>
  <testcase time="0.001" classname="org.joda.time.convert.TestStringConverter" name="testGetDateTime"/>
  <testcase time="0" classname="org.joda.time.convert.TestStringConverter" name="testToString"/>
  <testcase time="0.001" classname="org.joda.time.convert.TestStringConverter" name="testGetInstantMillis_Object"/>
  <testcase time="0" classname="org.joda.time.convert.TestStringConverter" name="testGetChronology_Object_Zone"/>
  <testcase time="0.001" classname="org.joda.time.convert.TestStringConverter" name="testSingleton"/>
  <testcase time="0" classname="org.joda.time.convert.TestStringConverter" name="testGetPartialValues"/>
  <testcase time="0" classname="org.joda.time.convert.TestStringConverter" name="testGetChronology_Object_Chronology"/>
  <testcase time="0" classname="org.joda.time.convert.TestStringConverter" name="testGetInstantMillis_Object_Zone"/>
  <testcase time="0" classname="org.joda.time.convert.TestStringConverter" name="testSetIntoInterval_Object_Chronology1"/>
  <testcase time="0" classname="org.joda.time.convert.TestStringConverter" name="testSetIntoInterval_Object_Chronology2"/>
  <testcase time="0" classname="org.joda.time.convert.TestStringConverter" name="testSetIntoInterval_Object_Chronology3"/>
  <testcase time="0.001" classname="org.joda.time.convert.TestStringConverter" name="testSetIntoInterval_Object_Chronology4"/>
  <testcase time="0" classname="org.joda.time.convert.TestStringConverter" name="testSetIntoInterval_Object_Chronology5"/>
  <testcase time="0" classname="org.joda.time.convert.TestStringConverter" name="testSetIntoInterval_Object_Chronology6"/>
  <testcase time="0.001" classname="org.joda.time.convert.TestStringConverter" name="testSetIntoInterval_Object_Chronology7"/>
  <testcase time="0" classname="org.joda.time.convert.TestStringConverter" name="testSetIntoInterval_Object_Chronology8"/>
  <testcase time="0" classname="org.joda.time.convert.TestStringConverter" name="testSetIntoIntervalEx_Object_Chronology1"/>
  <testcase time="0" classname="org.joda.time.convert.TestStringConverter" name="testSetIntoIntervalEx_Object_Chronology2"/>
  <testcase time="0" classname="org.joda.time.convert.TestStringConverter" name="testSetIntoIntervalEx_Object_Chronology3"/>
  <testcase time="0" classname="org.joda.time.convert.TestStringConverter" name="testSetIntoIntervalEx_Object_Chronology4"/>
  <testcase time="0" classname="org.joda.time.convert.TestStringConverter" name="testSetIntoIntervalEx_Object_Chronology5"/>
  <testcase time="0.001" classname="org.joda.time.convert.TestStringConverter" name="testGetDateTime1"/>
  <testcase time="0" classname="org.joda.time.convert.TestStringConverter" name="testGetDateTime2"/>
  <testcase time="0" classname="org.joda.time.convert.TestStringConverter" name="testGetDateTime3"/>
  <testcase time="0" classname="org.joda.time.convert.TestStringConverter" name="testGetDateTime4"/>
  <testcase time="0" classname="org.joda.time.convert.TestStringConverter" name="testGetDateTime5"/>
  <testcase time="0" classname="org.joda.time.convert.TestStringConverter" name="testGetDateTime6"/>
  <testcase time="0" classname="org.joda.time.convert.TestStringConverter" name="testSupportedType"/>
  <testcase time="0" classname="org.joda.time.convert.TestStringConverter" name="testGetDurationMillis_Object1"/>
  <testcase time="0" classname="org.joda.time.convert.TestStringConverter" name="testGetDurationMillis_Object2"/>
  <testcase time="0" classname="org.joda.time.convert.TestStringConverter" name="testGetInstantMillisInvalid"/>
  <testcase time="0" classname="org.joda.time.field.TestFieldUtils" name="testSafeSubtractLong"/>
  <testcase time="0" classname="org.joda.time.field.TestFieldUtils" name="testSafeAddInt"/>
  <testcase time="0" classname="org.joda.time.field.TestFieldUtils" name="testSafeAddLong"/>
  <testcase time="0.001" classname="org.joda.time.field.TestBaseDateTimeField" name="test_set_long_String"/>
  <testcase time="0" classname="org.joda.time.field.TestBaseDateTimeField" name="test_getMaximumValue_long"/>
  <testcase time="0" classname="org.joda.time.field.TestBaseDateTimeField" name="test_getAsText_RP_int_Locale"/>
  <testcase time="0" classname="org.joda.time.field.TestBaseDateTimeField" name="test_isLeap_long"/>
  <testcase time="0" classname="org.joda.time.field.TestBaseDateTimeField" name="test_roundCeiling_long"/>
  <testcase time="0.001" classname="org.joda.time.field.TestBaseDateTimeField" name="test_getName"/>
  <testcase time="0" classname="org.joda.time.field.TestBaseDateTimeField" name="test_getType"/>
  <testcase time="0" classname="org.joda.time.field.TestBaseDateTimeField" name="test_roundHalfEven_long"/>
  <testcase time="0" classname="org.joda.time.field.TestBaseDateTimeField" name="test_constructor"/>
  <testcase time="0" classname="org.joda.time.field.TestBaseDateTimeField" name="test_getLeapDurationField"/>
  <testcase time="0" classname="org.joda.time.field.TestBaseDateTimeField" name="test_getAsShortText_long"/>
  <testcase time="0.001" classname="org.joda.time.field.TestBaseDateTimeField" name="test_get"/>
  <testcase time="0" classname="org.joda.time.field.TestBaseDateTimeField" name="test_set_RP_int_intarray_int"/>
  <testcase time="0" classname="org.joda.time.field.TestBaseDateTimeField" name="test_getAsText_long"/>
  <testcase time="0" classname="org.joda.time.field.TestBaseDateTimeField" name="test_getAsShortText_int_Locale"/>
  <testcase time="0" classname="org.joda.time.field.TestBaseDateTimeField" name="test_getAsText_int_Locale"/>
  <testcase time="0" classname="org.joda.time.field.TestBaseDateTimeField" name="test_convertText"/>
  <testcase time="0" classname="org.joda.time.field.TestBaseDateTimeField" name="test_add_long_int"/>
  <testcase time="0" classname="org.joda.time.field.TestBaseDateTimeField" name="test_getDifferenceAsLong_long_long"/>
  <testcase time="0" classname="org.joda.time.field.TestBaseDateTimeField" name="test_roundHalfFloor_long"/>
  <testcase time="0" classname="org.joda.time.field.TestBaseDateTimeField" name="test_getMinimumValue_RP"/>
  <testcase time="0" classname="org.joda.time.field.TestBaseDateTimeField" name="test_getDifference_long_long"/>
  <testcase time="0" classname="org.joda.time.field.TestBaseDateTimeField" name="test_getAsShortText_RP_Locale"/>
  <testcase time="0.001" classname="org.joda.time.field.TestBaseDateTimeField" name="test_add_long_long"/>
  <testcase time="0" classname="org.joda.time.field.TestBaseDateTimeField" name="test_remainder_long"/>
  <testcase time="0" classname="org.joda.time.field.TestBaseDateTimeField" name="test_set_RP_int_intarray_String_Locale"/>
  <testcase time="0" classname="org.joda.time.field.TestBaseDateTimeField" name="test_getMaximumTextLength_Locale"/>
  <testcase time="0" classname="org.joda.time.field.TestBaseDateTimeField" name="test_roundHalfCeiling_long"/>
  <testcase time="0" classname="org.joda.time.field.TestBaseDateTimeField" name="test_getAsText_RP_Locale"/>
  <testcase time="0" classname="org.joda.time.field.TestBaseDateTimeField" name="test_getMinimumValue_long"/>
  <testcase time="0" classname="org.joda.time.field.TestBaseDateTimeField" name="test_getAsShortText_long_Locale"/>
  <testcase time="0" classname="org.joda.time.field.TestBaseDateTimeField" name="test_getMaximumValue_RP"/>
  <testcase time="0" classname="org.joda.time.field.TestBaseDateTimeField" name="test_getAsShortText_RP_int_Locale"/>
  <testcase time="0" classname="org.joda.time.field.TestBaseDateTimeField" name="test_roundFloor_long"/>
  <testcase time="0" classname="org.joda.time.field.TestBaseDateTimeField" name="test_set_long_int"/>
  <testcase time="0.001" classname="org.joda.time.field.TestBaseDateTimeField" name="test_getAsText_long_Locale"/>
  <testcase time="0" classname="org.joda.time.field.TestBaseDateTimeField" name="test_getMaximumValue"/>
  <testcase time="0" classname="org.joda.time.field.TestBaseDateTimeField" name="test_addWrapField_long_int"/>
  <testcase time="0.001" classname="org.joda.time.field.TestBaseDateTimeField" name="test_add_RP_int_intarray_int"/>
  <testcase time="0" classname="org.joda.time.field.TestBaseDateTimeField" name="test_set_long_String_Locale"/>
  <testcase time="0" classname="org.joda.time.field.TestBaseDateTimeField" name="test_toString"/>
  <testcase time="0" classname="org.joda.time.field.TestBaseDateTimeField" name="test_getMinimumValue"/>
  <testcase time="0" classname="org.joda.time.field.TestBaseDateTimeField" name="test_isSupported"/>
  <testcase time="0" classname="org.joda.time.field.TestBaseDateTimeField" name="test_addWrapField_RP_int_intarray_int"/>
  <testcase time="0" classname="org.joda.time.field.TestBaseDateTimeField" name="test_getMaximumValue_RP_intarray"/>
  <testcase time="0" classname="org.joda.time.field.TestBaseDateTimeField" name="test_getLeapAmount_long"/>
  <testcase time="0" classname="org.joda.time.field.TestBaseDateTimeField" name="test_getMinimumValue_RP_intarray"/>
  <testcase time="0" classname="org.joda.time.field.TestBaseDateTimeField" name="test_getMaximumShortTextLength_Locale"/>
  <testcase time="0" classname="org.joda.time.field.TestOffsetDateTimeField" name="test_set_long_String"/>
  <testcase time="0" classname="org.joda.time.field.TestOffsetDateTimeField" name="test_getMaximumValue_long"/>
  <testcase time="0" classname="org.joda.time.field.TestOffsetDateTimeField" name="test_getAsText_RP_int_Locale"/>
  <testcase time="0" classname="org.joda.time.field.TestOffsetDateTimeField" name="test_isLeap_long"/>
  <testcase time="0" classname="org.joda.time.field.TestOffsetDateTimeField" name="test_roundCeiling_long"/>
  <testcase time="0" classname="org.joda.time.field.TestOffsetDateTimeField" name="test_getName"/>
  <testcase time="0" classname="org.joda.time.field.TestOffsetDateTimeField" name="test_getType"/>
  <testcase time="0" classname="org.joda.time.field.TestOffsetDateTimeField" name="test_roundHalfEven_long"/>
  <testcase time="0" classname="org.joda.time.field.TestOffsetDateTimeField" name="test_getLeapDurationField"/>
  <testcase time="0" classname="org.joda.time.field.TestOffsetDateTimeField" name="test_getAsShortText_long"/>
  <testcase time="0" classname="org.joda.time.field.TestOffsetDateTimeField" name="test_get"/>
  <testcase time="0" classname="org.joda.time.field.TestOffsetDateTimeField" name="test_set_RP_int_intarray_int"/>
  <testcase time="0" classname="org.joda.time.field.TestOffsetDateTimeField" name="test_getAsText_long"/>
  <testcase time="0" classname="org.joda.time.field.TestOffsetDateTimeField" name="test_getAsShortText_int_Locale"/>
  <testcase time="0" classname="org.joda.time.field.TestOffsetDateTimeField" name="test_getAsText_int_Locale"/>
  <testcase time="0" classname="org.joda.time.field.TestOffsetDateTimeField" name="test_convertText"/>
  <testcase time="0" classname="org.joda.time.field.TestOffsetDateTimeField" name="test_add_long_int"/>
  <testcase time="0" classname="org.joda.time.field.TestOffsetDateTimeField" name="test_getDifferenceAsLong_long_long"/>
  <testcase time="0" classname="org.joda.time.field.TestOffsetDateTimeField" name="test_roundHalfFloor_long"/>
  <testcase time="0" classname="org.joda.time.field.TestOffsetDateTimeField" name="test_isLenient"/>
  <testcase time="0.001" classname="org.joda.time.field.TestOffsetDateTimeField" name="test_getMinimumValue_RP"/>
  <testcase time="0" classname="org.joda.time.field.TestOffsetDateTimeField" name="test_getDifference_long_long"/>
  <testcase time="0" classname="org.joda.time.field.TestOffsetDateTimeField" name="test_getAsShortText_RP_Locale"/>
  <testcase time="0" classname="org.joda.time.field.TestOffsetDateTimeField" name="test_add_long_long"/>
  <testcase time="0" classname="org.joda.time.field.TestOffsetDateTimeField" name="test_remainder_long"/>
  <testcase time="0" classname="org.joda.time.field.TestOffsetDateTimeField" name="test_set_RP_int_intarray_String_Locale"/>
  <testcase time="0.001" classname="org.joda.time.field.TestOffsetDateTimeField" name="test_getMaximumTextLength_Locale"/>
  <testcase time="0" classname="org.joda.time.field.TestOffsetDateTimeField" name="test_roundHalfCeiling_long"/>
  <testcase time="0" classname="org.joda.time.field.TestOffsetDateTimeField" name="test_getAsText_RP_Locale"/>
  <testcase time="0" classname="org.joda.time.field.TestOffsetDateTimeField" name="test_getMinimumValue_long"/>
  <testcase time="0" classname="org.joda.time.field.TestOffsetDateTimeField" name="test_getAsShortText_long_Locale"/>
  <testcase time="0" classname="org.joda.time.field.TestOffsetDateTimeField" name="test_getOffset"/>
  <testcase time="0" classname="org.joda.time.field.TestOffsetDateTimeField" name="test_getMaximumValue_RP"/>
  <testcase time="0" classname="org.joda.time.field.TestOffsetDateTimeField" name="test_getAsShortText_RP_int_Locale"/>
  <testcase time="0" classname="org.joda.time.field.TestOffsetDateTimeField" name="test_roundFloor_long"/>
  <testcase time="0" classname="org.joda.time.field.TestOffsetDateTimeField" name="test_set_long_int"/>
  <testcase time="0" classname="org.joda.time.field.TestOffsetDateTimeField" name="test_getAsText_long_Locale"/>
  <testcase time="0" classname="org.joda.time.field.TestOffsetDateTimeField" name="test_getMaximumValue"/>
  <testcase time="0" classname="org.joda.time.field.TestOffsetDateTimeField" name="test_addWrapField_long_int"/>
  <testcase time="0.001" classname="org.joda.time.field.TestOffsetDateTimeField" name="test_add_RP_int_intarray_int"/>
  <testcase time="0" classname="org.joda.time.field.TestOffsetDateTimeField" name="test_set_long_String_Locale"/>
  <testcase time="0" classname="org.joda.time.field.TestOffsetDateTimeField" name="test_toString"/>
  <testcase time="0" classname="org.joda.time.field.TestOffsetDateTimeField" name="test_constructor1"/>
  <testcase time="0" classname="org.joda.time.field.TestOffsetDateTimeField" name="test_constructor2"/>
  <testcase time="0" classname="org.joda.time.field.TestOffsetDateTimeField" name="test_getMinimumValue"/>
  <testcase time="0" classname="org.joda.time.field.TestOffsetDateTimeField" name="test_isSupported"/>
  <testcase time="0" classname="org.joda.time.field.TestOffsetDateTimeField" name="test_addWrapField_RP_int_intarray_int"/>
  <testcase time="0" classname="org.joda.time.field.TestOffsetDateTimeField" name="test_getMaximumValue_RP_intarray"/>
  <testcase time="0" classname="org.joda.time.field.TestOffsetDateTimeField" name="test_getLeapAmount_long"/>
  <testcase time="0" classname="org.joda.time.field.TestOffsetDateTimeField" name="test_getMinimumValue_RP_intarray"/>
  <testcase time="0" classname="org.joda.time.field.TestOffsetDateTimeField" name="test_getMaximumShortTextLength_Locale"/>
  <testcase time="0.001" classname="org.joda.time.field.TestPreciseDurationDateTimeField" name="test_set_long_String"/>
  <testcase time="0" classname="org.joda.time.field.TestPreciseDurationDateTimeField" name="test_getMaximumValue_long"/>
  <testcase time="0" classname="org.joda.time.field.TestPreciseDurationDateTimeField" name="test_getAsText_RP_int_Locale"/>
  <testcase time="0" classname="org.joda.time.field.TestPreciseDurationDateTimeField" name="test_isLeap_long"/>
  <testcase time="0" classname="org.joda.time.field.TestPreciseDurationDateTimeField" name="test_roundCeiling_long"/>
  <testcase time="0" classname="org.joda.time.field.TestPreciseDurationDateTimeField" name="test_getName"/>
  <testcase time="0" classname="org.joda.time.field.TestPreciseDurationDateTimeField" name="test_getType"/>
  <testcase time="0" classname="org.joda.time.field.TestPreciseDurationDateTimeField" name="test_roundHalfEven_long"/>
  <testcase time="0" classname="org.joda.time.field.TestPreciseDurationDateTimeField" name="test_constructor"/>
  <testcase time="0" classname="org.joda.time.field.TestPreciseDurationDateTimeField" name="test_getLeapDurationField"/>
  <testcase time="0" classname="org.joda.time.field.TestPreciseDurationDateTimeField" name="test_getAsShortText_long"/>
  <testcase time="0" classname="org.joda.time.field.TestPreciseDurationDateTimeField" name="test_get"/>
  <testcase time="0" classname="org.joda.time.field.TestPreciseDurationDateTimeField" name="test_set_RP_int_intarray_int"/>
  <testcase time="0" classname="org.joda.time.field.TestPreciseDurationDateTimeField" name="test_getAsText_long"/>
  <testcase time="0" classname="org.joda.time.field.TestPreciseDurationDateTimeField" name="test_getAsShortText_int_Locale"/>
  <testcase time="0" classname="org.joda.time.field.TestPreciseDurationDateTimeField" name="test_getAsText_int_Locale"/>
  <testcase time="0" classname="org.joda.time.field.TestPreciseDurationDateTimeField" name="test_convertText"/>
  <testcase time="0" classname="org.joda.time.field.TestPreciseDurationDateTimeField" name="test_add_long_int"/>
  <testcase time="0.001" classname="org.joda.time.field.TestPreciseDurationDateTimeField" name="test_getDifferenceAsLong_long_long"/>
  <testcase time="0" classname="org.joda.time.field.TestPreciseDurationDateTimeField" name="test_roundHalfFloor_long"/>
  <testcase time="0" classname="org.joda.time.field.TestPreciseDurationDateTimeField" name="test_isLenient"/>
  <testcase time="0" classname="org.joda.time.field.TestPreciseDurationDateTimeField" name="test_getMinimumValue_RP"/>
  <testcase time="0" classname="org.joda.time.field.TestPreciseDurationDateTimeField" name="test_getDifference_long_long"/>
  <testcase time="0" classname="org.joda.time.field.TestPreciseDurationDateTimeField" name="test_getAsShortText_RP_Locale"/>
  <testcase time="0" classname="org.joda.time.field.TestPreciseDurationDateTimeField" name="test_add_long_long"/>
  <testcase time="0" classname="org.joda.time.field.TestPreciseDurationDateTimeField" name="test_remainder_long"/>
  <testcase time="0" classname="org.joda.time.field.TestPreciseDurationDateTimeField" name="test_set_RP_int_intarray_String_Locale"/>
  <testcase time="0" classname="org.joda.time.field.TestPreciseDurationDateTimeField" name="test_getMaximumTextLength_Locale"/>
  <testcase time="0" classname="org.joda.time.field.TestPreciseDurationDateTimeField" name="test_roundHalfCeiling_long"/>
  <testcase time="0" classname="org.joda.time.field.TestPreciseDurationDateTimeField" name="test_getAsText_RP_Locale"/>
  <testcase time="0" classname="org.joda.time.field.TestPreciseDurationDateTimeField" name="test_getMinimumValue_long"/>
  <testcase time="0" classname="org.joda.time.field.TestPreciseDurationDateTimeField" name="test_getAsShortText_long_Locale"/>
  <testcase time="0" classname="org.joda.time.field.TestPreciseDurationDateTimeField" name="test_getMaximumValue_RP"/>
  <testcase time="0" classname="org.joda.time.field.TestPreciseDurationDateTimeField" name="test_getAsShortText_RP_int_Locale"/>
  <testcase time="0" classname="org.joda.time.field.TestPreciseDurationDateTimeField" name="test_roundFloor_long"/>
  <testcase time="0" classname="org.joda.time.field.TestPreciseDurationDateTimeField" name="test_set_long_int"/>
  <testcase time="0.001" classname="org.joda.time.field.TestPreciseDurationDateTimeField" name="test_getAsText_long_Locale"/>
  <testcase time="0" classname="org.joda.time.field.TestPreciseDurationDateTimeField" name="test_getMaximumValue"/>
  <testcase time="0" classname="org.joda.time.field.TestPreciseDurationDateTimeField" name="test_addWrapField_long_int"/>
  <testcase time="0" classname="org.joda.time.field.TestPreciseDurationDateTimeField" name="test_add_RP_int_intarray_int"/>
  <testcase time="0" classname="org.joda.time.field.TestPreciseDurationDateTimeField" name="test_set_long_String_Locale"/>
  <testcase time="0.001" classname="org.joda.time.field.TestPreciseDurationDateTimeField" name="test_toString"/>
  <testcase time="0" classname="org.joda.time.field.TestPreciseDurationDateTimeField" name="test_getMinimumValue"/>
  <testcase time="0" classname="org.joda.time.field.TestPreciseDurationDateTimeField" name="test_isSupported"/>
  <testcase time="0" classname="org.joda.time.field.TestPreciseDurationDateTimeField" name="test_addWrapField_RP_int_intarray_int"/>
  <testcase time="0" classname="org.joda.time.field.TestPreciseDurationDateTimeField" name="test_getMaximumValue_RP_intarray"/>
  <testcase time="0" classname="org.joda.time.field.TestPreciseDurationDateTimeField" name="test_getLeapAmount_long"/>
  <testcase time="0" classname="org.joda.time.field.TestPreciseDurationDateTimeField" name="test_getMinimumValue_RP_intarray"/>
  <testcase time="0" classname="org.joda.time.field.TestPreciseDurationDateTimeField" name="test_getMaximumShortTextLength_Locale"/>
  <testcase time="0" classname="org.joda.time.field.TestPreciseDateTimeField" name="test_set_long_String"/>
  <testcase time="0" classname="org.joda.time.field.TestPreciseDateTimeField" name="test_getMaximumValue_long"/>
  <testcase time="0" classname="org.joda.time.field.TestPreciseDateTimeField" name="test_getAsText_RP_int_Locale"/>
  <testcase time="0" classname="org.joda.time.field.TestPreciseDateTimeField" name="test_isLeap_long"/>
  <testcase time="0" classname="org.joda.time.field.TestPreciseDateTimeField" name="test_roundCeiling_long"/>
  <testcase time="0" classname="org.joda.time.field.TestPreciseDateTimeField" name="test_getName"/>
  <testcase time="0" classname="org.joda.time.field.TestPreciseDateTimeField" name="test_getType"/>
  <testcase time="0.001" classname="org.joda.time.field.TestPreciseDateTimeField" name="test_roundHalfEven_long"/>
  <testcase time="0" classname="org.joda.time.field.TestPreciseDateTimeField" name="test_constructor"/>
  <testcase time="0" classname="org.joda.time.field.TestPreciseDateTimeField" name="test_getLeapDurationField"/>
  <testcase time="0" classname="org.joda.time.field.TestPreciseDateTimeField" name="test_getAsShortText_long"/>
  <testcase time="0" classname="org.joda.time.field.TestPreciseDateTimeField" name="test_get"/>
  <testcase time="0" classname="org.joda.time.field.TestPreciseDateTimeField" name="test_set_RP_int_intarray_int"/>
  <testcase time="0" classname="org.joda.time.field.TestPreciseDateTimeField" name="test_getAsText_long"/>
  <testcase time="0" classname="org.joda.time.field.TestPreciseDateTimeField" name="test_getAsShortText_int_Locale"/>
  <testcase time="0" classname="org.joda.time.field.TestPreciseDateTimeField" name="test_getAsText_int_Locale"/>
  <testcase time="0" classname="org.joda.time.field.TestPreciseDateTimeField" name="test_convertText"/>
  <testcase time="0" classname="org.joda.time.field.TestPreciseDateTimeField" name="test_add_long_int"/>
  <testcase time="0" classname="org.joda.time.field.TestPreciseDateTimeField" name="test_getDifferenceAsLong_long_long"/>
  <testcase time="0" classname="org.joda.time.field.TestPreciseDateTimeField" name="test_roundHalfFloor_long"/>
  <testcase time="0" classname="org.joda.time.field.TestPreciseDateTimeField" name="test_getMinimumValue_RP"/>
  <testcase time="0" classname="org.joda.time.field.TestPreciseDateTimeField" name="test_getDifference_long_long"/>
  <testcase time="0" classname="org.joda.time.field.TestPreciseDateTimeField" name="test_getAsShortText_RP_Locale"/>
  <testcase time="0" classname="org.joda.time.field.TestPreciseDateTimeField" name="test_add_long_long"/>
  <testcase time="0" classname="org.joda.time.field.TestPreciseDateTimeField" name="test_remainder_long"/>
  <testcase time="0" classname="org.joda.time.field.TestPreciseDateTimeField" name="test_set_RP_int_intarray_String_Locale"/>
  <testcase time="0" classname="org.joda.time.field.TestPreciseDateTimeField" name="test_getMaximumTextLength_Locale"/>
  <testcase time="0" classname="org.joda.time.field.TestPreciseDateTimeField" name="test_roundHalfCeiling_long"/>
  <testcase time="0" classname="org.joda.time.field.TestPreciseDateTimeField" name="test_getAsText_RP_Locale"/>
  <testcase time="0" classname="org.joda.time.field.TestPreciseDateTimeField" name="test_getMinimumValue_long"/>
  <testcase time="0" classname="org.joda.time.field.TestPreciseDateTimeField" name="test_getAsShortText_long_Locale"/>
  <testcase time="0" classname="org.joda.time.field.TestPreciseDateTimeField" name="test_getRange"/>
  <testcase time="0" classname="org.joda.time.field.TestPreciseDateTimeField" name="test_getMaximumValue_RP"/>
  <testcase time="0" classname="org.joda.time.field.TestPreciseDateTimeField" name="test_getAsShortText_RP_int_Locale"/>
  <testcase time="0" classname="org.joda.time.field.TestPreciseDateTimeField" name="test_roundFloor_long"/>
  <testcase time="0" classname="org.joda.time.field.TestPreciseDateTimeField" name="test_set_long_int"/>
  <testcase time="0" classname="org.joda.time.field.TestPreciseDateTimeField" name="test_getAsText_long_Locale"/>
  <testcase time="0" classname="org.joda.time.field.TestPreciseDateTimeField" name="test_getMaximumValue"/>
  <testcase time="0" classname="org.joda.time.field.TestPreciseDateTimeField" name="test_addWrapField_long_int"/>
  <testcase time="0" classname="org.joda.time.field.TestPreciseDateTimeField" name="test_add_RP_int_intarray_int"/>
  <testcase time="0" classname="org.joda.time.field.TestPreciseDateTimeField" name="test_set_long_String_Locale"/>
  <testcase time="0" classname="org.joda.time.field.TestPreciseDateTimeField" name="test_toString"/>
  <testcase time="0.001" classname="org.joda.time.field.TestPreciseDateTimeField" name="test_getMinimumValue"/>
  <testcase time="0" classname="org.joda.time.field.TestPreciseDateTimeField" name="test_isSupported"/>
  <testcase time="0" classname="org.joda.time.field.TestPreciseDateTimeField" name="test_addWrapField_RP_int_intarray_int"/>
  <testcase time="0" classname="org.joda.time.field.TestPreciseDateTimeField" name="test_getMaximumValue_RP_intarray"/>
  <testcase time="0" classname="org.joda.time.field.TestPreciseDateTimeField" name="test_getLeapAmount_long"/>
  <testcase time="0" classname="org.joda.time.field.TestPreciseDateTimeField" name="test_getMinimumValue_RP_intarray"/>
  <testcase time="0" classname="org.joda.time.field.TestPreciseDateTimeField" name="test_getMaximumShortTextLength_Locale"/>
  <testcase time="0" classname="org.joda.time.field.TestMillisDurationField" name="test_getValueAsLong_long"/>
  <testcase time="0" classname="org.joda.time.field.TestMillisDurationField" name="testSerialization"/>
  <testcase time="0.001" classname="org.joda.time.field.TestMillisDurationField" name="test_getName"/>
  <testcase time="0" classname="org.joda.time.field.TestMillisDurationField" name="test_getType"/>
  <testcase time="0" classname="org.joda.time.field.TestMillisDurationField" name="test_compareTo"/>
  <testcase time="0" classname="org.joda.time.field.TestMillisDurationField" name="test_getMillis_long_long"/>
  <testcase time="0" classname="org.joda.time.field.TestMillisDurationField" name="test_add_long_int"/>
  <testcase time="0" classname="org.joda.time.field.TestMillisDurationField" name="test_isPrecise"/>
  <testcase time="0.001" classname="org.joda.time.field.TestMillisDurationField" name="test_getDifferenceAsLong_long_long"/>
  <testcase time="0" classname="org.joda.time.field.TestMillisDurationField" name="test_getMillis_long"/>
  <testcase time="0" classname="org.joda.time.field.TestMillisDurationField" name="test_add_long_long"/>
  <testcase time="0" classname="org.joda.time.field.TestMillisDurationField" name="test_getDifference_long_int"/>
  <testcase time="0" classname="org.joda.time.field.TestMillisDurationField" name="test_getValue_long_long"/>
  <testcase time="0" classname="org.joda.time.field.TestMillisDurationField" name="test_getUnitMillis"/>
  <testcase time="0.001" classname="org.joda.time.field.TestMillisDurationField" name="test_getValue_long"/>
  <testcase time="0" classname="org.joda.time.field.TestMillisDurationField" name="test_getMillis_int_long"/>
  <testcase time="0" classname="org.joda.time.field.TestMillisDurationField" name="test_toString"/>
  <testcase time="0" classname="org.joda.time.field.TestMillisDurationField" name="test_isSupported"/>
  <testcase time="0" classname="org.joda.time.field.TestMillisDurationField" name="test_getMillis_int"/>
  <testcase time="0" classname="org.joda.time.field.TestMillisDurationField" name="test_getValueAsLong_long_long"/>
  <testcase time="0.001" classname="org.joda.time.field.TestPreciseDurationField" name="test_getValueAsLong_long"/>
  <testcase time="0.001" classname="org.joda.time.field.TestPreciseDurationField" name="testSerialization"/>
  <testcase time="0" classname="org.joda.time.field.TestPreciseDurationField" name="test_getName"/>
  <testcase time="0" classname="org.joda.time.field.TestPreciseDurationField" name="test_getType"/>
  <testcase time="0" classname="org.joda.time.field.TestPreciseDurationField" name="test_constructor"/>
  <testcase time="0.001" classname="org.joda.time.field.TestPreciseDurationField" name="test_compareTo"/>
  <testcase time="0" classname="org.joda.time.field.TestPreciseDurationField" name="test_hashCode"/>
  <testcase time="0" classname="org.joda.time.field.TestPreciseDurationField" name="test_getMillis_long_long"/>
  <testcase time="0" classname="org.joda.time.field.TestPreciseDurationField" name="test_add_long_int"/>
  <testcase time="0" classname="org.joda.time.field.TestPreciseDurationField" name="test_isPrecise"/>
  <testcase time="0" classname="org.joda.time.field.TestPreciseDurationField" name="test_getDifferenceAsLong_long_long"/>
  <testcase time="0.001" classname="org.joda.time.field.TestPreciseDurationField" name="test_getMillis_long"/>
  <testcase time="0" classname="org.joda.time.field.TestPreciseDurationField" name="test_equals"/>
  <testcase time="0" classname="org.joda.time.field.TestPreciseDurationField" name="test_add_long_long"/>
  <testcase time="0" classname="org.joda.time.field.TestPreciseDurationField" name="test_getDifference_long_int"/>
  <testcase time="0" classname="org.joda.time.field.TestPreciseDurationField" name="test_getValue_long_long"/>
  <testcase time="0" classname="org.joda.time.field.TestPreciseDurationField" name="test_getUnitMillis"/>
  <testcase time="0.001" classname="org.joda.time.field.TestPreciseDurationField" name="test_getValue_long"/>
  <testcase time="0" classname="org.joda.time.field.TestPreciseDurationField" name="test_getMillis_int_long"/>
  <testcase time="0" classname="org.joda.time.field.TestPreciseDurationField" name="test_toString"/>
  <testcase time="0" classname="org.joda.time.field.TestPreciseDurationField" name="test_isSupported"/>
  <testcase time="0" classname="org.joda.time.field.TestPreciseDurationField" name="test_getMillis_int"/>
  <testcase time="0" classname="org.joda.time.field.TestPreciseDurationField" name="test_getValueAsLong_long_long"/>
  <testcase time="0.001" classname="org.joda.time.field.TestScaledDurationField" name="test_getValueAsLong_long"/>
  <testcase time="0.001" classname="org.joda.time.field.TestScaledDurationField" name="testSerialization"/>
  <testcase time="0" classname="org.joda.time.field.TestScaledDurationField" name="test_getName"/>
  <testcase time="0" classname="org.joda.time.field.TestScaledDurationField" name="test_getType"/>
  <testcase time="0" classname="org.joda.time.field.TestScaledDurationField" name="test_constructor"/>
  <testcase time="0.001" classname="org.joda.time.field.TestScaledDurationField" name="test_compareTo"/>
  <testcase time="0" classname="org.joda.time.field.TestScaledDurationField" name="test_hashCode"/>
  <testcase time="0" classname="org.joda.time.field.TestScaledDurationField" name="test_getMillis_long_long"/>
  <testcase time="0" classname="org.joda.time.field.TestScaledDurationField" name="test_add_long_int"/>
  <testcase time="0" classname="org.joda.time.field.TestScaledDurationField" name="test_isPrecise"/>
  <testcase time="0" classname="org.joda.time.field.TestScaledDurationField" name="test_getDifferenceAsLong_long_long"/>
  <testcase time="0.001" classname="org.joda.time.field.TestScaledDurationField" name="test_getMillis_long"/>
  <testcase time="0" classname="org.joda.time.field.TestScaledDurationField" name="test_equals"/>
  <testcase time="0" classname="org.joda.time.field.TestScaledDurationField" name="test_add_long_long"/>
  <testcase time="0" classname="org.joda.time.field.TestScaledDurationField" name="test_getDifference_long_int"/>
  <testcase time="0" classname="org.joda.time.field.TestScaledDurationField" name="test_getValue_long_long"/>
  <testcase time="0" classname="org.joda.time.field.TestScaledDurationField" name="test_getUnitMillis"/>
  <testcase time="0" classname="org.joda.time.field.TestScaledDurationField" name="test_getValue_long"/>
  <testcase time="0" classname="org.joda.time.field.TestScaledDurationField" name="test_getScalar"/>
  <testcase time="0" classname="org.joda.time.field.TestScaledDurationField" name="test_getMillis_int_long"/>
  <testcase time="0" classname="org.joda.time.field.TestScaledDurationField" name="test_toString"/>
  <testcase time="0" classname="org.joda.time.field.TestScaledDurationField" name="test_isSupported"/>
  <testcase time="0" classname="org.joda.time.field.TestScaledDurationField" name="test_getMillis_int"/>
  <testcase time="0.001" classname="org.joda.time.field.TestScaledDurationField" name="test_getValueAsLong_long_long"/>
  <testcase time="0" classname="org.joda.time.field.TestUnsupportedDateTimeField" name="testPublicGetNameMethod"/>
  <testcase time="0" classname="org.joda.time.field.TestUnsupportedDateTimeField" name="testMethodsThatShouldAlwaysReturnNull"/>
  <testcase time="0" classname="org.joda.time.field.TestUnsupportedDateTimeField" name="testDelegatedMethods"/>
  <testcase time="0" classname="org.joda.time.field.TestUnsupportedDateTimeField" name="testNullValuesToGetInstanceThrowsException"/>
  <testcase time="0.001" classname="org.joda.time.field.TestUnsupportedDateTimeField" name="testUnsupportedMethods"/>
  <testcase time="0" classname="org.joda.time.field.TestUnsupportedDateTimeField" name="testToString"/>
  <testcase time="0" classname="org.joda.time.field.TestUnsupportedDateTimeField" name="testDifferentDurationReturnDifferentObjects"/>
  <testcase time="0" classname="org.joda.time.field.TestUnsupportedDateTimeField" name="testAlwaysFalseReturnTypes"/>
  <testcase time="0.001" classname="org.joda.time.format.TestDateTimeFormatter" name="testParseLocalTime_simple"/>
  <testcase time="0" classname="org.joda.time.format.TestDateTimeFormatter" name="testPrint_bufferMethods"/>
  <testcase time="0.001" classname="org.joda.time.format.TestDateTimeFormatter" name="testPrint_chrono_and_zone"/>
  <testcase time="0" classname="org.joda.time.format.TestDateTimeFormatter" name="testParseLocalDateTime_monthDay_feb29"/>
  <testcase time="0" classname="org.joda.time.format.TestDateTimeFormatter" name="testParseLocalDate_weekyear_month_week_2010"/>
  <testcase time="0.001" classname="org.joda.time.format.TestDateTimeFormatter" name="testParseLocalDate_weekyear_month_week_2011"/>
  <testcase time="0" classname="org.joda.time.format.TestDateTimeFormatter" name="testParseLocalDate_weekyear_month_week_2012"/>
  <testcase time="0" classname="org.joda.time.format.TestDateTimeFormatter" name="testParseLocalDate_simple"/>
  <testcase time="0" classname="org.joda.time.format.TestDateTimeFormatter" name="testParseLocalDate_monthDay_feb29"/>
  <testcase time="0.001" classname="org.joda.time.format.TestDateTimeFormatter" name="testParseMutableDateTime_simple_precedence"/>
  <testcase time="0" classname="org.joda.time.format.TestDateTimeFormatter" name="testParseDateTime_zone"/>
  <testcase time="0.001" classname="org.joda.time.format.TestDateTimeFormatter" name="testParseDateTime_chrono"/>
  <testcase time="0" classname="org.joda.time.format.TestDateTimeFormatter" name="testWithGetChronology"/>
  <testcase time="0" classname="org.joda.time.format.TestDateTimeFormatter" name="testParseMutableDateTime_offsetParsed"/>
  <testcase time="0.001" classname="org.joda.time.format.TestDateTimeFormatter" name="testParseDateTime_simple_precedence"/>
  <testcase time="0" classname="org.joda.time.format.TestDateTimeFormatter" name="testWithGetLocale"/>
  <testcase time="0" classname="org.joda.time.format.TestDateTimeFormatter" name="testParseMutableDateTime_chrono"/>
  <testcase time="0" classname="org.joda.time.format.TestDateTimeFormatter" name="testParseMutableDateTime_zone"/>
  <testcase time="0" classname="org.joda.time.format.TestDateTimeFormatter" name="testParseDateTime_simple"/>
  <testcase time="0" classname="org.joda.time.format.TestDateTimeFormatter" name="testParseLocalDateTime_monthDay_withDefaultYear_feb29"/>
  <testcase time="0" classname="org.joda.time.format.TestDateTimeFormatter" name="testPrint_zone"/>
  <testcase time="0" classname="org.joda.time.format.TestDateTimeFormatter" name="testParseDateTime_offsetParsed"/>
  <testcase time="0" classname="org.joda.time.format.TestDateTimeFormatter" name="testParseMutableDateTime_simple"/>
  <testcase time="0" classname="org.joda.time.format.TestDateTimeFormatter" name="testParseInto_offsetParsed"/>
  <testcase time="0" classname="org.joda.time.format.TestDateTimeFormatter" name="testPrinterParserMethods"/>
  <testcase time="0" classname="org.joda.time.format.TestDateTimeFormatter" name="testParseMillis_fractionOfSecondLong"/>
  <testcase time="0" classname="org.joda.time.format.TestDateTimeFormatter" name="testParseLocalDate_year_month_week_2010"/>
  <testcase time="0" classname="org.joda.time.format.TestDateTimeFormatter" name="testParseLocalDate_year_month_week_2011"/>
  <testcase time="0" classname="org.joda.time.format.TestDateTimeFormatter" name="testParseLocalDate_year_month_week_2012"/>
  <testcase time="0" classname="org.joda.time.format.TestDateTimeFormatter" name="testParseLocalDate_year_month_week_2013"/>
  <testcase time="0" classname="org.joda.time.format.TestDateTimeFormatter" name="testParseLocalDate_year_month_week_2014"/>
  <testcase time="0" classname="org.joda.time.format.TestDateTimeFormatter" name="testParseLocalDate_year_month_week_2015"/>
  <testcase time="0" classname="org.joda.time.format.TestDateTimeFormatter" name="testParseLocalDate_year_month_week_2016"/>
  <testcase time="0" classname="org.joda.time.format.TestDateTimeFormatter" name="testParseInto_simple_precedence"/>
  <testcase time="0" classname="org.joda.time.format.TestDateTimeFormatter" name="testWithGetZone"/>
  <testcase time="0" classname="org.joda.time.format.TestDateTimeFormatter" name="testParseLocalDate_monthDay_withDefaultYear_feb29"/>
  <testcase time="0" classname="org.joda.time.format.TestDateTimeFormatter" name="testPrint_writerMethods"/>
  <testcase time="0" classname="org.joda.time.format.TestDateTimeFormatter" name="testParseDateTime_zone2"/>
  <testcase time="0" classname="org.joda.time.format.TestDateTimeFormatter" name="testParseDateTime_zone3"/>
  <testcase time="0" classname="org.joda.time.format.TestDateTimeFormatter" name="testParseMutableDateTime_zone2"/>
  <testcase time="0" classname="org.joda.time.format.TestDateTimeFormatter" name="testParseMutableDateTime_zone3"/>
  <testcase time="0" classname="org.joda.time.format.TestDateTimeFormatter" name="testPrint_chrono"/>
  <testcase time="0" classname="org.joda.time.format.TestDateTimeFormatter" name="testParseInto_chrono"/>
  <testcase time="0" classname="org.joda.time.format.TestDateTimeFormatter" name="testParseInto_zone"/>
  <testcase time="0.001" classname="org.joda.time.format.TestDateTimeFormatter" name="testZoneShortNameNearTransition"/>
  <testcase time="0.001" classname="org.joda.time.format.TestDateTimeFormatter" name="testParseLocalDate_yearOfCentury"/>
  <testcase time="0.001" classname="org.joda.time.format.TestDateTimeFormatter" name="testPrint_locale"/>
  <testcase time="0" classname="org.joda.time.format.TestDateTimeFormatter" name="testParseLocalDate_yearOfEra"/>
  <testcase time="0" classname="org.joda.time.format.TestDateTimeFormatter" name="testParseInto_zone2"/>
  <testcase time="0.001" classname="org.joda.time.format.TestDateTimeFormatter" name="testParseInto_zone3"/>
  <testcase time="0" classname="org.joda.time.format.TestDateTimeFormatter" name="testPrint_simple"/>
  <testcase time="0" classname="org.joda.time.format.TestDateTimeFormatter" name="testParseInto_simple"/>
  <testcase time="0" classname="org.joda.time.format.TestDateTimeFormatter" name="testWithGetPivotYear"/>
  <testcase time="0" classname="org.joda.time.format.TestDateTimeFormatter" name="testParseLocalDateTime_simple"/>
  <testcase time="0" classname="org.joda.time.format.TestDateTimeFormatter" name="testZoneNameNearTransition"/>
  <testcase time="0" classname="org.joda.time.format.TestDateTimeFormatter" name="testWithGetOffsetParsedMethods"/>
  <testcase time="0" classname="org.joda.time.format.TestDateTimeFormatter" name="testPrint_appendableMethods"/>
  <testcase time="0" classname="org.joda.time.format.TestDateTimeFormat" name="testFormatParse_textHalfdayAM_UK"/>
  <testcase time="0" classname="org.joda.time.format.TestDateTimeFormat" name="testFormat_zoneText"/>
  <testcase time="0.001" classname="org.joda.time.format.TestDateTimeFormat" name="testFormatParse_textMonthAtEnd_France"/>
  <testcase time="0" classname="org.joda.time.format.TestDateTimeFormat" name="testParse_pivotYear"/>
  <testcase time="0.001" classname="org.joda.time.format.TestDateTimeFormat" name="testFormat_dayOfYearText"/>
  <testcase time="0" classname="org.joda.time.format.TestDateTimeFormat" name="testFormat_weekOfWeekyear"/>
  <testcase time="0" classname="org.joda.time.format.TestDateTimeFormat" name="testParse_textMonthJanLong_UK"/>
  <testcase time="0" classname="org.joda.time.format.TestDateTimeFormat" name="testFormat_dayOfWeek"/>
  <testcase time="0" classname="org.joda.time.format.TestDateTimeFormat" name="testFormatParse_textHalfdayAM_France"/>
  <testcase time="0" classname="org.joda.time.format.TestDateTimeFormat" name="testFormatParse_zoneId_noColon_parseZ"/>
  <testcase time="0" classname="org.joda.time.format.TestDateTimeFormat" name="testFormatParse_textMonthJanShortUpperCase_UK"/>
  <testcase time="0.001" classname="org.joda.time.format.TestDateTimeFormat" name="testFormat_yearOfEraParse"/>
  <testcase time="0" classname="org.joda.time.format.TestDateTimeFormat" name="testFormatParse_textEraAD_France"/>
  <testcase time="0" classname="org.joda.time.format.TestDateTimeFormat" name="testFormat_yearOfEra"/>
  <testcase time="0" classname="org.joda.time.format.TestDateTimeFormat" name="testFormat_year_long"/>
  <testcase time="0" classname="org.joda.time.format.TestDateTimeFormat" name="testFormat_fractionOfSecond"/>
  <testcase time="0" classname="org.joda.time.format.TestDateTimeFormat" name="testFormat_samples"/>
  <testcase time="0" classname="org.joda.time.format.TestDateTimeFormat" name="testFormat_invalid"/>
  <testcase time="0" classname="org.joda.time.format.TestDateTimeFormat" name="testFormat_dayOfWeekShortText"/>
  <testcase time="0.001" classname="org.joda.time.format.TestDateTimeFormat" name="testFormatParse_textYear_UK"/>
  <testcase time="0" classname="org.joda.time.format.TestDateTimeFormat" name="testFormat_hourOfHalfday"/>
  <testcase time="0" classname="org.joda.time.format.TestDateTimeFormat" name="testFormat_minute"/>
  <testcase time="0" classname="org.joda.time.format.TestDateTimeFormat" name="testFormat_other"/>
  <testcase time="0" classname="org.joda.time.format.TestDateTimeFormat" name="testFormat_halfdayOfDay"/>
  <testcase time="0" classname="org.joda.time.format.TestDateTimeFormat" name="testFormatParse_textMonthJanLong_France"/>
  <testcase time="0" classname="org.joda.time.format.TestDateTimeFormat" name="testFormat_dayOfWeekText"/>
  <testcase time="0" classname="org.joda.time.format.TestDateTimeFormat" name="testFormat_second"/>
  <testcase time="0" classname="org.joda.time.format.TestDateTimeFormat" name="testFormatParse_textEraBC_France"/>
  <testcase time="0" classname="org.joda.time.format.TestDateTimeFormat" name="testFormatParse_zoneId_colon"/>
  <testcase time="0" classname="org.joda.time.format.TestDateTimeFormat" name="testFormatParse_zoneId_colon_parseZ"/>
  <testcase time="0" classname="org.joda.time.format.TestDateTimeFormat" name="testFormatParse_textAdjoiningMonthDOW_UK"/>
  <testcase time="0" classname="org.joda.time.format.TestDateTimeFormat" name="testFormatParse_textMonthJanLongLowerCase_UK"/>
  <testcase time="0.001" classname="org.joda.time.format.TestDateTimeFormat" name="testFormat_clockhourOfHalfday"/>
  <testcase time="0" classname="org.joda.time.format.TestDateTimeFormat" name="testFormat_zoneLongText"/>
  <testcase time="0" classname="org.joda.time.format.TestDateTimeFormat" name="testFormat_zoneAmountColon"/>
  <testcase time="0" classname="org.joda.time.format.TestDateTimeFormat" name="testFormat_era"/>
  <testcase time="0.001" classname="org.joda.time.format.TestDateTimeFormat" name="testFormatParse_textMonthAtEnd_France_withSpecifiedDefault"/>
  <testcase time="0" classname="org.joda.time.format.TestDateTimeFormat" name="testParse_pivotYear_ignored4DigitYear"/>
  <testcase time="0" classname="org.joda.time.format.TestDateTimeFormat" name="testFormat_hourOfDay"/>
  <testcase time="0.002" classname="org.joda.time.format.TestDateTimeFormat" name="testFormat_zoneAmountID"/>
  <testcase time="0" classname="org.joda.time.format.TestDateTimeFormat" name="testFormatParse_textMonthJanLongUpperCase_UK"/>
  <testcase time="0" classname="org.joda.time.format.TestDateTimeFormat" name="testFormatParse_textAdjoiningHelloWorld_UK"/>
  <testcase time="0" classname="org.joda.time.format.TestDateTimeFormat" name="testFormatParse_textYear_France"/>
  <testcase time="0" classname="org.joda.time.format.TestDateTimeFormat" name="testFormat_fractionOfSecondLong"/>
  <testcase time="0" classname="org.joda.time.format.TestDateTimeFormat" name="testFormat_clockhourOfDay"/>
  <testcase time="0" classname="org.joda.time.format.TestDateTimeFormat" name="testFormatParse_textMonthApr_France"/>
  <testcase time="0" classname="org.joda.time.format.TestDateTimeFormat" name="testFormat_monthOfYearShortText"/>
  <testcase time="0.006" classname="org.joda.time.format.TestDateTimeFormat" name="testFormatParse_textMonthApr_Korean"/>
  <testcase time="0" classname="org.joda.time.format.TestDateTimeFormat" name="testFormat_shortBasicParse"/>
  <testcase time="0.001" classname="org.joda.time.format.TestDateTimeFormat" name="testFormat_weekyear"/>
  <testcase time="0" classname="org.joda.time.format.TestDateTimeFormat" name="testFormatParse_textMonthJanShort_France"/>
  <testcase time="0" classname="org.joda.time.format.TestDateTimeFormat" name="testFormat_year"/>
  <testcase time="0.001" classname="org.joda.time.format.TestDateTimeFormat" name="testSubclassableConstructor"/>
  <testcase time="0" classname="org.joda.time.format.TestDateTimeFormat" name="testFormatParse_textMonthJanShort_UK"/>
  <testcase time="0.001" classname="org.joda.time.format.TestDateTimeFormat" name="testFormatParse_zoneId_noColon"/>
  <testcase time="0" classname="org.joda.time.format.TestDateTimeFormat" name="testFormat_monthOfYear"/>
  <testcase time="0" classname="org.joda.time.format.TestDateTimeFormat" name="testFormat_monthOfYearText"/>
  <testcase time="0" classname="org.joda.time.format.TestDateTimeFormat" name="testFormatParse_textEraAD_UK"/>
  <testcase time="0" classname="org.joda.time.format.TestDateTimeFormat" name="testFormat_centuryOfEra"/>
  <testcase time="0.001" classname="org.joda.time.format.TestDateTimeFormat" name="testFormat_zoneAmount"/>
  <testcase time="0.001" classname="org.joda.time.format.TestDateTimeFormat" name="testFormat_year_twoDigit"/>
  <testcase time="0" classname="org.joda.time.format.TestDateTimeFormat" name="testFormat_yearOfEra_twoDigit"/>
  <testcase time="0.001" classname="org.joda.time.format.TestDateTimeFormat" name="testFormat_dayOfMonth"/>
  <testcase time="0" classname="org.joda.time.format.TestDateTimeFormat" name="testFormatParse_textMonthJanShortLowerCase_UK"/>
  <testcase time="0.001" classname="org.joda.time.format.TestDateTimeFormat" name="testFormat_weekyearOfEra_twoDigit"/>
  <testcase time="0.001" classname="org.joda.time.format.TestDateTimeFormatStyle" name="testForStyle_stringLengths"/>
  <testcase time="0" classname="org.joda.time.format.TestDateTimeFormatStyle" name="testForStyle_invalidStrings"/>
  <testcase time="0.014" classname="org.joda.time.format.TestDateTimeFormatStyle" name="testForStyle_mediumDateTime"/>
  <testcase time="0.004" classname="org.joda.time.format.TestDateTimeFormatStyle" name="testForStyle_fullDateTime"/>
  <testcase time="0.001" classname="org.joda.time.format.TestDateTimeFormatStyle" name="testForStyle_shortDate"/>
  <testcase time="0.001" classname="org.joda.time.format.TestDateTimeFormatStyle" name="testForStyle_shortTime"/>
  <testcase time="0.001" classname="org.joda.time.format.TestDateTimeFormatStyle" name="testForStyle_shortDateTime"/>
  <testcase time="0" classname="org.joda.time.format.TestDateTimeFormatStyle" name="testForStyle_mediumDate"/>
  <testcase time="0.001" classname="org.joda.time.format.TestDateTimeFormatStyle" name="testForStyle_mediumTime"/>
  <testcase time="0.001" classname="org.joda.time.format.TestDateTimeFormatStyle" name="testForStyle_mediumLongDateTime"/>
  <testcase time="0" classname="org.joda.time.format.TestDateTimeFormatStyle" name="testForStyle_fullDate"/>
  <testcase time="0" classname="org.joda.time.format.TestDateTimeFormatStyle" name="testForStyle_fullTime"/>
  <testcase time="0.001" classname="org.joda.time.format.TestDateTimeFormatStyle" name="testForStyle_shortLongDateTime"/>
  <testcase time="0.001" classname="org.joda.time.format.TestDateTimeFormatStyle" name="testForStyle_shortMediumDateTime"/>
  <testcase time="0" classname="org.joda.time.format.TestDateTimeFormatStyle" name="testForStyle_mediumShortDateTime"/>
  <testcase time="0" classname="org.joda.time.format.TestDateTimeFormatStyle" name="testForStyle_longDate"/>
  <testcase time="0.001" classname="org.joda.time.format.TestDateTimeFormatStyle" name="testForStyle_longTime"/>
  <testcase time="0.001" classname="org.joda.time.format.TestDateTimeFormatStyle" name="testForStyle_mediumFullDateTime"/>
  <testcase time="0" classname="org.joda.time.format.TestDateTimeFormatStyle" name="testForStyle_shortFullDateTime"/>
  <testcase time="0" classname="org.joda.time.format.TestDateTimeFormatStyle" name="testForStyle_longDateTime"/>
  <testcase time="0.001" classname="org.joda.time.format.TestISODateTimeFormat" name="testFormat_dateHourMinuteSecondFraction"/>
  <testcase time="0" classname="org.joda.time.format.TestISODateTimeFormat" name="testFormat_basicWeekDate"/>
  <testcase time="0.001" classname="org.joda.time.format.TestISODateTimeFormat" name="testFormat_weekDateTimeNoMillis"/>
  <testcase time="0" classname="org.joda.time.format.TestISODateTimeFormat" name="testFormat_basicTimeNoMillis"/>
  <testcase time="0" classname="org.joda.time.format.TestISODateTimeFormat" name="testFormat_hourMinuteSecondFraction"/>
  <testcase time="0" classname="org.joda.time.format.TestISODateTimeFormat" name="testFormat_yearMonthDay"/>
  <testcase time="0" classname="org.joda.time.format.TestISODateTimeFormat" name="testFormat_dateHourMinuteSecond"/>
  <testcase time="0.001" classname="org.joda.time.format.TestISODateTimeFormat" name="testFormat_weekyearWeekDay"/>
  <testcase time="0" classname="org.joda.time.format.TestISODateTimeFormat" name="testFormat_date_partial"/>
  <testcase time="0" classname="org.joda.time.format.TestISODateTimeFormat" name="testFormat_yearMonth"/>
  <testcase time="0" classname="org.joda.time.format.TestISODateTimeFormat" name="testFormat_hourMinuteSecond"/>
  <testcase time="0" classname="org.joda.time.format.TestISODateTimeFormat" name="testFormat_dateHour"/>
  <testcase time="0" classname="org.joda.time.format.TestISODateTimeFormat" name="testFormat_dateTime"/>
  <testcase time="0" classname="org.joda.time.format.TestISODateTimeFormat" name="testFormat_weekDateTime"/>
  <testcase time="0" classname="org.joda.time.format.TestISODateTimeFormat" name="testFormat_tTime"/>
  <testcase time="0" classname="org.joda.time.format.TestISODateTimeFormat" name="testFormat_hourMinute"/>
  <testcase time="0" classname="org.joda.time.format.TestISODateTimeFormat" name="testFormat_timeNoMillis"/>
  <testcase time="0" classname="org.joda.time.format.TestISODateTimeFormat" name="testFormat_basicOrdinalDateTimeNoMillis"/>
  <testcase time="0.001" classname="org.joda.time.format.TestISODateTimeFormat" name="testFormat_dateTimeNoMillis"/>
  <testcase time="0" classname="org.joda.time.format.TestISODateTimeFormat" name="testFormat_ordinalDateTime"/>
  <testcase time="0" classname="org.joda.time.format.TestISODateTimeFormat" name="testFormat_basicTTimeNoMillis"/>
  <testcase time="0" classname="org.joda.time.format.TestISODateTimeFormat" name="testFormat_weekyearWeek"/>
  <testcase time="0" classname="org.joda.time.format.TestISODateTimeFormat" name="testFormat_basicWeekDateTimeNoMillis"/>
  <testcase time="0.001" classname="org.joda.time.format.TestISODateTimeFormat" name="testFormat_basicDateTime"/>
  <testcase time="0" classname="org.joda.time.format.TestISODateTimeFormat" name="testFormat_time_partial"/>
  <testcase time="0" classname="org.joda.time.format.TestISODateTimeFormat" name="testFormat_weekDate"/>
  <testcase time="0" classname="org.joda.time.format.TestISODateTimeFormat" name="testFormat_weekyear"/>
  <testcase time="0" classname="org.joda.time.format.TestISODateTimeFormat" name="testFormat_basicOrdinalDateTime"/>
  <testcase time="0" classname="org.joda.time.format.TestISODateTimeFormat" name="testFormat_date"/>
  <testcase time="0" classname="org.joda.time.format.TestISODateTimeFormat" name="testFormat_hour"/>
  <testcase time="0.001" classname="org.joda.time.format.TestISODateTimeFormat" name="testFormat_time"/>
  <testcase time="0" classname="org.joda.time.format.TestISODateTimeFormat" name="testFormat_year"/>
  <testcase time="0.001" classname="org.joda.time.format.TestISODateTimeFormat" name="testSubclassableConstructor"/>
  <testcase time="0" classname="org.joda.time.format.TestISODateTimeFormat" name="testFormat_basicDateTimeNoMillis"/>
  <testcase time="0" classname="org.joda.time.format.TestISODateTimeFormat" name="testFormat_dateHourMinuteSecondMillis"/>
  <testcase time="0" classname="org.joda.time.format.TestISODateTimeFormat" name="testFormat_dateHourMinute"/>
  <testcase time="0" classname="org.joda.time.format.TestISODateTimeFormat" name="testFormat_tTimeNoMillis"/>
  <testcase time="0" classname="org.joda.time.format.TestISODateTimeFormat" name="testFormat_timeNoMillis_partial"/>
  <testcase time="0" classname="org.joda.time.format.TestISODateTimeFormat" name="testFormat_hourMinuteSecondMillis"/>
  <testcase time="0" classname="org.joda.time.format.TestISODateTimeFormat" name="testFormat_basicDate"/>
  <testcase time="0" classname="org.joda.time.format.TestISODateTimeFormat" name="testFormat_basicTime"/>
  <testcase time="0" classname="org.joda.time.format.TestISODateTimeFormat" name="testFormat_basicOrdinalDate"/>
  <testcase time="0" classname="org.joda.time.format.TestISODateTimeFormat" name="testFormat_ordinalDateTimeNoMillis"/>
  <testcase time="0" classname="org.joda.time.format.TestISODateTimeFormat" name="testFormat_ordinalDate"/>
  <testcase time="0" classname="org.joda.time.format.TestISODateTimeFormat" name="testFormat_basicWeekDateTime"/>
  <testcase time="0" classname="org.joda.time.format.TestISODateTimeFormat" name="testFormat_basicTTime"/>
  <testcase time="0.001" classname="org.joda.time.format.TestISODateTimeFormat_Fields" name="testForFields_time_HMSm"/>
  <testcase time="0" classname="org.joda.time.format.TestISODateTimeFormat_Fields" name="testForFields_datetime_DH"/>
  <testcase time="0" classname="org.joda.time.format.TestISODateTimeFormat_Fields" name="testForFields_datetime_DM"/>
  <testcase time="0" classname="org.joda.time.format.TestISODateTimeFormat_Fields" name="testForFields_datetime_YH"/>
  <testcase time="0" classname="org.joda.time.format.TestISODateTimeFormat_Fields" name="testForFields_calBased_D"/>
  <testcase time="0" classname="org.joda.time.format.TestISODateTimeFormat_Fields" name="testForFields_calBased_M"/>
  <testcase time="0" classname="org.joda.time.format.TestISODateTimeFormat_Fields" name="testForFields_calBased_Y"/>
  <testcase time="0" classname="org.joda.time.format.TestISODateTimeFormat_Fields" name="testForFields_calBased_YMD"/>
  <testcase time="0" classname="org.joda.time.format.TestISODateTimeFormat_Fields" name="testForFields_ordinalBased_D"/>
  <testcase time="0" classname="org.joda.time.format.TestISODateTimeFormat_Fields" name="testForFields_ordinalBased_Y"/>
  <testcase time="0" classname="org.joda.time.format.TestISODateTimeFormat_Fields" name="testForFields_calBased_YMD_unmodifiable"/>
  <testcase time="0.001" classname="org.joda.time.format.TestISODateTimeFormat_Fields" name="testForFields_calBased_YMD_duplicates"/>
  <testcase time="0" classname="org.joda.time.format.TestISODateTimeFormat_Fields" name="testForFields_weekBased_D"/>
  <testcase time="0" classname="org.joda.time.format.TestISODateTimeFormat_Fields" name="testForFields_weekBased_W"/>
  <testcase time="0.001" classname="org.joda.time.format.TestISODateTimeFormat_Fields" name="testForFields_weekBased_Y"/>
  <testcase time="0" classname="org.joda.time.format.TestISODateTimeFormat_Fields" name="testForFields_weekBased_YWD"/>
  <testcase time="0" classname="org.joda.time.format.TestISODateTimeFormat_Fields" name="testForFields_datetime_YMDH"/>
  <testcase time="0" classname="org.joda.time.format.TestISODateTimeFormat_Fields" name="testForFields_empty"/>
  <testcase time="0" classname="org.joda.time.format.TestISODateTimeFormat_Fields" name="testForFields_time_HM"/>
  <testcase time="0" classname="org.joda.time.format.TestISODateTimeFormat_Fields" name="testForFields_time_HS"/>
  <testcase time="0.001" classname="org.joda.time.format.TestISODateTimeFormat_Fields" name="testForFields_time_Hm"/>
  <testcase time="0" classname="org.joda.time.format.TestISODateTimeFormat_Fields" name="testForFields_time_MS"/>
  <testcase time="0" classname="org.joda.time.format.TestISODateTimeFormat_Fields" name="testForFields_time_Mm"/>
  <testcase time="0.001" classname="org.joda.time.format.TestISODateTimeFormat_Fields" name="testForFields_time_Sm"/>
  <testcase time="0" classname="org.joda.time.format.TestISODateTimeFormat_Fields" name="testForFields_ordinalBased_YD"/>
  <testcase time="0" classname="org.joda.time.format.TestISODateTimeFormat_Fields" name="testForFields_null"/>
  <testcase time="0" classname="org.joda.time.format.TestISODateTimeFormat_Fields" name="testForFields_time_HMS"/>
  <testcase time="0.001" classname="org.joda.time.format.TestISODateTimeFormat_Fields" name="testForFields_time_HMm"/>
  <testcase time="0" classname="org.joda.time.format.TestISODateTimeFormat_Fields" name="testForFields_time_HSm"/>
  <testcase time="0" classname="org.joda.time.format.TestISODateTimeFormat_Fields" name="testForFields_time_MSm"/>
  <testcase time="0.001" classname="org.joda.time.format.TestISODateTimeFormat_Fields" name="testForFields_calBased_MD"/>
  <testcase time="0" classname="org.joda.time.format.TestISODateTimeFormat_Fields" name="testForFields_calBased_YD"/>
  <testcase time="0" classname="org.joda.time.format.TestISODateTimeFormat_Fields" name="testForFields_calBased_YM"/>
  <testcase time="0.001" classname="org.joda.time.format.TestISODateTimeFormat_Fields" name="testForFields_time_H"/>
  <testcase time="0" classname="org.joda.time.format.TestISODateTimeFormat_Fields" name="testForFields_time_M"/>
  <testcase time="0" classname="org.joda.time.format.TestISODateTimeFormat_Fields" name="testForFields_time_S"/>
  <testcase time="0" classname="org.joda.time.format.TestISODateTimeFormat_Fields" name="testForFields_time_m"/>
  <testcase time="0" classname="org.joda.time.format.TestISODateTimeFormat_Fields" name="testForFields_weekBased_WD"/>
  <testcase time="0" classname="org.joda.time.format.TestISODateTimeFormat_Fields" name="testForFields_weekBased_YD"/>
  <testcase time="0" classname="org.joda.time.format.TestISODateTimeFormat_Fields" name="testForFields_weekBased_YW"/>
  <testcase time="0" classname="org.joda.time.format.TestISODateTimeFormatParsing" name="test_ordinalDateTimeNoMillis"/>
  <testcase time="0" classname="org.joda.time.format.TestISODateTimeFormatParsing" name="test_timeElementParser"/>
  <testcase time="0" classname="org.joda.time.format.TestISODateTimeFormatParsing" name="test_weekDate"/>
  <testcase time="0.001" classname="org.joda.time.format.TestISODateTimeFormatParsing" name="test_basicDate"/>
  <testcase time="0" classname="org.joda.time.format.TestISODateTimeFormatParsing" name="test_basicTime"/>
  <testcase time="0.001" classname="org.joda.time.format.TestISODateTimeFormatParsing" name="test_localDateOptionalTimeParser"/>
  <testcase time="0" classname="org.joda.time.format.TestISODateTimeFormatParsing" name="test_basicOrdinalDateTime"/>
  <testcase time="0" classname="org.joda.time.format.TestISODateTimeFormatParsing" name="test_basicWeekDateTimeNoMillis"/>
  <testcase time="0.001" classname="org.joda.time.format.TestISODateTimeFormatParsing" name="test_date"/>
  <testcase time="0" classname="org.joda.time.format.TestISODateTimeFormatParsing" name="test_time"/>
  <testcase time="0" classname="org.joda.time.format.TestISODateTimeFormatParsing" name="test_basicOrdinalDate"/>
  <testcase time="0" classname="org.joda.time.format.TestISODateTimeFormatParsing" name="test_hourMinute"/>
  <testcase time="0.001" classname="org.joda.time.format.TestISODateTimeFormatParsing" name="test_dateParser"/>
  <testcase time="0" classname="org.joda.time.format.TestISODateTimeFormatParsing" name="test_basicDateTime"/>
  <testcase time="0.001" classname="org.joda.time.format.TestISODateTimeFormatParsing" name="test_hourMinuteSecondMillis"/>
  <testcase time="0" classname="org.joda.time.format.TestISODateTimeFormatParsing" name="test_basicWeekDateTime"/>
  <testcase time="0" classname="org.joda.time.format.TestISODateTimeFormatParsing" name="test_weekDateTime"/>
  <testcase time="0" classname="org.joda.time.format.TestISODateTimeFormatParsing" name="test_dateElementParser"/>
  <testcase time="0.001" classname="org.joda.time.format.TestISODateTimeFormatParsing" name="test_timeParser"/>
  <testcase time="0" classname="org.joda.time.format.TestISODateTimeFormatParsing" name="test_basicTimeNoMillis"/>
  <testcase time="0.001" classname="org.joda.time.format.TestISODateTimeFormatParsing" name="test_timeNoMillis"/>
  <testcase time="0.001" classname="org.joda.time.format.TestISODateTimeFormatParsing" name="test_dateTimeParser"/>
  <testcase time="0" classname="org.joda.time.format.TestISODateTimeFormatParsing" name="test_weekDateTimeNoMillis"/>
  <testcase time="0.001" classname="org.joda.time.format.TestISODateTimeFormatParsing" name="test_dateOptionalTimeParser"/>
  <testcase time="0" classname="org.joda.time.format.TestISODateTimeFormatParsing" name="test_localDateParser"/>
  <testcase time="0.001" classname="org.joda.time.format.TestISODateTimeFormatParsing" name="test_ordinalDateTime"/>
  <testcase time="0" classname="org.joda.time.format.TestISODateTimeFormatParsing" name="test_tTimeNoMillis"/>
  <testcase time="0.001" classname="org.joda.time.format.TestISODateTimeFormatParsing" name="test_localTimeParser"/>
  <testcase time="0.001" classname="org.joda.time.format.TestISODateTimeFormatParsing" name="test_dateTime"/>
  <testcase time="0" classname="org.joda.time.format.TestISODateTimeFormatParsing" name="test_hourMinuteSecond"/>
  <testcase time="0" classname="org.joda.time.format.TestISODateTimeFormatParsing" name="test_basicDateTimeNoMillis"/>
  <testcase time="0" classname="org.joda.time.format.TestISODateTimeFormatParsing" name="test_basicWeekDate"/>
  <testcase time="0.001" classname="org.joda.time.format.TestISODateTimeFormatParsing" name="test_dateTimeNoMillis"/>
  <testcase time="0" classname="org.joda.time.format.TestISODateTimeFormatParsing" name="test_ordinalDate"/>
  <testcase time="0.001" classname="org.joda.time.format.TestISODateTimeFormatParsing" name="test_hourMinuteSecondFraction"/>
  <testcase time="0" classname="org.joda.time.format.TestISODateTimeFormatParsing" name="test_basicOrdinalDateTimeNoMillis"/>
  <testcase time="0.001" classname="org.joda.time.format.TestISODateTimeFormatParsing" name="test_basicTTime"/>
  <testcase time="0" classname="org.joda.time.format.TestISODateTimeFormatParsing" name="test_basicTTimeNoMillis"/>
  <testcase time="0" classname="org.joda.time.format.TestISODateTimeFormatParsing" name="test_tTime"/>
  <testcase time="0.001" classname="org.joda.time.format.TestDateTimeFormatterBuilder" name="test_printParseLongName"/>
  <testcase time="0" classname="org.joda.time.format.TestDateTimeFormatterBuilder" name="test_toPrinter"/>
  <testcase time="0.002" classname="org.joda.time.format.TestDateTimeFormatterBuilder" name="test_printParseOffsetAndZone"/>
  <testcase time="0.001" classname="org.joda.time.format.TestDateTimeFormatterBuilder" name="test_parseWrongOffsetAndZone"/>
  <testcase time="0.001" classname="org.joda.time.format.TestDateTimeFormatterBuilder" name="test_localPrintParseOffsetAndZone"/>
  <testcase time="0.005" classname="org.joda.time.format.TestDateTimeFormatterBuilder" name="test_localParseWrongOffsetAndZone"/>
  <testcase time="0.001" classname="org.joda.time.format.TestDateTimeFormatterBuilder" name="test_localPrintParseOffset"/>
  <testcase time="0" classname="org.joda.time.format.TestDateTimeFormatterBuilder" name="test_canBuildFormatter"/>
  <testcase time="0.001" classname="org.joda.time.format.TestDateTimeFormatterBuilder" name="test_printParseLongNameWithLookup"/>
  <testcase time="0.002" classname="org.joda.time.format.TestDateTimeFormatterBuilder" name="test_printParseZoneDawsonCreek"/>
  <testcase time="0" classname="org.joda.time.format.TestDateTimeFormatterBuilder" name="test_printParseOffset"/>
  <testcase time="0.004" classname="org.joda.time.format.TestDateTimeFormatterBuilder" name="test_printParseZoneParis"/>
  <testcase time="0.012" classname="org.joda.time.format.TestDateTimeFormatterBuilder" name="test_printParseZoneTokyo"/>
  <testcase time="0" classname="org.joda.time.format.TestDateTimeFormatterBuilder" name="test_parseWrongOffset"/>
  <testcase time="0.002" classname="org.joda.time.format.TestDateTimeFormatterBuilder" name="test_localPrintParseZoneTokyo"/>
  <testcase time="0" classname="org.joda.time.format.TestDateTimeFormatterBuilder" name="test_canBuildPrinter"/>
  <testcase time="0" classname="org.joda.time.format.TestDateTimeFormatterBuilder" name="test_append_Formatter"/>
  <testcase time="0" classname="org.joda.time.format.TestDateTimeFormatterBuilder" name="test_appendFixedDecimal"/>
  <testcase time="0" classname="org.joda.time.format.TestDateTimeFormatterBuilder" name="test_toParser"/>
  <testcase time="0.001" classname="org.joda.time.format.TestDateTimeFormatterBuilder" name="test_append_Printer"/>
  <testcase time="0" classname="org.joda.time.format.TestDateTimeFormatterBuilder" name="test_toFormatter"/>
  <testcase time="0.003" classname="org.joda.time.format.TestDateTimeFormatterBuilder" name="test_appendTimeZoneId"/>
  <testcase time="0.001" classname="org.joda.time.format.TestDateTimeFormatterBuilder" name="test_printParseShortNameWithLookup"/>
  <testcase time="0.002" classname="org.joda.time.format.TestDateTimeFormatterBuilder" name="test_appendFixedSignedDecimal"/>
  <testcase time="0" classname="org.joda.time.format.TestDateTimeFormatterBuilder" name="test_printParseShortName"/>
  <testcase time="0" classname="org.joda.time.format.TestDateTimeFormatterBuilder" name="test_canBuildParser"/>
  <testcase time="0" classname="org.joda.time.format.TestPeriodFormatter" name="testPrint_bufferMethods"/>
  <testcase time="0" classname="org.joda.time.format.TestPeriodFormatter" name="testParseMutablePeriod_simple"/>
  <testcase time="0" classname="org.joda.time.format.TestPeriodFormatter" name="testWithGetParseTypeMethods"/>
  <testcase time="0.001" classname="org.joda.time.format.TestPeriodFormatter" name="testPrinterParserMethods"/>
  <testcase time="0" classname="org.joda.time.format.TestPeriodFormatter" name="testPrint_writerMethods"/>
  <testcase time="0.001" classname="org.joda.time.format.TestPeriodFormatter" name="testParsePeriod_parseType"/>
  <testcase time="0.001" classname="org.joda.time.format.TestPeriodFormatter" name="testWithGetLocaleMethods"/>
  <testcase time="0" classname="org.joda.time.format.TestPeriodFormatter" name="testPrint_simple"/>
  <testcase time="0" classname="org.joda.time.format.TestPeriodFormatter" name="testParseInto_simple"/>
  <testcase time="0" classname="org.joda.time.format.TestPeriodFormatter" name="testParsePeriod_simple"/>
  <testcase time="0.001" classname="org.joda.time.format.TestPeriodFormat" name="test_wordBased_es_formatTwoFields"/>
  <testcase time="0.002" classname="org.joda.time.format.TestPeriodFormat" name="test_wordBased_pt_FormatOneField"/>
  <testcase time="0.001" classname="org.joda.time.format.TestPeriodFormat" name="test_wordBased_de_FormatOneField"/>
  <testcase time="0" classname="org.joda.time.format.TestPeriodFormat" name="test_wordBased_pt_parseTwoFields"/>
  <testcase time="0" classname="org.joda.time.format.TestPeriodFormat" name="test_wordBased_de_parseTwoFields"/>
  <testcase time="0" classname="org.joda.time.format.TestPeriodFormat" name="test_wordBased_es_cached"/>
  <testcase time="0" classname="org.joda.time.format.TestPeriodFormat" name="test_wordBased_pt_formatStandard"/>
  <testcase time="0" classname="org.joda.time.format.TestPeriodFormat" name="test_wordBased_de_formatStandard"/>
  <testcase time="0.002" classname="org.joda.time.format.TestPeriodFormat" name="test_wordBased_fr_FormatOneField"/>
  <testcase time="0" classname="org.joda.time.format.TestPeriodFormat" name="test_wordBased_fr_parseTwoFields"/>
  <testcase time="0.001" classname="org.joda.time.format.TestPeriodFormat" name="test_wordBased_fr_formatStandard"/>
  <testcase time="0" classname="org.joda.time.format.TestPeriodFormat" name="test_wordBased_fr_cached"/>
  <testcase time="0" classname="org.joda.time.format.TestPeriodFormat" name="test_wordBased_es_parseOneField"/>
  <testcase time="0.002" classname="org.joda.time.format.TestPeriodFormat" name="test_wordBased_nl_FormatOneField"/>
  <testcase time="0" classname="org.joda.time.format.TestPeriodFormat" name="test_wordBased_pt_parseOneField"/>
  <testcase time="0.001" classname="org.joda.time.format.TestPeriodFormat" name="test_wordBased_nl_parseTwoFields"/>
  <testcase time="0" classname="org.joda.time.format.TestPeriodFormat" name="test_wordBased_fr_formatTwoFields"/>
  <testcase time="0" classname="org.joda.time.format.TestPeriodFormat" name="test_getDefault_parseOneField"/>
  <testcase time="0" classname="org.joda.time.format.TestPeriodFormat" name="test_wordBased_nl_formatStandard"/>
  <testcase time="0.001" classname="org.joda.time.format.TestPeriodFormat" name="test_wordBased_nl_cached"/>
  <testcase time="0" classname="org.joda.time.format.TestPeriodFormat" name="test_wordBased_de_parseOneField"/>
  <testcase time="0.001" classname="org.joda.time.format.TestPeriodFormat" name="testSubclassableConstructor"/>
  <testcase time="0" classname="org.joda.time.format.TestPeriodFormat" name="test_wordBased_nl_formatTwoFields"/>
  <testcase time="0" classname="org.joda.time.format.TestPeriodFormat" name="test_getDefault_formatTwoFields"/>
  <testcase time="0" classname="org.joda.time.format.TestPeriodFormat" name="test_getDefault_FormatOneField"/>
  <testcase time="0.001" classname="org.joda.time.format.TestPeriodFormat" name="test_wordBased_es_FormatOneField"/>
  <testcase time="0" classname="org.joda.time.format.TestPeriodFormat" name="test_getDefault_parseTwoFields"/>
  <testcase time="0" classname="org.joda.time.format.TestPeriodFormat" name="test_wordBased_es_parseTwoFields"/>
  <testcase time="0.001" classname="org.joda.time.format.TestPeriodFormat" name="test_wordBased_pt_formatTwoFields"/>
  <testcase time="0" classname="org.joda.time.format.TestPeriodFormat" name="test_getDefault_formatStandard"/>
  <testcase time="0" classname="org.joda.time.format.TestPeriodFormat" name="test_wordBased_es_formatStandard"/>
  <testcase time="0" classname="org.joda.time.format.TestPeriodFormat" name="test_wordBased_de_formatTwoFields"/>
  <testcase time="0" classname="org.joda.time.format.TestPeriodFormat" name="test_wordBased_nl_parseOneField"/>
  <testcase time="0" classname="org.joda.time.format.TestPeriodFormat" name="test_wordBased_de_cached"/>
  <testcase time="0" classname="org.joda.time.format.TestPeriodFormat" name="test_wordBased_pt_cached"/>
  <testcase time="0" classname="org.joda.time.format.TestPeriodFormat" name="test_wordBased_fr_parseOneField"/>
  <testcase time="0.001" classname="org.joda.time.format.TestPeriodFormat" name="test_getDefault_cached"/>
  <testcase time="0" classname="org.joda.time.format.TestISOPeriodFormat" name="testFormatAlternateWithWeeks"/>
  <testcase time="0.001" classname="org.joda.time.format.TestISOPeriodFormat" name="testFormatStandard"/>
  <testcase time="0" classname="org.joda.time.format.TestISOPeriodFormat" name="testSubclassableConstructor"/>
  <testcase time="0.001" classname="org.joda.time.format.TestISOPeriodFormat" name="testFormatAlternateExtended"/>
  <testcase time="0" classname="org.joda.time.format.TestISOPeriodFormat" name="testFormatAlternateExtendedWithWeeks"/>
  <testcase time="0.001" classname="org.joda.time.format.TestISOPeriodFormat" name="testFormatAlternate"/>
  <testcase time="0" classname="org.joda.time.format.TestISOPeriodFormatParsing" name="testParseStandard1"/>
  <testcase time="0" classname="org.joda.time.format.TestISOPeriodFormatParsing" name="testParseStandard2"/>
  <testcase time="0.001" classname="org.joda.time.format.TestISOPeriodFormatParsing" name="testParseStandard3"/>
  <testcase time="0" classname="org.joda.time.format.TestISOPeriodFormatParsing" name="testParseStandard4"/>
  <testcase time="0" classname="org.joda.time.format.TestISOPeriodFormatParsing" name="testParseStandard5"/>
  <testcase time="0" classname="org.joda.time.format.TestISOPeriodFormatParsing" name="testParseStandard6"/>
  <testcase time="0" classname="org.joda.time.format.TestISOPeriodFormatParsing" name="testParseStandard7"/>
  <testcase time="0" classname="org.joda.time.format.TestISOPeriodFormatParsing" name="testParseStandard8"/>
  <testcase time="0" classname="org.joda.time.format.TestISOPeriodFormatParsing" name="testParseStandard9"/>
  <testcase time="0" classname="org.joda.time.format.TestISOPeriodFormatParsing" name="testParseStandardFail1"/>
  <testcase time="0.001" classname="org.joda.time.format.TestISOPeriodFormatParsing" name="testParseStandardFail2"/>
  <testcase time="0" classname="org.joda.time.format.TestISOPeriodFormatParsing" name="testParseStandardFail3"/>
  <testcase time="0" classname="org.joda.time.format.TestISOPeriodFormatParsing" name="testParseStandardFail4"/>
  <testcase time="0" classname="org.joda.time.format.TestISOPeriodFormatParsing" name="testParseStandard10"/>
  <testcase time="0" classname="org.joda.time.format.TestISOPeriodFormatParsing" name="testParseStandard11"/>
  <testcase time="0" classname="org.joda.time.format.TestPeriodFormatParsing" name="testParseStandard1"/>
  <testcase time="0" classname="org.joda.time.format.TestPeriodFormatParsing" name="testParseCustom1"/>
  <testcase time="0.001" classname="org.joda.time.format.TestPeriodFormatterBuilder" name="testFormatPrefixSimple1"/>
  <testcase time="0" classname="org.joda.time.format.TestPeriodFormatterBuilder" name="testFormatPrefixSimple2"/>
  <testcase time="0" classname="org.joda.time.format.TestPeriodFormatterBuilder" name="testFormatPrefixSimple3"/>
  <testcase time="0.001" classname="org.joda.time.format.TestPeriodFormatterBuilder" name="testBug2495455"/>
  <testcase time="0" classname="org.joda.time.format.TestPeriodFormatterBuilder" name="testFormatMillis"/>
  <testcase time="0" classname="org.joda.time.format.TestPeriodFormatterBuilder" name="testFormatPrintZeroRarelyFirstDays"/>
  <testcase time="0" classname="org.joda.time.format.TestPeriodFormatterBuilder" name="testFormatMonths"/>
  <testcase time="0" classname="org.joda.time.format.TestPeriodFormatterBuilder" name="testFormatPrintZeroRarelyFirstMinutes"/>
  <testcase time="0" classname="org.joda.time.format.TestPeriodFormatterBuilder" name="testFormatMinDigits"/>
  <testcase time="0" classname="org.joda.time.format.TestPeriodFormatterBuilder" name="testFormatAppend_PrinterParser_null_null"/>
  <testcase time="0" classname="org.joda.time.format.TestPeriodFormatterBuilder" name="testFormatLiteral"/>
  <testcase time="0" classname="org.joda.time.format.TestPeriodFormatterBuilder" name="testFormatPrintZeroAlways"/>
  <testcase time="0" classname="org.joda.time.format.TestPeriodFormatterBuilder" name="testToFormatterPrinterParser"/>
  <testcase time="0" classname="org.joda.time.format.TestPeriodFormatterBuilder" name="testFormatAppendFormatter"/>
  <testcase time="0" classname="org.joda.time.format.TestPeriodFormatterBuilder" name="testFormatPrintZeroRarelyFirstSeconds"/>
  <testcase time="0" classname="org.joda.time.format.TestPeriodFormatterBuilder" name="testFormatDays"/>
  <testcase time="0" classname="org.joda.time.format.TestPeriodFormatterBuilder" name="testFormatSeparatorIfFieldsBefore"/>
  <testcase time="0.001" classname="org.joda.time.format.TestPeriodFormatterBuilder" name="testFormatPrefixPlural1"/>
  <testcase time="0" classname="org.joda.time.format.TestPeriodFormatterBuilder" name="testFormatPrefixPlural2"/>
  <testcase time="0" classname="org.joda.time.format.TestPeriodFormatterBuilder" name="testFormatPrefixPlural3"/>
  <testcase time="0" classname="org.joda.time.format.TestPeriodFormatterBuilder" name="testFormatMillis3Digit"/>
  <testcase time="0" classname="org.joda.time.format.TestPeriodFormatterBuilder" name="testFormatAppend_PrinterParserThenClear"/>
  <testcase time="0" classname="org.joda.time.format.TestPeriodFormatterBuilder" name="testFormatMinutes"/>
  <testcase time="0" classname="org.joda.time.format.TestPeriodFormatterBuilder" name="testFormatSuffixSimple1"/>
  <testcase time="0" classname="org.joda.time.format.TestPeriodFormatterBuilder" name="testFormatSuffixSimple2"/>
  <testcase time="0" classname="org.joda.time.format.TestPeriodFormatterBuilder" name="testFormatSuffixSimple3"/>
  <testcase time="0.001" classname="org.joda.time.format.TestPeriodFormatterBuilder" name="testFormatSuffixSimple4"/>
  <testcase time="0" classname="org.joda.time.format.TestPeriodFormatterBuilder" name="testFormatAppend_PrinterParser_Printer_null_null_Parser"/>
  <testcase time="0" classname="org.joda.time.format.TestPeriodFormatterBuilder" name="testFormatPrintZeroIfSupported"/>
  <testcase time="0" classname="org.joda.time.format.TestPeriodFormatterBuilder" name="testFormatPrintZeroRarelyFirstHours"/>
  <testcase time="0" classname="org.joda.time.format.TestPeriodFormatterBuilder" name="testFormatPrintZeroRarelyFirstWeeks"/>
  <testcase time="0.001" classname="org.joda.time.format.TestPeriodFormatterBuilder" name="testFormatPrintZeroRarelyFirstYears"/>
  <testcase time="0" classname="org.joda.time.format.TestPeriodFormatterBuilder" name="testFormatAppend_PrinterParser_PrinterParser"/>
  <testcase time="0" classname="org.joda.time.format.TestPeriodFormatterBuilder" name="testFormatSecondsWithOptionalMillis"/>
  <testcase time="0.001" classname="org.joda.time.format.TestPeriodFormatterBuilder" name="testFormatPrintZeroRarelyLast"/>
  <testcase time="0" classname="org.joda.time.format.TestPeriodFormatterBuilder" name="testFormatHours"/>
  <testcase time="0" classname="org.joda.time.format.TestPeriodFormatterBuilder" name="testFormatWeeks"/>
  <testcase time="0" classname="org.joda.time.format.TestPeriodFormatterBuilder" name="testFormatYears"/>
  <testcase time="0.001" classname="org.joda.time.format.TestPeriodFormatterBuilder" name="testFormatPrintZeroRarelyFirst"/>
  <testcase time="0" classname="org.joda.time.format.TestPeriodFormatterBuilder" name="testFormatAppend_PrinterParser_Printer_null"/>
  <testcase time="0" classname="org.joda.time.format.TestPeriodFormatterBuilder" name="testFormatPrintZeroRarelyFirstMonths"/>
  <testcase time="0" classname="org.joda.time.format.TestPeriodFormatterBuilder" name="testFormatPrintZeroNever"/>
  <testcase time="0" classname="org.joda.time.format.TestPeriodFormatterBuilder" name="testFormatSeconds"/>
  <testcase time="0" classname="org.joda.time.format.TestPeriodFormatterBuilder" name="testFormatSecondsWithMillis"/>
  <testcase time="0" classname="org.joda.time.format.TestPeriodFormatterBuilder" name="testFormatSeparatorSimple"/>
  <testcase time="0" classname="org.joda.time.format.TestPeriodFormatterBuilder" name="testFormatSeparatorComplex"/>
  <testcase time="0.001" classname="org.joda.time.format.TestPeriodFormatterBuilder" name="testFormatSeparatorIfFieldsAfter"/>
  <testcase time="0" classname="org.joda.time.format.TestPeriodFormatterBuilder" name="testFormatAppend_PrinterParser_null_Parser"/>
  <testcase time="0" classname="org.joda.time.format.TestPeriodFormatterBuilder" name="testFormatPrefixSuffix"/>
  <testcase time="0" classname="org.joda.time.format.TestPeriodFormatterBuilder" name="testFormatSuffixPlural1"/>
  <testcase time="0" classname="org.joda.time.format.TestPeriodFormatterBuilder" name="testFormatSuffixPlural2"/>
  <testcase time="0" classname="org.joda.time.format.TestPeriodFormatterBuilder" name="testFormatSuffixPlural3"/>
  <testcase time="0" classname="org.joda.time.format.TestPeriodFormatterBuilder" name="testFormatSuffixPlural4"/>
  <testcase time="0" classname="org.joda.time.format.TestPeriodFormatterBuilder" name="testFormatPrintZeroDefault"/>
  <testcase time="0.001" classname="org.joda.time.format.TestTextFields" name="testMonthNames_monthEnd"/>
  <testcase time="0" classname="org.joda.time.format.TestTextFields" name="testMonthNames_monthMiddle"/>
  <testcase time="0.008" classname="org.joda.time.format.TestTextFields" name="testWeekdayNames"/>
  <testcase time="0.001" classname="org.joda.time.format.TestTextFields" name="testHalfdayNames"/>
  <testcase time="0" classname="org.joda.time.format.TestTextFields" name="testMonthNames_monthStart"/>
  <testcase time="0.001" classname="org.joda.time.tz.TestUTCProvider" name="testClass"/>
  <testcase time="0" classname="org.joda.time.tz.TestUTCProvider" name="testGetAvailableIDs"/>
  <testcase time="0" classname="org.joda.time.tz.TestUTCProvider" name="testGetZone_String"/>
  <testcase time="0.035" classname="org.joda.time.tz.TestBuilder" name="testSerialization"/>
  <testcase time="0" classname="org.joda.time.tz.TestBuilder" name="testFixed"/>
  <testcase time="0.002" classname="org.joda.time.tz.TestBuilder" name="testID"/>
  <testcase time="0.012" classname="org.joda.time.tz.TestBuilder" name="testForwardTransitions"/>
  <testcase time="0.009" classname="org.joda.time.tz.TestBuilder" name="testReverseTransitions"/>
  <testcase time="0.002" classname="org.joda.time.tz.TestCompiler" name="test_2400_fromDay"/>
  <testcase time="0" classname="org.joda.time.tz.TestCompiler" name="test_Amman_2003"/>
  <testcase time="0" classname="org.joda.time.tz.TestCompiler" name="test_Amman_2004"/>
  <testcase time="0" classname="org.joda.time.tz.TestCompiler" name="test_Amman_2005"/>
  <testcase time="0" classname="org.joda.time.tz.TestCompiler" name="test_Amman_2006"/>
  <testcase time="0.028" classname="org.joda.time.tz.TestCompiler" name="testCompile"/>
  <testcase time="0" classname="org.joda.time.tz.TestCompiler" name="test_2400_last"/>
  <testcase time="0.001" classname="org.joda.time.tz.TestFixedDateTimeZone" name="testToTimeZone1"/>
  <testcase time="0" classname="org.joda.time.tz.TestFixedDateTimeZone" name="testToTimeZone2"/>
  <testcase time="0" classname="org.joda.time.tz.TestFixedDateTimeZone" name="testHashCode"/>
  <testcase time="0" classname="org.joda.time.tz.TestFixedDateTimeZone" name="testEquals"/>
</testsuite>